2023-03-09 12:32:32,655 : VM2_cr2 listening on port 4098
2023-03-09 12:32:33,655 : VM2_cr2 has incoming connection from VM1 on 127.0.0.1 port on 4098.
2023-03-09 12:32:33,661 : VM2_cr2 connected to VM0 on 127.0.0.1 port on 4096.
2023-03-09 12:32:33,662 : VM2_cr2 Internal Event with logical clock 0 at system time 0.000
2023-03-09 12:32:34,166 : VM2_cr2 send message VM2_cr2:1 to VM1 at system time 0.504
2023-03-09 12:32:34,670 : VM2_cr2 Received Message 1 with queue size 0 and internal logic clock 2 at system time 1.008
2023-03-09 12:32:34,670 : VM2_cr2 Internal Event with logical clock 2 at system time 1.009
2023-03-09 12:32:35,175 : VM2_cr2 Internal Event with logical clock 3 at system time 1.513
2023-03-09 12:32:35,677 : VM2_cr2 send message VM2_cr2:4 to both other VMs at system time 2.016
2023-03-09 12:32:36,182 : VM2_cr2 send message VM2_cr2:5 to both other VMs at system time 2.521
2023-03-09 12:32:36,685 : VM2_cr2 Internal Event with logical clock 6 at system time 3.024
2023-03-09 12:32:37,190 : VM2_cr2 Internal Event with logical clock 7 at system time 3.529
2023-03-09 12:32:37,693 : VM2_cr2 send message VM2_cr2:8 to both other VMs at system time 4.032
2023-03-09 12:32:38,196 : VM2_cr2 Internal Event with logical clock 9 at system time 4.534
2023-03-09 12:32:38,700 : VM2_cr2 Internal Event with logical clock 10 at system time 5.038
2023-03-09 12:32:39,203 : VM2_cr2 Internal Event with logical clock 11 at system time 5.541
2023-03-09 12:32:39,707 : VM2_cr2 Send Message VM2_cr2:12 to VM0 at system time 6.046
2023-03-09 12:32:40,213 : VM2_cr2 Internal Event with logical clock 13 at system time 6.551
2023-03-09 12:32:40,716 : VM2_cr2 Internal Event with logical clock 14 at system time 7.055
2023-03-09 12:32:41,219 : VM2_cr2 Internal Event with logical clock 15 at system time 7.558
2023-03-09 12:32:41,724 : VM2_cr2 send message VM2_cr2:16 to both other VMs at system time 8.063
2023-03-09 12:32:42,227 : VM2_cr2 Send Message VM2_cr2:17 to VM0 at system time 8.565
2023-03-09 12:32:42,729 : VM2_cr2 send message VM2_cr2:18 to both other VMs at system time 9.067
2023-03-09 12:32:43,230 : VM2_cr2 Send Message VM2_cr2:19 to VM0 at system time 9.568
2023-03-09 12:32:43,732 : VM2_cr2 Received Message 18 with queue size 1 and internal logic clock 20 at system time 10.07
2023-03-09 12:32:43,732 : VM2_cr2 Internal Event with logical clock 20 at system time 10.07
2023-03-09 12:32:44,236 : VM2_cr2 Received Message 16 with queue size 0 and internal logic clock 21 at system time 10.57
2023-03-09 12:32:44,236 : VM2_cr2 send message VM2_cr2:21 to VM1 at system time 10.57
2023-03-09 12:32:44,740 : VM2_cr2 send message VM2_cr2:22 to both other VMs at system time 11.07
2023-03-09 12:32:45,246 : VM2_cr2 Internal Event with logical clock 23 at system time 11.58
2023-03-09 12:32:45,750 : VM2_cr2 Received Message VM1_cr1:21 with queue size 0 and internal logic clock 24 at system time 12.08
2023-03-09 12:32:45,750 : VM2_cr2 Internal Event with logical clock 24 at system time 12.08
2023-03-09 12:32:46,255 : VM2_cr2 Send Message VM2_cr2:25 to VM0 at system time 12.59
2023-03-09 12:32:46,760 : VM2_cr2 Internal Event with logical clock 26 at system time 13.09
2023-03-09 12:32:47,265 : VM2_cr2 Internal Event with logical clock 27 at system time 13.60
2023-03-09 12:32:47,770 : VM2_cr2 Internal Event with logical clock 28 at system time 14.10
2023-03-09 12:32:48,273 : VM2_cr2 Internal Event with logical clock 29 at system time 14.61
2023-03-09 12:32:48,777 : VM2_cr2 Internal Event with logical clock 30 at system time 15.11
2023-03-09 12:32:49,283 : VM2_cr2 send message VM2_cr2:31 to VM1 at system time 15.62
2023-03-09 12:32:49,783 : VM2_cr2 Received Message VM1_cr1:31 with queue size 0 and internal logic clock 32 at system time 16.12
2023-03-09 12:32:49,784 : VM2_cr2 Internal Event with logical clock 32 at system time 16.12
2023-03-09 12:32:50,286 : VM2_cr2 Internal Event with logical clock 33 at system time 16.62
2023-03-09 12:32:50,791 : VM2_cr2 Received Message VM1_cr1:32 with queue size 0 and internal logic clock 34 at system time 17.12
2023-03-09 12:32:50,791 : VM2_cr2 Send Message VM2_cr2:34 to VM0 at system time 17.13
2023-03-09 12:32:51,296 : VM2_cr2 send message VM2_cr2:35 to VM1 at system time 17.63
2023-03-09 12:32:51,801 : VM2_cr2 Internal Event with logical clock 36 at system time 18.13
2023-03-09 12:32:52,306 : VM2_cr2 Internal Event with logical clock 37 at system time 18.64
2023-03-09 12:32:52,810 : VM2_cr2 Received Message 36 with queue size 0 and internal logic clock 38 at system time 19.14
2023-03-09 12:32:52,810 : VM2_cr2 Internal Event with logical clock 38 at system time 19.14
2023-03-09 12:32:53,313 : VM2_cr2 send message VM2_cr2:39 to both other VMs at system time 19.65
2023-03-09 12:32:53,818 : VM2_cr2 Received Message VM0_cr1:36 with queue size 0 and internal logic clock 40 at system time 20.15
2023-03-09 12:32:53,818 : VM2_cr2 Internal Event with logical clock 40 at system time 20.15
2023-03-09 12:32:54,319 : VM2_cr2 send message VM2_cr2:41 to VM1 at system time 20.65
2023-03-09 12:32:54,820 : VM2_cr2 send message VM2_cr2:42 to both other VMs at system time 21.15
2023-03-09 12:32:55,325 : VM2_cr2 send message VM2_cr2:43 to both other VMs at system time 21.66
2023-03-09 12:32:55,826 : VM2_cr2 send message VM2_cr2:44 to VM1 at system time 22.16
2023-03-09 12:32:56,331 : VM2_cr2 Internal Event with logical clock 45 at system time 22.66
2023-03-09 12:32:56,835 : VM2_cr2 Internal Event with logical clock 46 at system time 23.17
2023-03-09 12:32:57,338 : VM2_cr2 send message VM2_cr2:47 to both other VMs at system time 23.67
2023-03-09 12:32:57,843 : VM2_cr2 Received Message VM0_cr1:47 with queue size 0 and internal logic clock 48 at system time 24.18
2023-03-09 12:32:57,843 : VM2_cr2 Internal Event with logical clock 48 at system time 24.18
2023-03-09 12:32:58,347 : VM2_cr2 Internal Event with logical clock 49 at system time 24.68
2023-03-09 12:32:58,850 : VM2_cr2 Received Message 48 with queue size 0 and internal logic clock 50 at system time 25.18
2023-03-09 12:32:58,850 : VM2_cr2 Internal Event with logical clock 50 at system time 25.18
2023-03-09 12:32:59,355 : VM2_cr2 Internal Event with logical clock 51 at system time 25.69
2023-03-09 12:32:59,860 : VM2_cr2 Received Message 48 with queue size 0 and internal logic clock 52 at system time 26.19
2023-03-09 12:32:59,861 : VM2_cr2 Send Message VM2_cr2:52 to VM0 at system time 26.20
2023-03-09 12:33:00,363 : VM2_cr2 Internal Event with logical clock 53 at system time 26.70
2023-03-09 12:33:00,868 : VM2_cr2 Send Message VM2_cr2:54 to VM0 at system time 27.20
2023-03-09 12:33:01,369 : VM2_cr2 Internal Event with logical clock 55 at system time 27.70
2023-03-09 12:33:01,870 : VM2_cr2 Send Message VM2_cr2:56 to VM0 at system time 28.20
2023-03-09 12:33:02,376 : VM2_cr2 send message VM2_cr2:57 to VM1 at system time 28.71
2023-03-09 12:33:02,881 : VM2_cr2 Internal Event with logical clock 58 at system time 29.21
2023-03-09 12:33:03,386 : VM2_cr2 Internal Event with logical clock 59 at system time 29.72
2023-03-09 12:33:03,889 : VM2_cr2 send message VM2_cr2:60 to both other VMs at system time 30.22
2023-03-09 12:33:04,394 : VM2_cr2 Internal Event with logical clock 61 at system time 30.73
2023-03-09 12:33:04,894 : VM2_cr2 Received Message 58 with queue size 0 and internal logic clock 62 at system time 31.23
2023-03-09 12:33:04,895 : VM2_cr2 Internal Event with logical clock 62 at system time 31.23
2023-03-09 12:33:05,399 : VM2_cr2 Send Message VM2_cr2:63 to VM0 at system time 31.73
2023-03-09 12:33:05,899 : VM2_cr2 Internal Event with logical clock 64 at system time 32.23
2023-03-09 12:33:06,401 : VM2_cr2 Internal Event with logical clock 65 at system time 32.74
2023-03-09 12:33:06,903 : VM2_cr2 Internal Event with logical clock 66 at system time 33.24
2023-03-09 12:33:07,404 : VM2_cr2 Internal Event with logical clock 67 at system time 33.74
2023-03-09 12:33:07,909 : VM2_cr2 Internal Event with logical clock 68 at system time 34.24
2023-03-09 12:33:08,409 : VM2_cr2 send message VM2_cr2:69 to both other VMs at system time 34.74
2023-03-09 12:33:08,914 : VM2_cr2 Received Message 64 with queue size 0 and internal logic clock 70 at system time 35.25
2023-03-09 12:33:08,915 : VM2_cr2 Internal Event with logical clock 70 at system time 35.25
2023-03-09 12:33:09,419 : VM2_cr2 Internal Event with logical clock 71 at system time 35.75
2023-03-09 12:33:09,923 : VM2_cr2 Received Message 70 with queue size 0 and internal logic clock 72 at system time 36.26
2023-03-09 12:33:09,924 : VM2_cr2 send message VM2_cr2:72 to VM1 at system time 36.26
2023-03-09 12:33:10,428 : VM2_cr2 Internal Event with logical clock 73 at system time 36.76
2023-03-09 12:33:10,932 : VM2_cr2 Internal Event with logical clock 74 at system time 37.27
2023-03-09 12:33:11,437 : VM2_cr2 Internal Event with logical clock 75 at system time 37.77
2023-03-09 12:33:11,942 : VM2_cr2 Internal Event with logical clock 76 at system time 38.28
2023-03-09 12:33:12,445 : VM2_cr2 Internal Event with logical clock 77 at system time 38.78
2023-03-09 12:33:12,946 : VM2_cr2 Internal Event with logical clock 78 at system time 39.28
2023-03-09 12:33:13,452 : VM2_cr2 send message VM2_cr2:79 to VM1 at system time 39.79
2023-03-09 12:33:13,956 : VM2_cr2 Received Message 79 with queue size 0 and internal logic clock 80 at system time 40.29
2023-03-09 12:33:13,956 : VM2_cr2 Internal Event with logical clock 80 at system time 40.29
2023-03-09 12:33:14,461 : VM2_cr2 Internal Event with logical clock 81 at system time 40.79
2023-03-09 12:33:14,966 : VM2_cr2 Internal Event with logical clock 82 at system time 41.30
2023-03-09 12:33:15,469 : VM2_cr2 Internal Event with logical clock 83 at system time 41.80
2023-03-09 12:33:15,974 : VM2_cr2 Internal Event with logical clock 84 at system time 42.31
2023-03-09 12:33:16,479 : VM2_cr2 Internal Event with logical clock 85 at system time 42.81
2023-03-09 12:33:16,984 : VM2_cr2 Internal Event with logical clock 86 at system time 43.32
2023-03-09 12:33:17,490 : VM2_cr2 send message VM2_cr2:87 to both other VMs at system time 43.82
2023-03-09 12:33:17,992 : VM2_cr2 Received Message VM1_cr1:87 with queue size 0 and internal logic clock 88 at system time 44.33
2023-03-09 12:33:17,993 : VM2_cr2 Internal Event with logical clock 88 at system time 44.33
2023-03-09 12:33:18,497 : VM2_cr2 Internal Event with logical clock 89 at system time 44.83
2023-03-09 12:33:18,998 : VM2_cr2 Internal Event with logical clock 90 at system time 45.33
2023-03-09 12:33:19,503 : VM2_cr2 Internal Event with logical clock 91 at system time 45.84
2023-03-09 12:33:20,008 : VM2_cr2 Received Message VM1_cr1:89 with queue size 0 and internal logic clock 92 at system time 46.34
2023-03-09 12:33:20,009 : VM2_cr2 send message VM2_cr2:92 to VM1 at system time 46.34
2023-03-09 12:33:20,511 : VM2_cr2 Internal Event with logical clock 93 at system time 46.85
2023-03-09 12:33:21,014 : VM2_cr2 Internal Event with logical clock 94 at system time 47.35
2023-03-09 12:33:21,519 : VM2_cr2 Internal Event with logical clock 95 at system time 47.85
2023-03-09 12:33:22,024 : VM2_cr2 Received Message 91 with queue size 0 and internal logic clock 96 at system time 48.36
2023-03-09 12:33:22,025 : VM2_cr2 send message VM2_cr2:96 to both other VMs at system time 48.36
2023-03-09 12:33:22,529 : VM2_cr2 Internal Event with logical clock 97 at system time 48.86
2023-03-09 12:33:23,034 : VM2_cr2 send message VM2_cr2:98 to VM1 at system time 49.37
2023-03-09 12:33:23,539 : VM2_cr2 Internal Event with logical clock 99 at system time 49.87
2023-03-09 12:33:24,043 : VM2_cr2 Received Message 96 with queue size 0 and internal logic clock 100 at system time 50.38
2023-03-09 12:33:24,044 : VM2_cr2 Internal Event with logical clock 100 at system time 50.38
2023-03-09 12:33:24,547 : VM2_cr2 Internal Event with logical clock 101 at system time 50.88
2023-03-09 12:33:25,050 : VM2_cr2 send message VM2_cr2:102 to both other VMs at system time 51.38
2023-03-09 12:33:25,553 : VM2_cr2 Internal Event with logical clock 103 at system time 51.89
2023-03-09 12:33:26,054 : VM2_cr2 Internal Event with logical clock 104 at system time 52.39
2023-03-09 12:33:26,559 : VM2_cr2 send message VM2_cr2:105 to both other VMs at system time 52.89
2023-03-09 12:33:27,064 : VM2_cr2 Internal Event with logical clock 106 at system time 53.40
2023-03-09 12:33:27,566 : VM2_cr2 Internal Event with logical clock 107 at system time 53.90
2023-03-09 12:33:28,070 : VM2_cr2 Internal Event with logical clock 108 at system time 54.40
2023-03-09 12:33:28,575 : VM2_cr2 Internal Event with logical clock 109 at system time 54.91
2023-03-09 12:33:29,080 : VM2_cr2 Internal Event with logical clock 110 at system time 55.41
2023-03-09 12:33:29,585 : VM2_cr2 Internal Event with logical clock 111 at system time 55.92
2023-03-09 12:33:30,090 : VM2_cr2 Internal Event with logical clock 112 at system time 56.42
2023-03-09 12:33:30,595 : VM2_cr2 Internal Event with logical clock 113 at system time 56.93
2023-03-09 12:33:31,100 : VM2_cr2 Received Message 109 with queue size 0 and internal logic clock 114 at system time 57.43
2023-03-09 12:33:31,101 : VM2_cr2 Internal Event with logical clock 114 at system time 57.43
2023-03-09 12:33:31,605 : VM2_cr2 Internal Event with logical clock 115 at system time 57.94
2023-03-09 12:33:32,108 : VM2_cr2 Received Message VM0_cr1:110 with queue size 0 and internal logic clock 116 at system time 58.44
2023-03-09 12:33:32,108 : VM2_cr2 send message VM2_cr2:116 to VM1 at system time 58.44
2023-03-09 12:33:32,613 : VM2_cr2 Internal Event with logical clock 117 at system time 58.95
2023-03-09 12:33:33,118 : VM2_cr2 Received Message 116 with queue size 0 and internal logic clock 118 at system time 59.45
2023-03-09 12:33:33,119 : VM2_cr2 Internal Event with logical clock 118 at system time 59.45
2023-03-09 12:33:33,623 : VM2_cr2 Internal Event with logical clock 119 at system time 59.96
