2023-03-08 13:14:36,492 : VM0_cr3 listening on port 4096
2023-03-08 13:14:37,499 : VM0_cr3 connected to VM1 on 127.0.0.1 port on 4097.
2023-03-08 13:14:37,499 : VM0_cr3 has incoming connection from VM2 on 127.0.0.1 port on 4096.
2023-03-08 13:14:37,501 : VM0_cr3 Internal Event with logical clock 0 at system time 0.000
2023-03-08 13:14:37,839 : VM0_cr3 Send Message VM0_cr3:1 to VM1 at system time 0.339
2023-03-08 13:14:38,177 : VM0_cr3 send message VM0_cr3:2 to VM2 at system time 0.677
2023-03-08 13:14:38,516 : VM0_cr3 Internal Event with logical clock 3 at system time 1.015
2023-03-08 13:14:38,854 : VM0_cr3 Internal Event with logical clock 4 at system time 1.353
2023-03-08 13:14:39,193 : VM0_cr3 Internal Event with logical clock 5 at system time 1.692
2023-03-08 13:14:39,531 : VM0_cr3 Received Message VM1_cr3:6 with queue size 0 and internal logic clock 6 at system time 2.030
2023-03-08 13:14:39,532 : VM0_cr3 Internal Event with logical clock 6 at system time 2.031
2023-03-08 13:14:39,869 : VM0_cr3 Internal Event with logical clock 7 at system time 2.368
2023-03-08 13:14:40,204 : VM0_cr3 Received Message VM1_cr3:8 with queue size 0 and internal logic clock 8 at system time 2.703
2023-03-08 13:14:40,204 : VM0_cr3 Internal Event with logical clock 8 at system time 2.703
2023-03-08 13:14:40,538 : VM0_cr3 send message VM0_cr3:9 to both other VMs at system time 3.037
2023-03-08 13:14:40,876 : VM0_cr3 Received Message 9 with queue size 0 and internal logic clock 10 at system time 3.375
2023-03-08 13:14:40,877 : VM0_cr3 send message VM0_cr3:10 to both other VMs at system time 3.376
2023-03-08 13:14:41,211 : VM0_cr3 Internal Event with logical clock 11 at system time 3.710
2023-03-08 13:14:41,544 : VM0_cr3 Send Message VM0_cr3:12 to VM1 at system time 4.043
2023-03-08 13:14:41,883 : VM0_cr3 Internal Event with logical clock 13 at system time 4.382
2023-03-08 13:14:42,220 : VM0_cr3 send message VM0_cr3:14 to VM2 at system time 4.719
2023-03-08 13:14:42,555 : VM0_cr3 Received Message 10 with queue size 0 and internal logic clock 15 at system time 5.054
2023-03-08 13:14:42,555 : VM0_cr3 Internal Event with logical clock 15 at system time 5.054
2023-03-08 13:14:42,890 : VM0_cr3 send message VM0_cr3:16 to both other VMs at system time 5.389
2023-03-08 13:14:43,226 : VM0_cr3 send message VM0_cr3:17 to both other VMs at system time 5.725
2023-03-08 13:14:43,564 : VM0_cr3 Received Message 11 with queue size 0 and internal logic clock 18 at system time 6.063
2023-03-08 13:14:43,565 : VM0_cr3 Send Message VM0_cr3:18 to VM1 at system time 6.064
2023-03-08 13:14:43,903 : VM0_cr3 send message VM0_cr3:19 to both other VMs at system time 6.402
2023-03-08 13:14:44,239 : VM0_cr3 Received Message VM1_cr3:20 with queue size 0 and internal logic clock 20 at system time 6.738
2023-03-08 13:14:44,239 : VM0_cr3 Internal Event with logical clock 20 at system time 6.738
2023-03-08 13:14:44,576 : VM0_cr3 Internal Event with logical clock 21 at system time 7.075
2023-03-08 13:14:44,913 : VM0_cr3 Internal Event with logical clock 22 at system time 7.412
2023-03-08 13:14:45,250 : VM0_cr3 Internal Event with logical clock 23 at system time 7.749
2023-03-08 13:14:45,588 : VM0_cr3 Send Message VM0_cr3:24 to VM1 at system time 8.088
2023-03-08 13:14:45,927 : VM0_cr3 send message VM0_cr3:25 to VM2 at system time 8.426
2023-03-08 13:14:46,261 : VM0_cr3 Internal Event with logical clock 26 at system time 8.760
2023-03-08 13:14:46,597 : VM0_cr3 Received Message 17 with queue size 0 and internal logic clock 27 at system time 9.096
2023-03-08 13:14:46,598 : VM0_cr3 send message VM0_cr3:27 to both other VMs at system time 9.097
2023-03-08 13:14:46,934 : VM0_cr3 Received Message VM1_cr3:28 with queue size 0 and internal logic clock 28 at system time 9.434
2023-03-08 13:14:46,935 : VM0_cr3 Internal Event with logical clock 28 at system time 9.434
2023-03-08 13:14:47,270 : VM0_cr3 Internal Event with logical clock 29 at system time 9.769
2023-03-08 13:14:47,608 : VM0_cr3 Received Message 29 with queue size 0 and internal logic clock 30 at system time 10.10
2023-03-08 13:14:47,609 : VM0_cr3 send message VM0_cr3:30 to VM2 at system time 10.10
2023-03-08 13:14:47,947 : VM0_cr3 Received Message 30 with queue size 0 and internal logic clock 31 at system time 10.44
2023-03-08 13:14:47,947 : VM0_cr3 Internal Event with logical clock 31 at system time 10.44
2023-03-08 13:14:48,284 : VM0_cr3 Received Message VM1_cr3:31 with queue size 0 and internal logic clock 32 at system time 10.78
2023-03-08 13:14:48,285 : VM0_cr3 Internal Event with logical clock 32 at system time 10.78
2023-03-08 13:14:48,623 : VM0_cr3 Send Message VM0_cr3:33 to VM1 at system time 11.12
2023-03-08 13:14:48,957 : VM0_cr3 Internal Event with logical clock 34 at system time 11.45
2023-03-08 13:14:49,293 : VM0_cr3 Internal Event with logical clock 35 at system time 11.79
2023-03-08 13:14:49,629 : VM0_cr3 Received Message VM1_cr3:35 with queue size 0 and internal logic clock 36 at system time 12.12
2023-03-08 13:14:49,630 : VM0_cr3 send message VM0_cr3:36 to both other VMs at system time 12.12
2023-03-08 13:14:49,967 : VM0_cr3 Send Message VM0_cr3:37 to VM1 at system time 12.46
2023-03-08 13:14:50,305 : VM0_cr3 Received Message VM1_cr3:37 with queue size 0 and internal logic clock 38 at system time 12.80
2023-03-08 13:14:50,305 : VM0_cr3 Internal Event with logical clock 38 at system time 12.80
2023-03-08 13:14:50,643 : VM0_cr3 Send Message VM0_cr3:39 to VM1 at system time 13.14
2023-03-08 13:14:50,978 : VM0_cr3 Internal Event with logical clock 40 at system time 13.47
2023-03-08 13:14:51,312 : VM0_cr3 Internal Event with logical clock 41 at system time 13.81
2023-03-08 13:14:51,650 : VM0_cr3 Received Message 41 with queue size 1 and internal logic clock 42 at system time 14.14
2023-03-08 13:14:51,650 : VM0_cr3 Internal Event with logical clock 42 at system time 14.15
2023-03-08 13:14:51,984 : VM0_cr3 Received Message 30 with queue size 0 and internal logic clock 43 at system time 14.48
2023-03-08 13:14:51,984 : VM0_cr3 Internal Event with logical clock 43 at system time 14.48
2023-03-08 13:14:52,323 : VM0_cr3 Received Message 44 with queue size 0 and internal logic clock 44 at system time 14.82
2023-03-08 13:14:52,323 : VM0_cr3 Send Message VM0_cr3:44 to VM1 at system time 14.82
2023-03-08 13:14:52,661 : VM0_cr3 Send Message VM0_cr3:45 to VM1 at system time 15.16
2023-03-08 13:14:52,998 : VM0_cr3 Received Message 46 with queue size 0 and internal logic clock 46 at system time 15.49
2023-03-08 13:14:52,998 : VM0_cr3 Internal Event with logical clock 46 at system time 15.49
2023-03-08 13:14:53,336 : VM0_cr3 Received Message VM1_cr3:47 with queue size 0 and internal logic clock 47 at system time 15.83
2023-03-08 13:14:53,337 : VM0_cr3 send message VM0_cr3:47 to VM2 at system time 15.83
2023-03-08 13:14:53,675 : VM0_cr3 Send Message VM0_cr3:48 to VM1 at system time 16.17
2023-03-08 13:14:54,011 : VM0_cr3 Internal Event with logical clock 49 at system time 16.51
2023-03-08 13:14:54,345 : VM0_cr3 Internal Event with logical clock 50 at system time 16.84
2023-03-08 13:14:54,679 : VM0_cr3 Internal Event with logical clock 51 at system time 17.17
2023-03-08 13:14:55,017 : VM0_cr3 Received Message 51 with queue size 0 and internal logic clock 52 at system time 17.51
2023-03-08 13:14:55,018 : VM0_cr3 Internal Event with logical clock 52 at system time 17.51
2023-03-08 13:14:55,356 : VM0_cr3 Internal Event with logical clock 53 at system time 17.85
2023-03-08 13:14:55,693 : VM0_cr3 Received Message VM2_cr1:40 with queue size 1 and internal logic clock 54 at system time 18.19
2023-03-08 13:14:55,693 : VM0_cr3 Send Message VM0_cr3:54 to VM1 at system time 18.19
2023-03-08 13:14:56,027 : VM0_cr3 Received Message 54 with queue size 0 and internal logic clock 55 at system time 18.52
2023-03-08 13:14:56,027 : VM0_cr3 Internal Event with logical clock 55 at system time 18.52
2023-03-08 13:14:56,361 : VM0_cr3 Received Message 55 with queue size 0 and internal logic clock 56 at system time 18.86
2023-03-08 13:14:56,361 : VM0_cr3 Internal Event with logical clock 56 at system time 18.86
2023-03-08 13:14:56,695 : VM0_cr3 Received Message VM1_cr3:56 with queue size 0 and internal logic clock 57 at system time 19.19
2023-03-08 13:14:56,695 : VM0_cr3 Internal Event with logical clock 57 at system time 19.19
2023-03-08 13:14:57,029 : VM0_cr3 Internal Event with logical clock 58 at system time 19.52
2023-03-08 13:14:57,364 : VM0_cr3 Internal Event with logical clock 59 at system time 19.86
2023-03-08 13:14:57,703 : VM0_cr3 Received Message VM1_cr3:59 with queue size 0 and internal logic clock 60 at system time 20.20
2023-03-08 13:14:57,703 : VM0_cr3 Internal Event with logical clock 60 at system time 20.20
2023-03-08 13:14:58,041 : VM0_cr3 Internal Event with logical clock 61 at system time 20.54
2023-03-08 13:14:58,379 : VM0_cr3 Internal Event with logical clock 62 at system time 20.87
2023-03-08 13:14:58,716 : VM0_cr3 send message VM0_cr3:63 to VM2 at system time 21.21
2023-03-08 13:14:59,055 : VM0_cr3 send message VM0_cr3:64 to both other VMs at system time 21.55
2023-03-08 13:14:59,390 : VM0_cr3 send message VM0_cr3:65 to both other VMs at system time 21.88
2023-03-08 13:14:59,727 : VM0_cr3 send message VM0_cr3:66 to VM2 at system time 22.22
2023-03-08 13:15:00,065 : VM0_cr3 Internal Event with logical clock 67 at system time 22.56
2023-03-08 13:15:00,399 : VM0_cr3 Internal Event with logical clock 68 at system time 22.89
2023-03-08 13:15:00,735 : VM0_cr3 Received Message 68 with queue size 0 and internal logic clock 69 at system time 23.23
2023-03-08 13:15:00,736 : VM0_cr3 send message VM0_cr3:69 to VM2 at system time 23.23
2023-03-08 13:15:01,074 : VM0_cr3 Send Message VM0_cr3:70 to VM1 at system time 23.57
2023-03-08 13:15:01,407 : VM0_cr3 Internal Event with logical clock 71 at system time 23.90
2023-03-08 13:15:01,746 : VM0_cr3 Send Message VM0_cr3:72 to VM1 at system time 24.24
2023-03-08 13:15:02,080 : VM0_cr3 Internal Event with logical clock 73 at system time 24.58
2023-03-08 13:15:02,419 : VM0_cr3 send message VM0_cr3:74 to VM2 at system time 24.91
2023-03-08 13:15:02,756 : VM0_cr3 send message VM0_cr3:75 to VM2 at system time 25.25
2023-03-08 13:15:03,094 : VM0_cr3 Received Message 75 with queue size 0 and internal logic clock 76 at system time 25.59
2023-03-08 13:15:03,095 : VM0_cr3 Internal Event with logical clock 76 at system time 25.59
2023-03-08 13:15:03,431 : VM0_cr3 Internal Event with logical clock 77 at system time 25.93
2023-03-08 13:15:03,766 : VM0_cr3 Internal Event with logical clock 78 at system time 26.26
2023-03-08 13:15:04,103 : VM0_cr3 Internal Event with logical clock 79 at system time 26.60
2023-03-08 13:15:04,442 : VM0_cr3 Internal Event with logical clock 80 at system time 26.94
2023-03-08 13:15:04,776 : VM0_cr3 Internal Event with logical clock 81 at system time 27.27
2023-03-08 13:15:05,114 : VM0_cr3 Internal Event with logical clock 82 at system time 27.61
2023-03-08 13:15:05,452 : VM0_cr3 Send Message VM0_cr3:83 to VM1 at system time 27.95
2023-03-08 13:15:05,790 : VM0_cr3 Internal Event with logical clock 84 at system time 28.28
2023-03-08 13:15:06,126 : VM0_cr3 Internal Event with logical clock 85 at system time 28.62
2023-03-08 13:15:06,464 : VM0_cr3 send message VM0_cr3:86 to both other VMs at system time 28.96
2023-03-08 13:15:06,801 : VM0_cr3 Received Message 86 with queue size 0 and internal logic clock 87 at system time 29.30
2023-03-08 13:15:06,802 : VM0_cr3 Internal Event with logical clock 87 at system time 29.30
2023-03-08 13:15:07,139 : VM0_cr3 Internal Event with logical clock 88 at system time 29.63
2023-03-08 13:15:07,478 : VM0_cr3 Internal Event with logical clock 89 at system time 29.97
2023-03-08 13:15:07,816 : VM0_cr3 Internal Event with logical clock 90 at system time 30.31
2023-03-08 13:15:08,152 : VM0_cr3 send message VM0_cr3:91 to both other VMs at system time 30.65
2023-03-08 13:15:08,491 : VM0_cr3 Internal Event with logical clock 92 at system time 30.99
2023-03-08 13:15:08,829 : VM0_cr3 Internal Event with logical clock 93 at system time 31.32
2023-03-08 13:15:09,167 : VM0_cr3 Send Message VM0_cr3:94 to VM1 at system time 31.66
2023-03-08 13:15:09,502 : VM0_cr3 Received Message 94 with queue size 0 and internal logic clock 95 at system time 32.00
2023-03-08 13:15:09,503 : VM0_cr3 send message VM0_cr3:95 to both other VMs at system time 32.00
2023-03-08 13:15:09,838 : VM0_cr3 Received Message 66 with queue size 0 and internal logic clock 96 at system time 32.33
2023-03-08 13:15:09,839 : VM0_cr3 Internal Event with logical clock 96 at system time 32.33
2023-03-08 13:15:10,176 : VM0_cr3 Received Message VM1_cr3:96 with queue size 0 and internal logic clock 97 at system time 32.67
2023-03-08 13:15:10,177 : VM0_cr3 Internal Event with logical clock 97 at system time 32.67
2023-03-08 13:15:10,514 : VM0_cr3 Internal Event with logical clock 98 at system time 33.01
2023-03-08 13:15:10,850 : VM0_cr3 send message VM0_cr3:99 to both other VMs at system time 33.34
2023-03-08 13:15:11,188 : VM0_cr3 send message VM0_cr3:100 to both other VMs at system time 33.68
2023-03-08 13:15:11,527 : VM0_cr3 Internal Event with logical clock 101 at system time 34.02
2023-03-08 13:15:11,865 : VM0_cr3 Internal Event with logical clock 102 at system time 34.36
2023-03-08 13:15:12,201 : VM0_cr3 Send Message VM0_cr3:103 to VM1 at system time 34.70
2023-03-08 13:15:12,538 : VM0_cr3 Internal Event with logical clock 104 at system time 35.03
2023-03-08 13:15:12,876 : VM0_cr3 Send Message VM0_cr3:105 to VM1 at system time 35.37
2023-03-08 13:15:13,210 : VM0_cr3 Received Message 105 with queue size 0 and internal logic clock 106 at system time 35.70
2023-03-08 13:15:13,210 : VM0_cr3 Internal Event with logical clock 106 at system time 35.71
2023-03-08 13:15:13,546 : VM0_cr3 Internal Event with logical clock 107 at system time 36.04
2023-03-08 13:15:13,884 : VM0_cr3 Internal Event with logical clock 108 at system time 36.38
2023-03-08 13:15:14,223 : VM0_cr3 Internal Event with logical clock 109 at system time 36.72
2023-03-08 13:15:14,561 : VM0_cr3 Internal Event with logical clock 110 at system time 37.06
2023-03-08 13:15:14,898 : VM0_cr3 Internal Event with logical clock 111 at system time 37.39
2023-03-08 13:15:15,236 : VM0_cr3 Received Message VM1_cr3:112 with queue size 0 and internal logic clock 112 at system time 37.73
2023-03-08 13:15:15,236 : VM0_cr3 Internal Event with logical clock 112 at system time 37.73
2023-03-08 13:15:15,573 : VM0_cr3 Internal Event with logical clock 113 at system time 38.07
2023-03-08 13:15:15,909 : VM0_cr3 Received Message 76 with queue size 0 and internal logic clock 114 at system time 38.40
2023-03-08 13:15:15,909 : VM0_cr3 Internal Event with logical clock 114 at system time 38.40
2023-03-08 13:15:16,244 : VM0_cr3 Received Message 114 with queue size 0 and internal logic clock 115 at system time 38.74
2023-03-08 13:15:16,244 : VM0_cr3 Internal Event with logical clock 115 at system time 38.74
2023-03-08 13:15:16,582 : VM0_cr3 send message VM0_cr3:116 to both other VMs at system time 39.08
2023-03-08 13:15:16,917 : VM0_cr3 Received Message 78 with queue size 0 and internal logic clock 117 at system time 39.41
2023-03-08 13:15:16,917 : VM0_cr3 Internal Event with logical clock 117 at system time 39.41
2023-03-08 13:15:17,253 : VM0_cr3 Received Message VM1_cr3:117 with queue size 0 and internal logic clock 118 at system time 39.75
2023-03-08 13:15:17,253 : VM0_cr3 Internal Event with logical clock 118 at system time 39.75
2023-03-08 13:15:17,588 : VM0_cr3 Internal Event with logical clock 119 at system time 40.08
2023-03-08 13:15:17,927 : VM0_cr3 Internal Event with logical clock 120 at system time 40.42
2023-03-08 13:15:18,262 : VM0_cr3 Internal Event with logical clock 121 at system time 40.76
2023-03-08 13:15:18,600 : VM0_cr3 Send Message VM0_cr3:122 to VM1 at system time 41.09
2023-03-08 13:15:18,935 : VM0_cr3 Internal Event with logical clock 123 at system time 41.43
2023-03-08 13:15:19,273 : VM0_cr3 send message VM0_cr3:124 to both other VMs at system time 41.77
2023-03-08 13:15:19,610 : VM0_cr3 Send Message VM0_cr3:125 to VM1 at system time 42.10
2023-03-08 13:15:19,944 : VM0_cr3 Internal Event with logical clock 126 at system time 42.44
2023-03-08 13:15:20,283 : VM0_cr3 Internal Event with logical clock 127 at system time 42.78
2023-03-08 13:15:20,618 : VM0_cr3 Internal Event with logical clock 128 at system time 43.11
2023-03-08 13:15:20,956 : VM0_cr3 Internal Event with logical clock 129 at system time 43.45
2023-03-08 13:15:21,289 : VM0_cr3 Internal Event with logical clock 130 at system time 43.78
2023-03-08 13:15:21,626 : VM0_cr3 Send Message VM0_cr3:131 to VM1 at system time 44.12
2023-03-08 13:15:21,961 : VM0_cr3 Internal Event with logical clock 132 at system time 44.46
2023-03-08 13:15:22,297 : VM0_cr3 Internal Event with logical clock 133 at system time 44.79
2023-03-08 13:15:22,633 : VM0_cr3 Send Message VM0_cr3:134 to VM1 at system time 45.13
2023-03-08 13:15:22,971 : VM0_cr3 Received Message 95 with queue size 0 and internal logic clock 135 at system time 45.47
2023-03-08 13:15:22,972 : VM0_cr3 Internal Event with logical clock 135 at system time 45.47
2023-03-08 13:15:23,310 : VM0_cr3 Internal Event with logical clock 136 at system time 45.80
2023-03-08 13:15:23,644 : VM0_cr3 send message VM0_cr3:137 to both other VMs at system time 46.14
2023-03-08 13:15:23,982 : VM0_cr3 Send Message VM0_cr3:138 to VM1 at system time 46.48
2023-03-08 13:15:24,317 : VM0_cr3 Received Message VM1_cr3:138 with queue size 0 and internal logic clock 139 at system time 46.81
2023-03-08 13:15:24,317 : VM0_cr3 Internal Event with logical clock 139 at system time 46.81
2023-03-08 13:15:24,655 : VM0_cr3 Received Message VM1_cr3:139 with queue size 0 and internal logic clock 140 at system time 47.15
2023-03-08 13:15:24,655 : VM0_cr3 send message VM0_cr3:140 to VM2 at system time 47.15
2023-03-08 13:15:24,993 : VM0_cr3 Received Message VM2_cr1:100 with queue size 0 and internal logic clock 141 at system time 47.49
2023-03-08 13:15:24,993 : VM0_cr3 Internal Event with logical clock 141 at system time 47.49
2023-03-08 13:15:25,332 : VM0_cr3 Internal Event with logical clock 142 at system time 47.83
2023-03-08 13:15:25,667 : VM0_cr3 Internal Event with logical clock 143 at system time 48.16
2023-03-08 13:15:26,005 : VM0_cr3 Received Message VM2_cr1:101 with queue size 0 and internal logic clock 144 at system time 48.50
2023-03-08 13:15:26,005 : VM0_cr3 send message VM0_cr3:144 to both other VMs at system time 48.50
2023-03-08 13:15:26,344 : VM0_cr3 Internal Event with logical clock 145 at system time 48.84
2023-03-08 13:15:26,682 : VM0_cr3 send message VM0_cr3:146 to VM2 at system time 49.18
2023-03-08 13:15:27,018 : VM0_cr3 Received Message VM2_cr1:105 with queue size 0 and internal logic clock 147 at system time 49.51
2023-03-08 13:15:27,018 : VM0_cr3 Internal Event with logical clock 147 at system time 49.51
2023-03-08 13:15:27,354 : VM0_cr3 Internal Event with logical clock 148 at system time 49.85
2023-03-08 13:15:27,688 : VM0_cr3 Received Message 148 with queue size 0 and internal logic clock 149 at system time 50.18
2023-03-08 13:15:27,689 : VM0_cr3 send message VM0_cr3:149 to both other VMs at system time 50.18
2023-03-08 13:15:28,026 : VM0_cr3 Internal Event with logical clock 150 at system time 50.52
2023-03-08 13:15:28,364 : VM0_cr3 Received Message VM1_cr3:150 with queue size 0 and internal logic clock 151 at system time 50.86
2023-03-08 13:15:28,365 : VM0_cr3 Internal Event with logical clock 151 at system time 50.86
2023-03-08 13:15:28,702 : VM0_cr3 Received Message VM1_cr3:151 with queue size 0 and internal logic clock 152 at system time 51.20
2023-03-08 13:15:28,702 : VM0_cr3 Internal Event with logical clock 152 at system time 51.20
2023-03-08 13:15:29,040 : VM0_cr3 Internal Event with logical clock 153 at system time 51.53
2023-03-08 13:15:29,378 : VM0_cr3 send message VM0_cr3:154 to VM2 at system time 51.87
2023-03-08 13:15:29,717 : VM0_cr3 Received Message VM1_cr3:154 with queue size 0 and internal logic clock 155 at system time 52.21
2023-03-08 13:15:29,718 : VM0_cr3 Internal Event with logical clock 155 at system time 52.21
2023-03-08 13:15:30,056 : VM0_cr3 Internal Event with logical clock 156 at system time 52.55
2023-03-08 13:15:30,394 : VM0_cr3 Internal Event with logical clock 157 at system time 52.89
2023-03-08 13:15:30,730 : VM0_cr3 Received Message 115 with queue size 0 and internal logic clock 158 at system time 53.22
2023-03-08 13:15:30,731 : VM0_cr3 Internal Event with logical clock 158 at system time 53.23
2023-03-08 13:15:31,069 : VM0_cr3 Internal Event with logical clock 159 at system time 53.56
2023-03-08 13:15:31,404 : VM0_cr3 Received Message VM1_cr3:159 with queue size 0 and internal logic clock 160 at system time 53.90
2023-03-08 13:15:31,405 : VM0_cr3 send message VM0_cr3:160 to both other VMs at system time 53.90
2023-03-08 13:15:31,738 : VM0_cr3 Internal Event with logical clock 161 at system time 54.23
2023-03-08 13:15:32,076 : VM0_cr3 Internal Event with logical clock 162 at system time 54.57
2023-03-08 13:15:32,414 : VM0_cr3 Internal Event with logical clock 163 at system time 54.91
2023-03-08 13:15:32,753 : VM0_cr3 Internal Event with logical clock 164 at system time 55.25
2023-03-08 13:15:33,091 : VM0_cr3 Send Message VM0_cr3:165 to VM1 at system time 55.59
2023-03-08 13:15:33,428 : VM0_cr3 Send Message VM0_cr3:166 to VM1 at system time 55.92
2023-03-08 13:15:33,766 : VM0_cr3 Received Message 166 with queue size 0 and internal logic clock 167 at system time 56.26
2023-03-08 13:15:33,767 : VM0_cr3 Internal Event with logical clock 167 at system time 56.26
2023-03-08 13:15:34,104 : VM0_cr3 Internal Event with logical clock 168 at system time 56.60
2023-03-08 13:15:34,440 : VM0_cr3 send message VM0_cr3:169 to both other VMs at system time 56.93
2023-03-08 13:15:34,775 : VM0_cr3 send message VM0_cr3:170 to both other VMs at system time 57.27
2023-03-08 13:15:35,113 : VM0_cr3 send message VM0_cr3:171 to VM2 at system time 57.61
2023-03-08 13:15:35,451 : VM0_cr3 Internal Event with logical clock 172 at system time 57.95
2023-03-08 13:15:35,786 : VM0_cr3 Send Message VM0_cr3:173 to VM1 at system time 58.28
2023-03-08 13:15:36,124 : VM0_cr3 send message VM0_cr3:174 to both other VMs at system time 58.62
2023-03-08 13:15:36,461 : VM0_cr3 Internal Event with logical clock 175 at system time 58.96
2023-03-08 13:15:36,797 : VM0_cr3 Internal Event with logical clock 176 at system time 59.29
2023-03-08 13:15:37,135 : VM0_cr3 Received Message VM1_cr3:176 with queue size 0 and internal logic clock 177 at system time 59.63
2023-03-08 13:15:37,136 : VM0_cr3 send message VM0_cr3:177 to VM2 at system time 59.63
2023-03-08 13:15:37,474 : VM0_cr3 Send Message VM0_cr3:178 to VM1 at system time 59.97
2023-03-08 13:15:37,812 : VM0_cr3 Internal Event with logical clock 179 at system time 60.31
