2023-03-08 13:14:36,496 : VM1_cr3 listening on port 4097
2023-03-08 13:14:37,499 : VM1_cr3 has incoming connection from VM0 on 127.0.0.1 port on 4097.
2023-03-08 13:14:37,502 : VM1_cr3 connected to VM2 on 127.0.0.1 port on 4098.
2023-03-08 13:14:37,503 : VM1_cr3 Internal Event with logical clock 0 at system time 0.000
2023-03-08 13:14:37,839 : VM1_cr3 Received Message VM2_cr1:0 with queue size 0 and internal logic clock 1 at system time 0.336
2023-03-08 13:14:37,839 : VM1_cr3 Send Message VM1_cr3:1 to VM2 at system time 0.337
2023-03-08 13:14:38,177 : VM1_cr3 Received Message VM0_cr3:1 with queue size 0 and internal logic clock 2 at system time 0.675
2023-03-08 13:14:38,178 : VM1_cr3 Internal Event with logical clock 2 at system time 0.675
2023-03-08 13:14:38,516 : VM1_cr3 Internal Event with logical clock 3 at system time 1.013
2023-03-08 13:14:38,854 : VM1_cr3 Internal Event with logical clock 4 at system time 1.351
2023-03-08 13:14:39,193 : VM1_cr3 Internal Event with logical clock 5 at system time 1.690
2023-03-08 13:14:39,527 : VM1_cr3 send message VM1_cr3:6 to VM0 at system time 2.024
2023-03-08 13:14:39,865 : VM1_cr3 Send Message VM1_cr3:7 to VM2 at system time 2.362
2023-03-08 13:14:40,201 : VM1_cr3 send message VM1_cr3:8 to VM0 at system time 2.698
2023-03-08 13:14:40,536 : VM1_cr3 send message VM1_cr3:9 to both other VMs at system time 3.033
2023-03-08 13:14:40,875 : VM1_cr3 Received Message 9 with queue size 0 and internal logic clock 10 at system time 3.372
2023-03-08 13:14:40,875 : VM1_cr3 Internal Event with logical clock 10 at system time 3.373
2023-03-08 13:14:41,209 : VM1_cr3 Received Message 10 with queue size 0 and internal logic clock 11 at system time 3.707
2023-03-08 13:14:41,210 : VM1_cr3 Internal Event with logical clock 11 at system time 3.708
2023-03-08 13:14:41,544 : VM1_cr3 Internal Event with logical clock 12 at system time 4.041
2023-03-08 13:14:41,883 : VM1_cr3 Received Message VM0_cr3:12 with queue size 0 and internal logic clock 13 at system time 4.380
2023-03-08 13:14:41,883 : VM1_cr3 Internal Event with logical clock 13 at system time 4.380
2023-03-08 13:14:42,218 : VM1_cr3 Internal Event with logical clock 14 at system time 4.715
2023-03-08 13:14:42,556 : VM1_cr3 Received Message 10 with queue size 0 and internal logic clock 15 at system time 5.054
2023-03-08 13:14:42,557 : VM1_cr3 Internal Event with logical clock 15 at system time 5.054
2023-03-08 13:14:42,890 : VM1_cr3 Internal Event with logical clock 16 at system time 5.387
2023-03-08 13:14:43,227 : VM1_cr3 Received Message 16 with queue size 0 and internal logic clock 17 at system time 5.724
2023-03-08 13:14:43,228 : VM1_cr3 Internal Event with logical clock 17 at system time 5.725
2023-03-08 13:14:43,566 : VM1_cr3 Received Message 17 with queue size 1 and internal logic clock 18 at system time 6.063
2023-03-08 13:14:43,566 : VM1_cr3 Internal Event with logical clock 18 at system time 6.063
2023-03-08 13:14:43,903 : VM1_cr3 Received Message 11 with queue size 1 and internal logic clock 19 at system time 6.400
2023-03-08 13:14:43,903 : VM1_cr3 Internal Event with logical clock 19 at system time 6.401
2023-03-08 13:14:44,237 : VM1_cr3 Received Message VM0_cr3:18 with queue size 1 and internal logic clock 20 at system time 6.735
2023-03-08 13:14:44,238 : VM1_cr3 send message VM1_cr3:20 to VM0 at system time 6.735
2023-03-08 13:14:44,576 : VM1_cr3 Received Message 19 with queue size 0 and internal logic clock 21 at system time 7.073
2023-03-08 13:14:44,576 : VM1_cr3 Internal Event with logical clock 21 at system time 7.074
2023-03-08 13:14:44,911 : VM1_cr3 Internal Event with logical clock 22 at system time 7.408
2023-03-08 13:14:45,246 : VM1_cr3 Internal Event with logical clock 23 at system time 7.743
2023-03-08 13:14:45,581 : VM1_cr3 Internal Event with logical clock 24 at system time 8.079
2023-03-08 13:14:45,919 : VM1_cr3 Received Message VM0_cr3:24 with queue size 0 and internal logic clock 25 at system time 8.417
2023-03-08 13:14:45,920 : VM1_cr3 Internal Event with logical clock 25 at system time 8.417
2023-03-08 13:14:46,257 : VM1_cr3 Internal Event with logical clock 26 at system time 8.754
2023-03-08 13:14:46,593 : VM1_cr3 Received Message 17 with queue size 0 and internal logic clock 27 at system time 9.091
2023-03-08 13:14:46,594 : VM1_cr3 Internal Event with logical clock 27 at system time 9.091
2023-03-08 13:14:46,932 : VM1_cr3 Received Message 27 with queue size 0 and internal logic clock 28 at system time 9.429
2023-03-08 13:14:46,933 : VM1_cr3 send message VM1_cr3:28 to VM0 at system time 9.430
2023-03-08 13:14:47,270 : VM1_cr3 send message VM1_cr3:29 to both other VMs at system time 9.767
2023-03-08 13:14:47,608 : VM1_cr3 send message VM1_cr3:30 to both other VMs at system time 10.10
2023-03-08 13:14:47,947 : VM1_cr3 send message VM1_cr3:31 to VM0 at system time 10.44
2023-03-08 13:14:48,284 : VM1_cr3 Internal Event with logical clock 32 at system time 10.78
2023-03-08 13:14:48,623 : VM1_cr3 Internal Event with logical clock 33 at system time 11.12
2023-03-08 13:14:48,957 : VM1_cr3 Received Message VM0_cr3:33 with queue size 0 and internal logic clock 34 at system time 11.45
2023-03-08 13:14:48,957 : VM1_cr3 Internal Event with logical clock 34 at system time 11.45
2023-03-08 13:14:49,295 : VM1_cr3 send message VM1_cr3:35 to VM0 at system time 11.79
2023-03-08 13:14:49,633 : VM1_cr3 Received Message VM2_cr1:27 with queue size 1 and internal logic clock 36 at system time 12.13
2023-03-08 13:14:49,633 : VM1_cr3 Internal Event with logical clock 36 at system time 12.13
2023-03-08 13:14:49,967 : VM1_cr3 Received Message 36 with queue size 0 and internal logic clock 37 at system time 12.46
2023-03-08 13:14:49,968 : VM1_cr3 send message VM1_cr3:37 to VM0 at system time 12.46
2023-03-08 13:14:50,305 : VM1_cr3 Received Message VM0_cr3:37 with queue size 0 and internal logic clock 38 at system time 12.80
2023-03-08 13:14:50,305 : VM1_cr3 Send Message VM1_cr3:38 to VM2 at system time 12.80
2023-03-08 13:14:50,643 : VM1_cr3 Internal Event with logical clock 39 at system time 13.14
2023-03-08 13:14:50,978 : VM1_cr3 Received Message VM0_cr3:39 with queue size 0 and internal logic clock 40 at system time 13.47
2023-03-08 13:14:50,978 : VM1_cr3 Send Message VM1_cr3:40 to VM2 at system time 13.47
2023-03-08 13:14:51,311 : VM1_cr3 send message VM1_cr3:41 to both other VMs at system time 13.80
2023-03-08 13:14:51,650 : VM1_cr3 Received Message 30 with queue size 0 and internal logic clock 42 at system time 14.14
2023-03-08 13:14:51,650 : VM1_cr3 Internal Event with logical clock 42 at system time 14.14
2023-03-08 13:14:51,984 : VM1_cr3 Internal Event with logical clock 43 at system time 14.48
2023-03-08 13:14:52,321 : VM1_cr3 send message VM1_cr3:44 to both other VMs at system time 14.81
2023-03-08 13:14:52,657 : VM1_cr3 Received Message VM0_cr3:44 with queue size 1 and internal logic clock 45 at system time 15.15
2023-03-08 13:14:52,658 : VM1_cr3 Send Message VM1_cr3:45 to VM2 at system time 15.15
2023-03-08 13:14:52,996 : VM1_cr3 Received Message VM2_cr1:31 with queue size 1 and internal logic clock 46 at system time 15.49
2023-03-08 13:14:52,996 : VM1_cr3 send message VM1_cr3:46 to both other VMs at system time 15.49
2023-03-08 13:14:53,330 : VM1_cr3 Received Message VM0_cr3:45 with queue size 0 and internal logic clock 47 at system time 15.82
2023-03-08 13:14:53,331 : VM1_cr3 send message VM1_cr3:47 to VM0 at system time 15.82
2023-03-08 13:14:53,668 : VM1_cr3 Internal Event with logical clock 48 at system time 16.16
2023-03-08 13:14:54,006 : VM1_cr3 Received Message VM0_cr3:48 with queue size 0 and internal logic clock 49 at system time 16.50
2023-03-08 13:14:54,006 : VM1_cr3 Internal Event with logical clock 49 at system time 16.50
2023-03-08 13:14:54,341 : VM1_cr3 Internal Event with logical clock 50 at system time 16.83
2023-03-08 13:14:54,679 : VM1_cr3 send message VM1_cr3:51 to both other VMs at system time 17.17
2023-03-08 13:14:55,018 : VM1_cr3 Internal Event with logical clock 52 at system time 17.51
2023-03-08 13:14:55,353 : VM1_cr3 Send Message VM1_cr3:53 to VM2 at system time 17.85
2023-03-08 13:14:55,690 : VM1_cr3 send message VM1_cr3:54 to both other VMs at system time 18.18
2023-03-08 13:14:56,028 : VM1_cr3 Received Message VM0_cr3:54 with queue size 0 and internal logic clock 55 at system time 18.52
2023-03-08 13:14:56,028 : VM1_cr3 send message VM1_cr3:55 to both other VMs at system time 18.52
2023-03-08 13:14:56,364 : VM1_cr3 send message VM1_cr3:56 to VM0 at system time 18.86
2023-03-08 13:14:56,703 : VM1_cr3 Internal Event with logical clock 57 at system time 19.20
2023-03-08 13:14:57,038 : VM1_cr3 Internal Event with logical clock 58 at system time 19.53
2023-03-08 13:14:57,373 : VM1_cr3 send message VM1_cr3:59 to VM0 at system time 19.87
2023-03-08 13:14:57,711 : VM1_cr3 Send Message VM1_cr3:60 to VM2 at system time 20.20
2023-03-08 13:14:58,048 : VM1_cr3 Internal Event with logical clock 61 at system time 20.54
2023-03-08 13:14:58,387 : VM1_cr3 Internal Event with logical clock 62 at system time 20.88
2023-03-08 13:14:58,720 : VM1_cr3 Internal Event with logical clock 63 at system time 21.21
2023-03-08 13:14:59,055 : VM1_cr3 Internal Event with logical clock 64 at system time 21.55
2023-03-08 13:14:59,393 : VM1_cr3 Received Message 64 with queue size 1 and internal logic clock 65 at system time 21.89
2023-03-08 13:14:59,394 : VM1_cr3 Internal Event with logical clock 65 at system time 21.89
2023-03-08 13:14:59,732 : VM1_cr3 Received Message 65 with queue size 0 and internal logic clock 66 at system time 22.22
2023-03-08 13:14:59,732 : VM1_cr3 Internal Event with logical clock 66 at system time 22.23
2023-03-08 13:15:00,069 : VM1_cr3 Internal Event with logical clock 67 at system time 22.56
2023-03-08 13:15:00,408 : VM1_cr3 send message VM1_cr3:68 to both other VMs at system time 22.90
2023-03-08 13:15:00,746 : VM1_cr3 Internal Event with logical clock 69 at system time 23.24
2023-03-08 13:15:01,084 : VM1_cr3 Received Message VM0_cr3:70 with queue size 0 and internal logic clock 70 at system time 23.58
2023-03-08 13:15:01,085 : VM1_cr3 Send Message VM1_cr3:70 to VM2 at system time 23.58
2023-03-08 13:15:01,423 : VM1_cr3 Internal Event with logical clock 71 at system time 23.92
2023-03-08 13:15:01,760 : VM1_cr3 Received Message VM0_cr3:72 with queue size 0 and internal logic clock 72 at system time 24.25
2023-03-08 13:15:01,761 : VM1_cr3 Internal Event with logical clock 72 at system time 24.25
2023-03-08 13:15:02,097 : VM1_cr3 Internal Event with logical clock 73 at system time 24.59
2023-03-08 13:15:02,430 : VM1_cr3 Internal Event with logical clock 74 at system time 24.92
2023-03-08 13:15:02,769 : VM1_cr3 Received Message VM2_cr1:53 with queue size 0 and internal logic clock 75 at system time 25.26
2023-03-08 13:15:02,769 : VM1_cr3 send message VM1_cr3:75 to both other VMs at system time 25.26
2023-03-08 13:15:03,107 : VM1_cr3 Internal Event with logical clock 76 at system time 25.60
2023-03-08 13:15:03,444 : VM1_cr3 Internal Event with logical clock 77 at system time 25.94
2023-03-08 13:15:03,781 : VM1_cr3 Send Message VM1_cr3:78 to VM2 at system time 26.27
2023-03-08 13:15:04,115 : VM1_cr3 Internal Event with logical clock 79 at system time 26.61
2023-03-08 13:15:04,454 : VM1_cr3 Internal Event with logical clock 80 at system time 26.95
2023-03-08 13:15:04,792 : VM1_cr3 Received Message VM2_cr1:55 with queue size 0 and internal logic clock 81 at system time 27.28
2023-03-08 13:15:04,793 : VM1_cr3 Internal Event with logical clock 81 at system time 27.29
2023-03-08 13:15:05,126 : VM1_cr3 Internal Event with logical clock 82 at system time 27.62
2023-03-08 13:15:05,463 : VM1_cr3 Received Message VM0_cr3:83 with queue size 0 and internal logic clock 83 at system time 27.96
2023-03-08 13:15:05,463 : VM1_cr3 Internal Event with logical clock 83 at system time 27.96
2023-03-08 13:15:05,799 : VM1_cr3 Internal Event with logical clock 84 at system time 28.29
2023-03-08 13:15:06,135 : VM1_cr3 Internal Event with logical clock 85 at system time 28.63
2023-03-08 13:15:06,471 : VM1_cr3 Received Message 86 with queue size 0 and internal logic clock 86 at system time 28.96
2023-03-08 13:15:06,472 : VM1_cr3 send message VM1_cr3:86 to both other VMs at system time 28.96
2023-03-08 13:15:06,810 : VM1_cr3 Internal Event with logical clock 87 at system time 29.30
2023-03-08 13:15:07,148 : VM1_cr3 Internal Event with logical clock 88 at system time 29.64
2023-03-08 13:15:07,485 : VM1_cr3 Internal Event with logical clock 89 at system time 29.98
2023-03-08 13:15:07,820 : VM1_cr3 Received Message VM2_cr1:64 with queue size 0 and internal logic clock 90 at system time 30.31
2023-03-08 13:15:07,821 : VM1_cr3 Internal Event with logical clock 90 at system time 30.31
2023-03-08 13:15:08,158 : VM1_cr3 Received Message 91 with queue size 0 and internal logic clock 91 at system time 30.65
2023-03-08 13:15:08,159 : VM1_cr3 Internal Event with logical clock 91 at system time 30.65
2023-03-08 13:15:08,493 : VM1_cr3 Send Message VM1_cr3:92 to VM2 at system time 30.99
2023-03-08 13:15:08,831 : VM1_cr3 Internal Event with logical clock 93 at system time 31.32
2023-03-08 13:15:09,167 : VM1_cr3 send message VM1_cr3:94 to both other VMs at system time 31.66
2023-03-08 13:15:09,505 : VM1_cr3 Received Message VM0_cr3:94 with queue size 1 and internal logic clock 95 at system time 32.00
2023-03-08 13:15:09,506 : VM1_cr3 Internal Event with logical clock 95 at system time 32.00
2023-03-08 13:15:09,842 : VM1_cr3 Received Message 95 with queue size 1 and internal logic clock 96 at system time 32.33
2023-03-08 13:15:09,842 : VM1_cr3 send message VM1_cr3:96 to VM0 at system time 32.34
2023-03-08 13:15:10,180 : VM1_cr3 Received Message 66 with queue size 0 and internal logic clock 97 at system time 32.67
2023-03-08 13:15:10,180 : VM1_cr3 Internal Event with logical clock 97 at system time 32.67
2023-03-08 13:15:10,518 : VM1_cr3 Internal Event with logical clock 98 at system time 33.01
2023-03-08 13:15:10,852 : VM1_cr3 Received Message 99 with queue size 0 and internal logic clock 99 at system time 33.34
2023-03-08 13:15:10,852 : VM1_cr3 Send Message VM1_cr3:99 to VM2 at system time 33.35
2023-03-08 13:15:11,190 : VM1_cr3 Internal Event with logical clock 100 at system time 33.68
2023-03-08 13:15:11,528 : VM1_cr3 Received Message 100 with queue size 0 and internal logic clock 101 at system time 34.02
2023-03-08 13:15:11,529 : VM1_cr3 Internal Event with logical clock 101 at system time 34.02
2023-03-08 13:15:11,867 : VM1_cr3 Internal Event with logical clock 102 at system time 34.36
2023-03-08 13:15:12,203 : VM1_cr3 Received Message VM0_cr3:103 with queue size 0 and internal logic clock 103 at system time 34.70
2023-03-08 13:15:12,204 : VM1_cr3 Internal Event with logical clock 103 at system time 34.70
2023-03-08 13:15:12,541 : VM1_cr3 Internal Event with logical clock 104 at system time 35.03
2023-03-08 13:15:12,875 : VM1_cr3 send message VM1_cr3:105 to both other VMs at system time 35.37
2023-03-08 13:15:13,210 : VM1_cr3 Received Message VM0_cr3:105 with queue size 0 and internal logic clock 106 at system time 35.70
2023-03-08 13:15:13,211 : VM1_cr3 Internal Event with logical clock 106 at system time 35.70
2023-03-08 13:15:13,546 : VM1_cr3 Internal Event with logical clock 107 at system time 36.04
2023-03-08 13:15:13,883 : VM1_cr3 Internal Event with logical clock 108 at system time 36.38
2023-03-08 13:15:14,221 : VM1_cr3 Send Message VM1_cr3:109 to VM2 at system time 36.71
2023-03-08 13:15:14,559 : VM1_cr3 Internal Event with logical clock 110 at system time 37.05
2023-03-08 13:15:14,898 : VM1_cr3 Internal Event with logical clock 111 at system time 37.39
2023-03-08 13:15:15,235 : VM1_cr3 send message VM1_cr3:112 to VM0 at system time 37.73
2023-03-08 13:15:15,573 : VM1_cr3 Send Message VM1_cr3:113 to VM2 at system time 38.07
2023-03-08 13:15:15,907 : VM1_cr3 Received Message 76 with queue size 0 and internal logic clock 114 at system time 38.40
2023-03-08 13:15:15,908 : VM1_cr3 send message VM1_cr3:114 to both other VMs at system time 38.40
2023-03-08 13:15:16,245 : VM1_cr3 Send Message VM1_cr3:115 to VM2 at system time 38.74
2023-03-08 13:15:16,582 : VM1_cr3 Internal Event with logical clock 116 at system time 39.07
2023-03-08 13:15:16,920 : VM1_cr3 Received Message 116 with queue size 1 and internal logic clock 117 at system time 39.41
2023-03-08 13:15:16,921 : VM1_cr3 send message VM1_cr3:117 to VM0 at system time 39.41
2023-03-08 13:15:17,254 : VM1_cr3 Received Message 78 with queue size 0 and internal logic clock 118 at system time 39.75
2023-03-08 13:15:17,255 : VM1_cr3 Internal Event with logical clock 118 at system time 39.75
2023-03-08 13:15:17,593 : VM1_cr3 Internal Event with logical clock 119 at system time 40.09
2023-03-08 13:15:17,930 : VM1_cr3 Internal Event with logical clock 120 at system time 40.42
2023-03-08 13:15:18,264 : VM1_cr3 Internal Event with logical clock 121 at system time 40.76
2023-03-08 13:15:18,603 : VM1_cr3 Received Message VM0_cr3:122 with queue size 0 and internal logic clock 122 at system time 41.10
2023-03-08 13:15:18,603 : VM1_cr3 Internal Event with logical clock 122 at system time 41.10
2023-03-08 13:15:18,941 : VM1_cr3 Internal Event with logical clock 123 at system time 41.43
2023-03-08 13:15:19,279 : VM1_cr3 Received Message 124 with queue size 0 and internal logic clock 124 at system time 41.77
2023-03-08 13:15:19,280 : VM1_cr3 Send Message VM1_cr3:124 to VM2 at system time 41.77
2023-03-08 13:15:19,618 : VM1_cr3 Received Message VM0_cr3:125 with queue size 0 and internal logic clock 125 at system time 42.11
2023-03-08 13:15:19,618 : VM1_cr3 Internal Event with logical clock 125 at system time 42.11
2023-03-08 13:15:19,956 : VM1_cr3 Internal Event with logical clock 126 at system time 42.45
2023-03-08 13:15:20,294 : VM1_cr3 Internal Event with logical clock 127 at system time 42.79
2023-03-08 13:15:20,630 : VM1_cr3 Internal Event with logical clock 128 at system time 43.12
2023-03-08 13:15:20,967 : VM1_cr3 Internal Event with logical clock 129 at system time 43.46
2023-03-08 13:15:21,305 : VM1_cr3 Internal Event with logical clock 130 at system time 43.80
2023-03-08 13:15:21,644 : VM1_cr3 Received Message VM0_cr3:131 with queue size 0 and internal logic clock 131 at system time 44.14
2023-03-08 13:15:21,644 : VM1_cr3 Internal Event with logical clock 131 at system time 44.14
2023-03-08 13:15:21,982 : VM1_cr3 Internal Event with logical clock 132 at system time 44.47
2023-03-08 13:15:22,316 : VM1_cr3 Internal Event with logical clock 133 at system time 44.81
2023-03-08 13:15:22,650 : VM1_cr3 Received Message VM0_cr3:134 with queue size 0 and internal logic clock 134 at system time 45.14
2023-03-08 13:15:22,651 : VM1_cr3 Internal Event with logical clock 134 at system time 45.14
2023-03-08 13:15:22,985 : VM1_cr3 Received Message 95 with queue size 0 and internal logic clock 135 at system time 45.48
2023-03-08 13:15:22,985 : VM1_cr3 Internal Event with logical clock 135 at system time 45.48
2023-03-08 13:15:23,323 : VM1_cr3 Internal Event with logical clock 136 at system time 45.82
2023-03-08 13:15:23,658 : VM1_cr3 Received Message 137 with queue size 0 and internal logic clock 137 at system time 46.15
2023-03-08 13:15:23,658 : VM1_cr3 Internal Event with logical clock 137 at system time 46.15
2023-03-08 13:15:23,995 : VM1_cr3 Received Message VM0_cr3:138 with queue size 0 and internal logic clock 138 at system time 46.49
2023-03-08 13:15:23,995 : VM1_cr3 send message VM1_cr3:138 to VM0 at system time 46.49
2023-03-08 13:15:24,329 : VM1_cr3 send message VM1_cr3:139 to VM0 at system time 46.82
2023-03-08 13:15:24,667 : VM1_cr3 Internal Event with logical clock 140 at system time 47.16
2023-03-08 13:15:25,006 : VM1_cr3 Internal Event with logical clock 141 at system time 47.50
2023-03-08 13:15:25,343 : VM1_cr3 Internal Event with logical clock 142 at system time 47.84
2023-03-08 13:15:25,678 : VM1_cr3 Internal Event with logical clock 143 at system time 48.17
2023-03-08 13:15:26,016 : VM1_cr3 Received Message 144 with queue size 0 and internal logic clock 144 at system time 48.51
2023-03-08 13:15:26,016 : VM1_cr3 Internal Event with logical clock 144 at system time 48.51
2023-03-08 13:15:26,355 : VM1_cr3 Internal Event with logical clock 145 at system time 48.85
2023-03-08 13:15:26,693 : VM1_cr3 Internal Event with logical clock 146 at system time 49.19
2023-03-08 13:15:27,027 : VM1_cr3 Internal Event with logical clock 147 at system time 49.52
2023-03-08 13:15:27,366 : VM1_cr3 send message VM1_cr3:148 to both other VMs at system time 49.86
2023-03-08 13:15:27,700 : VM1_cr3 Received Message 149 with queue size 0 and internal logic clock 149 at system time 50.19
2023-03-08 13:15:27,701 : VM1_cr3 Internal Event with logical clock 149 at system time 50.19
2023-03-08 13:15:28,038 : VM1_cr3 send message VM1_cr3:150 to VM0 at system time 50.53
2023-03-08 13:15:28,377 : VM1_cr3 send message VM1_cr3:151 to VM0 at system time 50.87
2023-03-08 13:15:28,715 : VM1_cr3 Internal Event with logical clock 152 at system time 51.21
2023-03-08 13:15:29,054 : VM1_cr3 Internal Event with logical clock 153 at system time 51.55
2023-03-08 13:15:29,388 : VM1_cr3 send message VM1_cr3:154 to VM0 at system time 51.88
2023-03-08 13:15:29,727 : VM1_cr3 Internal Event with logical clock 155 at system time 52.22
2023-03-08 13:15:30,065 : VM1_cr3 Internal Event with logical clock 156 at system time 52.56
2023-03-08 13:15:30,404 : VM1_cr3 Internal Event with logical clock 157 at system time 52.90
2023-03-08 13:15:30,742 : VM1_cr3 Received Message 115 with queue size 0 and internal logic clock 158 at system time 53.23
2023-03-08 13:15:30,743 : VM1_cr3 Internal Event with logical clock 158 at system time 53.24
2023-03-08 13:15:31,077 : VM1_cr3 send message VM1_cr3:159 to VM0 at system time 53.57
2023-03-08 13:15:31,412 : VM1_cr3 Received Message 160 with queue size 0 and internal logic clock 160 at system time 53.90
2023-03-08 13:15:31,413 : VM1_cr3 Send Message VM1_cr3:160 to VM2 at system time 53.91
2023-03-08 13:15:31,750 : VM1_cr3 Internal Event with logical clock 161 at system time 54.24
2023-03-08 13:15:32,088 : VM1_cr3 Internal Event with logical clock 162 at system time 54.58
2023-03-08 13:15:32,426 : VM1_cr3 Internal Event with logical clock 163 at system time 54.92
2023-03-08 13:15:32,764 : VM1_cr3 Internal Event with logical clock 164 at system time 55.26
2023-03-08 13:15:33,102 : VM1_cr3 Received Message VM0_cr3:165 with queue size 0 and internal logic clock 165 at system time 55.59
2023-03-08 13:15:33,103 : VM1_cr3 Internal Event with logical clock 165 at system time 55.60
2023-03-08 13:15:33,441 : VM1_cr3 Received Message VM0_cr3:166 with queue size 0 and internal logic clock 166 at system time 55.93
2023-03-08 13:15:33,441 : VM1_cr3 send message VM1_cr3:166 to both other VMs at system time 55.93
2023-03-08 13:15:33,777 : VM1_cr3 Internal Event with logical clock 167 at system time 56.27
2023-03-08 13:15:34,116 : VM1_cr3 Internal Event with logical clock 168 at system time 56.61
2023-03-08 13:15:34,451 : VM1_cr3 Received Message 169 with queue size 0 and internal logic clock 169 at system time 56.94
2023-03-08 13:15:34,451 : VM1_cr3 Internal Event with logical clock 169 at system time 56.94
2023-03-08 13:15:34,789 : VM1_cr3 Received Message 170 with queue size 0 and internal logic clock 170 at system time 57.28
2023-03-08 13:15:34,789 : VM1_cr3 Internal Event with logical clock 170 at system time 57.28
2023-03-08 13:15:35,127 : VM1_cr3 Internal Event with logical clock 171 at system time 57.62
2023-03-08 13:15:35,463 : VM1_cr3 Internal Event with logical clock 172 at system time 57.96
2023-03-08 13:15:35,797 : VM1_cr3 Received Message VM0_cr3:173 with queue size 0 and internal logic clock 173 at system time 58.29
2023-03-08 13:15:35,797 : VM1_cr3 Internal Event with logical clock 173 at system time 58.29
2023-03-08 13:15:36,135 : VM1_cr3 Received Message 174 with queue size 0 and internal logic clock 174 at system time 58.63
2023-03-08 13:15:36,136 : VM1_cr3 Internal Event with logical clock 174 at system time 58.63
2023-03-08 13:15:36,473 : VM1_cr3 Send Message VM1_cr3:175 to VM2 at system time 58.97
2023-03-08 13:15:36,810 : VM1_cr3 Received Message VM2_cr1:144 with queue size 0 and internal logic clock 176 at system time 59.30
2023-03-08 13:15:36,810 : VM1_cr3 send message VM1_cr3:176 to VM0 at system time 59.30
2023-03-08 13:15:37,148 : VM1_cr3 Internal Event with logical clock 177 at system time 59.64
2023-03-08 13:15:37,487 : VM1_cr3 Received Message VM0_cr3:178 with queue size 0 and internal logic clock 178 at system time 59.98
2023-03-08 13:15:37,487 : VM1_cr3 Internal Event with logical clock 178 at system time 59.98
2023-03-08 13:15:37,825 : VM1_cr3 Internal Event with logical clock 179 at system time 60.32
