2023-03-08 12:52:12,875 : VM0_cr5 listening on port 4096
2023-03-08 12:52:13,881 : VM0_cr5 connected to VM1 on 127.0.0.1 port on 4097.
2023-03-08 12:52:13,886 : VM0_cr5 has incoming connection from VM2 on 127.0.0.1 port on 4096.
2023-03-08 12:52:13,888 : VM0_cr5 send message VM0_cr5:0 to VM2 at system time 0.000
2023-03-08 12:52:14,091 : VM0_cr5 Internal Event with logical clock 1 at system time 0.203
2023-03-08 12:52:14,291 : VM0_cr5 Internal Event with logical clock 2 at system time 0.403
2023-03-08 12:52:14,496 : VM0_cr5 Internal Event with logical clock 3 at system time 0.608
2023-03-08 12:52:14,701 : VM0_cr5 Received Message 3 with queue size 0 and internal logic clock 4 at system time 0.813
2023-03-08 12:52:14,701 : VM0_cr5 Internal Event with logical clock 4 at system time 0.813
2023-03-08 12:52:14,906 : VM0_cr5 Internal Event with logical clock 5 at system time 1.018
2023-03-08 12:52:15,108 : VM0_cr5 Internal Event with logical clock 6 at system time 1.220
2023-03-08 12:52:15,313 : VM0_cr5 Internal Event with logical clock 7 at system time 1.425
2023-03-08 12:52:15,518 : VM0_cr5 Received Message 6 with queue size 1 and internal logic clock 8 at system time 1.630
2023-03-08 12:52:15,518 : VM0_cr5 Internal Event with logical clock 8 at system time 1.630
2023-03-08 12:52:15,720 : VM0_cr5 Received Message 9 with queue size 1 and internal logic clock 9 at system time 1.832
2023-03-08 12:52:15,720 : VM0_cr5 send message VM0_cr5:9 to both other VMs at system time 1.832
2023-03-08 12:52:15,925 : VM0_cr5 Received Message VM1_cr4:9 with queue size 0 and internal logic clock 10 at system time 2.037
2023-03-08 12:52:15,926 : VM0_cr5 send message VM0_cr5:10 to both other VMs at system time 2.038
2023-03-08 12:52:16,129 : VM0_cr5 Received Message 13 with queue size 0 and internal logic clock 11 at system time 2.241
2023-03-08 12:52:16,130 : VM0_cr5 Internal Event with logical clock 13 at system time 2.242
2023-03-08 12:52:16,331 : VM0_cr5 Internal Event with logical clock 14 at system time 2.443
2023-03-08 12:52:16,537 : VM0_cr5 Internal Event with logical clock 15 at system time 2.649
2023-03-08 12:52:16,741 : VM0_cr5 Received Message 16 with queue size 0 and internal logic clock 16 at system time 2.853
2023-03-08 12:52:16,741 : VM0_cr5 Internal Event with logical clock 16 at system time 2.853
2023-03-08 12:52:16,946 : VM0_cr5 Internal Event with logical clock 17 at system time 3.058
2023-03-08 12:52:17,149 : VM0_cr5 send message VM0_cr5:18 to VM2 at system time 3.261
2023-03-08 12:52:17,353 : VM0_cr5 Send Message VM0_cr5:19 to VM1 at system time 3.465
2023-03-08 12:52:17,558 : VM0_cr5 Internal Event with logical clock 20 at system time 3.670
2023-03-08 12:52:17,762 : VM0_cr5 Received Message VM2_cr6:22 with queue size 1 and internal logic clock 21 at system time 3.874
2023-03-08 12:52:17,762 : VM0_cr5 Internal Event with logical clock 22 at system time 3.874
2023-03-08 12:52:17,967 : VM0_cr5 Received Message VM1_cr4:20 with queue size 0 and internal logic clock 23 at system time 4.079
2023-03-08 12:52:17,967 : VM0_cr5 Internal Event with logical clock 23 at system time 4.080
2023-03-08 12:52:18,172 : VM0_cr5 Send Message VM0_cr5:24 to VM1 at system time 4.284
2023-03-08 12:52:18,377 : VM0_cr5 Internal Event with logical clock 25 at system time 4.489
2023-03-08 12:52:18,577 : VM0_cr5 Received Message VM2_cr6:27 with queue size 0 and internal logic clock 26 at system time 4.689
2023-03-08 12:52:18,577 : VM0_cr5 Send Message VM0_cr5:27 to VM1 at system time 4.689
2023-03-08 12:52:18,782 : VM0_cr5 Internal Event with logical clock 28 at system time 4.894
2023-03-08 12:52:18,987 : VM0_cr5 Internal Event with logical clock 29 at system time 5.099
2023-03-08 12:52:19,188 : VM0_cr5 Internal Event with logical clock 30 at system time 5.300
2023-03-08 12:52:19,393 : VM0_cr5 Received Message 31 with queue size 1 and internal logic clock 31 at system time 5.505
2023-03-08 12:52:19,394 : VM0_cr5 Internal Event with logical clock 31 at system time 5.506
2023-03-08 12:52:19,596 : VM0_cr5 Received Message VM1_cr4:31 with queue size 0 and internal logic clock 32 at system time 5.708
2023-03-08 12:52:19,597 : VM0_cr5 Internal Event with logical clock 32 at system time 5.709
2023-03-08 12:52:19,802 : VM0_cr5 Received Message 34 with queue size 0 and internal logic clock 33 at system time 5.914
2023-03-08 12:52:19,802 : VM0_cr5 Internal Event with logical clock 34 at system time 5.914
2023-03-08 12:52:20,007 : VM0_cr5 Internal Event with logical clock 35 at system time 6.119
2023-03-08 12:52:20,210 : VM0_cr5 Internal Event with logical clock 36 at system time 6.322
2023-03-08 12:52:20,415 : VM0_cr5 Received Message 37 with queue size 0 and internal logic clock 37 at system time 6.527
2023-03-08 12:52:20,416 : VM0_cr5 Internal Event with logical clock 37 at system time 6.528
2023-03-08 12:52:20,619 : VM0_cr5 Received Message VM2_cr6:39 with queue size 0 and internal logic clock 38 at system time 6.731
2023-03-08 12:52:20,619 : VM0_cr5 Internal Event with logical clock 39 at system time 6.731
2023-03-08 12:52:20,824 : VM0_cr5 Received Message VM2_cr6:40 with queue size 0 and internal logic clock 40 at system time 6.936
2023-03-08 12:52:20,825 : VM0_cr5 send message VM0_cr5:40 to VM2 at system time 6.937
2023-03-08 12:52:21,029 : VM0_cr5 Received Message VM1_cr4:40 with queue size 0 and internal logic clock 41 at system time 7.141
2023-03-08 12:52:21,030 : VM0_cr5 Internal Event with logical clock 41 at system time 7.142
2023-03-08 12:52:21,232 : VM0_cr5 send message VM0_cr5:42 to both other VMs at system time 7.344
2023-03-08 12:52:21,436 : VM0_cr5 Internal Event with logical clock 43 at system time 7.548
2023-03-08 12:52:21,641 : VM0_cr5 Internal Event with logical clock 44 at system time 7.753
2023-03-08 12:52:21,843 : VM0_cr5 send message VM0_cr5:45 to VM2 at system time 7.955
2023-03-08 12:52:22,048 : VM0_cr5 send message VM0_cr5:46 to both other VMs at system time 8.160
2023-03-08 12:52:22,253 : VM0_cr5 Internal Event with logical clock 47 at system time 8.365
2023-03-08 12:52:22,458 : VM0_cr5 Received Message 48 with queue size 0 and internal logic clock 48 at system time 8.570
2023-03-08 12:52:22,459 : VM0_cr5 Internal Event with logical clock 48 at system time 8.571
2023-03-08 12:52:22,661 : VM0_cr5 Received Message VM2_cr6:51 with queue size 0 and internal logic clock 49 at system time 8.773
2023-03-08 12:52:22,661 : VM0_cr5 Internal Event with logical clock 51 at system time 8.773
2023-03-08 12:52:22,865 : VM0_cr5 Internal Event with logical clock 52 at system time 8.977
2023-03-08 12:52:23,067 : VM0_cr5 Send Message VM0_cr5:53 to VM1 at system time 9.179
2023-03-08 12:52:23,272 : VM0_cr5 Internal Event with logical clock 54 at system time 9.384
2023-03-08 12:52:23,474 : VM0_cr5 Received Message 55 with queue size 0 and internal logic clock 55 at system time 9.586
2023-03-08 12:52:23,475 : VM0_cr5 send message VM0_cr5:55 to both other VMs at system time 9.587
2023-03-08 12:52:23,676 : VM0_cr5 Send Message VM0_cr5:56 to VM1 at system time 9.788
2023-03-08 12:52:23,878 : VM0_cr5 Received Message 58 with queue size 0 and internal logic clock 57 at system time 9.990
2023-03-08 12:52:23,878 : VM0_cr5 Internal Event with logical clock 58 at system time 9.991
2023-03-08 12:52:24,080 : VM0_cr5 Received Message VM2_cr6:59 with queue size 0 and internal logic clock 59 at system time 10.19
2023-03-08 12:52:24,081 : VM0_cr5 Internal Event with logical clock 59 at system time 10.19
2023-03-08 12:52:24,280 : VM0_cr5 Internal Event with logical clock 60 at system time 10.39
2023-03-08 12:52:24,485 : VM0_cr5 send message VM0_cr5:61 to VM2 at system time 10.59
2023-03-08 12:52:24,685 : VM0_cr5 Internal Event with logical clock 62 at system time 10.79
2023-03-08 12:52:24,891 : VM0_cr5 Received Message 64 with queue size 0 and internal logic clock 63 at system time 11.00
2023-03-08 12:52:24,891 : VM0_cr5 Internal Event with logical clock 64 at system time 11.00
2023-03-08 12:52:25,095 : VM0_cr5 Received Message VM1_cr4:64 with queue size 0 and internal logic clock 65 at system time 11.20
2023-03-08 12:52:25,096 : VM0_cr5 Internal Event with logical clock 65 at system time 11.20
2023-03-08 12:52:25,300 : VM0_cr5 Internal Event with logical clock 66 at system time 11.41
2023-03-08 12:52:25,506 : VM0_cr5 Internal Event with logical clock 67 at system time 11.61
2023-03-08 12:52:25,706 : VM0_cr5 Received Message VM2_cr6:69 with queue size 0 and internal logic clock 68 at system time 11.81
2023-03-08 12:52:25,706 : VM0_cr5 Internal Event with logical clock 69 at system time 11.81
2023-03-08 12:52:25,907 : VM0_cr5 Received Message VM1_cr4:69 with queue size 0 and internal logic clock 70 at system time 12.01
2023-03-08 12:52:25,907 : VM0_cr5 Internal Event with logical clock 70 at system time 12.02
2023-03-08 12:52:26,112 : VM0_cr5 Internal Event with logical clock 71 at system time 12.22
2023-03-08 12:52:26,315 : VM0_cr5 Received Message 72 with queue size 0 and internal logic clock 72 at system time 12.42
2023-03-08 12:52:26,315 : VM0_cr5 Internal Event with logical clock 72 at system time 12.42
2023-03-08 12:52:26,515 : VM0_cr5 Internal Event with logical clock 73 at system time 12.62
2023-03-08 12:52:26,720 : VM0_cr5 Internal Event with logical clock 74 at system time 12.83
2023-03-08 12:52:26,925 : VM0_cr5 Received Message VM1_cr4:74 with queue size 1 and internal logic clock 75 at system time 13.03
2023-03-08 12:52:26,925 : VM0_cr5 Internal Event with logical clock 75 at system time 13.03
2023-03-08 12:52:27,130 : VM0_cr5 Received Message VM2_cr6:76 with queue size 0 and internal logic clock 76 at system time 13.24
2023-03-08 12:52:27,130 : VM0_cr5 Internal Event with logical clock 76 at system time 13.24
2023-03-08 12:52:27,335 : VM0_cr5 Internal Event with logical clock 77 at system time 13.44
2023-03-08 12:52:27,540 : VM0_cr5 Internal Event with logical clock 78 at system time 13.65
2023-03-08 12:52:27,745 : VM0_cr5 Received Message 77 with queue size 0 and internal logic clock 79 at system time 13.85
2023-03-08 12:52:27,746 : VM0_cr5 Internal Event with logical clock 79 at system time 13.85
2023-03-08 12:52:27,949 : VM0_cr5 Internal Event with logical clock 80 at system time 14.06
2023-03-08 12:52:28,151 : VM0_cr5 Internal Event with logical clock 81 at system time 14.26
2023-03-08 12:52:28,356 : VM0_cr5 Received Message 84 with queue size 0 and internal logic clock 82 at system time 14.46
2023-03-08 12:52:28,357 : VM0_cr5 Internal Event with logical clock 84 at system time 14.46
2023-03-08 12:52:28,561 : VM0_cr5 Internal Event with logical clock 85 at system time 14.67
2023-03-08 12:52:28,766 : VM0_cr5 Received Message VM2_cr6:86 with queue size 0 and internal logic clock 86 at system time 14.87
2023-03-08 12:52:28,767 : VM0_cr5 Internal Event with logical clock 86 at system time 14.87
2023-03-08 12:52:28,968 : VM0_cr5 Internal Event with logical clock 87 at system time 15.08
2023-03-08 12:52:29,173 : VM0_cr5 Received Message VM2_cr6:89 with queue size 0 and internal logic clock 88 at system time 15.28
2023-03-08 12:52:29,173 : VM0_cr5 Send Message VM0_cr5:89 to VM1 at system time 15.28
2023-03-08 12:52:29,378 : VM0_cr5 Internal Event with logical clock 90 at system time 15.49
2023-03-08 12:52:29,581 : VM0_cr5 Received Message 89 with queue size 1 and internal logic clock 91 at system time 15.69
2023-03-08 12:52:29,582 : VM0_cr5 Send Message VM0_cr5:91 to VM1 at system time 15.69
2023-03-08 12:52:29,784 : VM0_cr5 Received Message 91 with queue size 1 and internal logic clock 92 at system time 15.89
2023-03-08 12:52:29,784 : VM0_cr5 Send Message VM0_cr5:92 to VM1 at system time 15.89
2023-03-08 12:52:29,989 : VM0_cr5 Received Message 92 with queue size 0 and internal logic clock 93 at system time 16.10
2023-03-08 12:52:29,989 : VM0_cr5 send message VM0_cr5:93 to VM2 at system time 16.10
2023-03-08 12:52:30,194 : VM0_cr5 Internal Event with logical clock 94 at system time 16.30
2023-03-08 12:52:30,394 : VM0_cr5 Received Message VM2_cr6:96 with queue size 0 and internal logic clock 95 at system time 16.50
2023-03-08 12:52:30,395 : VM0_cr5 Internal Event with logical clock 96 at system time 16.50
2023-03-08 12:52:30,599 : VM0_cr5 Internal Event with logical clock 97 at system time 16.71
2023-03-08 12:52:30,801 : VM0_cr5 Internal Event with logical clock 98 at system time 16.91
2023-03-08 12:52:31,003 : VM0_cr5 send message VM0_cr5:99 to both other VMs at system time 17.11
2023-03-08 12:52:31,205 : VM0_cr5 Internal Event with logical clock 100 at system time 17.31
2023-03-08 12:52:31,408 : VM0_cr5 send message VM0_cr5:101 to both other VMs at system time 17.52
2023-03-08 12:52:31,613 : VM0_cr5 Received Message 103 with queue size 0 and internal logic clock 102 at system time 17.72
2023-03-08 12:52:31,613 : VM0_cr5 Internal Event with logical clock 103 at system time 17.72
2023-03-08 12:52:31,817 : VM0_cr5 Internal Event with logical clock 104 at system time 17.92
2023-03-08 12:52:32,019 : VM0_cr5 Internal Event with logical clock 105 at system time 18.13
2023-03-08 12:52:32,220 : VM0_cr5 send message VM0_cr5:106 to both other VMs at system time 18.33
2023-03-08 12:52:32,424 : VM0_cr5 Internal Event with logical clock 107 at system time 18.53
2023-03-08 12:52:32,629 : VM0_cr5 Internal Event with logical clock 108 at system time 18.74
2023-03-08 12:52:32,832 : VM0_cr5 send message VM0_cr5:109 to both other VMs at system time 18.94
2023-03-08 12:52:33,037 : VM0_cr5 Received Message VM2_cr6:111 with queue size 1 and internal logic clock 110 at system time 19.14
2023-03-08 12:52:33,038 : VM0_cr5 Internal Event with logical clock 111 at system time 19.15
2023-03-08 12:52:33,242 : VM0_cr5 Received Message 112 with queue size 1 and internal logic clock 112 at system time 19.35
2023-03-08 12:52:33,243 : VM0_cr5 Internal Event with logical clock 112 at system time 19.35
2023-03-08 12:52:33,447 : VM0_cr5 Received Message VM1_cr4:112 with queue size 1 and internal logic clock 113 at system time 19.55
2023-03-08 12:52:33,448 : VM0_cr5 Internal Event with logical clock 113 at system time 19.56
2023-03-08 12:52:33,653 : VM0_cr5 Received Message VM1_cr4:113 with queue size 0 and internal logic clock 114 at system time 19.76
2023-03-08 12:52:33,653 : VM0_cr5 send message VM0_cr5:114 to both other VMs at system time 19.76
2023-03-08 12:52:33,858 : VM0_cr5 send message VM0_cr5:115 to VM2 at system time 19.97
2023-03-08 12:52:34,062 : VM0_cr5 Received Message VM1_cr4:115 with queue size 0 and internal logic clock 116 at system time 20.17
2023-03-08 12:52:34,063 : VM0_cr5 Internal Event with logical clock 116 at system time 20.17
2023-03-08 12:52:34,263 : VM0_cr5 send message VM0_cr5:117 to both other VMs at system time 20.37
2023-03-08 12:52:34,468 : VM0_cr5 Internal Event with logical clock 118 at system time 20.58
2023-03-08 12:52:34,671 : VM0_cr5 Received Message VM2_cr6:121 with queue size 0 and internal logic clock 119 at system time 20.78
2023-03-08 12:52:34,671 : VM0_cr5 send message VM0_cr5:121 to VM2 at system time 20.78
2023-03-08 12:52:34,876 : VM0_cr5 Received Message 118 with queue size 0 and internal logic clock 122 at system time 20.98
2023-03-08 12:52:34,876 : VM0_cr5 Internal Event with logical clock 122 at system time 20.98
2023-03-08 12:52:35,078 : VM0_cr5 Internal Event with logical clock 123 at system time 21.19
2023-03-08 12:52:35,283 : VM0_cr5 Internal Event with logical clock 124 at system time 21.39
2023-03-08 12:52:35,488 : VM0_cr5 Internal Event with logical clock 125 at system time 21.60
2023-03-08 12:52:35,690 : VM0_cr5 Internal Event with logical clock 126 at system time 21.80
2023-03-08 12:52:35,894 : VM0_cr5 Internal Event with logical clock 127 at system time 22.00
2023-03-08 12:52:36,099 : VM0_cr5 send message VM0_cr5:128 to VM2 at system time 22.21
2023-03-08 12:52:36,304 : VM0_cr5 send message VM0_cr5:129 to VM2 at system time 22.41
2023-03-08 12:52:36,504 : VM0_cr5 Internal Event with logical clock 130 at system time 22.61
2023-03-08 12:52:36,705 : VM0_cr5 Send Message VM0_cr5:131 to VM1 at system time 22.81
2023-03-08 12:52:36,906 : VM0_cr5 Received Message 132 with queue size 0 and internal logic clock 132 at system time 23.01
2023-03-08 12:52:36,918 : VM0_cr5 Internal Event with logical clock 132 at system time 23.03
2023-03-08 12:52:37,111 : VM0_cr5 Internal Event with logical clock 133 at system time 23.22
2023-03-08 12:52:37,313 : VM0_cr5 Received Message 137 with queue size 0 and internal logic clock 134 at system time 23.42
2023-03-08 12:52:37,313 : VM0_cr5 send message VM0_cr5:137 to both other VMs at system time 23.42
2023-03-08 12:52:37,513 : VM0_cr5 Internal Event with logical clock 138 at system time 23.62
2023-03-08 12:52:37,717 : VM0_cr5 Internal Event with logical clock 139 at system time 23.82
2023-03-08 12:52:37,922 : VM0_cr5 Received Message VM1_cr4:138 with queue size 1 and internal logic clock 140 at system time 24.03
2023-03-08 12:52:37,922 : VM0_cr5 Internal Event with logical clock 140 at system time 24.03
2023-03-08 12:52:38,123 : VM0_cr5 Received Message VM2_cr6:140 with queue size 1 and internal logic clock 141 at system time 24.23
2023-03-08 12:52:38,124 : VM0_cr5 Internal Event with logical clock 141 at system time 24.23
2023-03-08 12:52:38,328 : VM0_cr5 Received Message VM2_cr6:142 with queue size 0 and internal logic clock 142 at system time 24.44
2023-03-08 12:52:38,329 : VM0_cr5 Internal Event with logical clock 142 at system time 24.44
2023-03-08 12:52:38,533 : VM0_cr5 Internal Event with logical clock 143 at system time 24.64
2023-03-08 12:52:38,738 : VM0_cr5 Internal Event with logical clock 144 at system time 24.85
2023-03-08 12:52:38,941 : VM0_cr5 Internal Event with logical clock 145 at system time 25.05
2023-03-08 12:52:39,142 : VM0_cr5 Received Message VM2_cr6:148 with queue size 0 and internal logic clock 146 at system time 25.25
2023-03-08 12:52:39,143 : VM0_cr5 Send Message VM0_cr5:148 to VM1 at system time 25.25
2023-03-08 12:52:39,347 : VM0_cr5 Internal Event with logical clock 149 at system time 25.45
2023-03-08 12:52:39,552 : VM0_cr5 Internal Event with logical clock 150 at system time 25.66
2023-03-08 12:52:39,752 : VM0_cr5 Send Message VM0_cr5:151 to VM1 at system time 25.86
2023-03-08 12:52:39,955 : VM0_cr5 Internal Event with logical clock 152 at system time 26.06
2023-03-08 12:52:40,157 : VM0_cr5 Received Message 154 with queue size 0 and internal logic clock 153 at system time 26.26
2023-03-08 12:52:40,158 : VM0_cr5 Internal Event with logical clock 154 at system time 26.27
2023-03-08 12:52:40,362 : VM0_cr5 send message VM0_cr5:155 to VM2 at system time 26.47
2023-03-08 12:52:40,567 : VM0_cr5 send message VM0_cr5:156 to VM2 at system time 26.67
2023-03-08 12:52:40,770 : VM0_cr5 Internal Event with logical clock 157 at system time 26.88
2023-03-08 12:52:40,975 : VM0_cr5 Internal Event with logical clock 158 at system time 27.08
2023-03-08 12:52:41,179 : VM0_cr5 Received Message VM2_cr6:159 with queue size 1 and internal logic clock 159 at system time 27.29
2023-03-08 12:52:41,180 : VM0_cr5 Internal Event with logical clock 159 at system time 27.29
2023-03-08 12:52:41,384 : VM0_cr5 Received Message VM1_cr4:158 with queue size 1 and internal logic clock 160 at system time 27.49
2023-03-08 12:52:41,385 : VM0_cr5 Internal Event with logical clock 160 at system time 27.49
2023-03-08 12:52:41,590 : VM0_cr5 Received Message 160 with queue size 0 and internal logic clock 161 at system time 27.70
2023-03-08 12:52:41,590 : VM0_cr5 Internal Event with logical clock 161 at system time 27.70
2023-03-08 12:52:41,794 : VM0_cr5 send message VM0_cr5:162 to both other VMs at system time 27.90
2023-03-08 12:52:41,995 : VM0_cr5 Internal Event with logical clock 163 at system time 28.10
2023-03-08 12:52:42,200 : VM0_cr5 Received Message VM1_cr4:164 with queue size 0 and internal logic clock 164 at system time 28.31
2023-03-08 12:52:42,200 : VM0_cr5 send message VM0_cr5:164 to both other VMs at system time 28.31
2023-03-08 12:52:42,402 : VM0_cr5 Received Message VM1_cr4:165 with queue size 1 and internal logic clock 165 at system time 28.51
2023-03-08 12:52:42,402 : VM0_cr5 send message VM0_cr5:165 to VM2 at system time 28.51
2023-03-08 12:52:42,607 : VM0_cr5 Received Message VM2_cr6:167 with queue size 0 and internal logic clock 166 at system time 28.71
2023-03-08 12:52:42,608 : VM0_cr5 Internal Event with logical clock 167 at system time 28.72
2023-03-08 12:52:42,812 : VM0_cr5 send message VM0_cr5:168 to VM2 at system time 28.92
2023-03-08 12:52:43,017 : VM0_cr5 Internal Event with logical clock 169 at system time 29.12
2023-03-08 12:52:43,222 : VM0_cr5 Received Message VM1_cr4:170 with queue size 0 and internal logic clock 170 at system time 29.33
2023-03-08 12:52:43,223 : VM0_cr5 Internal Event with logical clock 170 at system time 29.33
2023-03-08 12:52:43,427 : VM0_cr5 Internal Event with logical clock 171 at system time 29.53
2023-03-08 12:52:43,631 : VM0_cr5 Received Message 173 with queue size 0 and internal logic clock 172 at system time 29.74
2023-03-08 12:52:43,631 : VM0_cr5 Internal Event with logical clock 173 at system time 29.74
2023-03-08 12:52:43,833 : VM0_cr5 Internal Event with logical clock 174 at system time 29.94
2023-03-08 12:52:44,037 : VM0_cr5 Received Message 174 with queue size 0 and internal logic clock 175 at system time 30.14
2023-03-08 12:52:44,038 : VM0_cr5 Internal Event with logical clock 175 at system time 30.15
2023-03-08 12:52:44,240 : VM0_cr5 Received Message 177 with queue size 0 and internal logic clock 176 at system time 30.35
2023-03-08 12:52:44,241 : VM0_cr5 Send Message VM0_cr5:177 to VM1 at system time 30.35
2023-03-08 12:52:44,443 : VM0_cr5 Received Message 179 with queue size 0 and internal logic clock 178 at system time 30.55
2023-03-08 12:52:44,443 : VM0_cr5 Internal Event with logical clock 179 at system time 30.55
2023-03-08 12:52:44,648 : VM0_cr5 Internal Event with logical clock 180 at system time 30.76
2023-03-08 12:52:44,853 : VM0_cr5 Internal Event with logical clock 181 at system time 30.96
2023-03-08 12:52:45,054 : VM0_cr5 Internal Event with logical clock 182 at system time 31.16
2023-03-08 12:52:45,255 : VM0_cr5 Internal Event with logical clock 183 at system time 31.36
2023-03-08 12:52:45,455 : VM0_cr5 Internal Event with logical clock 184 at system time 31.56
2023-03-08 12:52:45,660 : VM0_cr5 Internal Event with logical clock 185 at system time 31.77
2023-03-08 12:52:45,865 : VM0_cr5 send message VM0_cr5:186 to both other VMs at system time 31.97
2023-03-08 12:52:46,070 : VM0_cr5 Internal Event with logical clock 187 at system time 32.18
2023-03-08 12:52:46,275 : VM0_cr5 Internal Event with logical clock 188 at system time 32.38
2023-03-08 12:52:46,479 : VM0_cr5 Internal Event with logical clock 189 at system time 32.59
2023-03-08 12:52:46,685 : VM0_cr5 Received Message 192 with queue size 0 and internal logic clock 190 at system time 32.79
2023-03-08 12:52:46,685 : VM0_cr5 Internal Event with logical clock 192 at system time 32.79
2023-03-08 12:52:46,886 : VM0_cr5 Received Message VM2_cr6:193 with queue size 0 and internal logic clock 193 at system time 32.99
2023-03-08 12:52:46,887 : VM0_cr5 Internal Event with logical clock 193 at system time 32.99
2023-03-08 12:52:47,091 : VM0_cr5 Send Message VM0_cr5:194 to VM1 at system time 33.20
2023-03-08 12:52:47,293 : VM0_cr5 Internal Event with logical clock 195 at system time 33.40
2023-03-08 12:52:47,496 : VM0_cr5 Received Message 196 with queue size 0 and internal logic clock 196 at system time 33.60
2023-03-08 12:52:47,496 : VM0_cr5 send message VM0_cr5:196 to both other VMs at system time 33.60
2023-03-08 12:52:47,701 : VM0_cr5 Received Message 197 with queue size 1 and internal logic clock 197 at system time 33.81
2023-03-08 12:52:47,701 : VM0_cr5 Internal Event with logical clock 197 at system time 33.81
2023-03-08 12:52:47,906 : VM0_cr5 Received Message 198 with queue size 1 and internal logic clock 198 at system time 34.01
2023-03-08 12:52:47,906 : VM0_cr5 send message VM0_cr5:198 to VM2 at system time 34.01
2023-03-08 12:52:48,111 : VM0_cr5 Received Message VM2_cr6:199 with queue size 0 and internal logic clock 199 at system time 34.22
2023-03-08 12:52:48,111 : VM0_cr5 Internal Event with logical clock 199 at system time 34.22
2023-03-08 12:52:48,316 : VM0_cr5 Received Message 199 with queue size 0 and internal logic clock 200 at system time 34.42
2023-03-08 12:52:48,316 : VM0_cr5 Internal Event with logical clock 200 at system time 34.42
2023-03-08 12:52:48,516 : VM0_cr5 send message VM0_cr5:201 to both other VMs at system time 34.62
2023-03-08 12:52:48,720 : VM0_cr5 Internal Event with logical clock 202 at system time 34.83
2023-03-08 12:52:48,924 : VM0_cr5 Internal Event with logical clock 203 at system time 35.03
2023-03-08 12:52:49,130 : VM0_cr5 Internal Event with logical clock 204 at system time 35.24
2023-03-08 12:52:49,332 : VM0_cr5 Internal Event with logical clock 205 at system time 35.44
2023-03-08 12:52:49,536 : VM0_cr5 Send Message VM0_cr5:206 to VM1 at system time 35.64
2023-03-08 12:52:49,741 : VM0_cr5 Internal Event with logical clock 207 at system time 35.85
2023-03-08 12:52:49,941 : VM0_cr5 Received Message 211 with queue size 1 and internal logic clock 208 at system time 36.05
2023-03-08 12:52:49,942 : VM0_cr5 Send Message VM0_cr5:211 to VM1 at system time 36.05
2023-03-08 12:52:50,146 : VM0_cr5 Received Message VM1_cr4:211 with queue size 0 and internal logic clock 212 at system time 36.25
2023-03-08 12:52:50,147 : VM0_cr5 Internal Event with logical clock 212 at system time 36.25
2023-03-08 12:52:50,351 : VM0_cr5 Internal Event with logical clock 213 at system time 36.46
2023-03-08 12:52:50,551 : VM0_cr5 send message VM0_cr5:214 to both other VMs at system time 36.66
2023-03-08 12:52:50,756 : VM0_cr5 Internal Event with logical clock 215 at system time 36.86
2023-03-08 12:52:50,961 : VM0_cr5 Internal Event with logical clock 216 at system time 37.07
2023-03-08 12:52:51,166 : VM0_cr5 send message VM0_cr5:217 to both other VMs at system time 37.27
2023-03-08 12:52:51,369 : VM0_cr5 Internal Event with logical clock 218 at system time 37.48
2023-03-08 12:52:51,571 : VM0_cr5 Received Message VM2_cr6:220 with queue size 0 and internal logic clock 219 at system time 37.68
2023-03-08 12:52:51,572 : VM0_cr5 Internal Event with logical clock 220 at system time 37.68
2023-03-08 12:52:51,776 : VM0_cr5 Received Message VM1_cr4:219 with queue size 0 and internal logic clock 221 at system time 37.88
2023-03-08 12:52:51,776 : VM0_cr5 Internal Event with logical clock 221 at system time 37.88
2023-03-08 12:52:51,981 : VM0_cr5 Internal Event with logical clock 222 at system time 38.09
2023-03-08 12:52:52,186 : VM0_cr5 Internal Event with logical clock 223 at system time 38.29
2023-03-08 12:52:52,387 : VM0_cr5 Received Message 221 with queue size 0 and internal logic clock 224 at system time 38.49
2023-03-08 12:52:52,387 : VM0_cr5 Internal Event with logical clock 224 at system time 38.50
2023-03-08 12:52:52,592 : VM0_cr5 Received Message 222 with queue size 0 and internal logic clock 225 at system time 38.70
2023-03-08 12:52:52,592 : VM0_cr5 Internal Event with logical clock 225 at system time 38.70
2023-03-08 12:52:52,795 : VM0_cr5 Received Message 227 with queue size 0 and internal logic clock 226 at system time 38.90
2023-03-08 12:52:52,795 : VM0_cr5 Internal Event with logical clock 227 at system time 38.90
2023-03-08 12:52:52,999 : VM0_cr5 Received Message 229 with queue size 0 and internal logic clock 228 at system time 39.11
2023-03-08 12:52:52,999 : VM0_cr5 Internal Event with logical clock 229 at system time 39.11
2023-03-08 12:52:53,204 : VM0_cr5 Internal Event with logical clock 230 at system time 39.31
2023-03-08 12:52:53,404 : VM0_cr5 Internal Event with logical clock 231 at system time 39.51
2023-03-08 12:52:53,609 : VM0_cr5 Internal Event with logical clock 232 at system time 39.72
2023-03-08 12:52:53,814 : VM0_cr5 send message VM0_cr5:233 to VM2 at system time 39.92
2023-03-08 12:52:54,019 : VM0_cr5 Internal Event with logical clock 234 at system time 40.13
2023-03-08 12:52:54,224 : VM0_cr5 Received Message VM2_cr6:236 with queue size 0 and internal logic clock 235 at system time 40.33
2023-03-08 12:52:54,225 : VM0_cr5 Internal Event with logical clock 236 at system time 40.33
2023-03-08 12:52:54,429 : VM0_cr5 Internal Event with logical clock 237 at system time 40.54
2023-03-08 12:52:54,631 : VM0_cr5 Received Message VM2_cr6:238 with queue size 1 and internal logic clock 238 at system time 40.74
2023-03-08 12:52:54,632 : VM0_cr5 send message VM0_cr5:238 to both other VMs at system time 40.74
2023-03-08 12:52:54,836 : VM0_cr5 Received Message VM1_cr4:237 with queue size 0 and internal logic clock 239 at system time 40.94
2023-03-08 12:52:54,837 : VM0_cr5 Internal Event with logical clock 239 at system time 40.94
2023-03-08 12:52:55,039 : VM0_cr5 Internal Event with logical clock 240 at system time 41.15
2023-03-08 12:52:55,240 : VM0_cr5 Internal Event with logical clock 241 at system time 41.35
2023-03-08 12:52:55,446 : VM0_cr5 Received Message 240 with queue size 0 and internal logic clock 242 at system time 41.55
2023-03-08 12:52:55,446 : VM0_cr5 Internal Event with logical clock 242 at system time 41.55
2023-03-08 12:52:55,648 : VM0_cr5 send message VM0_cr5:243 to VM2 at system time 41.76
2023-03-08 12:52:55,850 : VM0_cr5 send message VM0_cr5:244 to VM2 at system time 41.96
2023-03-08 12:52:56,055 : VM0_cr5 Received Message VM1_cr4:246 with queue size 0 and internal logic clock 245 at system time 42.16
2023-03-08 12:52:56,055 : VM0_cr5 Internal Event with logical clock 246 at system time 42.16
2023-03-08 12:52:56,260 : VM0_cr5 Internal Event with logical clock 247 at system time 42.37
2023-03-08 12:52:56,465 : VM0_cr5 Send Message VM0_cr5:248 to VM1 at system time 42.57
2023-03-08 12:52:56,670 : VM0_cr5 Received Message 248 with queue size 0 and internal logic clock 249 at system time 42.78
2023-03-08 12:52:56,671 : VM0_cr5 Internal Event with logical clock 249 at system time 42.78
2023-03-08 12:52:56,871 : VM0_cr5 Internal Event with logical clock 250 at system time 42.98
2023-03-08 12:52:57,072 : VM0_cr5 Internal Event with logical clock 251 at system time 43.18
2023-03-08 12:52:57,274 : VM0_cr5 Internal Event with logical clock 252 at system time 43.38
2023-03-08 12:52:57,479 : VM0_cr5 Send Message VM0_cr5:253 to VM1 at system time 43.59
2023-03-08 12:52:57,683 : VM0_cr5 Internal Event with logical clock 254 at system time 43.79
2023-03-08 12:52:57,884 : VM0_cr5 Internal Event with logical clock 255 at system time 43.99
2023-03-08 12:52:58,088 : VM0_cr5 send message VM0_cr5:256 to both other VMs at system time 44.20
2023-03-08 12:52:58,293 : VM0_cr5 Internal Event with logical clock 257 at system time 44.40
2023-03-08 12:52:58,498 : VM0_cr5 Internal Event with logical clock 258 at system time 44.61
2023-03-08 12:52:58,700 : VM0_cr5 Internal Event with logical clock 259 at system time 44.81
2023-03-08 12:52:58,901 : VM0_cr5 Internal Event with logical clock 260 at system time 45.01
2023-03-08 12:52:59,106 : VM0_cr5 Internal Event with logical clock 261 at system time 45.21
2023-03-08 12:52:59,306 : VM0_cr5 Internal Event with logical clock 262 at system time 45.41
2023-03-08 12:52:59,511 : VM0_cr5 send message VM0_cr5:263 to both other VMs at system time 45.62
2023-03-08 12:52:59,716 : VM0_cr5 Internal Event with logical clock 264 at system time 45.82
2023-03-08 12:52:59,916 : VM0_cr5 send message VM0_cr5:265 to VM2 at system time 46.02
2023-03-08 12:53:00,120 : VM0_cr5 Send Message VM0_cr5:266 to VM1 at system time 46.23
2023-03-08 12:53:00,325 : VM0_cr5 send message VM0_cr5:267 to VM2 at system time 46.43
2023-03-08 12:53:00,529 : VM0_cr5 Received Message 273 with queue size 0 and internal logic clock 268 at system time 46.64
2023-03-08 12:53:00,541 : VM0_cr5 Internal Event with logical clock 273 at system time 46.65
2023-03-08 12:53:00,734 : VM0_cr5 Send Message VM0_cr5:274 to VM1 at system time 46.84
2023-03-08 12:53:00,937 : VM0_cr5 Received Message VM2_cr6:275 with queue size 0 and internal logic clock 275 at system time 47.04
2023-03-08 12:53:00,939 : VM0_cr5 Send Message VM0_cr5:275 to VM1 at system time 47.05
2023-03-08 12:53:01,141 : VM0_cr5 Received Message VM2_cr6:277 with queue size 0 and internal logic clock 276 at system time 47.25
2023-03-08 12:53:01,141 : VM0_cr5 Internal Event with logical clock 277 at system time 47.25
2023-03-08 12:53:01,346 : VM0_cr5 Send Message VM0_cr5:278 to VM1 at system time 47.45
2023-03-08 12:53:01,551 : VM0_cr5 Internal Event with logical clock 279 at system time 47.66
2023-03-08 12:53:01,751 : VM0_cr5 Received Message 278 with queue size 0 and internal logic clock 280 at system time 47.86
2023-03-08 12:53:01,751 : VM0_cr5 Internal Event with logical clock 280 at system time 47.86
2023-03-08 12:53:01,956 : VM0_cr5 Internal Event with logical clock 281 at system time 48.06
2023-03-08 12:53:02,158 : VM0_cr5 Internal Event with logical clock 282 at system time 48.27
2023-03-08 12:53:02,363 : VM0_cr5 Internal Event with logical clock 283 at system time 48.47
2023-03-08 12:53:02,567 : VM0_cr5 Internal Event with logical clock 284 at system time 48.67
2023-03-08 12:53:02,769 : VM0_cr5 Internal Event with logical clock 285 at system time 48.88
2023-03-08 12:53:02,971 : VM0_cr5 send message VM0_cr5:286 to both other VMs at system time 49.08
2023-03-08 12:53:03,172 : VM0_cr5 Received Message VM2_cr6:289 with queue size 0 and internal logic clock 287 at system time 49.28
2023-03-08 12:53:03,173 : VM0_cr5 Internal Event with logical clock 289 at system time 49.28
2023-03-08 12:53:03,375 : VM0_cr5 Internal Event with logical clock 290 at system time 49.48
2023-03-08 12:53:03,580 : VM0_cr5 Internal Event with logical clock 291 at system time 49.69
2023-03-08 12:53:03,785 : VM0_cr5 Received Message 292 with queue size 0 and internal logic clock 292 at system time 49.89
2023-03-08 12:53:03,785 : VM0_cr5 Send Message VM0_cr5:292 to VM1 at system time 49.89
2023-03-08 12:53:03,989 : VM0_cr5 Internal Event with logical clock 293 at system time 50.10
2023-03-08 12:53:04,195 : VM0_cr5 Received Message 294 with queue size 0 and internal logic clock 294 at system time 50.30
2023-03-08 12:53:04,195 : VM0_cr5 send message VM0_cr5:294 to VM2 at system time 50.30
2023-03-08 12:53:04,400 : VM0_cr5 Send Message VM0_cr5:295 to VM1 at system time 50.51
2023-03-08 12:53:04,605 : VM0_cr5 Received Message VM2_cr6:297 with queue size 0 and internal logic clock 296 at system time 50.71
2023-03-08 12:53:04,605 : VM0_cr5 Internal Event with logical clock 297 at system time 50.71
2023-03-08 12:53:04,810 : VM0_cr5 Received Message VM1_cr4:297 with queue size 0 and internal logic clock 298 at system time 50.92
2023-03-08 12:53:04,810 : VM0_cr5 Internal Event with logical clock 298 at system time 50.92
2023-03-08 12:53:05,012 : VM0_cr5 Received Message VM1_cr4:298 with queue size 0 and internal logic clock 299 at system time 51.12
2023-03-08 12:53:05,012 : VM0_cr5 Send Message VM0_cr5:299 to VM1 at system time 51.12
2023-03-08 12:53:05,217 : VM0_cr5 send message VM0_cr5:300 to VM2 at system time 51.32
2023-03-08 12:53:05,422 : VM0_cr5 Internal Event with logical clock 301 at system time 51.53
2023-03-08 12:53:05,623 : VM0_cr5 Internal Event with logical clock 302 at system time 51.73
2023-03-08 12:53:05,828 : VM0_cr5 Received Message VM1_cr4:302 with queue size 0 and internal logic clock 303 at system time 51.94
2023-03-08 12:53:05,829 : VM0_cr5 Internal Event with logical clock 303 at system time 51.94
2023-03-08 12:53:06,033 : VM0_cr5 Send Message VM0_cr5:304 to VM1 at system time 52.14
2023-03-08 12:53:06,238 : VM0_cr5 Internal Event with logical clock 305 at system time 52.35
2023-03-08 12:53:06,439 : VM0_cr5 Received Message 308 with queue size 0 and internal logic clock 306 at system time 52.55
2023-03-08 12:53:06,439 : VM0_cr5 send message VM0_cr5:308 to both other VMs at system time 52.55
2023-03-08 12:53:06,644 : VM0_cr5 Internal Event with logical clock 309 at system time 52.75
2023-03-08 12:53:06,849 : VM0_cr5 Internal Event with logical clock 310 at system time 52.96
2023-03-08 12:53:07,051 : VM0_cr5 Internal Event with logical clock 311 at system time 53.16
2023-03-08 12:53:07,252 : VM0_cr5 Received Message 313 with queue size 0 and internal logic clock 312 at system time 53.36
2023-03-08 12:53:07,253 : VM0_cr5 Internal Event with logical clock 313 at system time 53.36
2023-03-08 12:53:07,455 : VM0_cr5 Internal Event with logical clock 314 at system time 53.56
2023-03-08 12:53:07,661 : VM0_cr5 Internal Event with logical clock 315 at system time 53.77
2023-03-08 12:53:07,862 : VM0_cr5 Received Message 316 with queue size 0 and internal logic clock 316 at system time 53.97
2023-03-08 12:53:07,863 : VM0_cr5 Internal Event with logical clock 316 at system time 53.97
2023-03-08 12:53:08,067 : VM0_cr5 send message VM0_cr5:317 to VM2 at system time 54.17
2023-03-08 12:53:08,269 : VM0_cr5 Received Message VM1_cr4:317 with queue size 0 and internal logic clock 318 at system time 54.38
2023-03-08 12:53:08,270 : VM0_cr5 Internal Event with logical clock 318 at system time 54.38
2023-03-08 12:53:08,472 : VM0_cr5 Received Message VM1_cr4:320 with queue size 0 and internal logic clock 319 at system time 54.58
2023-03-08 12:53:08,489 : VM0_cr5 Internal Event with logical clock 320 at system time 54.60
2023-03-08 12:53:08,677 : VM0_cr5 Internal Event with logical clock 321 at system time 54.78
2023-03-08 12:53:08,882 : VM0_cr5 Send Message VM0_cr5:322 to VM1 at system time 54.99
2023-03-08 12:53:09,088 : VM0_cr5 Received Message 322 with queue size 0 and internal logic clock 323 at system time 55.20
2023-03-08 12:53:09,088 : VM0_cr5 send message VM0_cr5:323 to VM2 at system time 55.20
2023-03-08 12:53:09,290 : VM0_cr5 Internal Event with logical clock 324 at system time 55.40
2023-03-08 12:53:09,494 : VM0_cr5 Received Message 326 with queue size 0 and internal logic clock 325 at system time 55.60
2023-03-08 12:53:09,495 : VM0_cr5 Internal Event with logical clock 326 at system time 55.60
2023-03-08 12:53:09,700 : VM0_cr5 Internal Event with logical clock 327 at system time 55.81
2023-03-08 12:53:09,902 : VM0_cr5 Received Message 328 with queue size 0 and internal logic clock 328 at system time 56.01
2023-03-08 12:53:09,903 : VM0_cr5 Internal Event with logical clock 328 at system time 56.01
2023-03-08 12:53:10,105 : VM0_cr5 Internal Event with logical clock 329 at system time 56.21
2023-03-08 12:53:10,310 : VM0_cr5 Received Message VM2_cr6:330 with queue size 0 and internal logic clock 330 at system time 56.42
2023-03-08 12:53:10,341 : VM0_cr5 Internal Event with logical clock 330 at system time 56.45
2023-03-08 12:53:10,515 : VM0_cr5 Internal Event with logical clock 331 at system time 56.62
2023-03-08 12:53:10,720 : VM0_cr5 send message VM0_cr5:332 to VM2 at system time 56.83
2023-03-08 12:53:10,925 : VM0_cr5 Received Message 331 with queue size 0 and internal logic clock 333 at system time 57.03
2023-03-08 12:53:10,926 : VM0_cr5 Send Message VM0_cr5:333 to VM1 at system time 57.03
2023-03-08 12:53:11,128 : VM0_cr5 send message VM0_cr5:334 to VM2 at system time 57.24
2023-03-08 12:53:11,329 : VM0_cr5 Internal Event with logical clock 335 at system time 57.44
2023-03-08 12:53:11,534 : VM0_cr5 Received Message VM2_cr6:338 with queue size 0 and internal logic clock 336 at system time 57.64
2023-03-08 12:53:11,535 : VM0_cr5 Internal Event with logical clock 338 at system time 57.64
2023-03-08 12:53:11,739 : VM0_cr5 Internal Event with logical clock 339 at system time 57.85
2023-03-08 12:53:11,944 : VM0_cr5 Internal Event with logical clock 340 at system time 58.05
2023-03-08 12:53:12,149 : VM0_cr5 Received Message 338 with queue size 0 and internal logic clock 341 at system time 58.26
2023-03-08 12:53:12,150 : VM0_cr5 Internal Event with logical clock 341 at system time 58.26
2023-03-08 12:53:12,354 : VM0_cr5 send message VM0_cr5:342 to VM2 at system time 58.46
2023-03-08 12:53:12,559 : VM0_cr5 Send Message VM0_cr5:343 to VM1 at system time 58.67
2023-03-08 12:53:12,764 : VM0_cr5 Send Message VM0_cr5:344 to VM1 at system time 58.87
2023-03-08 12:53:12,969 : VM0_cr5 Received Message VM1_cr4:343 with queue size 0 and internal logic clock 345 at system time 59.08
2023-03-08 12:53:12,970 : VM0_cr5 Internal Event with logical clock 345 at system time 59.08
2023-03-08 12:53:13,171 : VM0_cr5 Received Message 347 with queue size 0 and internal logic clock 346 at system time 59.28
2023-03-08 12:53:13,171 : VM0_cr5 Internal Event with logical clock 347 at system time 59.28
2023-03-08 12:53:13,376 : VM0_cr5 Internal Event with logical clock 348 at system time 59.48
2023-03-08 12:53:13,579 : VM0_cr5 Internal Event with logical clock 349 at system time 59.69
2023-03-08 12:53:13,784 : VM0_cr5 Internal Event with logical clock 350 at system time 59.89
2023-03-08 12:53:13,988 : VM0_cr5 Received Message 352 with queue size 0 and internal logic clock 351 at system time 60.10
2023-03-08 12:53:13,988 : VM0_cr5 Internal Event with logical clock 352 at system time 60.10
2023-03-08 12:53:14,193 : VM0_cr5 send message VM0_cr5:353 to both other VMs at system time 60.30
2023-03-08 12:53:14,394 : VM0_cr5 send message VM0_cr5:354 to both other VMs at system time 60.50
2023-03-08 12:53:14,600 : VM0_cr5 Received Message VM1_cr4:354 with queue size 0 and internal logic clock 355 at system time 60.71
2023-03-08 12:53:14,600 : VM0_cr5 Internal Event with logical clock 355 at system time 60.71
2023-03-08 12:53:14,805 : VM0_cr5 Internal Event with logical clock 356 at system time 60.91
