2023-03-08 12:52:12,880 : VM2_cr6 listening on port 4098
2023-03-08 12:52:13,886 : VM2_cr6 connected to VM0 on 127.0.0.1 port on 4096.
2023-03-08 12:52:13,888 : VM2_cr6 has incoming connection from VM1 on 127.0.0.1 port on 4098.
2023-03-08 12:52:13,890 : VM2_cr6 Received Message VM0_cr5:0 with queue size 0 and internal logic clock 0 at system time 0.001
2023-03-08 12:52:13,891 : VM2_cr6 Internal Event with logical clock 0 at system time 0.001
2023-03-08 12:52:14,062 : VM2_cr6 Internal Event with logical clock 1 at system time 0.173
2023-03-08 12:52:14,232 : VM2_cr6 Internal Event with logical clock 2 at system time 0.343
2023-03-08 12:52:14,403 : VM2_cr6 Internal Event with logical clock 3 at system time 0.513
2023-03-08 12:52:14,572 : VM2_cr6 Internal Event with logical clock 4 at system time 0.682
2023-03-08 12:52:14,743 : VM2_cr6 Received Message 3 with queue size 0 and internal logic clock 5 at system time 0.854
2023-03-08 12:52:14,744 : VM2_cr6 Internal Event with logical clock 5 at system time 0.854
2023-03-08 12:52:14,915 : VM2_cr6 Internal Event with logical clock 6 at system time 1.025
2023-03-08 12:52:15,086 : VM2_cr6 Internal Event with logical clock 7 at system time 1.196
2023-03-08 12:52:15,257 : VM2_cr6 Received Message VM1_cr4:5 with queue size 0 and internal logic clock 8 at system time 1.368
2023-03-08 12:52:15,258 : VM2_cr6 Internal Event with logical clock 8 at system time 1.368
2023-03-08 12:52:15,429 : VM2_cr6 Received Message 6 with queue size 0 and internal logic clock 9 at system time 1.539
2023-03-08 12:52:15,429 : VM2_cr6 send message VM2_cr6:9 to both other VMs at system time 1.540
2023-03-08 12:52:15,599 : VM2_cr6 Internal Event with logical clock 10 at system time 1.709
2023-03-08 12:52:15,771 : VM2_cr6 Received Message 9 with queue size 0 and internal logic clock 11 at system time 1.881
2023-03-08 12:52:15,771 : VM2_cr6 Internal Event with logical clock 11 at system time 1.881
2023-03-08 12:52:15,943 : VM2_cr6 Received Message 10 with queue size 0 and internal logic clock 12 at system time 2.053
2023-03-08 12:52:15,944 : VM2_cr6 Internal Event with logical clock 12 at system time 2.054
2023-03-08 12:52:16,110 : VM2_cr6 send message VM2_cr6:13 to both other VMs at system time 2.220
2023-03-08 12:52:16,282 : VM2_cr6 send message VM2_cr6:14 to VM1 at system time 2.392
2023-03-08 12:52:16,453 : VM2_cr6 Received Message VM1_cr4:13 with queue size 0 and internal logic clock 15 at system time 2.563
2023-03-08 12:52:16,453 : VM2_cr6 Internal Event with logical clock 15 at system time 2.563
2023-03-08 12:52:16,623 : VM2_cr6 send message VM2_cr6:16 to both other VMs at system time 2.733
2023-03-08 12:52:16,795 : VM2_cr6 Internal Event with logical clock 17 at system time 2.905
2023-03-08 12:52:16,966 : VM2_cr6 Internal Event with logical clock 18 at system time 3.077
2023-03-08 12:52:17,137 : VM2_cr6 Internal Event with logical clock 19 at system time 3.247
2023-03-08 12:52:17,306 : VM2_cr6 Received Message VM0_cr5:18 with queue size 0 and internal logic clock 20 at system time 3.416
2023-03-08 12:52:17,307 : VM2_cr6 Internal Event with logical clock 20 at system time 3.417
2023-03-08 12:52:17,478 : VM2_cr6 Internal Event with logical clock 21 at system time 3.588
2023-03-08 12:52:17,649 : VM2_cr6 Send Message VM2_cr6:22 to VM0 at system time 3.759
2023-03-08 12:52:17,821 : VM2_cr6 Internal Event with logical clock 23 at system time 3.931
2023-03-08 12:52:17,993 : VM2_cr6 Received Message VM1_cr4:21 with queue size 0 and internal logic clock 24 at system time 4.103
2023-03-08 12:52:17,994 : VM2_cr6 send message VM2_cr6:24 to VM1 at system time 4.104
2023-03-08 12:52:18,165 : VM2_cr6 Internal Event with logical clock 25 at system time 4.275
2023-03-08 12:52:18,336 : VM2_cr6 Internal Event with logical clock 26 at system time 4.446
2023-03-08 12:52:18,508 : VM2_cr6 Send Message VM2_cr6:27 to VM0 at system time 4.618
2023-03-08 12:52:18,680 : VM2_cr6 Internal Event with logical clock 28 at system time 4.790
2023-03-08 12:52:18,850 : VM2_cr6 Internal Event with logical clock 29 at system time 4.961
2023-03-08 12:52:19,022 : VM2_cr6 Internal Event with logical clock 30 at system time 5.132
2023-03-08 12:52:19,194 : VM2_cr6 send message VM2_cr6:31 to both other VMs at system time 5.304
2023-03-08 12:52:19,366 : VM2_cr6 Internal Event with logical clock 32 at system time 5.476
2023-03-08 12:52:19,537 : VM2_cr6 Internal Event with logical clock 33 at system time 5.647
2023-03-08 12:52:19,709 : VM2_cr6 send message VM2_cr6:34 to both other VMs at system time 5.819
2023-03-08 12:52:19,881 : VM2_cr6 Internal Event with logical clock 35 at system time 5.991
2023-03-08 12:52:20,051 : VM2_cr6 Internal Event with logical clock 36 at system time 6.162
2023-03-08 12:52:20,223 : VM2_cr6 send message VM2_cr6:37 to both other VMs at system time 6.333
2023-03-08 12:52:20,395 : VM2_cr6 Received Message VM1_cr4:37 with queue size 0 and internal logic clock 38 at system time 6.505
2023-03-08 12:52:20,396 : VM2_cr6 Internal Event with logical clock 38 at system time 6.506
2023-03-08 12:52:20,567 : VM2_cr6 Send Message VM2_cr6:39 to VM0 at system time 6.677
2023-03-08 12:52:20,738 : VM2_cr6 Send Message VM2_cr6:40 to VM0 at system time 6.849
2023-03-08 12:52:20,906 : VM2_cr6 Received Message VM0_cr5:40 with queue size 0 and internal logic clock 41 at system time 7.016
2023-03-08 12:52:20,906 : VM2_cr6 Internal Event with logical clock 41 at system time 7.017
2023-03-08 12:52:21,078 : VM2_cr6 Internal Event with logical clock 42 at system time 7.188
2023-03-08 12:52:21,250 : VM2_cr6 Received Message 42 with queue size 0 and internal logic clock 43 at system time 7.360
2023-03-08 12:52:21,250 : VM2_cr6 Internal Event with logical clock 43 at system time 7.361
2023-03-08 12:52:21,421 : VM2_cr6 Internal Event with logical clock 44 at system time 7.532
2023-03-08 12:52:21,589 : VM2_cr6 Internal Event with logical clock 45 at system time 7.699
2023-03-08 12:52:21,761 : VM2_cr6 Internal Event with logical clock 46 at system time 7.871
2023-03-08 12:52:21,929 : VM2_cr6 Received Message VM0_cr5:45 with queue size 0 and internal logic clock 47 at system time 8.039
2023-03-08 12:52:21,929 : VM2_cr6 send message VM2_cr6:47 to VM1 at system time 8.040
2023-03-08 12:52:22,100 : VM2_cr6 Received Message 46 with queue size 0 and internal logic clock 48 at system time 8.210
2023-03-08 12:52:22,100 : VM2_cr6 Internal Event with logical clock 48 at system time 8.211
2023-03-08 12:52:22,272 : VM2_cr6 Internal Event with logical clock 49 at system time 8.382
2023-03-08 12:52:22,444 : VM2_cr6 Received Message 48 with queue size 0 and internal logic clock 50 at system time 8.554
2023-03-08 12:52:22,444 : VM2_cr6 Internal Event with logical clock 50 at system time 8.555
2023-03-08 12:52:22,615 : VM2_cr6 Send Message VM2_cr6:51 to VM0 at system time 8.726
2023-03-08 12:52:22,786 : VM2_cr6 Received Message VM1_cr4:50 with queue size 0 and internal logic clock 52 at system time 8.896
2023-03-08 12:52:22,786 : VM2_cr6 Internal Event with logical clock 52 at system time 8.896
2023-03-08 12:52:22,955 : VM2_cr6 Internal Event with logical clock 53 at system time 9.065
2023-03-08 12:52:23,122 : VM2_cr6 Received Message VM1_cr4:51 with queue size 0 and internal logic clock 54 at system time 9.232
2023-03-08 12:52:23,122 : VM2_cr6 Internal Event with logical clock 54 at system time 9.233
2023-03-08 12:52:23,291 : VM2_cr6 Received Message VM1_cr4:53 with queue size 0 and internal logic clock 55 at system time 9.401
2023-03-08 12:52:23,291 : VM2_cr6 send message VM2_cr6:55 to both other VMs at system time 9.402
2023-03-08 12:52:23,462 : VM2_cr6 Internal Event with logical clock 56 at system time 9.572
2023-03-08 12:52:23,630 : VM2_cr6 Received Message 55 with queue size 0 and internal logic clock 57 at system time 9.740
2023-03-08 12:52:23,631 : VM2_cr6 Internal Event with logical clock 57 at system time 9.741
2023-03-08 12:52:23,802 : VM2_cr6 send message VM2_cr6:58 to both other VMs at system time 9.912
2023-03-08 12:52:23,973 : VM2_cr6 Send Message VM2_cr6:59 to VM0 at system time 10.08
2023-03-08 12:52:24,145 : VM2_cr6 Internal Event with logical clock 60 at system time 10.25
2023-03-08 12:52:24,314 : VM2_cr6 Internal Event with logical clock 61 at system time 10.42
2023-03-08 12:52:24,486 : VM2_cr6 Internal Event with logical clock 62 at system time 10.59
2023-03-08 12:52:24,657 : VM2_cr6 Received Message VM0_cr5:61 with queue size 0 and internal logic clock 63 at system time 10.76
2023-03-08 12:52:24,657 : VM2_cr6 Internal Event with logical clock 63 at system time 10.76
2023-03-08 12:52:24,827 : VM2_cr6 send message VM2_cr6:64 to both other VMs at system time 10.93
2023-03-08 12:52:24,999 : VM2_cr6 Internal Event with logical clock 65 at system time 11.10
2023-03-08 12:52:25,171 : VM2_cr6 Internal Event with logical clock 66 at system time 11.28
2023-03-08 12:52:25,338 : VM2_cr6 Received Message VM1_cr4:65 with queue size 0 and internal logic clock 67 at system time 11.44
2023-03-08 12:52:25,338 : VM2_cr6 Internal Event with logical clock 67 at system time 11.44
2023-03-08 12:52:25,506 : VM2_cr6 send message VM2_cr6:68 to VM1 at system time 11.61
2023-03-08 12:52:25,677 : VM2_cr6 Send Message VM2_cr6:69 to VM0 at system time 11.78
2023-03-08 12:52:25,846 : VM2_cr6 Internal Event with logical clock 70 at system time 11.95
2023-03-08 12:52:26,017 : VM2_cr6 Internal Event with logical clock 71 at system time 12.12
2023-03-08 12:52:26,185 : VM2_cr6 send message VM2_cr6:72 to both other VMs at system time 12.29
2023-03-08 12:52:26,355 : VM2_cr6 Internal Event with logical clock 73 at system time 12.46
2023-03-08 12:52:26,526 : VM2_cr6 Internal Event with logical clock 74 at system time 12.63
2023-03-08 12:52:26,693 : VM2_cr6 Internal Event with logical clock 75 at system time 12.80
2023-03-08 12:52:26,865 : VM2_cr6 Send Message VM2_cr6:76 to VM0 at system time 12.97
2023-03-08 12:52:27,037 : VM2_cr6 Internal Event with logical clock 77 at system time 13.14
2023-03-08 12:52:27,204 : VM2_cr6 Internal Event with logical clock 78 at system time 13.31
2023-03-08 12:52:27,373 : VM2_cr6 Internal Event with logical clock 79 at system time 13.48
2023-03-08 12:52:27,541 : VM2_cr6 Internal Event with logical clock 80 at system time 13.65
2023-03-08 12:52:27,712 : VM2_cr6 Received Message 77 with queue size 0 and internal logic clock 81 at system time 13.82
2023-03-08 12:52:27,712 : VM2_cr6 Internal Event with logical clock 81 at system time 13.82
2023-03-08 12:52:27,883 : VM2_cr6 Internal Event with logical clock 82 at system time 13.99
2023-03-08 12:52:28,052 : VM2_cr6 Internal Event with logical clock 83 at system time 14.16
2023-03-08 12:52:28,224 : VM2_cr6 send message VM2_cr6:84 to both other VMs at system time 14.33
2023-03-08 12:52:28,396 : VM2_cr6 Internal Event with logical clock 85 at system time 14.50
2023-03-08 12:52:28,566 : VM2_cr6 Send Message VM2_cr6:86 to VM0 at system time 14.67
2023-03-08 12:52:28,738 : VM2_cr6 Internal Event with logical clock 87 at system time 14.84
2023-03-08 12:52:28,910 : VM2_cr6 Internal Event with logical clock 88 at system time 15.02
2023-03-08 12:52:29,081 : VM2_cr6 Send Message VM2_cr6:89 to VM0 at system time 15.19
2023-03-08 12:52:29,252 : VM2_cr6 Received Message VM1_cr4:87 with queue size 0 and internal logic clock 90 at system time 15.36
2023-03-08 12:52:29,253 : VM2_cr6 Internal Event with logical clock 90 at system time 15.36
2023-03-08 12:52:29,424 : VM2_cr6 Received Message 89 with queue size 0 and internal logic clock 91 at system time 15.53
2023-03-08 12:52:29,425 : VM2_cr6 send message VM2_cr6:91 to both other VMs at system time 15.53
2023-03-08 12:52:29,595 : VM2_cr6 send message VM2_cr6:92 to both other VMs at system time 15.70
2023-03-08 12:52:29,766 : VM2_cr6 Internal Event with logical clock 93 at system time 15.87
2023-03-08 12:52:29,935 : VM2_cr6 Received Message VM1_cr4:92 with queue size 0 and internal logic clock 94 at system time 16.04
2023-03-08 12:52:29,935 : VM2_cr6 Internal Event with logical clock 94 at system time 16.04
2023-03-08 12:52:30,105 : VM2_cr6 Received Message VM0_cr5:93 with queue size 0 and internal logic clock 95 at system time 16.21
2023-03-08 12:52:30,106 : VM2_cr6 Internal Event with logical clock 95 at system time 16.21
2023-03-08 12:52:30,276 : VM2_cr6 Send Message VM2_cr6:96 to VM0 at system time 16.38
2023-03-08 12:52:30,446 : VM2_cr6 Internal Event with logical clock 97 at system time 16.55
2023-03-08 12:52:30,613 : VM2_cr6 Internal Event with logical clock 98 at system time 16.72
2023-03-08 12:52:30,783 : VM2_cr6 Internal Event with logical clock 99 at system time 16.89
2023-03-08 12:52:30,954 : VM2_cr6 Received Message VM1_cr4:96 with queue size 0 and internal logic clock 100 at system time 17.06
2023-03-08 12:52:30,955 : VM2_cr6 Internal Event with logical clock 100 at system time 17.06
2023-03-08 12:52:31,121 : VM2_cr6 Received Message 99 with queue size 0 and internal logic clock 101 at system time 17.23
2023-03-08 12:52:31,122 : VM2_cr6 Internal Event with logical clock 101 at system time 17.23
2023-03-08 12:52:31,293 : VM2_cr6 Internal Event with logical clock 102 at system time 17.40
2023-03-08 12:52:31,465 : VM2_cr6 Received Message 101 with queue size 0 and internal logic clock 103 at system time 17.57
2023-03-08 12:52:31,465 : VM2_cr6 send message VM2_cr6:103 to both other VMs at system time 17.57
2023-03-08 12:52:31,636 : VM2_cr6 Internal Event with logical clock 104 at system time 17.74
2023-03-08 12:52:31,808 : VM2_cr6 Internal Event with logical clock 105 at system time 17.91
2023-03-08 12:52:31,980 : VM2_cr6 Internal Event with logical clock 106 at system time 18.09
2023-03-08 12:52:32,152 : VM2_cr6 Internal Event with logical clock 107 at system time 18.26
2023-03-08 12:52:32,323 : VM2_cr6 Received Message 106 with queue size 0 and internal logic clock 108 at system time 18.43
2023-03-08 12:52:32,324 : VM2_cr6 Internal Event with logical clock 108 at system time 18.43
2023-03-08 12:52:32,495 : VM2_cr6 Internal Event with logical clock 109 at system time 18.60
2023-03-08 12:52:32,665 : VM2_cr6 Internal Event with logical clock 110 at system time 18.77
2023-03-08 12:52:32,832 : VM2_cr6 Received Message VM1_cr4:107 with queue size 0 and internal logic clock 111 at system time 18.94
2023-03-08 12:52:32,832 : VM2_cr6 Send Message VM2_cr6:111 to VM0 at system time 18.94
2023-03-08 12:52:33,004 : VM2_cr6 Received Message 109 with queue size 0 and internal logic clock 112 at system time 19.11
2023-03-08 12:52:33,004 : VM2_cr6 send message VM2_cr6:112 to both other VMs at system time 19.11
2023-03-08 12:52:33,171 : VM2_cr6 send message VM2_cr6:113 to VM1 at system time 19.28
2023-03-08 12:52:33,343 : VM2_cr6 Internal Event with logical clock 114 at system time 19.45
2023-03-08 12:52:33,515 : VM2_cr6 Internal Event with logical clock 115 at system time 19.62
2023-03-08 12:52:33,686 : VM2_cr6 Received Message 114 with queue size 0 and internal logic clock 116 at system time 19.79
2023-03-08 12:52:33,687 : VM2_cr6 Internal Event with logical clock 116 at system time 19.79
2023-03-08 12:52:33,858 : VM2_cr6 Internal Event with logical clock 117 at system time 19.96
2023-03-08 12:52:34,026 : VM2_cr6 Received Message VM0_cr5:115 with queue size 0 and internal logic clock 118 at system time 20.13
2023-03-08 12:52:34,026 : VM2_cr6 Internal Event with logical clock 118 at system time 20.13
2023-03-08 12:52:34,194 : VM2_cr6 Internal Event with logical clock 119 at system time 20.30
2023-03-08 12:52:34,366 : VM2_cr6 Received Message 117 with queue size 0 and internal logic clock 120 at system time 20.47
2023-03-08 12:52:34,367 : VM2_cr6 Internal Event with logical clock 120 at system time 20.47
2023-03-08 12:52:34,534 : VM2_cr6 Send Message VM2_cr6:121 to VM0 at system time 20.64
2023-03-08 12:52:34,706 : VM2_cr6 Received Message VM0_cr5:121 with queue size 0 and internal logic clock 122 at system time 20.81
2023-03-08 12:52:34,706 : VM2_cr6 Internal Event with logical clock 122 at system time 20.81
2023-03-08 12:52:34,877 : VM2_cr6 Received Message 118 with queue size 0 and internal logic clock 123 at system time 20.98
2023-03-08 12:52:34,878 : VM2_cr6 Internal Event with logical clock 123 at system time 20.98
2023-03-08 12:52:35,049 : VM2_cr6 Internal Event with logical clock 124 at system time 21.15
2023-03-08 12:52:35,217 : VM2_cr6 Internal Event with logical clock 125 at system time 21.32
2023-03-08 12:52:35,385 : VM2_cr6 Received Message VM1_cr4:120 with queue size 0 and internal logic clock 126 at system time 21.49
2023-03-08 12:52:35,385 : VM2_cr6 Internal Event with logical clock 126 at system time 21.49
2023-03-08 12:52:35,555 : VM2_cr6 Received Message VM1_cr4:121 with queue size 0 and internal logic clock 127 at system time 21.66
2023-03-08 12:52:35,556 : VM2_cr6 Internal Event with logical clock 127 at system time 21.66
2023-03-08 12:52:35,727 : VM2_cr6 Internal Event with logical clock 128 at system time 21.83
2023-03-08 12:52:35,895 : VM2_cr6 Internal Event with logical clock 129 at system time 22.00
2023-03-08 12:52:36,066 : VM2_cr6 Internal Event with logical clock 130 at system time 22.17
2023-03-08 12:52:36,236 : VM2_cr6 Received Message VM0_cr5:128 with queue size 1 and internal logic clock 131 at system time 22.34
2023-03-08 12:52:36,237 : VM2_cr6 send message VM2_cr6:131 to VM1 at system time 22.34
2023-03-08 12:52:36,408 : VM2_cr6 Received Message VM1_cr4:124 with queue size 1 and internal logic clock 132 at system time 22.51
2023-03-08 12:52:36,416 : VM2_cr6 Internal Event with logical clock 132 at system time 22.52
2023-03-08 12:52:36,579 : VM2_cr6 Received Message VM0_cr5:129 with queue size 0 and internal logic clock 133 at system time 22.68
2023-03-08 12:52:36,580 : VM2_cr6 Internal Event with logical clock 133 at system time 22.69
2023-03-08 12:52:36,747 : VM2_cr6 Received Message 132 with queue size 0 and internal logic clock 134 at system time 22.85
2023-03-08 12:52:36,747 : VM2_cr6 Internal Event with logical clock 134 at system time 22.85
2023-03-08 12:52:36,917 : VM2_cr6 Internal Event with logical clock 135 at system time 23.02
2023-03-08 12:52:37,087 : VM2_cr6 Internal Event with logical clock 136 at system time 23.19
2023-03-08 12:52:37,258 : VM2_cr6 Received Message VM1_cr4:134 with queue size 0 and internal logic clock 137 at system time 23.36
2023-03-08 12:52:37,259 : VM2_cr6 send message VM2_cr6:137 to both other VMs at system time 23.36
2023-03-08 12:52:37,427 : VM2_cr6 Received Message 137 with queue size 0 and internal logic clock 138 at system time 23.53
2023-03-08 12:52:37,427 : VM2_cr6 send message VM2_cr6:138 to VM1 at system time 23.53
2023-03-08 12:52:37,595 : VM2_cr6 Internal Event with logical clock 139 at system time 23.70
2023-03-08 12:52:37,767 : VM2_cr6 Send Message VM2_cr6:140 to VM0 at system time 23.87
2023-03-08 12:52:37,937 : VM2_cr6 Internal Event with logical clock 141 at system time 24.04
2023-03-08 12:52:38,108 : VM2_cr6 Received Message VM1_cr4:139 with queue size 0 and internal logic clock 142 at system time 24.21
2023-03-08 12:52:38,108 : VM2_cr6 Send Message VM2_cr6:142 to VM0 at system time 24.21
2023-03-08 12:52:38,279 : VM2_cr6 Internal Event with logical clock 143 at system time 24.38
2023-03-08 12:52:38,446 : VM2_cr6 Internal Event with logical clock 144 at system time 24.55
2023-03-08 12:52:38,614 : VM2_cr6 Internal Event with logical clock 145 at system time 24.72
2023-03-08 12:52:38,785 : VM2_cr6 Internal Event with logical clock 146 at system time 24.89
2023-03-08 12:52:38,957 : VM2_cr6 Internal Event with logical clock 147 at system time 25.06
2023-03-08 12:52:39,128 : VM2_cr6 Send Message VM2_cr6:148 to VM0 at system time 25.23
2023-03-08 12:52:39,300 : VM2_cr6 Internal Event with logical clock 149 at system time 25.41
2023-03-08 12:52:39,471 : VM2_cr6 Internal Event with logical clock 150 at system time 25.58
2023-03-08 12:52:39,641 : VM2_cr6 Internal Event with logical clock 151 at system time 25.75
2023-03-08 12:52:39,812 : VM2_cr6 Internal Event with logical clock 152 at system time 25.92
2023-03-08 12:52:39,984 : VM2_cr6 Internal Event with logical clock 153 at system time 26.09
2023-03-08 12:52:40,151 : VM2_cr6 send message VM2_cr6:154 to both other VMs at system time 26.26
2023-03-08 12:52:40,323 : VM2_cr6 Received Message VM1_cr4:154 with queue size 0 and internal logic clock 155 at system time 26.43
2023-03-08 12:52:40,323 : VM2_cr6 Internal Event with logical clock 155 at system time 26.43
2023-03-08 12:52:40,495 : VM2_cr6 Received Message VM0_cr5:155 with queue size 0 and internal logic clock 156 at system time 26.60
2023-03-08 12:52:40,495 : VM2_cr6 send message VM2_cr6:156 to VM1 at system time 26.60
2023-03-08 12:52:40,664 : VM2_cr6 Received Message VM0_cr5:156 with queue size 0 and internal logic clock 157 at system time 26.77
2023-03-08 12:52:40,664 : VM2_cr6 Internal Event with logical clock 157 at system time 26.77
2023-03-08 12:52:40,835 : VM2_cr6 Internal Event with logical clock 158 at system time 26.94
2023-03-08 12:52:41,003 : VM2_cr6 Send Message VM2_cr6:159 to VM0 at system time 27.11
2023-03-08 12:52:41,169 : VM2_cr6 send message VM2_cr6:160 to VM1 at system time 27.28
2023-03-08 12:52:41,341 : VM2_cr6 Received Message 160 with queue size 0 and internal logic clock 161 at system time 27.45
2023-03-08 12:52:41,342 : VM2_cr6 Internal Event with logical clock 161 at system time 27.45
2023-03-08 12:52:41,513 : VM2_cr6 send message VM2_cr6:162 to VM1 at system time 27.62
2023-03-08 12:52:41,680 : VM2_cr6 Internal Event with logical clock 163 at system time 27.79
2023-03-08 12:52:41,848 : VM2_cr6 Received Message 162 with queue size 0 and internal logic clock 164 at system time 27.95
2023-03-08 12:52:41,849 : VM2_cr6 Internal Event with logical clock 164 at system time 27.95
2023-03-08 12:52:42,020 : VM2_cr6 Internal Event with logical clock 165 at system time 28.13
2023-03-08 12:52:42,191 : VM2_cr6 Internal Event with logical clock 166 at system time 28.30
2023-03-08 12:52:42,363 : VM2_cr6 Received Message 164 with queue size 0 and internal logic clock 167 at system time 28.47
2023-03-08 12:52:42,364 : VM2_cr6 Send Message VM2_cr6:167 to VM0 at system time 28.47
2023-03-08 12:52:42,533 : VM2_cr6 Received Message VM0_cr5:165 with queue size 0 and internal logic clock 168 at system time 28.64
2023-03-08 12:52:42,534 : VM2_cr6 Internal Event with logical clock 168 at system time 28.64
2023-03-08 12:52:42,705 : VM2_cr6 Internal Event with logical clock 169 at system time 28.81
2023-03-08 12:52:42,875 : VM2_cr6 Received Message VM0_cr5:168 with queue size 0 and internal logic clock 170 at system time 28.98
2023-03-08 12:52:42,875 : VM2_cr6 send message VM2_cr6:170 to VM1 at system time 28.98
2023-03-08 12:52:43,047 : VM2_cr6 Internal Event with logical clock 171 at system time 29.15
2023-03-08 12:52:43,218 : VM2_cr6 send message VM2_cr6:172 to VM1 at system time 29.32
2023-03-08 12:52:43,388 : VM2_cr6 send message VM2_cr6:173 to VM1 at system time 29.49
2023-03-08 12:52:43,556 : VM2_cr6 send message VM2_cr6:174 to VM1 at system time 29.66
2023-03-08 12:52:43,728 : VM2_cr6 Received Message 173 with queue size 0 and internal logic clock 175 at system time 29.83
2023-03-08 12:52:43,728 : VM2_cr6 Internal Event with logical clock 175 at system time 29.83
2023-03-08 12:52:43,899 : VM2_cr6 Received Message 174 with queue size 0 and internal logic clock 176 at system time 30.00
2023-03-08 12:52:43,899 : VM2_cr6 Internal Event with logical clock 176 at system time 30.00
2023-03-08 12:52:44,068 : VM2_cr6 send message VM2_cr6:177 to both other VMs at system time 30.17
2023-03-08 12:52:44,240 : VM2_cr6 Internal Event with logical clock 178 at system time 30.35
2023-03-08 12:52:44,412 : VM2_cr6 send message VM2_cr6:179 to both other VMs at system time 30.52
2023-03-08 12:52:44,584 : VM2_cr6 Internal Event with logical clock 180 at system time 30.69
2023-03-08 12:52:44,755 : VM2_cr6 Internal Event with logical clock 181 at system time 30.86
2023-03-08 12:52:44,925 : VM2_cr6 Internal Event with logical clock 182 at system time 31.03
2023-03-08 12:52:45,097 : VM2_cr6 Internal Event with logical clock 183 at system time 31.20
2023-03-08 12:52:45,267 : VM2_cr6 Internal Event with logical clock 184 at system time 31.37
2023-03-08 12:52:45,439 : VM2_cr6 Received Message VM1_cr4:182 with queue size 0 and internal logic clock 185 at system time 31.54
2023-03-08 12:52:45,439 : VM2_cr6 Internal Event with logical clock 185 at system time 31.54
2023-03-08 12:52:45,611 : VM2_cr6 Internal Event with logical clock 186 at system time 31.72
2023-03-08 12:52:45,781 : VM2_cr6 Internal Event with logical clock 187 at system time 31.89
2023-03-08 12:52:45,953 : VM2_cr6 Received Message 186 with queue size 0 and internal logic clock 188 at system time 32.06
2023-03-08 12:52:45,953 : VM2_cr6 Internal Event with logical clock 188 at system time 32.06
2023-03-08 12:52:46,125 : VM2_cr6 Internal Event with logical clock 189 at system time 32.23
2023-03-08 12:52:46,295 : VM2_cr6 Internal Event with logical clock 190 at system time 32.40
2023-03-08 12:52:46,467 : VM2_cr6 send message VM2_cr6:191 to VM1 at system time 32.57
2023-03-08 12:52:46,638 : VM2_cr6 send message VM2_cr6:192 to both other VMs at system time 32.74
2023-03-08 12:52:46,805 : VM2_cr6 Send Message VM2_cr6:193 to VM0 at system time 32.91
2023-03-08 12:52:46,977 : VM2_cr6 Internal Event with logical clock 194 at system time 33.08
2023-03-08 12:52:47,148 : VM2_cr6 Internal Event with logical clock 195 at system time 33.25
2023-03-08 12:52:47,320 : VM2_cr6 Received Message VM1_cr4:194 with queue size 0 and internal logic clock 196 at system time 33.43
2023-03-08 12:52:47,320 : VM2_cr6 send message VM2_cr6:196 to both other VMs at system time 33.43
2023-03-08 12:52:47,492 : VM2_cr6 Internal Event with logical clock 197 at system time 33.60
2023-03-08 12:52:47,663 : VM2_cr6 Received Message 196 with queue size 1 and internal logic clock 198 at system time 33.77
2023-03-08 12:52:47,664 : VM2_cr6 send message VM2_cr6:198 to both other VMs at system time 33.77
2023-03-08 12:52:47,832 : VM2_cr6 Received Message 197 with queue size 0 and internal logic clock 199 at system time 33.94
2023-03-08 12:52:47,832 : VM2_cr6 Send Message VM2_cr6:199 to VM0 at system time 33.94
2023-03-08 12:52:48,001 : VM2_cr6 Received Message VM0_cr5:198 with queue size 0 and internal logic clock 200 at system time 34.11
2023-03-08 12:52:48,001 : VM2_cr6 Internal Event with logical clock 200 at system time 34.11
2023-03-08 12:52:48,170 : VM2_cr6 Received Message 199 with queue size 0 and internal logic clock 201 at system time 34.28
2023-03-08 12:52:48,170 : VM2_cr6 Internal Event with logical clock 201 at system time 34.28
2023-03-08 12:52:48,342 : VM2_cr6 send message VM2_cr6:202 to VM1 at system time 34.45
2023-03-08 12:52:48,511 : VM2_cr6 Received Message VM1_cr4:202 with queue size 0 and internal logic clock 203 at system time 34.62
2023-03-08 12:52:48,512 : VM2_cr6 Internal Event with logical clock 203 at system time 34.62
2023-03-08 12:52:48,680 : VM2_cr6 Received Message 201 with queue size 0 and internal logic clock 204 at system time 34.79
2023-03-08 12:52:48,680 : VM2_cr6 send message VM2_cr6:204 to VM1 at system time 34.79
2023-03-08 12:52:48,850 : VM2_cr6 Internal Event with logical clock 205 at system time 34.96
2023-03-08 12:52:49,018 : VM2_cr6 Internal Event with logical clock 206 at system time 35.12
2023-03-08 12:52:49,189 : VM2_cr6 Internal Event with logical clock 207 at system time 35.29
2023-03-08 12:52:49,361 : VM2_cr6 Internal Event with logical clock 208 at system time 35.47
2023-03-08 12:52:49,532 : VM2_cr6 Internal Event with logical clock 209 at system time 35.64
2023-03-08 12:52:49,701 : VM2_cr6 Internal Event with logical clock 210 at system time 35.81
2023-03-08 12:52:49,873 : VM2_cr6 send message VM2_cr6:211 to both other VMs at system time 35.98
2023-03-08 12:52:50,041 : VM2_cr6 Internal Event with logical clock 212 at system time 36.15
2023-03-08 12:52:50,213 : VM2_cr6 Internal Event with logical clock 213 at system time 36.32
2023-03-08 12:52:50,384 : VM2_cr6 Internal Event with logical clock 214 at system time 36.49
2023-03-08 12:52:50,551 : VM2_cr6 send message VM2_cr6:215 to VM1 at system time 36.66
2023-03-08 12:52:50,723 : VM2_cr6 Received Message 214 with queue size 1 and internal logic clock 216 at system time 36.83
2023-03-08 12:52:50,724 : VM2_cr6 send message VM2_cr6:216 to VM1 at system time 36.83
2023-03-08 12:52:50,892 : VM2_cr6 Received Message VM1_cr4:215 with queue size 0 and internal logic clock 217 at system time 37.00
2023-03-08 12:52:50,893 : VM2_cr6 Internal Event with logical clock 217 at system time 37.00
2023-03-08 12:52:51,059 : VM2_cr6 Internal Event with logical clock 218 at system time 37.16
2023-03-08 12:52:51,230 : VM2_cr6 Received Message 217 with queue size 0 and internal logic clock 219 at system time 37.34
2023-03-08 12:52:51,231 : VM2_cr6 Internal Event with logical clock 219 at system time 37.34
2023-03-08 12:52:51,402 : VM2_cr6 Send Message VM2_cr6:220 to VM0 at system time 37.51
2023-03-08 12:52:51,572 : VM2_cr6 Internal Event with logical clock 221 at system time 37.68
2023-03-08 12:52:51,740 : VM2_cr6 Internal Event with logical clock 222 at system time 37.85
2023-03-08 12:52:51,911 : VM2_cr6 Internal Event with logical clock 223 at system time 38.02
2023-03-08 12:52:52,083 : VM2_cr6 Internal Event with logical clock 224 at system time 38.19
2023-03-08 12:52:52,250 : VM2_cr6 Received Message 221 with queue size 0 and internal logic clock 225 at system time 38.36
2023-03-08 12:52:52,250 : VM2_cr6 Internal Event with logical clock 225 at system time 38.36
2023-03-08 12:52:52,422 : VM2_cr6 Internal Event with logical clock 226 at system time 38.53
2023-03-08 12:52:52,591 : VM2_cr6 Received Message 222 with queue size 0 and internal logic clock 227 at system time 38.70
2023-03-08 12:52:52,592 : VM2_cr6 send message VM2_cr6:227 to both other VMs at system time 38.70
2023-03-08 12:52:52,763 : VM2_cr6 Internal Event with logical clock 228 at system time 38.87
2023-03-08 12:52:52,935 : VM2_cr6 send message VM2_cr6:229 to both other VMs at system time 39.04
2023-03-08 12:52:53,103 : VM2_cr6 Internal Event with logical clock 230 at system time 39.21
2023-03-08 12:52:53,270 : VM2_cr6 Internal Event with logical clock 231 at system time 39.38
2023-03-08 12:52:53,437 : VM2_cr6 Internal Event with logical clock 232 at system time 39.54
2023-03-08 12:52:53,609 : VM2_cr6 Internal Event with logical clock 233 at system time 39.71
2023-03-08 12:52:53,776 : VM2_cr6 send message VM2_cr6:234 to VM1 at system time 39.88
2023-03-08 12:52:53,948 : VM2_cr6 Received Message VM0_cr5:233 with queue size 0 and internal logic clock 235 at system time 40.05
2023-03-08 12:52:53,948 : VM2_cr6 Internal Event with logical clock 235 at system time 40.05
2023-03-08 12:52:54,114 : VM2_cr6 Send Message VM2_cr6:236 to VM0 at system time 40.22
2023-03-08 12:52:54,286 : VM2_cr6 send message VM2_cr6:237 to VM1 at system time 40.39
2023-03-08 12:52:54,458 : VM2_cr6 Send Message VM2_cr6:238 to VM0 at system time 40.56
2023-03-08 12:52:54,627 : VM2_cr6 Internal Event with logical clock 239 at system time 40.73
2023-03-08 12:52:54,796 : VM2_cr6 Received Message 238 with queue size 0 and internal logic clock 240 at system time 40.90
2023-03-08 12:52:54,796 : VM2_cr6 Internal Event with logical clock 240 at system time 40.90
2023-03-08 12:52:54,966 : VM2_cr6 Internal Event with logical clock 241 at system time 41.07
2023-03-08 12:52:55,134 : VM2_cr6 Internal Event with logical clock 242 at system time 41.24
2023-03-08 12:52:55,306 : VM2_cr6 Received Message 240 with queue size 0 and internal logic clock 243 at system time 41.41
2023-03-08 12:52:55,306 : VM2_cr6 Internal Event with logical clock 243 at system time 41.41
2023-03-08 12:52:55,478 : VM2_cr6 Internal Event with logical clock 244 at system time 41.58
2023-03-08 12:52:55,648 : VM2_cr6 send message VM2_cr6:245 to VM1 at system time 41.75
2023-03-08 12:52:55,820 : VM2_cr6 Received Message VM0_cr5:243 with queue size 0 and internal logic clock 246 at system time 41.93
2023-03-08 12:52:55,821 : VM2_cr6 Internal Event with logical clock 246 at system time 41.93
2023-03-08 12:52:55,990 : VM2_cr6 Received Message VM0_cr5:244 with queue size 0 and internal logic clock 247 at system time 42.10
2023-03-08 12:52:55,991 : VM2_cr6 Internal Event with logical clock 247 at system time 42.10
2023-03-08 12:52:56,157 : VM2_cr6 Internal Event with logical clock 248 at system time 42.26
2023-03-08 12:52:56,328 : VM2_cr6 Internal Event with logical clock 249 at system time 42.43
2023-03-08 12:52:56,500 : VM2_cr6 send message VM2_cr6:250 to VM1 at system time 42.61
2023-03-08 12:52:56,671 : VM2_cr6 Received Message 248 with queue size 0 and internal logic clock 251 at system time 42.78
2023-03-08 12:52:56,672 : VM2_cr6 Internal Event with logical clock 251 at system time 42.78
2023-03-08 12:52:56,838 : VM2_cr6 Internal Event with logical clock 252 at system time 42.94
2023-03-08 12:52:57,009 : VM2_cr6 Internal Event with logical clock 253 at system time 43.11
2023-03-08 12:52:57,176 : VM2_cr6 Internal Event with logical clock 254 at system time 43.28
2023-03-08 12:52:57,346 : VM2_cr6 Internal Event with logical clock 255 at system time 43.45
2023-03-08 12:52:57,516 : VM2_cr6 Internal Event with logical clock 256 at system time 43.62
2023-03-08 12:52:57,686 : VM2_cr6 Received Message VM1_cr4:253 with queue size 0 and internal logic clock 257 at system time 43.79
2023-03-08 12:52:57,686 : VM2_cr6 Internal Event with logical clock 257 at system time 43.79
2023-03-08 12:52:57,858 : VM2_cr6 Internal Event with logical clock 258 at system time 43.96
2023-03-08 12:52:58,026 : VM2_cr6 Internal Event with logical clock 259 at system time 44.13
2023-03-08 12:52:58,194 : VM2_cr6 Received Message 256 with queue size 0 and internal logic clock 260 at system time 44.30
2023-03-08 12:52:58,194 : VM2_cr6 Internal Event with logical clock 260 at system time 44.30
2023-03-08 12:52:58,366 : VM2_cr6 Internal Event with logical clock 261 at system time 44.47
2023-03-08 12:52:58,536 : VM2_cr6 Internal Event with logical clock 262 at system time 44.64
2023-03-08 12:52:58,708 : VM2_cr6 Internal Event with logical clock 263 at system time 44.81
2023-03-08 12:52:58,877 : VM2_cr6 Internal Event with logical clock 264 at system time 44.98
2023-03-08 12:52:59,049 : VM2_cr6 Internal Event with logical clock 265 at system time 45.15
2023-03-08 12:52:59,221 : VM2_cr6 Internal Event with logical clock 266 at system time 45.33
2023-03-08 12:52:59,392 : VM2_cr6 send message VM2_cr6:267 to VM1 at system time 45.50
2023-03-08 12:52:59,560 : VM2_cr6 Received Message 263 with queue size 0 and internal logic clock 268 at system time 45.67
2023-03-08 12:52:59,561 : VM2_cr6 send message VM2_cr6:268 to VM1 at system time 45.67
2023-03-08 12:52:59,728 : VM2_cr6 Received Message VM1_cr4:267 with queue size 0 and internal logic clock 269 at system time 45.83
2023-03-08 12:52:59,728 : VM2_cr6 Internal Event with logical clock 269 at system time 45.83
2023-03-08 12:52:59,895 : VM2_cr6 Internal Event with logical clock 270 at system time 46.00
2023-03-08 12:53:00,067 : VM2_cr6 Received Message VM0_cr5:265 with queue size 0 and internal logic clock 271 at system time 46.17
2023-03-08 12:53:00,068 : VM2_cr6 Internal Event with logical clock 271 at system time 46.17
2023-03-08 12:53:00,234 : VM2_cr6 send message VM2_cr6:272 to VM1 at system time 46.34
2023-03-08 12:53:00,406 : VM2_cr6 Received Message VM0_cr5:267 with queue size 1 and internal logic clock 273 at system time 46.51
2023-03-08 12:53:00,406 : VM2_cr6 send message VM2_cr6:273 to both other VMs at system time 46.51
2023-03-08 12:53:00,576 : VM2_cr6 Received Message VM1_cr4:270 with queue size 0 and internal logic clock 274 at system time 46.68
2023-03-08 12:53:00,577 : VM2_cr6 Internal Event with logical clock 274 at system time 46.68
2023-03-08 12:53:00,746 : VM2_cr6 Send Message VM2_cr6:275 to VM0 at system time 46.85
2023-03-08 12:53:00,916 : VM2_cr6 Internal Event with logical clock 276 at system time 47.02
2023-03-08 12:53:01,088 : VM2_cr6 Send Message VM2_cr6:277 to VM0 at system time 47.19
2023-03-08 12:53:01,256 : VM2_cr6 Internal Event with logical clock 278 at system time 47.36
2023-03-08 12:53:01,427 : VM2_cr6 Received Message VM1_cr4:275 with queue size 0 and internal logic clock 279 at system time 47.53
2023-03-08 12:53:01,427 : VM2_cr6 Internal Event with logical clock 279 at system time 47.53
2023-03-08 12:53:01,595 : VM2_cr6 Internal Event with logical clock 280 at system time 47.70
2023-03-08 12:53:01,763 : VM2_cr6 Received Message 278 with queue size 0 and internal logic clock 281 at system time 47.87
2023-03-08 12:53:01,763 : VM2_cr6 Internal Event with logical clock 281 at system time 47.87
2023-03-08 12:53:01,934 : VM2_cr6 Internal Event with logical clock 282 at system time 48.04
2023-03-08 12:53:02,106 : VM2_cr6 Internal Event with logical clock 283 at system time 48.21
2023-03-08 12:53:02,276 : VM2_cr6 send message VM2_cr6:284 to VM1 at system time 48.38
2023-03-08 12:53:02,446 : VM2_cr6 Internal Event with logical clock 285 at system time 48.55
2023-03-08 12:53:02,616 : VM2_cr6 Internal Event with logical clock 286 at system time 48.72
2023-03-08 12:53:02,787 : VM2_cr6 Internal Event with logical clock 287 at system time 48.89
2023-03-08 12:53:02,959 : VM2_cr6 Internal Event with logical clock 288 at system time 49.06
2023-03-08 12:53:03,126 : VM2_cr6 Received Message 286 with queue size 0 and internal logic clock 289 at system time 49.23
2023-03-08 12:53:03,127 : VM2_cr6 Send Message VM2_cr6:289 to VM0 at system time 49.23
2023-03-08 12:53:03,298 : VM2_cr6 Internal Event with logical clock 290 at system time 49.40
2023-03-08 12:53:03,469 : VM2_cr6 Internal Event with logical clock 291 at system time 49.57
2023-03-08 12:53:03,637 : VM2_cr6 send message VM2_cr6:292 to both other VMs at system time 49.74
2023-03-08 12:53:03,809 : VM2_cr6 Internal Event with logical clock 293 at system time 49.91
2023-03-08 12:53:03,976 : VM2_cr6 Internal Event with logical clock 294 at system time 50.08
2023-03-08 12:53:04,148 : VM2_cr6 Internal Event with logical clock 295 at system time 50.25
2023-03-08 12:53:04,319 : VM2_cr6 Received Message 294 with queue size 1 and internal logic clock 296 at system time 50.42
2023-03-08 12:53:04,320 : VM2_cr6 send message VM2_cr6:296 to VM1 at system time 50.43
2023-03-08 12:53:04,487 : VM2_cr6 Received Message VM0_cr5:294 with queue size 0 and internal logic clock 297 at system time 50.59
2023-03-08 12:53:04,487 : VM2_cr6 Send Message VM2_cr6:297 to VM0 at system time 50.59
2023-03-08 12:53:04,655 : VM2_cr6 Internal Event with logical clock 298 at system time 50.76
2023-03-08 12:53:04,822 : VM2_cr6 Internal Event with logical clock 299 at system time 50.93
2023-03-08 12:53:04,991 : VM2_cr6 send message VM2_cr6:300 to VM1 at system time 51.10
2023-03-08 12:53:05,162 : VM2_cr6 Internal Event with logical clock 301 at system time 51.27
2023-03-08 12:53:05,330 : VM2_cr6 Received Message VM0_cr5:300 with queue size 0 and internal logic clock 302 at system time 51.44
2023-03-08 12:53:05,331 : VM2_cr6 Internal Event with logical clock 302 at system time 51.44
2023-03-08 12:53:05,498 : VM2_cr6 Received Message VM1_cr4:301 with queue size 0 and internal logic clock 303 at system time 51.60
2023-03-08 12:53:05,498 : VM2_cr6 Internal Event with logical clock 303 at system time 51.60
2023-03-08 12:53:05,665 : VM2_cr6 Internal Event with logical clock 304 at system time 51.77
2023-03-08 12:53:05,832 : VM2_cr6 Internal Event with logical clock 305 at system time 51.94
2023-03-08 12:53:06,004 : VM2_cr6 Internal Event with logical clock 306 at system time 52.11
2023-03-08 12:53:06,176 : VM2_cr6 Internal Event with logical clock 307 at system time 52.28
2023-03-08 12:53:06,346 : VM2_cr6 send message VM2_cr6:308 to both other VMs at system time 52.45
2023-03-08 12:53:06,513 : VM2_cr6 Received Message 308 with queue size 0 and internal logic clock 309 at system time 52.62
2023-03-08 12:53:06,513 : VM2_cr6 Internal Event with logical clock 309 at system time 52.62
2023-03-08 12:53:06,683 : VM2_cr6 Internal Event with logical clock 310 at system time 52.79
2023-03-08 12:53:06,855 : VM2_cr6 Received Message VM1_cr4:309 with queue size 0 and internal logic clock 311 at system time 52.96
2023-03-08 12:53:06,863 : VM2_cr6 Internal Event with logical clock 311 at system time 52.97
2023-03-08 12:53:07,026 : VM2_cr6 Internal Event with logical clock 312 at system time 53.13
2023-03-08 12:53:07,198 : VM2_cr6 send message VM2_cr6:313 to both other VMs at system time 53.30
2023-03-08 12:53:07,370 : VM2_cr6 Internal Event with logical clock 314 at system time 53.48
2023-03-08 12:53:07,542 : VM2_cr6 Internal Event with logical clock 315 at system time 53.65
2023-03-08 12:53:07,713 : VM2_cr6 send message VM2_cr6:316 to both other VMs at system time 53.82
2023-03-08 12:53:07,885 : VM2_cr6 Internal Event with logical clock 317 at system time 53.99
2023-03-08 12:53:08,057 : VM2_cr6 Internal Event with logical clock 318 at system time 54.16
2023-03-08 12:53:08,229 : VM2_cr6 Received Message VM0_cr5:317 with queue size 0 and internal logic clock 319 at system time 54.33
2023-03-08 12:53:08,229 : VM2_cr6 Internal Event with logical clock 319 at system time 54.34
2023-03-08 12:53:08,400 : VM2_cr6 send message VM2_cr6:320 to VM1 at system time 54.51
2023-03-08 12:53:08,569 : VM2_cr6 Internal Event with logical clock 321 at system time 54.67
2023-03-08 12:53:08,738 : VM2_cr6 Received Message VM1_cr4:321 with queue size 0 and internal logic clock 322 at system time 54.84
2023-03-08 12:53:08,739 : VM2_cr6 Internal Event with logical clock 322 at system time 54.84
2023-03-08 12:53:08,910 : VM2_cr6 Internal Event with logical clock 323 at system time 55.02
2023-03-08 12:53:09,078 : VM2_cr6 Received Message 322 with queue size 0 and internal logic clock 324 at system time 55.18
2023-03-08 12:53:09,079 : VM2_cr6 Internal Event with logical clock 324 at system time 55.18
2023-03-08 12:53:09,249 : VM2_cr6 Received Message VM0_cr5:323 with queue size 0 and internal logic clock 325 at system time 55.35
2023-03-08 12:53:09,250 : VM2_cr6 send message VM2_cr6:325 to VM1 at system time 55.36
2023-03-08 12:53:09,421 : VM2_cr6 send message VM2_cr6:326 to both other VMs at system time 55.53
2023-03-08 12:53:09,593 : VM2_cr6 Received Message VM1_cr4:325 with queue size 0 and internal logic clock 327 at system time 55.70
2023-03-08 12:53:09,594 : VM2_cr6 Internal Event with logical clock 327 at system time 55.70
2023-03-08 12:53:09,762 : VM2_cr6 send message VM2_cr6:328 to both other VMs at system time 55.87
2023-03-08 12:53:09,934 : VM2_cr6 Internal Event with logical clock 329 at system time 56.04
2023-03-08 12:53:10,106 : VM2_cr6 Send Message VM2_cr6:330 to VM0 at system time 56.21
2023-03-08 12:53:10,275 : VM2_cr6 Internal Event with logical clock 331 at system time 56.38
2023-03-08 12:53:10,447 : VM2_cr6 Internal Event with logical clock 332 at system time 56.55
2023-03-08 12:53:10,619 : VM2_cr6 Internal Event with logical clock 333 at system time 56.72
2023-03-08 12:53:10,791 : VM2_cr6 Received Message VM0_cr5:332 with queue size 1 and internal logic clock 334 at system time 56.90
2023-03-08 12:53:10,791 : VM2_cr6 send message VM2_cr6:334 to VM1 at system time 56.90
2023-03-08 12:53:10,962 : VM2_cr6 Received Message 331 with queue size 0 and internal logic clock 335 at system time 57.07
2023-03-08 12:53:10,963 : VM2_cr6 Internal Event with logical clock 335 at system time 57.07
2023-03-08 12:53:11,134 : VM2_cr6 Received Message VM0_cr5:334 with queue size 0 and internal logic clock 336 at system time 57.24
2023-03-08 12:53:11,135 : VM2_cr6 Internal Event with logical clock 336 at system time 57.24
2023-03-08 12:53:11,305 : VM2_cr6 Internal Event with logical clock 337 at system time 57.41
2023-03-08 12:53:11,477 : VM2_cr6 Send Message VM2_cr6:338 to VM0 at system time 57.58
2023-03-08 12:53:11,649 : VM2_cr6 Internal Event with logical clock 339 at system time 57.75
2023-03-08 12:53:11,821 : VM2_cr6 Internal Event with logical clock 340 at system time 57.93
2023-03-08 12:53:11,992 : VM2_cr6 Internal Event with logical clock 341 at system time 58.10
2023-03-08 12:53:12,164 : VM2_cr6 Received Message 338 with queue size 0 and internal logic clock 342 at system time 58.27
2023-03-08 12:53:12,165 : VM2_cr6 Internal Event with logical clock 342 at system time 58.27
2023-03-08 12:53:12,336 : VM2_cr6 Internal Event with logical clock 343 at system time 58.44
2023-03-08 12:53:12,508 : VM2_cr6 Received Message VM0_cr5:342 with queue size 0 and internal logic clock 344 at system time 58.61
2023-03-08 12:53:12,508 : VM2_cr6 Internal Event with logical clock 344 at system time 58.61
2023-03-08 12:53:12,679 : VM2_cr6 Internal Event with logical clock 345 at system time 58.79
2023-03-08 12:53:12,847 : VM2_cr6 Internal Event with logical clock 346 at system time 58.95
2023-03-08 12:53:13,019 : VM2_cr6 send message VM2_cr6:347 to both other VMs at system time 59.12
2023-03-08 12:53:13,191 : VM2_cr6 Internal Event with logical clock 348 at system time 59.30
2023-03-08 12:53:13,362 : VM2_cr6 Internal Event with logical clock 349 at system time 59.47
2023-03-08 12:53:13,531 : VM2_cr6 Internal Event with logical clock 350 at system time 59.64
2023-03-08 12:53:13,699 : VM2_cr6 Received Message VM1_cr4:348 with queue size 0 and internal logic clock 351 at system time 59.80
2023-03-08 12:53:13,699 : VM2_cr6 Internal Event with logical clock 351 at system time 59.81
2023-03-08 12:53:13,871 : VM2_cr6 send message VM2_cr6:352 to both other VMs at system time 59.98
2023-03-08 12:53:14,038 : VM2_cr6 Internal Event with logical clock 353 at system time 60.14
2023-03-08 12:53:14,205 : VM2_cr6 Received Message VM1_cr4:352 with queue size 1 and internal logic clock 354 at system time 60.31
2023-03-08 12:53:14,206 : VM2_cr6 Internal Event with logical clock 354 at system time 60.31
2023-03-08 12:53:14,373 : VM2_cr6 Received Message 353 with queue size 0 and internal logic clock 355 at system time 60.48
2023-03-08 12:53:14,374 : VM2_cr6 Internal Event with logical clock 355 at system time 60.48
2023-03-08 12:53:14,545 : VM2_cr6 Received Message 354 with queue size 0 and internal logic clock 356 at system time 60.65
2023-03-08 12:53:14,546 : VM2_cr6 Internal Event with logical clock 356 at system time 60.65
2023-03-08 12:53:14,717 : VM2_cr6 Internal Event with logical clock 357 at system time 60.82
2023-03-08 12:53:14,889 : VM2_cr6 Internal Event with logical clock 358 at system time 60.99
2023-03-08 12:53:15,060 : VM2_cr6 Internal Event with logical clock 359 at system time 61.17
