2023-03-08 12:00:17,535 : VM2_cr4 listening on port 4098
2023-03-08 12:00:18,536 : VM2_cr4 has incoming connection from VM1 on 127.0.0.1 port on 4098.
2023-03-08 12:00:18,540 : VM2_cr4 connected to VM0 on 127.0.0.1 port on 4096.
2023-03-08 12:00:18,541 : VM2_cr4 Internal Event with logical clock 0 at system time 0.000
2023-03-08 12:00:18,796 : VM2_cr4 Internal Event with logical clock 1 at system time 0.255
2023-03-08 12:00:19,051 : VM2_cr4 Internal Event with logical clock 2 at system time 0.510
2023-03-08 12:00:19,302 : VM2_cr4 Internal Event with logical clock 3 at system time 0.761
2023-03-08 12:00:19,555 : VM2_cr4 Received Message VM1_cr6:5 with queue size 0 and internal logic clock 4 at system time 1.014
2023-03-08 12:00:19,556 : VM2_cr4 Internal Event with logical clock 5 at system time 1.015
2023-03-08 12:00:19,810 : VM2_cr4 Internal Event with logical clock 6 at system time 1.269
2023-03-08 12:00:20,065 : VM2_cr4 Received Message VM1_cr6:8 with queue size 0 and internal logic clock 7 at system time 1.524
2023-03-08 12:00:20,066 : VM2_cr4 Internal Event with logical clock 8 at system time 1.525
2023-03-08 12:00:20,321 : VM2_cr4 Received Message VM1_cr6:9 with queue size 1 and internal logic clock 9 at system time 1.779
2023-03-08 12:00:20,321 : VM2_cr4 send message VM2_cr4:9 to both other VMs at system time 1.780
2023-03-08 12:00:20,575 : VM2_cr4 Received Message 10 with queue size 0 and internal logic clock 10 at system time 2.034
2023-03-08 12:00:20,576 : VM2_cr4 Internal Event with logical clock 10 at system time 2.035
2023-03-08 12:00:20,827 : VM2_cr4 Internal Event with logical clock 11 at system time 2.286
2023-03-08 12:00:21,082 : VM2_cr4 Received Message VM1_cr6:14 with queue size 0 and internal logic clock 12 at system time 2.541
2023-03-08 12:00:21,083 : VM2_cr4 Send Message VM2_cr4:14 to VM0 at system time 2.542
2023-03-08 12:00:21,336 : VM2_cr4 Internal Event with logical clock 15 at system time 2.795
2023-03-08 12:00:21,590 : VM2_cr4 Internal Event with logical clock 16 at system time 3.049
2023-03-08 12:00:21,842 : VM2_cr4 Internal Event with logical clock 17 at system time 3.300
2023-03-08 12:00:22,097 : VM2_cr4 Received Message 20 with queue size 0 and internal logic clock 18 at system time 3.556
2023-03-08 12:00:22,098 : VM2_cr4 Internal Event with logical clock 20 at system time 3.557
2023-03-08 12:00:22,351 : VM2_cr4 Received Message VM1_cr6:22 with queue size 0 and internal logic clock 21 at system time 3.810
2023-03-08 12:00:22,352 : VM2_cr4 send message VM2_cr4:22 to VM1 at system time 3.811
2023-03-08 12:00:22,605 : VM2_cr4 Internal Event with logical clock 23 at system time 4.064
2023-03-08 12:00:22,860 : VM2_cr4 Internal Event with logical clock 24 at system time 4.319
2023-03-08 12:00:23,115 : VM2_cr4 Internal Event with logical clock 25 at system time 4.574
2023-03-08 12:00:23,368 : VM2_cr4 Internal Event with logical clock 26 at system time 4.827
2023-03-08 12:00:23,623 : VM2_cr4 Received Message VM1_cr6:29 with queue size 0 and internal logic clock 27 at system time 5.082
2023-03-08 12:00:23,624 : VM2_cr4 Internal Event with logical clock 29 at system time 5.082
2023-03-08 12:00:23,875 : VM2_cr4 Internal Event with logical clock 30 at system time 5.334
2023-03-08 12:00:24,126 : VM2_cr4 Internal Event with logical clock 31 at system time 5.585
2023-03-08 12:00:24,381 : VM2_cr4 Internal Event with logical clock 32 at system time 5.840
2023-03-08 12:00:24,634 : VM2_cr4 Internal Event with logical clock 33 at system time 6.093
2023-03-08 12:00:24,889 : VM2_cr4 Internal Event with logical clock 34 at system time 6.348
2023-03-08 12:00:25,145 : VM2_cr4 Send Message VM2_cr4:35 to VM0 at system time 6.603
2023-03-08 12:00:25,396 : VM2_cr4 Received Message 39 with queue size 0 and internal logic clock 36 at system time 6.855
2023-03-08 12:00:25,397 : VM2_cr4 Internal Event with logical clock 39 at system time 6.856
2023-03-08 12:00:25,649 : VM2_cr4 Received Message 39 with queue size 0 and internal logic clock 40 at system time 7.108
2023-03-08 12:00:25,650 : VM2_cr4 Internal Event with logical clock 40 at system time 7.109
2023-03-08 12:00:25,902 : VM2_cr4 Internal Event with logical clock 41 at system time 7.361
2023-03-08 12:00:26,157 : VM2_cr4 Send Message VM2_cr4:42 to VM0 at system time 7.616
2023-03-08 12:00:26,412 : VM2_cr4 Received Message 45 with queue size 0 and internal logic clock 43 at system time 7.871
2023-03-08 12:00:26,413 : VM2_cr4 Internal Event with logical clock 45 at system time 7.872
2023-03-08 12:00:26,667 : VM2_cr4 Received Message 47 with queue size 0 and internal logic clock 46 at system time 8.125
2023-03-08 12:00:26,667 : VM2_cr4 Internal Event with logical clock 47 at system time 8.126
2023-03-08 12:00:26,922 : VM2_cr4 Received Message VM1_cr6:48 with queue size 0 and internal logic clock 48 at system time 8.380
2023-03-08 12:00:26,922 : VM2_cr4 Internal Event with logical clock 48 at system time 8.381
2023-03-08 12:00:27,176 : VM2_cr4 Received Message VM0_cr3:47 with queue size 1 and internal logic clock 49 at system time 8.635
2023-03-08 12:00:27,176 : VM2_cr4 Internal Event with logical clock 49 at system time 8.635
2023-03-08 12:00:27,431 : VM2_cr4 Received Message 50 with queue size 1 and internal logic clock 50 at system time 8.890
2023-03-08 12:00:27,431 : VM2_cr4 Internal Event with logical clock 50 at system time 8.890
2023-03-08 12:00:27,685 : VM2_cr4 Received Message VM1_cr6:52 with queue size 0 and internal logic clock 51 at system time 9.144
2023-03-08 12:00:27,686 : VM2_cr4 Send Message VM2_cr4:52 to VM0 at system time 9.145
2023-03-08 12:00:27,939 : VM2_cr4 Internal Event with logical clock 53 at system time 9.398
2023-03-08 12:00:28,194 : VM2_cr4 Internal Event with logical clock 54 at system time 9.653
2023-03-08 12:00:28,449 : VM2_cr4 Received Message VM1_cr6:57 with queue size 0 and internal logic clock 55 at system time 9.908
2023-03-08 12:00:28,449 : VM2_cr4 Internal Event with logical clock 57 at system time 9.908
2023-03-08 12:00:28,704 : VM2_cr4 Internal Event with logical clock 58 at system time 10.16
2023-03-08 12:00:28,958 : VM2_cr4 Received Message VM1_cr6:61 with queue size 0 and internal logic clock 59 at system time 10.41
2023-03-08 12:00:28,958 : VM2_cr4 Internal Event with logical clock 61 at system time 10.41
2023-03-08 12:00:29,213 : VM2_cr4 Received Message VM1_cr6:62 with queue size 0 and internal logic clock 62 at system time 10.67
2023-03-08 12:00:29,213 : VM2_cr4 send message VM2_cr4:62 to VM1 at system time 10.67
2023-03-08 12:00:29,468 : VM2_cr4 Internal Event with logical clock 63 at system time 10.92
2023-03-08 12:00:29,718 : VM2_cr4 Received Message VM0_cr3:59 with queue size 0 and internal logic clock 64 at system time 11.17
2023-03-08 12:00:29,719 : VM2_cr4 Internal Event with logical clock 64 at system time 11.17
2023-03-08 12:00:29,969 : VM2_cr4 Received Message 66 with queue size 0 and internal logic clock 65 at system time 11.42
2023-03-08 12:00:29,970 : VM2_cr4 Internal Event with logical clock 66 at system time 11.42
2023-03-08 12:00:30,222 : VM2_cr4 Received Message VM0_cr3:66 with queue size 0 and internal logic clock 67 at system time 11.68
2023-03-08 12:00:30,223 : VM2_cr4 Internal Event with logical clock 67 at system time 11.68
2023-03-08 12:00:30,477 : VM2_cr4 Internal Event with logical clock 68 at system time 11.93
2023-03-08 12:00:30,732 : VM2_cr4 Send Message VM2_cr4:69 to VM0 at system time 12.19
2023-03-08 12:00:30,984 : VM2_cr4 Received Message VM1_cr6:72 with queue size 0 and internal logic clock 70 at system time 12.44
2023-03-08 12:00:30,985 : VM2_cr4 Internal Event with logical clock 72 at system time 12.44
2023-03-08 12:00:31,238 : VM2_cr4 Send Message VM2_cr4:73 to VM0 at system time 12.69
2023-03-08 12:00:31,493 : VM2_cr4 Internal Event with logical clock 74 at system time 12.95
2023-03-08 12:00:31,748 : VM2_cr4 Received Message 77 with queue size 1 and internal logic clock 75 at system time 13.20
2023-03-08 12:00:31,748 : VM2_cr4 Internal Event with logical clock 77 at system time 13.20
2023-03-08 12:00:32,003 : VM2_cr4 Received Message 75 with queue size 1 and internal logic clock 78 at system time 13.46
2023-03-08 12:00:32,003 : VM2_cr4 Internal Event with logical clock 78 at system time 13.46
2023-03-08 12:00:32,258 : VM2_cr4 Received Message 78 with queue size 0 and internal logic clock 79 at system time 13.71
2023-03-08 12:00:32,258 : VM2_cr4 Internal Event with logical clock 79 at system time 13.71
2023-03-08 12:00:32,512 : VM2_cr4 Internal Event with logical clock 80 at system time 13.97
2023-03-08 12:00:32,767 : VM2_cr4 Received Message 82 with queue size 0 and internal logic clock 81 at system time 14.22
2023-03-08 12:00:32,768 : VM2_cr4 Internal Event with logical clock 82 at system time 14.22
2023-03-08 12:00:33,021 : VM2_cr4 Received Message 84 with queue size 0 and internal logic clock 83 at system time 14.48
2023-03-08 12:00:33,021 : VM2_cr4 send message VM2_cr4:84 to VM1 at system time 14.48
2023-03-08 12:00:33,273 : VM2_cr4 Internal Event with logical clock 85 at system time 14.73
2023-03-08 12:00:33,528 : VM2_cr4 send message VM2_cr4:86 to VM1 at system time 14.98
2023-03-08 12:00:33,782 : VM2_cr4 Send Message VM2_cr4:87 to VM0 at system time 15.24
2023-03-08 12:00:34,037 : VM2_cr4 Internal Event with logical clock 88 at system time 15.49
2023-03-08 12:00:34,289 : VM2_cr4 Received Message VM1_cr6:92 with queue size 0 and internal logic clock 89 at system time 15.74
2023-03-08 12:00:34,290 : VM2_cr4 Internal Event with logical clock 92 at system time 15.74
2023-03-08 12:00:34,543 : VM2_cr4 Internal Event with logical clock 93 at system time 16.00
2023-03-08 12:00:34,796 : VM2_cr4 send message VM2_cr4:94 to VM1 at system time 16.25
2023-03-08 12:00:35,051 : VM2_cr4 Internal Event with logical clock 95 at system time 16.51
2023-03-08 12:00:35,302 : VM2_cr4 Received Message 98 with queue size 0 and internal logic clock 96 at system time 16.76
2023-03-08 12:00:35,302 : VM2_cr4 Internal Event with logical clock 98 at system time 16.76
2023-03-08 12:00:35,555 : VM2_cr4 send message VM2_cr4:99 to both other VMs at system time 17.01
2023-03-08 12:00:35,806 : VM2_cr4 Internal Event with logical clock 100 at system time 17.26
2023-03-08 12:00:36,058 : VM2_cr4 Internal Event with logical clock 101 at system time 17.51
2023-03-08 12:00:36,309 : VM2_cr4 Internal Event with logical clock 102 at system time 17.76
2023-03-08 12:00:36,561 : VM2_cr4 send message VM2_cr4:103 to VM1 at system time 18.02
2023-03-08 12:00:36,816 : VM2_cr4 Received Message VM1_cr6:106 with queue size 0 and internal logic clock 104 at system time 18.27
2023-03-08 12:00:36,816 : VM2_cr4 Internal Event with logical clock 106 at system time 18.27
2023-03-08 12:00:37,071 : VM2_cr4 Received Message 108 with queue size 0 and internal logic clock 107 at system time 18.53
2023-03-08 12:00:37,071 : VM2_cr4 Internal Event with logical clock 108 at system time 18.53
2023-03-08 12:00:37,326 : VM2_cr4 Received Message VM0_cr3:108 with queue size 1 and internal logic clock 109 at system time 18.78
2023-03-08 12:00:37,326 : VM2_cr4 Internal Event with logical clock 109 at system time 18.78
2023-03-08 12:00:37,580 : VM2_cr4 Received Message VM1_cr6:110 with queue size 0 and internal logic clock 110 at system time 19.03
2023-03-08 12:00:37,581 : VM2_cr4 Internal Event with logical clock 110 at system time 19.04
2023-03-08 12:00:37,835 : VM2_cr4 Send Message VM2_cr4:111 to VM0 at system time 19.29
2023-03-08 12:00:38,090 : VM2_cr4 send message VM2_cr4:112 to both other VMs at system time 19.54
2023-03-08 12:00:38,340 : VM2_cr4 Internal Event with logical clock 113 at system time 19.79
2023-03-08 12:00:38,596 : VM2_cr4 Internal Event with logical clock 114 at system time 20.05
2023-03-08 12:00:38,848 : VM2_cr4 send message VM2_cr4:115 to both other VMs at system time 20.30
2023-03-08 12:00:39,098 : VM2_cr4 Internal Event with logical clock 116 at system time 20.55
2023-03-08 12:00:39,351 : VM2_cr4 Received Message 122 with queue size 0 and internal logic clock 117 at system time 20.81
2023-03-08 12:00:39,352 : VM2_cr4 send message VM2_cr4:122 to VM1 at system time 20.81
2023-03-08 12:00:39,604 : VM2_cr4 Received Message 123 with queue size 0 and internal logic clock 123 at system time 21.06
2023-03-08 12:00:39,605 : VM2_cr4 Internal Event with logical clock 123 at system time 21.06
2023-03-08 12:00:39,855 : VM2_cr4 Received Message 122 with queue size 0 and internal logic clock 124 at system time 21.31
2023-03-08 12:00:39,856 : VM2_cr4 Internal Event with logical clock 124 at system time 21.31
2023-03-08 12:00:40,110 : VM2_cr4 Internal Event with logical clock 125 at system time 21.56
2023-03-08 12:00:40,361 : VM2_cr4 Received Message VM1_cr6:128 with queue size 0 and internal logic clock 126 at system time 21.82
2023-03-08 12:00:40,362 : VM2_cr4 send message VM2_cr4:128 to VM1 at system time 21.82
2023-03-08 12:00:40,611 : VM2_cr4 Send Message VM2_cr4:129 to VM0 at system time 22.07
2023-03-08 12:00:40,862 : VM2_cr4 send message VM2_cr4:130 to both other VMs at system time 22.32
2023-03-08 12:00:41,117 : VM2_cr4 Internal Event with logical clock 131 at system time 22.57
2023-03-08 12:00:41,370 : VM2_cr4 Received Message VM1_cr6:134 with queue size 0 and internal logic clock 132 at system time 22.82
2023-03-08 12:00:41,371 : VM2_cr4 Send Message VM2_cr4:134 to VM0 at system time 22.83
2023-03-08 12:00:41,622 : VM2_cr4 Received Message VM1_cr6:135 with queue size 0 and internal logic clock 135 at system time 23.08
2023-03-08 12:00:41,622 : VM2_cr4 Internal Event with logical clock 135 at system time 23.08
2023-03-08 12:00:41,877 : VM2_cr4 send message VM2_cr4:136 to both other VMs at system time 23.33
2023-03-08 12:00:42,131 : VM2_cr4 Internal Event with logical clock 137 at system time 23.59
2023-03-08 12:00:42,381 : VM2_cr4 Received Message 140 with queue size 0 and internal logic clock 138 at system time 23.84
2023-03-08 12:00:42,382 : VM2_cr4 Internal Event with logical clock 140 at system time 23.84
2023-03-08 12:00:42,635 : VM2_cr4 Internal Event with logical clock 141 at system time 24.09
2023-03-08 12:00:42,888 : VM2_cr4 Received Message 141 with queue size 0 and internal logic clock 142 at system time 24.34
2023-03-08 12:00:42,888 : VM2_cr4 Internal Event with logical clock 142 at system time 24.34
2023-03-08 12:00:43,139 : VM2_cr4 Internal Event with logical clock 143 at system time 24.59
2023-03-08 12:00:43,394 : VM2_cr4 Received Message VM1_cr6:145 with queue size 0 and internal logic clock 144 at system time 24.85
2023-03-08 12:00:43,395 : VM2_cr4 Internal Event with logical clock 145 at system time 24.85
2023-03-08 12:00:43,645 : VM2_cr4 Internal Event with logical clock 146 at system time 25.10
2023-03-08 12:00:43,896 : VM2_cr4 Internal Event with logical clock 147 at system time 25.35
2023-03-08 12:00:44,151 : VM2_cr4 Received Message 150 with queue size 0 and internal logic clock 148 at system time 25.61
2023-03-08 12:00:44,151 : VM2_cr4 Internal Event with logical clock 150 at system time 25.61
2023-03-08 12:00:44,406 : VM2_cr4 Send Message VM2_cr4:151 to VM0 at system time 25.86
2023-03-08 12:00:44,659 : VM2_cr4 send message VM2_cr4:152 to both other VMs at system time 26.11
2023-03-08 12:00:44,914 : VM2_cr4 Internal Event with logical clock 153 at system time 26.37
2023-03-08 12:00:45,164 : VM2_cr4 Internal Event with logical clock 154 at system time 26.62
2023-03-08 12:00:45,415 : VM2_cr4 Internal Event with logical clock 155 at system time 26.87
2023-03-08 12:00:45,665 : VM2_cr4 Internal Event with logical clock 156 at system time 27.12
2023-03-08 12:00:45,918 : VM2_cr4 Received Message 160 with queue size 0 and internal logic clock 157 at system time 27.37
2023-03-08 12:00:45,919 : VM2_cr4 Internal Event with logical clock 160 at system time 27.37
2023-03-08 12:00:46,169 : VM2_cr4 Received Message 162 with queue size 0 and internal logic clock 161 at system time 27.62
2023-03-08 12:00:46,169 : VM2_cr4 Internal Event with logical clock 162 at system time 27.62
2023-03-08 12:00:46,424 : VM2_cr4 Internal Event with logical clock 163 at system time 27.88
2023-03-08 12:00:46,675 : VM2_cr4 Received Message VM1_cr6:164 with queue size 0 and internal logic clock 164 at system time 28.13
2023-03-08 12:00:46,675 : VM2_cr4 Internal Event with logical clock 164 at system time 28.13
2023-03-08 12:00:46,930 : VM2_cr4 Internal Event with logical clock 165 at system time 28.38
2023-03-08 12:00:47,183 : VM2_cr4 Received Message 168 with queue size 0 and internal logic clock 166 at system time 28.64
2023-03-08 12:00:47,183 : VM2_cr4 send message VM2_cr4:168 to both other VMs at system time 28.64
2023-03-08 12:00:47,438 : VM2_cr4 Received Message 168 with queue size 0 and internal logic clock 169 at system time 28.89
2023-03-08 12:00:47,439 : VM2_cr4 Internal Event with logical clock 169 at system time 28.89
2023-03-08 12:00:47,693 : VM2_cr4 Internal Event with logical clock 170 at system time 29.15
2023-03-08 12:00:47,948 : VM2_cr4 Internal Event with logical clock 171 at system time 29.40
2023-03-08 12:00:48,203 : VM2_cr4 Received Message VM0_cr3:171 with queue size 0 and internal logic clock 172 at system time 29.66
2023-03-08 12:00:48,203 : VM2_cr4 Internal Event with logical clock 172 at system time 29.66
2023-03-08 12:00:48,458 : VM2_cr4 send message VM2_cr4:173 to VM1 at system time 29.91
2023-03-08 12:00:48,710 : VM2_cr4 Internal Event with logical clock 174 at system time 30.16
2023-03-08 12:00:48,961 : VM2_cr4 send message VM2_cr4:175 to both other VMs at system time 30.42
2023-03-08 12:00:49,213 : VM2_cr4 Received Message VM1_cr6:179 with queue size 2 and internal logic clock 176 at system time 30.67
2023-03-08 12:00:49,213 : VM2_cr4 send message VM2_cr4:179 to both other VMs at system time 30.67
2023-03-08 12:00:49,465 : VM2_cr4 Received Message VM1_cr6:180 with queue size 1 and internal logic clock 180 at system time 30.92
2023-03-08 12:00:49,465 : VM2_cr4 Internal Event with logical clock 180 at system time 30.92
2023-03-08 12:00:49,717 : VM2_cr4 Received Message VM0_cr3:175 with queue size 0 and internal logic clock 181 at system time 31.17
2023-03-08 12:00:49,718 : VM2_cr4 Internal Event with logical clock 181 at system time 31.17
2023-03-08 12:00:49,972 : VM2_cr4 send message VM2_cr4:182 to both other VMs at system time 31.43
2023-03-08 12:00:50,223 : VM2_cr4 send message VM2_cr4:183 to both other VMs at system time 31.68
2023-03-08 12:00:50,478 : VM2_cr4 send message VM2_cr4:184 to both other VMs at system time 31.93
2023-03-08 12:00:50,732 : VM2_cr4 Internal Event with logical clock 185 at system time 32.19
2023-03-08 12:00:50,985 : VM2_cr4 Received Message 190 with queue size 0 and internal logic clock 186 at system time 32.44
2023-03-08 12:00:50,985 : VM2_cr4 Internal Event with logical clock 190 at system time 32.44
2023-03-08 12:00:51,236 : VM2_cr4 Internal Event with logical clock 191 at system time 32.69
2023-03-08 12:00:51,489 : VM2_cr4 Internal Event with logical clock 192 at system time 32.94
2023-03-08 12:00:51,740 : VM2_cr4 Internal Event with logical clock 193 at system time 33.19
2023-03-08 12:00:51,994 : VM2_cr4 Received Message VM0_cr3:192 with queue size 0 and internal logic clock 194 at system time 33.45
2023-03-08 12:00:51,994 : VM2_cr4 Internal Event with logical clock 194 at system time 33.45
2023-03-08 12:00:52,248 : VM2_cr4 Internal Event with logical clock 195 at system time 33.70
2023-03-08 12:00:52,498 : VM2_cr4 Internal Event with logical clock 196 at system time 33.95
2023-03-08 12:00:52,753 : VM2_cr4 Send Message VM2_cr4:197 to VM0 at system time 34.21
2023-03-08 12:00:53,008 : VM2_cr4 Internal Event with logical clock 198 at system time 34.46
2023-03-08 12:00:53,264 : VM2_cr4 Received Message 204 with queue size 0 and internal logic clock 199 at system time 34.72
2023-03-08 12:00:53,264 : VM2_cr4 Send Message VM2_cr4:204 to VM0 at system time 34.72
2023-03-08 12:00:53,518 : VM2_cr4 send message VM2_cr4:205 to VM1 at system time 34.97
2023-03-08 12:00:53,774 : VM2_cr4 Received Message VM1_cr6:206 with queue size 0 and internal logic clock 206 at system time 35.23
2023-03-08 12:00:53,775 : VM2_cr4 Internal Event with logical clock 206 at system time 35.23
2023-03-08 12:00:54,029 : VM2_cr4 Internal Event with logical clock 207 at system time 35.48
2023-03-08 12:00:54,282 : VM2_cr4 Received Message VM0_cr3:206 with queue size 0 and internal logic clock 208 at system time 35.74
2023-03-08 12:00:54,283 : VM2_cr4 Internal Event with logical clock 208 at system time 35.74
2023-03-08 12:00:54,534 : VM2_cr4 Received Message VM1_cr6:211 with queue size 0 and internal logic clock 209 at system time 35.99
2023-03-08 12:00:54,535 : VM2_cr4 Internal Event with logical clock 211 at system time 35.99
2023-03-08 12:00:54,787 : VM2_cr4 Received Message VM1_cr6:213 with queue size 0 and internal logic clock 212 at system time 36.24
2023-03-08 12:00:54,788 : VM2_cr4 Internal Event with logical clock 213 at system time 36.24
2023-03-08 12:00:55,042 : VM2_cr4 Internal Event with logical clock 214 at system time 36.50
2023-03-08 12:00:55,294 : VM2_cr4 Internal Event with logical clock 215 at system time 36.75
2023-03-08 12:00:55,545 : VM2_cr4 Internal Event with logical clock 216 at system time 37.00
2023-03-08 12:00:55,799 : VM2_cr4 Internal Event with logical clock 217 at system time 37.25
2023-03-08 12:00:56,054 : VM2_cr4 Internal Event with logical clock 218 at system time 37.51
2023-03-08 12:00:56,309 : VM2_cr4 Internal Event with logical clock 219 at system time 37.76
2023-03-08 12:00:56,560 : VM2_cr4 Internal Event with logical clock 220 at system time 38.01
2023-03-08 12:00:56,816 : VM2_cr4 Internal Event with logical clock 221 at system time 38.27
2023-03-08 12:00:57,067 : VM2_cr4 Received Message VM0_cr3:224 with queue size 0 and internal logic clock 222 at system time 38.52
2023-03-08 12:00:57,068 : VM2_cr4 send message VM2_cr4:224 to VM1 at system time 38.52
2023-03-08 12:00:57,322 : VM2_cr4 Received Message 225 with queue size 0 and internal logic clock 225 at system time 38.78
2023-03-08 12:00:57,323 : VM2_cr4 Internal Event with logical clock 225 at system time 38.78
2023-03-08 12:00:57,577 : VM2_cr4 send message VM2_cr4:226 to VM1 at system time 39.03
2023-03-08 12:00:57,832 : VM2_cr4 Received Message 230 with queue size 0 and internal logic clock 227 at system time 39.29
2023-03-08 12:00:57,832 : VM2_cr4 Internal Event with logical clock 230 at system time 39.29
2023-03-08 12:00:58,087 : VM2_cr4 Received Message VM0_cr3:230 with queue size 1 and internal logic clock 231 at system time 39.54
2023-03-08 12:00:58,087 : VM2_cr4 Internal Event with logical clock 231 at system time 39.54
2023-03-08 12:00:58,342 : VM2_cr4 Received Message 232 with queue size 0 and internal logic clock 232 at system time 39.80
2023-03-08 12:00:58,342 : VM2_cr4 Internal Event with logical clock 232 at system time 39.80
2023-03-08 12:00:58,597 : VM2_cr4 Send Message VM2_cr4:233 to VM0 at system time 40.05
2023-03-08 12:00:58,852 : VM2_cr4 Send Message VM2_cr4:234 to VM0 at system time 40.31
2023-03-08 12:00:59,107 : VM2_cr4 Received Message 237 with queue size 0 and internal logic clock 235 at system time 40.56
2023-03-08 12:00:59,108 : VM2_cr4 send message VM2_cr4:237 to both other VMs at system time 40.56
2023-03-08 12:00:59,358 : VM2_cr4 Send Message VM2_cr4:238 to VM0 at system time 40.81
2023-03-08 12:00:59,613 : VM2_cr4 Internal Event with logical clock 239 at system time 41.07
2023-03-08 12:00:59,863 : VM2_cr4 Received Message 238 with queue size 1 and internal logic clock 240 at system time 41.32
2023-03-08 12:00:59,864 : VM2_cr4 Internal Event with logical clock 240 at system time 41.32
2023-03-08 12:01:00,118 : VM2_cr4 Received Message VM1_cr6:242 with queue size 1 and internal logic clock 241 at system time 41.57
2023-03-08 12:01:00,119 : VM2_cr4 Internal Event with logical clock 242 at system time 41.57
2023-03-08 12:01:00,373 : VM2_cr4 Received Message 239 with queue size 2 and internal logic clock 243 at system time 41.83
2023-03-08 12:01:00,373 : VM2_cr4 send message VM2_cr4:243 to VM1 at system time 41.83
2023-03-08 12:01:00,626 : VM2_cr4 Received Message 245 with queue size 1 and internal logic clock 244 at system time 42.08
2023-03-08 12:01:00,626 : VM2_cr4 Send Message VM2_cr4:245 to VM0 at system time 42.08
2023-03-08 12:01:00,881 : VM2_cr4 Received Message VM0_cr3:240 with queue size 1 and internal logic clock 246 at system time 42.34
2023-03-08 12:01:00,881 : VM2_cr4 Send Message VM2_cr4:246 to VM0 at system time 42.34
2023-03-08 12:01:01,134 : VM2_cr4 Received Message 245 with queue size 0 and internal logic clock 247 at system time 42.59
2023-03-08 12:01:01,134 : VM2_cr4 Internal Event with logical clock 247 at system time 42.59
2023-03-08 12:01:01,389 : VM2_cr4 Internal Event with logical clock 248 at system time 42.84
2023-03-08 12:01:01,644 : VM2_cr4 Received Message VM1_cr6:253 with queue size 0 and internal logic clock 249 at system time 43.10
2023-03-08 12:01:01,644 : VM2_cr4 Internal Event with logical clock 253 at system time 43.10
2023-03-08 12:01:01,899 : VM2_cr4 Internal Event with logical clock 254 at system time 43.35
2023-03-08 12:01:02,154 : VM2_cr4 Internal Event with logical clock 255 at system time 43.61
2023-03-08 12:01:02,409 : VM2_cr4 Internal Event with logical clock 256 at system time 43.86
2023-03-08 12:01:02,664 : VM2_cr4 Received Message 251 with queue size 0 and internal logic clock 257 at system time 44.12
2023-03-08 12:01:02,665 : VM2_cr4 Internal Event with logical clock 257 at system time 44.12
2023-03-08 12:01:02,919 : VM2_cr4 Internal Event with logical clock 258 at system time 44.37
2023-03-08 12:01:03,172 : VM2_cr4 Received Message 252 with queue size 0 and internal logic clock 259 at system time 44.63
2023-03-08 12:01:03,173 : VM2_cr4 Internal Event with logical clock 259 at system time 44.63
2023-03-08 12:01:03,427 : VM2_cr4 Internal Event with logical clock 260 at system time 44.88
2023-03-08 12:01:03,683 : VM2_cr4 Received Message VM1_cr6:264 with queue size 0 and internal logic clock 261 at system time 45.14
2023-03-08 12:01:03,683 : VM2_cr4 send message VM2_cr4:264 to both other VMs at system time 45.14
2023-03-08 12:01:03,938 : VM2_cr4 send message VM2_cr4:265 to both other VMs at system time 45.39
2023-03-08 12:01:04,189 : VM2_cr4 Received Message 264 with queue size 0 and internal logic clock 266 at system time 45.64
2023-03-08 12:01:04,190 : VM2_cr4 Internal Event with logical clock 266 at system time 45.64
2023-03-08 12:01:04,445 : VM2_cr4 Internal Event with logical clock 267 at system time 45.90
2023-03-08 12:01:04,696 : VM2_cr4 Received Message VM0_cr3:268 with queue size 0 and internal logic clock 268 at system time 46.15
2023-03-08 12:01:04,697 : VM2_cr4 Send Message VM2_cr4:268 to VM0 at system time 46.15
2023-03-08 12:01:04,951 : VM2_cr4 Internal Event with logical clock 269 at system time 46.41
2023-03-08 12:01:05,204 : VM2_cr4 Internal Event with logical clock 270 at system time 46.66
2023-03-08 12:01:05,458 : VM2_cr4 Received Message VM0_cr3:270 with queue size 0 and internal logic clock 271 at system time 46.91
2023-03-08 12:01:05,458 : VM2_cr4 Internal Event with logical clock 271 at system time 46.91
2023-03-08 12:01:05,709 : VM2_cr4 Received Message VM1_cr6:276 with queue size 0 and internal logic clock 272 at system time 47.16
2023-03-08 12:01:05,710 : VM2_cr4 Internal Event with logical clock 276 at system time 47.16
2023-03-08 12:01:05,963 : VM2_cr4 Internal Event with logical clock 277 at system time 47.42
2023-03-08 12:01:06,215 : VM2_cr4 Received Message VM1_cr6:279 with queue size 1 and internal logic clock 278 at system time 47.67
2023-03-08 12:01:06,215 : VM2_cr4 Internal Event with logical clock 279 at system time 47.67
2023-03-08 12:01:06,466 : VM2_cr4 Received Message 280 with queue size 0 and internal logic clock 280 at system time 47.92
2023-03-08 12:01:06,466 : VM2_cr4 Internal Event with logical clock 280 at system time 47.92
2023-03-08 12:01:06,719 : VM2_cr4 Internal Event with logical clock 281 at system time 48.17
2023-03-08 12:01:06,970 : VM2_cr4 Internal Event with logical clock 282 at system time 48.42
2023-03-08 12:01:07,221 : VM2_cr4 Internal Event with logical clock 283 at system time 48.68
2023-03-08 12:01:07,471 : VM2_cr4 Received Message VM1_cr6:287 with queue size 1 and internal logic clock 284 at system time 48.93
2023-03-08 12:01:07,472 : VM2_cr4 send message VM2_cr4:287 to both other VMs at system time 48.93
2023-03-08 12:01:07,722 : VM2_cr4 Received Message 283 with queue size 0 and internal logic clock 288 at system time 49.18
2023-03-08 12:01:07,723 : VM2_cr4 Internal Event with logical clock 288 at system time 49.18
2023-03-08 12:01:07,976 : VM2_cr4 Send Message VM2_cr4:289 to VM0 at system time 49.43
2023-03-08 12:01:08,228 : VM2_cr4 send message VM2_cr4:290 to both other VMs at system time 49.68
2023-03-08 12:01:08,479 : VM2_cr4 Received Message VM1_cr6:292 with queue size 2 and internal logic clock 291 at system time 49.93
2023-03-08 12:01:08,479 : VM2_cr4 Internal Event with logical clock 292 at system time 49.93
2023-03-08 12:01:08,733 : VM2_cr4 Received Message 290 with queue size 2 and internal logic clock 293 at system time 50.19
2023-03-08 12:01:08,734 : VM2_cr4 send message VM2_cr4:293 to both other VMs at system time 50.19
2023-03-08 12:01:08,984 : VM2_cr4 Received Message 293 with queue size 1 and internal logic clock 294 at system time 50.44
2023-03-08 12:01:08,996 : VM2_cr4 send message VM2_cr4:294 to both other VMs at system time 50.45
2023-03-08 12:01:09,239 : VM2_cr4 Received Message VM1_cr6:295 with queue size 0 and internal logic clock 295 at system time 50.69
2023-03-08 12:01:09,240 : VM2_cr4 Internal Event with logical clock 295 at system time 50.69
2023-03-08 12:01:09,494 : VM2_cr4 Received Message 298 with queue size 0 and internal logic clock 296 at system time 50.95
2023-03-08 12:01:09,505 : VM2_cr4 send message VM2_cr4:298 to both other VMs at system time 50.96
2023-03-08 12:01:09,744 : VM2_cr4 Received Message 300 with queue size 0 and internal logic clock 299 at system time 51.20
2023-03-08 12:01:09,745 : VM2_cr4 Send Message VM2_cr4:300 to VM0 at system time 51.20
2023-03-08 12:01:09,999 : VM2_cr4 Internal Event with logical clock 301 at system time 51.45
2023-03-08 12:01:10,251 : VM2_cr4 Received Message VM1_cr6:303 with queue size 0 and internal logic clock 302 at system time 51.71
2023-03-08 12:01:10,251 : VM2_cr4 Internal Event with logical clock 303 at system time 51.71
2023-03-08 12:01:10,505 : VM2_cr4 Received Message VM1_cr6:305 with queue size 0 and internal logic clock 304 at system time 51.96
2023-03-08 12:01:10,506 : VM2_cr4 Internal Event with logical clock 305 at system time 51.96
2023-03-08 12:01:10,760 : VM2_cr4 Internal Event with logical clock 306 at system time 52.21
2023-03-08 12:01:11,015 : VM2_cr4 Received Message VM1_cr6:308 with queue size 0 and internal logic clock 307 at system time 52.47
2023-03-08 12:01:11,016 : VM2_cr4 send message VM2_cr4:308 to VM1 at system time 52.47
2023-03-08 12:01:11,269 : VM2_cr4 Received Message 309 with queue size 0 and internal logic clock 309 at system time 52.72
2023-03-08 12:01:11,270 : VM2_cr4 Internal Event with logical clock 309 at system time 52.72
2023-03-08 12:01:11,523 : VM2_cr4 send message VM2_cr4:310 to both other VMs at system time 52.98
2023-03-08 12:01:11,778 : VM2_cr4 Received Message 312 with queue size 0 and internal logic clock 311 at system time 53.23
2023-03-08 12:01:11,779 : VM2_cr4 Internal Event with logical clock 312 at system time 53.23
2023-03-08 12:01:12,033 : VM2_cr4 Internal Event with logical clock 313 at system time 53.49
2023-03-08 12:01:12,286 : VM2_cr4 Received Message 312 with queue size 1 and internal logic clock 314 at system time 53.74
2023-03-08 12:01:12,287 : VM2_cr4 Internal Event with logical clock 314 at system time 53.74
2023-03-08 12:01:12,541 : VM2_cr4 Received Message 315 with queue size 1 and internal logic clock 315 at system time 54.00
2023-03-08 12:01:12,541 : VM2_cr4 Internal Event with logical clock 315 at system time 54.00
2023-03-08 12:01:12,796 : VM2_cr4 Received Message 316 with queue size 1 and internal logic clock 316 at system time 54.25
2023-03-08 12:01:12,797 : VM2_cr4 Send Message VM2_cr4:316 to VM0 at system time 54.25
2023-03-08 12:01:13,050 : VM2_cr4 Received Message VM0_cr3:316 with queue size 0 and internal logic clock 317 at system time 54.50
2023-03-08 12:01:13,051 : VM2_cr4 Internal Event with logical clock 317 at system time 54.51
2023-03-08 12:01:13,305 : VM2_cr4 Internal Event with logical clock 318 at system time 54.76
2023-03-08 12:01:13,558 : VM2_cr4 Received Message 322 with queue size 1 and internal logic clock 319 at system time 55.01
2023-03-08 12:01:13,558 : VM2_cr4 Internal Event with logical clock 322 at system time 55.01
2023-03-08 12:01:13,813 : VM2_cr4 Received Message 323 with queue size 0 and internal logic clock 323 at system time 55.27
2023-03-08 12:01:13,814 : VM2_cr4 send message VM2_cr4:323 to VM1 at system time 55.27
2023-03-08 12:01:14,065 : VM2_cr4 send message VM2_cr4:324 to VM1 at system time 55.52
2023-03-08 12:01:14,319 : VM2_cr4 send message VM2_cr4:325 to both other VMs at system time 55.77
2023-03-08 12:01:14,572 : VM2_cr4 Internal Event with logical clock 326 at system time 56.03
2023-03-08 12:01:14,828 : VM2_cr4 Received Message VM0_cr3:326 with queue size 0 and internal logic clock 327 at system time 56.28
2023-03-08 12:01:14,828 : VM2_cr4 Internal Event with logical clock 327 at system time 56.28
2023-03-08 12:01:15,082 : VM2_cr4 Internal Event with logical clock 328 at system time 56.54
2023-03-08 12:01:15,338 : VM2_cr4 Internal Event with logical clock 329 at system time 56.79
2023-03-08 12:01:15,593 : VM2_cr4 Internal Event with logical clock 330 at system time 57.05
2023-03-08 12:01:15,848 : VM2_cr4 Received Message 335 with queue size 0 and internal logic clock 331 at system time 57.30
2023-03-08 12:01:15,848 : VM2_cr4 send message VM2_cr4:335 to both other VMs at system time 57.30
2023-03-08 12:01:16,103 : VM2_cr4 Internal Event with logical clock 336 at system time 57.56
2023-03-08 12:01:16,353 : VM2_cr4 Received Message 339 with queue size 0 and internal logic clock 337 at system time 57.81
2023-03-08 12:01:16,354 : VM2_cr4 Internal Event with logical clock 339 at system time 57.81
2023-03-08 12:01:16,607 : VM2_cr4 Received Message VM1_cr6:340 with queue size 0 and internal logic clock 340 at system time 58.06
2023-03-08 12:01:16,607 : VM2_cr4 Internal Event with logical clock 340 at system time 58.06
2023-03-08 12:01:16,858 : VM2_cr4 Internal Event with logical clock 341 at system time 58.31
2023-03-08 12:01:17,113 : VM2_cr4 Send Message VM2_cr4:342 to VM0 at system time 58.57
2023-03-08 12:01:17,366 : VM2_cr4 send message VM2_cr4:343 to VM1 at system time 58.82
2023-03-08 12:01:17,623 : VM2_cr4 Received Message 346 with queue size 0 and internal logic clock 344 at system time 59.08
2023-03-08 12:01:17,623 : VM2_cr4 Internal Event with logical clock 346 at system time 59.08
2023-03-08 12:01:17,874 : VM2_cr4 Internal Event with logical clock 347 at system time 59.33
2023-03-08 12:01:18,125 : VM2_cr4 Send Message VM2_cr4:348 to VM0 at system time 59.58
2023-03-08 12:01:18,380 : VM2_cr4 Internal Event with logical clock 349 at system time 59.83
2023-03-08 12:01:18,635 : VM2_cr4 Received Message 350 with queue size 0 and internal logic clock 350 at system time 60.09
2023-03-08 12:01:18,636 : VM2_cr4 Send Message VM2_cr4:350 to VM0 at system time 60.09
2023-03-08 12:01:18,888 : VM2_cr4 Received Message VM1_cr6:354 with queue size 1 and internal logic clock 351 at system time 60.34
2023-03-08 12:01:18,888 : VM2_cr4 Internal Event with logical clock 354 at system time 60.34
2023-03-08 12:01:19,143 : VM2_cr4 Received Message VM0_cr3:351 with queue size 1 and internal logic clock 355 at system time 60.60
2023-03-08 12:01:19,143 : VM2_cr4 send message VM2_cr4:355 to both other VMs at system time 60.60
