2023-03-10 10:19:27,519 : VM1_cr6 listening on port 4097
2023-03-10 10:19:30,520 : VM1_cr6 has incoming connection from VM0 on 127.0.0.1 port on 4097.
2023-03-10 10:19:30,524 : VM1_cr6 connected to VM2 on 127.0.0.1 port on 4098.
2023-03-10 10:19:30,525 : VM1_cr6 Send Message VM1_cr6:0 to VM2 at system time 0.000
2023-03-10 10:19:30,697 : VM1_cr6 Received Message VM0_cr6:0 with queue size 0 and internal logic clock 1 at system time 0.172
2023-03-10 10:19:30,868 : VM1_cr6 Internal Event with logical clock 2 at system time 0.343
2023-03-10 10:19:31,038 : VM1_cr6 Internal Event with logical clock 3 at system time 0.513
2023-03-10 10:19:31,205 : VM1_cr6 Internal Event with logical clock 4 at system time 0.680
2023-03-10 10:19:31,377 : VM1_cr6 Send Message VM1_cr6:5 to VM2 at system time 0.852
2023-03-10 10:19:31,546 : VM1_cr6 Received Message VM0_cr6:5 with queue size 0 and internal logic clock 6 at system time 1.021
2023-03-10 10:19:31,716 : VM1_cr6 Internal Event with logical clock 7 at system time 1.191
2023-03-10 10:19:31,888 : VM1_cr6 Received Message VM2_cr4:6 with queue size 0 and internal logic clock 8 at system time 1.362
2023-03-10 10:19:32,055 : VM1_cr6 Received Message VM2_cr4:7 with queue size 0 and internal logic clock 9 at system time 1.530
2023-03-10 10:19:32,227 : VM1_cr6 Internal Event with logical clock 10 at system time 1.702
2023-03-10 10:19:32,399 : VM1_cr6 Received Message VM0_cr6:11 with queue size 0 and internal logic clock 11 at system time 1.873
2023-03-10 10:19:32,569 : VM1_cr6 Received Message 11 with queue size 0 and internal logic clock 12 at system time 2.044
2023-03-10 10:19:32,736 : VM1_cr6 Internal Event with logical clock 13 at system time 2.211
2023-03-10 10:19:32,905 : VM1_cr6 Received Message VM2_cr4:12 with queue size 0 and internal logic clock 14 at system time 2.380
2023-03-10 10:19:33,072 : VM1_cr6 Internal Event with logical clock 15 at system time 2.547
2023-03-10 10:19:33,242 : VM1_cr6 Received Message 15 with queue size 0 and internal logic clock 16 at system time 2.717
2023-03-10 10:19:33,414 : VM1_cr6 Received Message 16 with queue size 0 and internal logic clock 17 at system time 2.889
2023-03-10 10:19:33,586 : VM1_cr6 Internal Event with logical clock 18 at system time 3.060
2023-03-10 10:19:33,757 : VM1_cr6 Internal Event with logical clock 19 at system time 3.231
2023-03-10 10:19:33,928 : VM1_cr6 Internal Event with logical clock 20 at system time 3.402
2023-03-10 10:19:34,095 : VM1_cr6 Internal Event with logical clock 21 at system time 3.570
2023-03-10 10:19:34,267 : VM1_cr6 Internal Event with logical clock 22 at system time 3.742
2023-03-10 10:19:34,439 : VM1_cr6 Received Message 22 with queue size 0 and internal logic clock 23 at system time 3.913
2023-03-10 10:19:34,610 : VM1_cr6 Internal Event with logical clock 24 at system time 4.085
2023-03-10 10:19:34,781 : VM1_cr6 Received Message 24 with queue size 0 and internal logic clock 25 at system time 4.256
2023-03-10 10:19:34,953 : VM1_cr6 Internal Event with logical clock 26 at system time 4.427
2023-03-10 10:19:35,124 : VM1_cr6 send message VM1_cr6:27 to VM0 at system time 4.599
2023-03-10 10:19:35,296 : VM1_cr6 Internal Event with logical clock 28 at system time 4.771
2023-03-10 10:19:35,468 : VM1_cr6 Internal Event with logical clock 29 at system time 4.942
2023-03-10 10:19:35,639 : VM1_cr6 send message VM1_cr6:30 to both other VMs at system time 5.114
2023-03-10 10:19:35,807 : VM1_cr6 Received Message 30 with queue size 0 and internal logic clock 31 at system time 5.281
2023-03-10 10:19:35,976 : VM1_cr6 Internal Event with logical clock 32 at system time 5.451
2023-03-10 10:19:36,148 : VM1_cr6 Internal Event with logical clock 33 at system time 5.622
2023-03-10 10:19:36,319 : VM1_cr6 Internal Event with logical clock 34 at system time 5.794
2023-03-10 10:19:36,486 : VM1_cr6 send message VM1_cr6:35 to both other VMs at system time 5.961
2023-03-10 10:19:36,656 : VM1_cr6 Internal Event with logical clock 36 at system time 6.131
2023-03-10 10:19:36,826 : VM1_cr6 Received Message VM0_cr6:36 with queue size 0 and internal logic clock 37 at system time 6.301
2023-03-10 10:19:36,998 : VM1_cr6 Received Message VM2_cr4:36 with queue size 0 and internal logic clock 38 at system time 6.472
2023-03-10 10:19:37,169 : VM1_cr6 Received Message 37 with queue size 0 and internal logic clock 39 at system time 6.644
2023-03-10 10:19:37,341 : VM1_cr6 send message VM1_cr6:40 to both other VMs at system time 6.815
2023-03-10 10:19:37,512 : VM1_cr6 Internal Event with logical clock 41 at system time 6.986
2023-03-10 10:19:37,679 : VM1_cr6 Internal Event with logical clock 42 at system time 7.154
2023-03-10 10:19:37,851 : VM1_cr6 send message VM1_cr6:43 to VM0 at system time 7.326
2023-03-10 10:19:38,020 : VM1_cr6 Internal Event with logical clock 44 at system time 7.494
2023-03-10 10:19:38,189 : VM1_cr6 Received Message VM2_cr4:43 with queue size 0 and internal logic clock 45 at system time 7.664
2023-03-10 10:19:38,359 : VM1_cr6 Internal Event with logical clock 46 at system time 7.834
2023-03-10 10:19:38,531 : VM1_cr6 Internal Event with logical clock 47 at system time 8.005
2023-03-10 10:19:38,702 : VM1_cr6 Internal Event with logical clock 48 at system time 8.177
2023-03-10 10:19:38,874 : VM1_cr6 Internal Event with logical clock 49 at system time 8.349
2023-03-10 10:19:39,043 : VM1_cr6 send message VM1_cr6:50 to VM0 at system time 8.517
2023-03-10 10:19:39,214 : VM1_cr6 Internal Event with logical clock 51 at system time 8.689
2023-03-10 10:19:39,386 : VM1_cr6 Internal Event with logical clock 52 at system time 8.861
2023-03-10 10:19:39,554 : VM1_cr6 Received Message 52 with queue size 0 and internal logic clock 53 at system time 9.029
2023-03-10 10:19:39,723 : VM1_cr6 Send Message VM1_cr6:54 to VM2 at system time 9.198
2023-03-10 10:19:39,895 : VM1_cr6 Internal Event with logical clock 55 at system time 9.369
2023-03-10 10:19:40,064 : VM1_cr6 Internal Event with logical clock 56 at system time 9.539
2023-03-10 10:19:40,235 : VM1_cr6 Internal Event with logical clock 57 at system time 9.710
2023-03-10 10:19:40,407 : VM1_cr6 Internal Event with logical clock 58 at system time 9.882
2023-03-10 10:19:40,579 : VM1_cr6 Send Message VM1_cr6:59 to VM2 at system time 10.05
2023-03-10 10:19:40,748 : VM1_cr6 send message VM1_cr6:60 to both other VMs at system time 10.22
2023-03-10 10:19:40,920 : VM1_cr6 send message VM1_cr6:61 to VM0 at system time 10.39
2023-03-10 10:19:41,091 : VM1_cr6 Internal Event with logical clock 62 at system time 10.56
2023-03-10 10:19:41,263 : VM1_cr6 Received Message VM2_cr4:61 with queue size 0 and internal logic clock 63 at system time 10.73
2023-03-10 10:19:41,431 : VM1_cr6 Received Message 63 with queue size 0 and internal logic clock 64 at system time 10.90
2023-03-10 10:19:41,598 : VM1_cr6 Internal Event with logical clock 65 at system time 11.07
2023-03-10 10:19:41,767 : VM1_cr6 Received Message VM0_cr6:65 with queue size 0 and internal logic clock 66 at system time 11.24
2023-03-10 10:19:41,939 : VM1_cr6 Internal Event with logical clock 67 at system time 11.41
2023-03-10 10:19:42,110 : VM1_cr6 Internal Event with logical clock 68 at system time 11.58
2023-03-10 10:19:42,278 : VM1_cr6 send message VM1_cr6:69 to VM0 at system time 11.75
2023-03-10 10:19:42,450 : VM1_cr6 Internal Event with logical clock 70 at system time 11.92
2023-03-10 10:19:42,622 : VM1_cr6 send message VM1_cr6:71 to VM0 at system time 12.09
2023-03-10 10:19:42,790 : VM1_cr6 Internal Event with logical clock 72 at system time 12.26
2023-03-10 10:19:42,960 : VM1_cr6 Received Message VM0_cr6:72 with queue size 0 and internal logic clock 73 at system time 12.43
2023-03-10 10:19:43,131 : VM1_cr6 Internal Event with logical clock 74 at system time 12.60
2023-03-10 10:19:43,303 : VM1_cr6 Received Message 74 with queue size 0 and internal logic clock 75 at system time 12.77
2023-03-10 10:19:43,475 : VM1_cr6 Internal Event with logical clock 76 at system time 12.94
2023-03-10 10:19:43,642 : VM1_cr6 send message VM1_cr6:77 to VM0 at system time 13.11
2023-03-10 10:19:43,812 : VM1_cr6 send message VM1_cr6:78 to both other VMs at system time 13.28
2023-03-10 10:19:43,983 : VM1_cr6 Internal Event with logical clock 79 at system time 13.45
2023-03-10 10:19:44,155 : VM1_cr6 Received Message 79 with queue size 0 and internal logic clock 80 at system time 13.63
2023-03-10 10:19:44,323 : VM1_cr6 Send Message VM1_cr6:81 to VM2 at system time 13.79
2023-03-10 10:19:44,494 : VM1_cr6 Internal Event with logical clock 82 at system time 13.96
2023-03-10 10:19:44,666 : VM1_cr6 Received Message 82 with queue size 0 and internal logic clock 83 at system time 14.14
2023-03-10 10:19:44,836 : VM1_cr6 Internal Event with logical clock 84 at system time 14.31
2023-03-10 10:19:45,007 : VM1_cr6 Received Message 83 with queue size 0 and internal logic clock 85 at system time 14.48
2023-03-10 10:19:45,176 : VM1_cr6 Internal Event with logical clock 86 at system time 14.65
2023-03-10 10:19:45,347 : VM1_cr6 send message VM1_cr6:87 to VM0 at system time 14.82
2023-03-10 10:19:45,519 : VM1_cr6 Internal Event with logical clock 88 at system time 14.99
2023-03-10 10:19:45,685 : VM1_cr6 Internal Event with logical clock 89 at system time 15.16
2023-03-10 10:19:45,853 : VM1_cr6 send message VM1_cr6:90 to both other VMs at system time 15.32
2023-03-10 10:19:46,023 : VM1_cr6 Internal Event with logical clock 91 at system time 15.49
2023-03-10 10:19:46,191 : VM1_cr6 Internal Event with logical clock 92 at system time 15.66
2023-03-10 10:19:46,361 : VM1_cr6 Received Message VM2_cr4:91 with queue size 0 and internal logic clock 93 at system time 15.83
2023-03-10 10:19:46,530 : VM1_cr6 Internal Event with logical clock 94 at system time 16.00
2023-03-10 10:19:46,699 : VM1_cr6 Internal Event with logical clock 95 at system time 16.17
2023-03-10 10:19:46,870 : VM1_cr6 Internal Event with logical clock 96 at system time 16.34
2023-03-10 10:19:47,040 : VM1_cr6 Internal Event with logical clock 97 at system time 16.51
2023-03-10 10:19:47,209 : VM1_cr6 Received Message VM0_cr6:97 with queue size 0 and internal logic clock 98 at system time 16.68
2023-03-10 10:19:47,379 : VM1_cr6 Internal Event with logical clock 99 at system time 16.85
2023-03-10 10:19:47,551 : VM1_cr6 Received Message VM0_cr6:99 with queue size 0 and internal logic clock 100 at system time 17.02
2023-03-10 10:19:47,717 : VM1_cr6 send message VM1_cr6:101 to VM0 at system time 17.19
2023-03-10 10:19:47,886 : VM1_cr6 Internal Event with logical clock 102 at system time 17.36
2023-03-10 10:19:48,057 : VM1_cr6 Received Message 102 with queue size 0 and internal logic clock 103 at system time 17.53
2023-03-10 10:19:48,224 : VM1_cr6 Received Message VM0_cr6:103 with queue size 0 and internal logic clock 104 at system time 17.69
2023-03-10 10:19:48,395 : VM1_cr6 Received Message 104 with queue size 0 and internal logic clock 105 at system time 17.87
2023-03-10 10:19:48,566 : VM1_cr6 send message VM1_cr6:106 to VM0 at system time 18.04
2023-03-10 10:19:48,735 : VM1_cr6 Internal Event with logical clock 107 at system time 18.21
2023-03-10 10:19:48,907 : VM1_cr6 Received Message 107 with queue size 0 and internal logic clock 108 at system time 18.38
2023-03-10 10:19:49,074 : VM1_cr6 Internal Event with logical clock 109 at system time 18.54
2023-03-10 10:19:49,244 : VM1_cr6 Send Message VM1_cr6:110 to VM2 at system time 18.71
2023-03-10 10:19:49,414 : VM1_cr6 Internal Event with logical clock 111 at system time 18.88
2023-03-10 10:19:49,583 : VM1_cr6 send message VM1_cr6:112 to both other VMs at system time 19.05
2023-03-10 10:19:49,751 : VM1_cr6 Internal Event with logical clock 113 at system time 19.22
2023-03-10 10:19:49,921 : VM1_cr6 send message VM1_cr6:114 to both other VMs at system time 19.39
2023-03-10 10:19:50,093 : VM1_cr6 send message VM1_cr6:115 to VM0 at system time 19.56
2023-03-10 10:19:50,265 : VM1_cr6 Send Message VM1_cr6:116 to VM2 at system time 19.74
2023-03-10 10:19:50,435 : VM1_cr6 Internal Event with logical clock 117 at system time 19.91
2023-03-10 10:19:50,606 : VM1_cr6 Internal Event with logical clock 118 at system time 20.08
2023-03-10 10:19:50,778 : VM1_cr6 send message VM1_cr6:119 to both other VMs at system time 20.25
2023-03-10 10:19:50,947 : VM1_cr6 Internal Event with logical clock 120 at system time 20.42
2023-03-10 10:19:51,117 : VM1_cr6 send message VM1_cr6:121 to VM0 at system time 20.59
2023-03-10 10:19:51,286 : VM1_cr6 send message VM1_cr6:122 to both other VMs at system time 20.76
2023-03-10 10:19:51,457 : VM1_cr6 Internal Event with logical clock 123 at system time 20.93
2023-03-10 10:19:51,629 : VM1_cr6 Internal Event with logical clock 124 at system time 21.10
2023-03-10 10:19:51,801 : VM1_cr6 Internal Event with logical clock 125 at system time 21.27
2023-03-10 10:19:51,972 : VM1_cr6 send message VM1_cr6:126 to both other VMs at system time 21.44
2023-03-10 10:19:52,140 : VM1_cr6 Internal Event with logical clock 127 at system time 21.61
2023-03-10 10:19:52,311 : VM1_cr6 Received Message 127 with queue size 0 and internal logic clock 128 at system time 21.78
2023-03-10 10:19:52,483 : VM1_cr6 Received Message VM0_cr6:128 with queue size 0 and internal logic clock 129 at system time 21.95
2023-03-10 10:19:52,651 : VM1_cr6 Internal Event with logical clock 130 at system time 22.12
2023-03-10 10:19:52,822 : VM1_cr6 Received Message 129 with queue size 0 and internal logic clock 131 at system time 22.29
2023-03-10 10:19:52,991 : VM1_cr6 Internal Event with logical clock 132 at system time 22.46
2023-03-10 10:19:53,162 : VM1_cr6 send message VM1_cr6:133 to both other VMs at system time 22.63
2023-03-10 10:19:53,330 : VM1_cr6 send message VM1_cr6:134 to VM0 at system time 22.80
2023-03-10 10:19:53,499 : VM1_cr6 Internal Event with logical clock 135 at system time 22.97
2023-03-10 10:19:53,669 : VM1_cr6 send message VM1_cr6:136 to VM0 at system time 23.14
2023-03-10 10:19:53,840 : VM1_cr6 Internal Event with logical clock 137 at system time 23.31
2023-03-10 10:19:54,007 : VM1_cr6 Internal Event with logical clock 138 at system time 23.48
2023-03-10 10:19:54,179 : VM1_cr6 Internal Event with logical clock 139 at system time 23.65
2023-03-10 10:19:54,349 : VM1_cr6 Received Message VM2_cr4:137 with queue size 0 and internal logic clock 140 at system time 23.82
2023-03-10 10:19:54,521 : VM1_cr6 Received Message 141 with queue size 0 and internal logic clock 141 at system time 23.99
2023-03-10 10:19:54,692 : VM1_cr6 send message VM1_cr6:142 to both other VMs at system time 24.16
2023-03-10 10:19:54,864 : VM1_cr6 Send Message VM1_cr6:143 to VM2 at system time 24.33
2023-03-10 10:19:55,033 : VM1_cr6 Internal Event with logical clock 144 at system time 24.50
2023-03-10 10:19:55,205 : VM1_cr6 send message VM1_cr6:145 to both other VMs at system time 24.68
2023-03-10 10:19:55,374 : VM1_cr6 send message VM1_cr6:146 to VM0 at system time 24.84
2023-03-10 10:19:55,546 : VM1_cr6 Internal Event with logical clock 147 at system time 25.02
2023-03-10 10:19:55,718 : VM1_cr6 Internal Event with logical clock 148 at system time 25.19
2023-03-10 10:19:55,886 : VM1_cr6 Internal Event with logical clock 149 at system time 25.36
2023-03-10 10:19:56,057 : VM1_cr6 Send Message VM1_cr6:150 to VM2 at system time 25.53
2023-03-10 10:19:56,225 : VM1_cr6 Internal Event with logical clock 151 at system time 25.69
2023-03-10 10:19:56,396 : VM1_cr6 send message VM1_cr6:152 to both other VMs at system time 25.87
2023-03-10 10:19:56,565 : VM1_cr6 Send Message VM1_cr6:153 to VM2 at system time 26.04
2023-03-10 10:19:56,733 : VM1_cr6 Internal Event with logical clock 154 at system time 26.20
2023-03-10 10:19:56,900 : VM1_cr6 Received Message VM0_cr6:154 with queue size 0 and internal logic clock 155 at system time 26.37
2023-03-10 10:19:57,071 : VM1_cr6 Send Message VM1_cr6:156 to VM2 at system time 26.54
2023-03-10 10:19:57,241 : VM1_cr6 Internal Event with logical clock 157 at system time 26.71
2023-03-10 10:19:57,410 : VM1_cr6 Internal Event with logical clock 158 at system time 26.88
2023-03-10 10:19:57,578 : VM1_cr6 Received Message VM0_cr6:158 with queue size 0 and internal logic clock 159 at system time 27.05
2023-03-10 10:19:57,749 : VM1_cr6 Received Message 159 with queue size 0 and internal logic clock 160 at system time 27.22
2023-03-10 10:19:57,919 : VM1_cr6 Internal Event with logical clock 161 at system time 27.39
2023-03-10 10:19:58,086 : VM1_cr6 Internal Event with logical clock 162 at system time 27.56
2023-03-10 10:19:58,256 : VM1_cr6 Internal Event with logical clock 163 at system time 27.73
2023-03-10 10:19:58,428 : VM1_cr6 Send Message VM1_cr6:164 to VM2 at system time 27.90
2023-03-10 10:19:58,598 : VM1_cr6 Received Message 164 with queue size 0 and internal logic clock 165 at system time 28.07
2023-03-10 10:19:58,766 : VM1_cr6 send message VM1_cr6:166 to both other VMs at system time 28.24
2023-03-10 10:19:58,933 : VM1_cr6 send message VM1_cr6:167 to both other VMs at system time 28.40
2023-03-10 10:19:59,105 : VM1_cr6 Send Message VM1_cr6:168 to VM2 at system time 28.58
2023-03-10 10:19:59,276 : VM1_cr6 Internal Event with logical clock 169 at system time 28.75
2023-03-10 10:19:59,448 : VM1_cr6 Internal Event with logical clock 170 at system time 28.92
2023-03-10 10:19:59,616 : VM1_cr6 Internal Event with logical clock 171 at system time 29.09
2023-03-10 10:19:59,788 : VM1_cr6 Internal Event with logical clock 172 at system time 29.26
2023-03-10 10:19:59,960 : VM1_cr6 Received Message VM2_cr4:169 with queue size 0 and internal logic clock 173 at system time 29.43
2023-03-10 10:20:00,132 : VM1_cr6 Received Message VM0_cr6:173 with queue size 0 and internal logic clock 174 at system time 29.60
2023-03-10 10:20:00,303 : VM1_cr6 Received Message 174 with queue size 0 and internal logic clock 175 at system time 29.77
2023-03-10 10:20:00,475 : VM1_cr6 Received Message VM2_cr4:175 with queue size 0 and internal logic clock 176 at system time 29.94
2023-03-10 10:20:00,644 : VM1_cr6 Internal Event with logical clock 177 at system time 30.11
2023-03-10 10:20:00,811 : VM1_cr6 Send Message VM1_cr6:178 to VM2 at system time 30.28
2023-03-10 10:20:00,979 : VM1_cr6 Internal Event with logical clock 179 at system time 30.45
2023-03-10 10:20:01,147 : VM1_cr6 Internal Event with logical clock 180 at system time 30.62
2023-03-10 10:20:01,314 : VM1_cr6 Internal Event with logical clock 181 at system time 30.78
2023-03-10 10:20:01,481 : VM1_cr6 Send Message VM1_cr6:182 to VM2 at system time 30.95
2023-03-10 10:20:01,650 : VM1_cr6 Internal Event with logical clock 183 at system time 31.12
2023-03-10 10:20:01,821 : VM1_cr6 Received Message VM0_cr6:183 with queue size 0 and internal logic clock 184 at system time 31.29
2023-03-10 10:20:01,989 : VM1_cr6 Send Message VM1_cr6:185 to VM2 at system time 31.46
2023-03-10 10:20:02,161 : VM1_cr6 Received Message VM0_cr6:185 with queue size 0 and internal logic clock 186 at system time 31.63
2023-03-10 10:20:02,329 : VM1_cr6 Internal Event with logical clock 187 at system time 31.80
2023-03-10 10:20:02,501 : VM1_cr6 Received Message 187 with queue size 0 and internal logic clock 188 at system time 31.97
2023-03-10 10:20:02,672 : VM1_cr6 Internal Event with logical clock 189 at system time 32.14
2023-03-10 10:20:02,843 : VM1_cr6 Received Message 188 with queue size 0 and internal logic clock 190 at system time 32.31
2023-03-10 10:20:03,010 : VM1_cr6 Received Message 189 with queue size 0 and internal logic clock 191 at system time 32.48
2023-03-10 10:20:03,181 : VM1_cr6 Internal Event with logical clock 192 at system time 32.65
2023-03-10 10:20:03,348 : VM1_cr6 Internal Event with logical clock 193 at system time 32.82
2023-03-10 10:20:03,519 : VM1_cr6 Internal Event with logical clock 194 at system time 32.99
2023-03-10 10:20:03,689 : VM1_cr6 send message VM1_cr6:195 to VM0 at system time 33.16
2023-03-10 10:20:03,858 : VM1_cr6 Internal Event with logical clock 196 at system time 33.33
2023-03-10 10:20:04,030 : VM1_cr6 Internal Event with logical clock 197 at system time 33.50
2023-03-10 10:20:04,200 : VM1_cr6 Internal Event with logical clock 198 at system time 33.67
2023-03-10 10:20:04,372 : VM1_cr6 Internal Event with logical clock 199 at system time 33.84
2023-03-10 10:20:04,542 : VM1_cr6 Internal Event with logical clock 200 at system time 34.01
2023-03-10 10:20:04,711 : VM1_cr6 Internal Event with logical clock 201 at system time 34.18
2023-03-10 10:20:04,880 : VM1_cr6 Internal Event with logical clock 202 at system time 34.35
2023-03-10 10:20:05,050 : VM1_cr6 Internal Event with logical clock 203 at system time 34.52
2023-03-10 10:20:05,216 : VM1_cr6 Send Message VM1_cr6:204 to VM2 at system time 34.69
2023-03-10 10:20:05,384 : VM1_cr6 Received Message 204 with queue size 0 and internal logic clock 205 at system time 34.85
2023-03-10 10:20:05,554 : VM1_cr6 send message VM1_cr6:206 to VM0 at system time 35.02
2023-03-10 10:20:05,723 : VM1_cr6 Internal Event with logical clock 207 at system time 35.19
2023-03-10 10:20:05,890 : VM1_cr6 Internal Event with logical clock 208 at system time 35.36
2023-03-10 10:20:06,057 : VM1_cr6 Internal Event with logical clock 209 at system time 35.53
2023-03-10 10:20:06,228 : VM1_cr6 Received Message 209 with queue size 0 and internal logic clock 210 at system time 35.70
2023-03-10 10:20:06,397 : VM1_cr6 Internal Event with logical clock 211 at system time 35.87
2023-03-10 10:20:06,564 : VM1_cr6 send message VM1_cr6:212 to both other VMs at system time 36.03
2023-03-10 10:20:06,736 : VM1_cr6 Internal Event with logical clock 213 at system time 36.21
2023-03-10 10:20:06,903 : VM1_cr6 Internal Event with logical clock 214 at system time 36.37
2023-03-10 10:20:07,071 : VM1_cr6 Internal Event with logical clock 215 at system time 36.54
2023-03-10 10:20:07,243 : VM1_cr6 Received Message 215 with queue size 0 and internal logic clock 216 at system time 36.71
2023-03-10 10:20:07,410 : VM1_cr6 Received Message 216 with queue size 0 and internal logic clock 217 at system time 36.88
2023-03-10 10:20:07,582 : VM1_cr6 Internal Event with logical clock 218 at system time 37.05
2023-03-10 10:20:07,753 : VM1_cr6 send message VM1_cr6:219 to both other VMs at system time 37.22
2023-03-10 10:20:07,923 : VM1_cr6 Internal Event with logical clock 220 at system time 37.39
2023-03-10 10:20:08,091 : VM1_cr6 Received Message VM0_cr6:220 with queue size 0 and internal logic clock 221 at system time 37.56
2023-03-10 10:20:08,262 : VM1_cr6 Received Message 221 with queue size 0 and internal logic clock 222 at system time 37.73
2023-03-10 10:20:08,429 : VM1_cr6 Internal Event with logical clock 223 at system time 37.90
2023-03-10 10:20:08,599 : VM1_cr6 Internal Event with logical clock 224 at system time 38.07
2023-03-10 10:20:08,767 : VM1_cr6 Internal Event with logical clock 225 at system time 38.24
2023-03-10 10:20:08,937 : VM1_cr6 Send Message VM1_cr6:226 to VM2 at system time 38.41
2023-03-10 10:20:09,109 : VM1_cr6 Received Message 226 with queue size 0 and internal logic clock 227 at system time 38.58
2023-03-10 10:20:09,278 : VM1_cr6 Internal Event with logical clock 228 at system time 38.75
2023-03-10 10:20:09,447 : VM1_cr6 Received Message VM0_cr6:228 with queue size 0 and internal logic clock 229 at system time 38.92
2023-03-10 10:20:09,616 : VM1_cr6 Internal Event with logical clock 230 at system time 39.09
2023-03-10 10:20:09,785 : VM1_cr6 send message VM1_cr6:231 to VM0 at system time 39.26
2023-03-10 10:20:09,957 : VM1_cr6 Internal Event with logical clock 232 at system time 39.43
2023-03-10 10:20:10,127 : VM1_cr6 Internal Event with logical clock 233 at system time 39.60
2023-03-10 10:20:10,295 : VM1_cr6 send message VM1_cr6:234 to VM0 at system time 39.77
2023-03-10 10:20:10,467 : VM1_cr6 Internal Event with logical clock 235 at system time 39.94
2023-03-10 10:20:10,639 : VM1_cr6 Internal Event with logical clock 236 at system time 40.11
2023-03-10 10:20:10,811 : VM1_cr6 Internal Event with logical clock 237 at system time 40.28
2023-03-10 10:20:10,981 : VM1_cr6 Received Message VM2_cr4:235 with queue size 0 and internal logic clock 238 at system time 40.45
2023-03-10 10:20:11,152 : VM1_cr6 Internal Event with logical clock 239 at system time 40.62
2023-03-10 10:20:11,324 : VM1_cr6 Internal Event with logical clock 240 at system time 40.79
2023-03-10 10:20:11,495 : VM1_cr6 Internal Event with logical clock 241 at system time 40.97
2023-03-10 10:20:11,663 : VM1_cr6 Internal Event with logical clock 242 at system time 41.13
2023-03-10 10:20:11,830 : VM1_cr6 send message VM1_cr6:243 to VM0 at system time 41.30
2023-03-10 10:20:12,002 : VM1_cr6 Internal Event with logical clock 244 at system time 41.47
2023-03-10 10:20:12,172 : VM1_cr6 Internal Event with logical clock 245 at system time 41.64
2023-03-10 10:20:12,339 : VM1_cr6 Send Message VM1_cr6:246 to VM2 at system time 41.81
2023-03-10 10:20:12,507 : VM1_cr6 Internal Event with logical clock 247 at system time 41.98
2023-03-10 10:20:12,677 : VM1_cr6 Internal Event with logical clock 248 at system time 42.15
2023-03-10 10:20:12,848 : VM1_cr6 Internal Event with logical clock 249 at system time 42.32
2023-03-10 10:20:13,019 : VM1_cr6 Internal Event with logical clock 250 at system time 42.49
2023-03-10 10:20:13,190 : VM1_cr6 Internal Event with logical clock 251 at system time 42.66
2023-03-10 10:20:13,360 : VM1_cr6 Internal Event with logical clock 252 at system time 42.83
2023-03-10 10:20:13,531 : VM1_cr6 Internal Event with logical clock 253 at system time 43.00
2023-03-10 10:20:13,703 : VM1_cr6 Received Message VM2_cr4:251 with queue size 0 and internal logic clock 254 at system time 43.17
2023-03-10 10:20:13,874 : VM1_cr6 Received Message VM0_cr6:254 with queue size 0 and internal logic clock 255 at system time 43.34
2023-03-10 10:20:14,045 : VM1_cr6 Internal Event with logical clock 256 at system time 43.52
2023-03-10 10:20:14,213 : VM1_cr6 Internal Event with logical clock 257 at system time 43.68
2023-03-10 10:20:14,382 : VM1_cr6 Internal Event with logical clock 258 at system time 43.85
2023-03-10 10:20:14,550 : VM1_cr6 Internal Event with logical clock 259 at system time 44.02
2023-03-10 10:20:14,719 : VM1_cr6 Internal Event with logical clock 260 at system time 44.19
2023-03-10 10:20:14,890 : VM1_cr6 Internal Event with logical clock 261 at system time 44.36
2023-03-10 10:20:15,057 : VM1_cr6 Received Message 261 with queue size 0 and internal logic clock 262 at system time 44.53
2023-03-10 10:20:15,229 : VM1_cr6 send message VM1_cr6:263 to VM0 at system time 44.70
2023-03-10 10:20:15,401 : VM1_cr6 Send Message VM1_cr6:264 to VM2 at system time 44.87
2023-03-10 10:20:15,573 : VM1_cr6 Internal Event with logical clock 265 at system time 45.04
2023-03-10 10:20:15,741 : VM1_cr6 Received Message VM0_cr6:265 with queue size 0 and internal logic clock 266 at system time 45.21
2023-03-10 10:20:15,911 : VM1_cr6 Send Message VM1_cr6:267 to VM2 at system time 45.38
2023-03-10 10:20:16,081 : VM1_cr6 Received Message 267 with queue size 0 and internal logic clock 268 at system time 45.55
2023-03-10 10:20:16,253 : VM1_cr6 Internal Event with logical clock 269 at system time 45.72
2023-03-10 10:20:16,424 : VM1_cr6 Internal Event with logical clock 270 at system time 45.89
2023-03-10 10:20:16,596 : VM1_cr6 send message VM1_cr6:271 to VM0 at system time 46.07
2023-03-10 10:20:16,768 : VM1_cr6 Received Message 269 with queue size 0 and internal logic clock 272 at system time 46.24
2023-03-10 10:20:16,935 : VM1_cr6 send message VM1_cr6:273 to VM0 at system time 46.40
2023-03-10 10:20:17,106 : VM1_cr6 send message VM1_cr6:274 to VM0 at system time 46.58
2023-03-10 10:20:17,277 : VM1_cr6 Internal Event with logical clock 275 at system time 46.75
2023-03-10 10:20:17,447 : VM1_cr6 send message VM1_cr6:276 to VM0 at system time 46.92
2023-03-10 10:20:17,619 : VM1_cr6 Internal Event with logical clock 277 at system time 47.09
2023-03-10 10:20:17,791 : VM1_cr6 Send Message VM1_cr6:278 to VM2 at system time 47.26
2023-03-10 10:20:17,959 : VM1_cr6 Internal Event with logical clock 279 at system time 47.43
2023-03-10 10:20:18,130 : VM1_cr6 Internal Event with logical clock 280 at system time 47.60
2023-03-10 10:20:18,299 : VM1_cr6 Received Message VM0_cr6:280 with queue size 0 and internal logic clock 281 at system time 47.77
2023-03-10 10:20:18,470 : VM1_cr6 Send Message VM1_cr6:282 to VM2 at system time 47.94
2023-03-10 10:20:18,642 : VM1_cr6 Internal Event with logical clock 283 at system time 48.11
2023-03-10 10:20:18,814 : VM1_cr6 send message VM1_cr6:284 to both other VMs at system time 48.28
2023-03-10 10:20:18,986 : VM1_cr6 Internal Event with logical clock 285 at system time 48.46
2023-03-10 10:20:19,157 : VM1_cr6 Received Message 285 with queue size 0 and internal logic clock 286 at system time 48.63
2023-03-10 10:20:19,325 : VM1_cr6 Internal Event with logical clock 287 at system time 48.80
2023-03-10 10:20:19,494 : VM1_cr6 Received Message 287 with queue size 0 and internal logic clock 288 at system time 48.96
2023-03-10 10:20:19,666 : VM1_cr6 send message VM1_cr6:289 to VM0 at system time 49.14
2023-03-10 10:20:19,838 : VM1_cr6 Internal Event with logical clock 290 at system time 49.31
2023-03-10 10:20:20,007 : VM1_cr6 Received Message VM2_cr4:288 with queue size 0 and internal logic clock 291 at system time 49.48
2023-03-10 10:20:20,178 : VM1_cr6 Internal Event with logical clock 292 at system time 49.65
2023-03-10 10:20:20,345 : VM1_cr6 Internal Event with logical clock 293 at system time 49.82
2023-03-10 10:20:20,517 : VM1_cr6 Received Message 290 with queue size 0 and internal logic clock 294 at system time 49.99
2023-03-10 10:20:20,684 : VM1_cr6 Send Message VM1_cr6:295 to VM2 at system time 50.15
2023-03-10 10:20:20,852 : VM1_cr6 Received Message VM0_cr6:295 with queue size 0 and internal logic clock 296 at system time 50.32
2023-03-10 10:20:21,020 : VM1_cr6 Send Message VM1_cr6:297 to VM2 at system time 50.49
2023-03-10 10:20:21,191 : VM1_cr6 Send Message VM1_cr6:298 to VM2 at system time 50.66
2023-03-10 10:20:21,363 : VM1_cr6 send message VM1_cr6:299 to VM0 at system time 50.83
2023-03-10 10:20:21,533 : VM1_cr6 send message VM1_cr6:300 to VM0 at system time 51.00
2023-03-10 10:20:21,705 : VM1_cr6 Internal Event with logical clock 301 at system time 51.18
2023-03-10 10:20:21,872 : VM1_cr6 Internal Event with logical clock 302 at system time 51.34
2023-03-10 10:20:22,041 : VM1_cr6 Internal Event with logical clock 303 at system time 51.51
2023-03-10 10:20:22,212 : VM1_cr6 Internal Event with logical clock 304 at system time 51.68
2023-03-10 10:20:22,382 : VM1_cr6 Received Message 304 with queue size 0 and internal logic clock 305 at system time 51.85
2023-03-10 10:20:22,552 : VM1_cr6 Received Message VM0_cr6:305 with queue size 0 and internal logic clock 306 at system time 52.02
2023-03-10 10:20:22,723 : VM1_cr6 Received Message VM0_cr6:306 with queue size 0 and internal logic clock 307 at system time 52.19
2023-03-10 10:20:22,895 : VM1_cr6 Received Message VM2_cr4:305 with queue size 1 and internal logic clock 308 at system time 52.37
2023-03-10 10:20:23,066 : VM1_cr6 Received Message VM0_cr6:307 with queue size 1 and internal logic clock 309 at system time 52.54
2023-03-10 10:20:23,233 : VM1_cr6 Received Message VM0_cr6:308 with queue size 0 and internal logic clock 310 at system time 52.70
2023-03-10 10:20:23,401 : VM1_cr6 Internal Event with logical clock 311 at system time 52.87
2023-03-10 10:20:23,573 : VM1_cr6 send message VM1_cr6:312 to VM0 at system time 53.04
2023-03-10 10:20:23,743 : VM1_cr6 Internal Event with logical clock 313 at system time 53.21
2023-03-10 10:20:23,915 : VM1_cr6 Received Message VM2_cr4:309 with queue size 0 and internal logic clock 314 at system time 53.38
2023-03-10 10:20:24,086 : VM1_cr6 Internal Event with logical clock 315 at system time 53.56
2023-03-10 10:20:24,258 : VM1_cr6 send message VM1_cr6:316 to VM0 at system time 53.73
2023-03-10 10:20:24,429 : VM1_cr6 Internal Event with logical clock 317 at system time 53.90
2023-03-10 10:20:24,599 : VM1_cr6 send message VM1_cr6:318 to both other VMs at system time 54.07
2023-03-10 10:20:24,771 : VM1_cr6 Internal Event with logical clock 319 at system time 54.24
2023-03-10 10:20:24,940 : VM1_cr6 Internal Event with logical clock 320 at system time 54.41
2023-03-10 10:20:25,110 : VM1_cr6 send message VM1_cr6:321 to VM0 at system time 54.58
2023-03-10 10:20:25,281 : VM1_cr6 Internal Event with logical clock 322 at system time 54.75
2023-03-10 10:20:25,451 : VM1_cr6 Send Message VM1_cr6:323 to VM2 at system time 54.92
2023-03-10 10:20:25,622 : VM1_cr6 send message VM1_cr6:324 to VM0 at system time 55.09
2023-03-10 10:20:25,794 : VM1_cr6 Internal Event with logical clock 325 at system time 55.26
2023-03-10 10:20:25,964 : VM1_cr6 Internal Event with logical clock 326 at system time 55.43
2023-03-10 10:20:26,131 : VM1_cr6 Received Message VM2_cr4:324 with queue size 0 and internal logic clock 327 at system time 55.60
2023-03-10 10:20:26,299 : VM1_cr6 Received Message VM0_cr6:327 with queue size 0 and internal logic clock 328 at system time 55.77
2023-03-10 10:20:26,468 : VM1_cr6 Received Message 325 with queue size 0 and internal logic clock 329 at system time 55.94
2023-03-10 10:20:26,635 : VM1_cr6 send message VM1_cr6:330 to both other VMs at system time 56.11
2023-03-10 10:20:26,806 : VM1_cr6 Internal Event with logical clock 331 at system time 56.28
2023-03-10 10:20:26,974 : VM1_cr6 Send Message VM1_cr6:332 to VM2 at system time 56.44
2023-03-10 10:20:27,143 : VM1_cr6 Internal Event with logical clock 333 at system time 56.61
2023-03-10 10:20:27,312 : VM1_cr6 send message VM1_cr6:334 to VM0 at system time 56.78
2023-03-10 10:20:27,483 : VM1_cr6 Internal Event with logical clock 335 at system time 56.95
2023-03-10 10:20:27,652 : VM1_cr6 Internal Event with logical clock 336 at system time 57.12
2023-03-10 10:20:27,823 : VM1_cr6 Internal Event with logical clock 337 at system time 57.29
2023-03-10 10:20:27,995 : VM1_cr6 Internal Event with logical clock 338 at system time 57.47
2023-03-10 10:20:28,162 : VM1_cr6 Send Message VM1_cr6:339 to VM2 at system time 57.63
2023-03-10 10:20:28,333 : VM1_cr6 send message VM1_cr6:340 to VM0 at system time 57.80
2023-03-10 10:20:28,505 : VM1_cr6 Internal Event with logical clock 341 at system time 57.98
2023-03-10 10:20:28,677 : VM1_cr6 Received Message VM2_cr4:340 with queue size 0 and internal logic clock 342 at system time 58.15
2023-03-10 10:20:28,848 : VM1_cr6 Internal Event with logical clock 343 at system time 58.32
2023-03-10 10:20:29,020 : VM1_cr6 Internal Event with logical clock 344 at system time 58.49
2023-03-10 10:20:29,192 : VM1_cr6 Send Message VM1_cr6:345 to VM2 at system time 58.66
2023-03-10 10:20:29,360 : VM1_cr6 Internal Event with logical clock 346 at system time 58.83
2023-03-10 10:20:29,531 : VM1_cr6 Internal Event with logical clock 347 at system time 59.00
2023-03-10 10:20:29,703 : VM1_cr6 Internal Event with logical clock 348 at system time 59.17
2023-03-10 10:20:29,872 : VM1_cr6 Internal Event with logical clock 349 at system time 59.34
2023-03-10 10:20:30,041 : VM1_cr6 Send Message VM1_cr6:350 to VM2 at system time 59.51
2023-03-10 10:20:30,209 : VM1_cr6 send message VM1_cr6:351 to both other VMs at system time 59.68
2023-03-10 10:20:30,376 : VM1_cr6 Internal Event with logical clock 352 at system time 59.85
2023-03-10 10:20:30,548 : VM1_cr6 Internal Event with logical clock 353 at system time 60.02
2023-03-10 10:20:30,719 : VM1_cr6 send message VM1_cr6:354 to both other VMs at system time 60.19
2023-03-10 10:20:30,889 : VM1_cr6 send message VM1_cr6:355 to both other VMs at system time 60.36
2023-03-10 10:20:31,061 : VM1_cr6 Internal Event with logical clock 356 at system time 60.53
2023-03-10 10:20:31,232 : VM1_cr6 Received Message VM0_cr6:356 with queue size 0 and internal logic clock 357 at system time 60.70
2023-03-10 10:20:31,404 : VM1_cr6 Internal Event with logical clock 358 at system time 60.87
2023-03-10 10:20:31,576 : VM1_cr6 Internal Event with logical clock 359 at system time 61.05
