2023-03-08 14:36:28,699 : VM0_cr4 listening on port 4096
2023-03-08 14:36:29,705 : VM0_cr4 connected to VM1 on 127.0.0.1 port on 4097.
2023-03-08 14:36:29,706 : VM0_cr4 has incoming connection from VM2 on 127.0.0.1 port on 4096.
2023-03-08 14:36:29,708 : VM0_cr4 send message VM0_cr4:0 to both other VMs at system time 0.000
2023-03-08 14:36:29,961 : VM0_cr4 Received Message VM2_cr6:1 with queue size 0 and internal logic clock 1 at system time 0.254
2023-03-08 14:36:29,962 : VM0_cr4 Send Message VM0_cr4:1 to VM1 at system time 0.254
2023-03-08 14:36:30,216 : VM0_cr4 Internal Event with logical clock 2 at system time 0.509
2023-03-08 14:36:30,472 : VM0_cr4 Received Message 1 with queue size 0 and internal logic clock 3 at system time 0.764
2023-03-08 14:36:30,472 : VM0_cr4 Internal Event with logical clock 3 at system time 0.764
2023-03-08 14:36:30,727 : VM0_cr4 Internal Event with logical clock 4 at system time 1.019
2023-03-08 14:36:30,982 : VM0_cr4 Internal Event with logical clock 5 at system time 1.274
2023-03-08 14:36:31,233 : VM0_cr4 send message VM0_cr4:6 to both other VMs at system time 1.526
2023-03-08 14:36:31,484 : VM0_cr4 Internal Event with logical clock 7 at system time 1.776
2023-03-08 14:36:31,739 : VM0_cr4 send message VM0_cr4:8 to VM2 at system time 2.031
2023-03-08 14:36:31,990 : VM0_cr4 Internal Event with logical clock 9 at system time 2.282
2023-03-08 14:36:32,245 : VM0_cr4 Received Message VM1_cr2:7 with queue size 0 and internal logic clock 10 at system time 2.537
2023-03-08 14:36:32,246 : VM0_cr4 Internal Event with logical clock 10 at system time 2.538
2023-03-08 14:36:32,500 : VM0_cr4 Received Message VM2_cr6:15 with queue size 0 and internal logic clock 11 at system time 2.792
2023-03-08 14:36:32,501 : VM0_cr4 send message VM0_cr4:15 to VM2 at system time 2.793
2023-03-08 14:36:32,755 : VM0_cr4 Received Message 17 with queue size 0 and internal logic clock 16 at system time 3.048
2023-03-08 14:36:32,756 : VM0_cr4 Send Message VM0_cr4:17 to VM1 at system time 3.048
2023-03-08 14:36:33,010 : VM0_cr4 Received Message VM2_cr6:18 with queue size 1 and internal logic clock 18 at system time 3.303
2023-03-08 14:36:33,011 : VM0_cr4 Internal Event with logical clock 18 at system time 3.303
2023-03-08 14:36:33,266 : VM0_cr4 Received Message 19 with queue size 1 and internal logic clock 19 at system time 3.558
2023-03-08 14:36:33,266 : VM0_cr4 send message VM0_cr4:19 to both other VMs at system time 3.558
2023-03-08 14:36:33,517 : VM0_cr4 Received Message 18 with queue size 0 and internal logic clock 20 at system time 3.809
2023-03-08 14:36:33,517 : VM0_cr4 Send Message VM0_cr4:20 to VM1 at system time 3.809
2023-03-08 14:36:33,772 : VM0_cr4 Received Message VM1_cr2:19 with queue size 0 and internal logic clock 21 at system time 4.064
2023-03-08 14:36:33,772 : VM0_cr4 Internal Event with logical clock 21 at system time 4.065
2023-03-08 14:36:34,024 : VM0_cr4 Internal Event with logical clock 22 at system time 4.317
2023-03-08 14:36:34,280 : VM0_cr4 Received Message VM2_cr6:26 with queue size 0 and internal logic clock 23 at system time 4.572
2023-03-08 14:36:34,280 : VM0_cr4 Internal Event with logical clock 26 at system time 4.572
2023-03-08 14:36:34,533 : VM0_cr4 Received Message VM2_cr6:27 with queue size 0 and internal logic clock 27 at system time 4.826
2023-03-08 14:36:34,534 : VM0_cr4 send message VM0_cr4:27 to VM2 at system time 4.826
2023-03-08 14:36:34,789 : VM0_cr4 send message VM0_cr4:28 to both other VMs at system time 5.081
2023-03-08 14:36:35,042 : VM0_cr4 Internal Event with logical clock 29 at system time 5.334
2023-03-08 14:36:35,297 : VM0_cr4 Received Message 32 with queue size 0 and internal logic clock 30 at system time 5.589
2023-03-08 14:36:35,297 : VM0_cr4 Internal Event with logical clock 32 at system time 5.590
2023-03-08 14:36:35,549 : VM0_cr4 Internal Event with logical clock 33 at system time 5.841
2023-03-08 14:36:35,804 : VM0_cr4 Internal Event with logical clock 34 at system time 6.096
2023-03-08 14:36:36,059 : VM0_cr4 Internal Event with logical clock 35 at system time 6.351
2023-03-08 14:36:36,312 : VM0_cr4 send message VM0_cr4:36 to both other VMs at system time 6.605
2023-03-08 14:36:36,565 : VM0_cr4 Internal Event with logical clock 37 at system time 6.857
2023-03-08 14:36:36,820 : VM0_cr4 Received Message VM2_cr6:41 with queue size 1 and internal logic clock 38 at system time 7.112
2023-03-08 14:36:36,820 : VM0_cr4 Internal Event with logical clock 41 at system time 7.112
2023-03-08 14:36:37,075 : VM0_cr4 Received Message 36 with queue size 0 and internal logic clock 42 at system time 7.367
2023-03-08 14:36:37,076 : VM0_cr4 Internal Event with logical clock 42 at system time 7.368
2023-03-08 14:36:37,330 : VM0_cr4 Received Message VM2_cr6:44 with queue size 0 and internal logic clock 43 at system time 7.622
2023-03-08 14:36:37,330 : VM0_cr4 Internal Event with logical clock 44 at system time 7.622
2023-03-08 14:36:37,585 : VM0_cr4 Internal Event with logical clock 45 at system time 7.877
2023-03-08 14:36:37,840 : VM0_cr4 send message VM0_cr4:46 to both other VMs at system time 8.132
2023-03-08 14:36:38,095 : VM0_cr4 Received Message 48 with queue size 0 and internal logic clock 47 at system time 8.387
2023-03-08 14:36:38,096 : VM0_cr4 Internal Event with logical clock 48 at system time 8.388
2023-03-08 14:36:38,350 : VM0_cr4 Internal Event with logical clock 49 at system time 8.642
2023-03-08 14:36:38,605 : VM0_cr4 send message VM0_cr4:50 to VM2 at system time 8.897
2023-03-08 14:36:38,859 : VM0_cr4 Internal Event with logical clock 51 at system time 9.151
2023-03-08 14:36:39,111 : VM0_cr4 Received Message VM2_cr6:54 with queue size 0 and internal logic clock 52 at system time 9.403
2023-03-08 14:36:39,112 : VM0_cr4 Internal Event with logical clock 54 at system time 9.404
2023-03-08 14:36:39,365 : VM0_cr4 Received Message 49 with queue size 0 and internal logic clock 55 at system time 9.658
2023-03-08 14:36:39,366 : VM0_cr4 Internal Event with logical clock 55 at system time 9.658
2023-03-08 14:36:39,621 : VM0_cr4 Received Message 57 with queue size 0 and internal logic clock 56 at system time 9.913
2023-03-08 14:36:39,621 : VM0_cr4 Internal Event with logical clock 57 at system time 9.914
2023-03-08 14:36:39,875 : VM0_cr4 Internal Event with logical clock 58 at system time 10.16
2023-03-08 14:36:40,128 : VM0_cr4 Received Message VM2_cr6:60 with queue size 0 and internal logic clock 59 at system time 10.42
2023-03-08 14:36:40,129 : VM0_cr4 Internal Event with logical clock 60 at system time 10.42
2023-03-08 14:36:40,380 : VM0_cr4 send message VM0_cr4:61 to VM2 at system time 10.67
2023-03-08 14:36:40,635 : VM0_cr4 Internal Event with logical clock 62 at system time 10.92
2023-03-08 14:36:40,890 : VM0_cr4 Received Message 64 with queue size 0 and internal logic clock 63 at system time 11.18
2023-03-08 14:36:40,890 : VM0_cr4 send message VM0_cr4:64 to VM2 at system time 11.18
2023-03-08 14:36:41,145 : VM0_cr4 Internal Event with logical clock 65 at system time 11.43
2023-03-08 14:36:41,400 : VM0_cr4 Send Message VM0_cr4:66 to VM1 at system time 11.69
2023-03-08 14:36:41,653 : VM0_cr4 Internal Event with logical clock 67 at system time 11.94
2023-03-08 14:36:41,908 : VM0_cr4 Received Message VM1_cr2:66 with queue size 1 and internal logic clock 68 at system time 12.20
2023-03-08 14:36:41,909 : VM0_cr4 Internal Event with logical clock 68 at system time 12.20
2023-03-08 14:36:42,161 : VM0_cr4 Received Message VM2_cr6:71 with queue size 1 and internal logic clock 69 at system time 12.45
2023-03-08 14:36:42,162 : VM0_cr4 Internal Event with logical clock 71 at system time 12.45
2023-03-08 14:36:42,414 : VM0_cr4 Received Message VM2_cr6:72 with queue size 1 and internal logic clock 72 at system time 12.70
2023-03-08 14:36:42,414 : VM0_cr4 send message VM0_cr4:72 to both other VMs at system time 12.70
2023-03-08 14:36:42,669 : VM0_cr4 Received Message VM2_cr6:73 with queue size 1 and internal logic clock 73 at system time 12.96
2023-03-08 14:36:42,669 : VM0_cr4 Internal Event with logical clock 73 at system time 12.96
2023-03-08 14:36:42,919 : VM0_cr4 Received Message 75 with queue size 0 and internal logic clock 74 at system time 13.21
2023-03-08 14:36:42,920 : VM0_cr4 Internal Event with logical clock 75 at system time 13.21
2023-03-08 14:36:43,175 : VM0_cr4 Internal Event with logical clock 76 at system time 13.46
2023-03-08 14:36:43,425 : VM0_cr4 Received Message 79 with queue size 0 and internal logic clock 77 at system time 13.71
2023-03-08 14:36:43,425 : VM0_cr4 Internal Event with logical clock 79 at system time 13.71
2023-03-08 14:36:43,680 : VM0_cr4 Internal Event with logical clock 80 at system time 13.97
2023-03-08 14:36:43,935 : VM0_cr4 Received Message VM2_cr6:82 with queue size 1 and internal logic clock 81 at system time 14.22
2023-03-08 14:36:43,936 : VM0_cr4 Internal Event with logical clock 82 at system time 14.22
