2023-03-08 14:36:28,703 : VM1_cr2 listening on port 4097
2023-03-08 14:36:29,705 : VM1_cr2 has incoming connection from VM0 on 127.0.0.1 port on 4097.
2023-03-08 14:36:29,709 : VM1_cr2 connected to VM2 on 127.0.0.1 port on 4098.
2023-03-08 14:36:29,710 : VM1_cr2 Internal Event with logical clock 0 at system time 0.000
2023-03-08 14:36:30,216 : VM1_cr2 Received Message 0 with queue size 1 and internal logic clock 1 at system time 0.506
2023-03-08 14:36:30,216 : VM1_cr2 send message VM1_cr2:1 to both other VMs at system time 0.506
2023-03-08 14:36:30,720 : VM1_cr2 Received Message VM0_cr4:1 with queue size 0 and internal logic clock 2 at system time 1.011
2023-03-08 14:36:30,721 : VM1_cr2 Internal Event with logical clock 2 at system time 1.011
2023-03-08 14:36:31,226 : VM1_cr2 Internal Event with logical clock 3 at system time 1.516
2023-03-08 14:36:31,728 : VM1_cr2 Received Message 6 with queue size 0 and internal logic clock 4 at system time 2.018
2023-03-08 14:36:31,729 : VM1_cr2 Internal Event with logical clock 6 at system time 2.019
2023-03-08 14:36:32,232 : VM1_cr2 send message VM1_cr2:7 to VM0 at system time 2.522
2023-03-08 14:36:32,736 : VM1_cr2 Received Message 17 with queue size 0 and internal logic clock 8 at system time 3.026
2023-03-08 14:36:32,737 : VM1_cr2 Internal Event with logical clock 17 at system time 3.027
2023-03-08 14:36:33,240 : VM1_cr2 Received Message VM0_cr4:17 with queue size 1 and internal logic clock 18 at system time 3.530
2023-03-08 14:36:33,240 : VM1_cr2 send message VM1_cr2:18 to both other VMs at system time 3.530
2023-03-08 14:36:33,745 : VM1_cr2 Received Message 19 with queue size 2 and internal logic clock 19 at system time 4.035
2023-03-08 14:36:33,746 : VM1_cr2 send message VM1_cr2:19 to VM0 at system time 4.036
2023-03-08 14:36:34,250 : VM1_cr2 Received Message 19 with queue size 1 and internal logic clock 20 at system time 4.540
2023-03-08 14:36:34,250 : VM1_cr2 Internal Event with logical clock 20 at system time 4.540
2023-03-08 14:36:34,755 : VM1_cr2 Received Message VM0_cr4:20 with queue size 0 and internal logic clock 21 at system time 5.045
2023-03-08 14:36:34,756 : VM1_cr2 Internal Event with logical clock 21 at system time 5.046
2023-03-08 14:36:35,260 : VM1_cr2 Received Message 28 with queue size 1 and internal logic clock 22 at system time 5.550
2023-03-08 14:36:35,261 : VM1_cr2 Internal Event with logical clock 28 at system time 5.551
2023-03-08 14:36:35,763 : VM1_cr2 Received Message 32 with queue size 0 and internal logic clock 29 at system time 6.053
2023-03-08 14:36:35,763 : VM1_cr2 Internal Event with logical clock 32 at system time 6.053
2023-03-08 14:36:36,268 : VM1_cr2 Internal Event with logical clock 33 at system time 6.558
2023-03-08 14:36:36,773 : VM1_cr2 Received Message 36 with queue size 0 and internal logic clock 34 at system time 7.063
2023-03-08 14:36:36,773 : VM1_cr2 send message VM1_cr2:36 to both other VMs at system time 7.063
2023-03-08 14:36:37,278 : VM1_cr2 Received Message VM2_cr6:42 with queue size 0 and internal logic clock 37 at system time 7.568
2023-03-08 14:36:37,278 : VM1_cr2 Internal Event with logical clock 42 at system time 7.568
2023-03-08 14:36:37,783 : VM1_cr2 Internal Event with logical clock 43 at system time 8.073
2023-03-08 14:36:38,284 : VM1_cr2 Received Message 46 with queue size 1 and internal logic clock 44 at system time 8.574
2023-03-08 14:36:38,284 : VM1_cr2 Internal Event with logical clock 46 at system time 8.574
2023-03-08 14:36:38,789 : VM1_cr2 Received Message 48 with queue size 0 and internal logic clock 47 at system time 9.079
2023-03-08 14:36:38,789 : VM1_cr2 Internal Event with logical clock 48 at system time 9.079
2023-03-08 14:36:39,294 : VM1_cr2 send message VM1_cr2:49 to both other VMs at system time 9.584
2023-03-08 14:36:39,797 : VM1_cr2 Received Message 57 with queue size 1 and internal logic clock 50 at system time 10.08
2023-03-08 14:36:39,798 : VM1_cr2 Internal Event with logical clock 57 at system time 10.08
2023-03-08 14:36:40,302 : VM1_cr2 Received Message VM2_cr6:59 with queue size 0 and internal logic clock 58 at system time 10.59
2023-03-08 14:36:40,302 : VM1_cr2 Internal Event with logical clock 59 at system time 10.59
2023-03-08 14:36:40,807 : VM1_cr2 Received Message 64 with queue size 0 and internal logic clock 60 at system time 11.09
2023-03-08 14:36:40,807 : VM1_cr2 Internal Event with logical clock 64 at system time 11.09
2023-03-08 14:36:41,312 : VM1_cr2 Internal Event with logical clock 65 at system time 11.60
2023-03-08 14:36:41,817 : VM1_cr2 Received Message VM0_cr4:66 with queue size 0 and internal logic clock 66 at system time 12.10
2023-03-08 14:36:41,818 : VM1_cr2 send message VM1_cr2:66 to VM0 at system time 12.10
2023-03-08 14:36:42,320 : VM1_cr2 Send Message VM1_cr2:67 to VM2 at system time 12.61
2023-03-08 14:36:42,825 : VM1_cr2 Received Message 72 with queue size 1 and internal logic clock 68 at system time 13.11
2023-03-08 14:36:42,825 : VM1_cr2 Internal Event with logical clock 72 at system time 13.11
2023-03-08 14:36:43,330 : VM1_cr2 Received Message 75 with queue size 1 and internal logic clock 73 at system time 13.62
2023-03-08 14:36:43,330 : VM1_cr2 Send Message VM1_cr2:75 to VM2 at system time 13.62
2023-03-08 14:36:43,835 : VM1_cr2 Received Message 79 with queue size 0 and internal logic clock 76 at system time 14.12
2023-03-08 14:36:43,835 : VM1_cr2 send message VM1_cr2:79 to both other VMs at system time 14.12
