2023-03-09 12:34:26,306 : VM0_cr3 listening on port 4096
2023-03-09 12:34:27,312 : VM0_cr3 connected to VM1 on 127.0.0.1 port on 4097.
2023-03-09 12:34:27,322 : VM0_cr3 has incoming connection from VM2 on 127.0.0.1 port on 4096.
2023-03-09 12:34:27,324 : VM0_cr3 send message VM0_cr3:0 to both other VMs at system time 0.000
2023-03-09 12:34:27,658 : VM0_cr3 Internal Event with logical clock 1 at system time 0.334
2023-03-09 12:34:27,997 : VM0_cr3 Internal Event with logical clock 2 at system time 0.673
2023-03-09 12:34:28,335 : VM0_cr3 Received Message VM2_cr1:1 with queue size 0 and internal logic clock 3 at system time 1.011
2023-03-09 12:34:28,336 : VM0_cr3 Internal Event with logical clock 3 at system time 1.012
2023-03-09 12:34:28,672 : VM0_cr3 Received Message 4 with queue size 0 and internal logic clock 4 at system time 1.348
2023-03-09 12:34:28,672 : VM0_cr3 send message VM0_cr3:4 to both other VMs at system time 1.348
2023-03-09 12:34:29,010 : VM0_cr3 Internal Event with logical clock 5 at system time 1.686
2023-03-09 12:34:29,348 : VM0_cr3 Received Message VM2_cr1:4 with queue size 0 and internal logic clock 6 at system time 2.025
2023-03-09 12:34:29,349 : VM0_cr3 send message VM0_cr3:6 to VM2 at system time 2.025
2023-03-09 12:34:29,684 : VM0_cr3 Internal Event with logical clock 7 at system time 2.361
2023-03-09 12:34:30,023 : VM0_cr3 send message VM0_cr3:8 to VM2 at system time 2.699
2023-03-09 12:34:30,358 : VM0_cr3 Received Message 11 with queue size 0 and internal logic clock 9 at system time 3.034
2023-03-09 12:34:30,358 : VM0_cr3 Internal Event with logical clock 11 at system time 3.034
2023-03-09 12:34:30,691 : VM0_cr3 Received Message VM1_cr4:12 with queue size 0 and internal logic clock 12 at system time 3.367
2023-03-09 12:34:30,692 : VM0_cr3 Internal Event with logical clock 12 at system time 3.368
2023-03-09 12:34:31,030 : VM0_cr3 Internal Event with logical clock 13 at system time 3.706
2023-03-09 12:34:31,368 : VM0_cr3 Internal Event with logical clock 14 at system time 4.044
2023-03-09 12:34:31,706 : VM0_cr3 Send Message VM0_cr3:15 to VM1 at system time 4.382
2023-03-09 12:34:32,045 : VM0_cr3 Internal Event with logical clock 16 at system time 4.721
2023-03-09 12:34:32,379 : VM0_cr3 Received Message VM2_cr1:8 with queue size 0 and internal logic clock 17 at system time 5.055
2023-03-09 12:34:32,380 : VM0_cr3 send message VM0_cr3:17 to both other VMs at system time 5.056
2023-03-09 12:34:32,713 : VM0_cr3 Received Message 20 with queue size 0 and internal logic clock 18 at system time 5.389
2023-03-09 12:34:32,713 : VM0_cr3 Internal Event with logical clock 20 at system time 5.389
2023-03-09 12:34:33,051 : VM0_cr3 send message VM0_cr3:21 to VM2 at system time 5.727
2023-03-09 12:34:33,390 : VM0_cr3 Internal Event with logical clock 22 at system time 6.066
2023-03-09 12:34:33,724 : VM0_cr3 send message VM0_cr3:23 to both other VMs at system time 6.400
2023-03-09 12:34:34,063 : VM0_cr3 Received Message 26 with queue size 0 and internal logic clock 24 at system time 6.739
2023-03-09 12:34:34,063 : VM0_cr3 Internal Event with logical clock 26 at system time 6.740
2023-03-09 12:34:34,401 : VM0_cr3 Received Message 27 with queue size 0 and internal logic clock 27 at system time 7.077
2023-03-09 12:34:34,401 : VM0_cr3 Internal Event with logical clock 27 at system time 7.078
2023-03-09 12:34:34,739 : VM0_cr3 Received Message VM1_cr4:28 with queue size 1 and internal logic clock 28 at system time 7.416
2023-03-09 12:34:34,740 : VM0_cr3 Internal Event with logical clock 28 at system time 7.416
2023-03-09 12:34:35,078 : VM0_cr3 Received Message VM1_cr4:29 with queue size 0 and internal logic clock 29 at system time 7.754
2023-03-09 12:34:35,079 : VM0_cr3 Internal Event with logical clock 29 at system time 7.755
2023-03-09 12:34:35,413 : VM0_cr3 Received Message VM2_cr1:19 with queue size 0 and internal logic clock 30 at system time 8.089
2023-03-09 12:34:35,413 : VM0_cr3 Internal Event with logical clock 30 at system time 8.089
2023-03-09 12:34:35,751 : VM0_cr3 Received Message 32 with queue size 0 and internal logic clock 31 at system time 8.428
2023-03-09 12:34:35,752 : VM0_cr3 Internal Event with logical clock 32 at system time 8.428
2023-03-09 12:34:36,090 : VM0_cr3 Received Message 34 with queue size 0 and internal logic clock 33 at system time 8.766
2023-03-09 12:34:36,091 : VM0_cr3 Internal Event with logical clock 34 at system time 8.767
2023-03-09 12:34:36,427 : VM0_cr3 Send Message VM0_cr3:35 to VM1 at system time 9.103
2023-03-09 12:34:36,766 : VM0_cr3 Internal Event with logical clock 36 at system time 9.442
2023-03-09 12:34:37,102 : VM0_cr3 Internal Event with logical clock 37 at system time 9.778
2023-03-09 12:34:37,437 : VM0_cr3 Internal Event with logical clock 38 at system time 10.11
2023-03-09 12:34:37,775 : VM0_cr3 Received Message VM1_cr4:41 with queue size 0 and internal logic clock 39 at system time 10.45
2023-03-09 12:34:37,776 : VM0_cr3 Internal Event with logical clock 41 at system time 10.45
2023-03-09 12:34:38,114 : VM0_cr3 Received Message VM1_cr4:42 with queue size 0 and internal logic clock 42 at system time 10.79
2023-03-09 12:34:38,114 : VM0_cr3 send message VM0_cr3:42 to VM2 at system time 10.79
2023-03-09 12:34:38,452 : VM0_cr3 Received Message 43 with queue size 0 and internal logic clock 43 at system time 11.12
2023-03-09 12:34:38,452 : VM0_cr3 send message VM0_cr3:43 to both other VMs at system time 11.12
2023-03-09 12:34:38,790 : VM0_cr3 Send Message VM0_cr3:44 to VM1 at system time 11.46
2023-03-09 12:34:39,128 : VM0_cr3 Internal Event with logical clock 45 at system time 11.80
2023-03-09 12:34:39,466 : VM0_cr3 Received Message VM2_cr1:23 with queue size 0 and internal logic clock 46 at system time 12.14
2023-03-09 12:34:39,467 : VM0_cr3 Send Message VM0_cr3:46 to VM1 at system time 12.14
2023-03-09 12:34:39,805 : VM0_cr3 send message VM0_cr3:47 to both other VMs at system time 12.48
2023-03-09 12:34:40,143 : VM0_cr3 send message VM0_cr3:48 to both other VMs at system time 12.81
2023-03-09 12:34:40,482 : VM0_cr3 Send Message VM0_cr3:49 to VM1 at system time 13.15
2023-03-09 12:34:40,818 : VM0_cr3 Received Message 52 with queue size 0 and internal logic clock 50 at system time 13.49
2023-03-09 12:34:40,819 : VM0_cr3 Internal Event with logical clock 52 at system time 13.49
2023-03-09 12:34:41,155 : VM0_cr3 send message VM0_cr3:53 to both other VMs at system time 13.83
2023-03-09 12:34:41,494 : VM0_cr3 send message VM0_cr3:54 to VM2 at system time 14.17
2023-03-09 12:34:41,832 : VM0_cr3 Internal Event with logical clock 55 at system time 14.50
2023-03-09 12:34:42,168 : VM0_cr3 Internal Event with logical clock 56 at system time 14.84
2023-03-09 12:34:42,505 : VM0_cr3 Received Message VM1_cr4:59 with queue size 0 and internal logic clock 57 at system time 15.18
2023-03-09 12:34:42,505 : VM0_cr3 Internal Event with logical clock 59 at system time 15.18
2023-03-09 12:34:42,843 : VM0_cr3 Send Message VM0_cr3:60 to VM1 at system time 15.51
2023-03-09 12:34:43,181 : VM0_cr3 Internal Event with logical clock 61 at system time 15.85
2023-03-09 12:34:43,520 : VM0_cr3 Internal Event with logical clock 62 at system time 16.19
2023-03-09 12:34:43,854 : VM0_cr3 Received Message 64 with queue size 1 and internal logic clock 63 at system time 16.53
2023-03-09 12:34:43,854 : VM0_cr3 Internal Event with logical clock 64 at system time 16.53
2023-03-09 12:34:44,191 : VM0_cr3 Received Message 65 with queue size 0 and internal logic clock 65 at system time 16.86
2023-03-09 12:34:44,192 : VM0_cr3 Internal Event with logical clock 65 at system time 16.86
2023-03-09 12:34:44,526 : VM0_cr3 Internal Event with logical clock 66 at system time 17.20
2023-03-09 12:34:44,864 : VM0_cr3 Internal Event with logical clock 67 at system time 17.54
2023-03-09 12:34:45,202 : VM0_cr3 Internal Event with logical clock 68 at system time 17.87
2023-03-09 12:34:45,538 : VM0_cr3 Received Message 43 with queue size 0 and internal logic clock 69 at system time 18.21
2023-03-09 12:34:45,539 : VM0_cr3 Internal Event with logical clock 69 at system time 18.21
2023-03-09 12:34:45,876 : VM0_cr3 Received Message 73 with queue size 0 and internal logic clock 70 at system time 18.55
2023-03-09 12:34:45,877 : VM0_cr3 Internal Event with logical clock 73 at system time 18.55
2023-03-09 12:34:46,210 : VM0_cr3 Internal Event with logical clock 74 at system time 18.88
2023-03-09 12:34:46,548 : VM0_cr3 Received Message VM2_cr1:44 with queue size 0 and internal logic clock 75 at system time 19.22
2023-03-09 12:34:46,550 : VM0_cr3 send message VM0_cr3:75 to VM2 at system time 19.22
2023-03-09 12:34:46,887 : VM0_cr3 Received Message 76 with queue size 0 and internal logic clock 76 at system time 19.56
2023-03-09 12:34:46,887 : VM0_cr3 Internal Event with logical clock 76 at system time 19.56
2023-03-09 12:34:47,223 : VM0_cr3 Internal Event with logical clock 77 at system time 19.89
2023-03-09 12:34:47,562 : VM0_cr3 Send Message VM0_cr3:78 to VM1 at system time 20.23
2023-03-09 12:34:47,900 : VM0_cr3 Internal Event with logical clock 79 at system time 20.57
2023-03-09 12:34:48,238 : VM0_cr3 Internal Event with logical clock 80 at system time 20.91
2023-03-09 12:34:48,577 : VM0_cr3 Internal Event with logical clock 81 at system time 21.25
2023-03-09 12:34:48,914 : VM0_cr3 Internal Event with logical clock 82 at system time 21.59
2023-03-09 12:34:49,249 : VM0_cr3 Internal Event with logical clock 83 at system time 21.92
2023-03-09 12:34:49,585 : VM0_cr3 send message VM0_cr3:84 to both other VMs at system time 22.26
2023-03-09 12:34:49,923 : VM0_cr3 Received Message 88 with queue size 0 and internal logic clock 85 at system time 22.60
2023-03-09 12:34:49,924 : VM0_cr3 send message VM0_cr3:88 to VM2 at system time 22.60
2023-03-09 12:34:50,260 : VM0_cr3 Received Message 89 with queue size 0 and internal logic clock 89 at system time 22.93
2023-03-09 12:34:50,261 : VM0_cr3 send message VM0_cr3:89 to both other VMs at system time 22.93
2023-03-09 12:34:50,599 : VM0_cr3 Internal Event with logical clock 90 at system time 23.27
2023-03-09 12:34:50,934 : VM0_cr3 Received Message 92 with queue size 0 and internal logic clock 91 at system time 23.61
2023-03-09 12:34:50,935 : VM0_cr3 Internal Event with logical clock 92 at system time 23.61
2023-03-09 12:34:51,268 : VM0_cr3 Received Message VM1_cr4:93 with queue size 1 and internal logic clock 93 at system time 23.94
2023-03-09 12:34:51,268 : VM0_cr3 send message VM0_cr3:93 to both other VMs at system time 23.94
2023-03-09 12:34:51,607 : VM0_cr3 Received Message VM1_cr4:94 with queue size 0 and internal logic clock 94 at system time 24.28
2023-03-09 12:34:51,607 : VM0_cr3 Internal Event with logical clock 94 at system time 24.28
2023-03-09 12:34:51,945 : VM0_cr3 Internal Event with logical clock 95 at system time 24.62
2023-03-09 12:34:52,280 : VM0_cr3 Received Message 97 with queue size 0 and internal logic clock 96 at system time 24.95
2023-03-09 12:34:52,280 : VM0_cr3 Internal Event with logical clock 97 at system time 24.95
2023-03-09 12:34:52,618 : VM0_cr3 Internal Event with logical clock 98 at system time 25.29
2023-03-09 12:34:52,957 : VM0_cr3 Received Message VM1_cr4:100 with queue size 0 and internal logic clock 99 at system time 25.63
2023-03-09 12:34:52,957 : VM0_cr3 Internal Event with logical clock 100 at system time 25.63
2023-03-09 12:34:53,295 : VM0_cr3 Internal Event with logical clock 101 at system time 25.97
2023-03-09 12:34:53,634 : VM0_cr3 Received Message VM2_cr1:54 with queue size 0 and internal logic clock 102 at system time 26.31
2023-03-09 12:34:53,634 : VM0_cr3 Internal Event with logical clock 102 at system time 26.31
2023-03-09 12:34:53,972 : VM0_cr3 Received Message 104 with queue size 0 and internal logic clock 103 at system time 26.64
2023-03-09 12:34:53,973 : VM0_cr3 send message VM0_cr3:104 to both other VMs at system time 26.64
2023-03-09 12:34:54,306 : VM0_cr3 Internal Event with logical clock 105 at system time 26.98
2023-03-09 12:34:54,644 : VM0_cr3 Received Message 60 with queue size 0 and internal logic clock 106 at system time 27.32
2023-03-09 12:34:54,645 : VM0_cr3 Internal Event with logical clock 106 at system time 27.32
2023-03-09 12:34:54,978 : VM0_cr3 send message VM0_cr3:107 to both other VMs at system time 27.65
2023-03-09 12:34:55,317 : VM0_cr3 Received Message 109 with queue size 0 and internal logic clock 108 at system time 27.99
2023-03-09 12:34:55,317 : VM0_cr3 Internal Event with logical clock 109 at system time 27.99
2023-03-09 12:34:55,655 : VM0_cr3 Internal Event with logical clock 110 at system time 28.33
2023-03-09 12:34:55,993 : VM0_cr3 Internal Event with logical clock 111 at system time 28.67
2023-03-09 12:34:56,332 : VM0_cr3 Internal Event with logical clock 112 at system time 29.00
2023-03-09 12:34:56,670 : VM0_cr3 Send Message VM0_cr3:113 to VM1 at system time 29.34
2023-03-09 12:34:57,009 : VM0_cr3 Internal Event with logical clock 114 at system time 29.68
2023-03-09 12:34:57,347 : VM0_cr3 Internal Event with logical clock 115 at system time 30.02
2023-03-09 12:34:57,685 : VM0_cr3 Received Message 119 with queue size 0 and internal logic clock 116 at system time 30.36
2023-03-09 12:34:57,686 : VM0_cr3 Internal Event with logical clock 119 at system time 30.36
2023-03-09 12:34:58,024 : VM0_cr3 Internal Event with logical clock 120 at system time 30.70
2023-03-09 12:34:58,362 : VM0_cr3 Internal Event with logical clock 121 at system time 31.03
2023-03-09 12:34:58,701 : VM0_cr3 Received Message VM2_cr1:68 with queue size 0 and internal logic clock 122 at system time 31.37
2023-03-09 12:34:58,701 : VM0_cr3 Internal Event with logical clock 122 at system time 31.37
2023-03-09 12:34:59,039 : VM0_cr3 Received Message VM1_cr4:124 with queue size 0 and internal logic clock 123 at system time 31.71
2023-03-09 12:34:59,040 : VM0_cr3 Internal Event with logical clock 124 at system time 31.71
2023-03-09 12:34:59,377 : VM0_cr3 Internal Event with logical clock 125 at system time 32.05
2023-03-09 12:34:59,716 : VM0_cr3 Internal Event with logical clock 126 at system time 32.39
2023-03-09 12:35:00,054 : VM0_cr3 Internal Event with logical clock 127 at system time 32.73
2023-03-09 12:35:00,393 : VM0_cr3 Received Message 129 with queue size 0 and internal logic clock 128 at system time 33.06
2023-03-09 12:35:00,393 : VM0_cr3 Internal Event with logical clock 129 at system time 33.06
2023-03-09 12:35:00,731 : VM0_cr3 Send Message VM0_cr3:130 to VM1 at system time 33.40
2023-03-09 12:35:01,065 : VM0_cr3 Send Message VM0_cr3:131 to VM1 at system time 33.74
2023-03-09 12:35:01,404 : VM0_cr3 Internal Event with logical clock 132 at system time 34.08
2023-03-09 12:35:01,742 : VM0_cr3 Internal Event with logical clock 133 at system time 34.41
2023-03-09 12:35:02,080 : VM0_cr3 Internal Event with logical clock 134 at system time 34.75
2023-03-09 12:35:02,416 : VM0_cr3 Received Message 137 with queue size 0 and internal logic clock 135 at system time 35.09
2023-03-09 12:35:02,417 : VM0_cr3 Internal Event with logical clock 137 at system time 35.09
2023-03-09 12:35:02,755 : VM0_cr3 Received Message VM1_cr4:139 with queue size 0 and internal logic clock 138 at system time 35.43
2023-03-09 12:35:02,756 : VM0_cr3 send message VM0_cr3:139 to VM2 at system time 35.43
2023-03-09 12:35:03,093 : VM0_cr3 Internal Event with logical clock 140 at system time 35.76
2023-03-09 12:35:03,432 : VM0_cr3 Send Message VM0_cr3:141 to VM1 at system time 36.10
2023-03-09 12:35:03,770 : VM0_cr3 Internal Event with logical clock 142 at system time 36.44
2023-03-09 12:35:04,108 : VM0_cr3 Internal Event with logical clock 143 at system time 36.78
2023-03-09 12:35:04,447 : VM0_cr3 Received Message VM1_cr4:145 with queue size 1 and internal logic clock 144 at system time 37.12
2023-03-09 12:35:04,448 : VM0_cr3 send message VM0_cr3:145 to both other VMs at system time 37.12
2023-03-09 12:35:04,785 : VM0_cr3 Received Message VM1_cr4:146 with queue size 1 and internal logic clock 146 at system time 37.46
2023-03-09 12:35:04,786 : VM0_cr3 Send Message VM0_cr3:146 to VM1 at system time 37.46
2023-03-09 12:35:05,124 : VM0_cr3 Received Message VM1_cr4:147 with queue size 0 and internal logic clock 147 at system time 37.80
2023-03-09 12:35:05,125 : VM0_cr3 Send Message VM0_cr3:147 to VM1 at system time 37.80
2023-03-09 12:35:05,460 : VM0_cr3 Internal Event with logical clock 148 at system time 38.13
2023-03-09 12:35:05,794 : VM0_cr3 Internal Event with logical clock 149 at system time 38.47
2023-03-09 12:35:06,132 : VM0_cr3 Received Message VM1_cr4:152 with queue size 0 and internal logic clock 150 at system time 38.80
2023-03-09 12:35:06,133 : VM0_cr3 Internal Event with logical clock 152 at system time 38.80
2023-03-09 12:35:06,471 : VM0_cr3 Internal Event with logical clock 153 at system time 39.14
2023-03-09 12:35:06,808 : VM0_cr3 Received Message VM1_cr4:155 with queue size 0 and internal logic clock 154 at system time 39.48
2023-03-09 12:35:06,808 : VM0_cr3 Internal Event with logical clock 155 at system time 39.48
2023-03-09 12:35:07,146 : VM0_cr3 Internal Event with logical clock 156 at system time 39.82
2023-03-09 12:35:07,481 : VM0_cr3 Internal Event with logical clock 157 at system time 40.15
2023-03-09 12:35:07,820 : VM0_cr3 Received Message 91 with queue size 0 and internal logic clock 158 at system time 40.49
2023-03-09 12:35:07,821 : VM0_cr3 Internal Event with logical clock 158 at system time 40.49
2023-03-09 12:35:08,156 : VM0_cr3 Internal Event with logical clock 159 at system time 40.83
2023-03-09 12:35:08,493 : VM0_cr3 send message VM0_cr3:160 to VM2 at system time 41.16
2023-03-09 12:35:08,832 : VM0_cr3 send message VM0_cr3:161 to both other VMs at system time 41.50
2023-03-09 12:35:09,170 : VM0_cr3 Internal Event with logical clock 162 at system time 41.84
2023-03-09 12:35:09,508 : VM0_cr3 Internal Event with logical clock 163 at system time 42.18
2023-03-09 12:35:09,846 : VM0_cr3 send message VM0_cr3:164 to VM2 at system time 42.52
2023-03-09 12:35:10,184 : VM0_cr3 Internal Event with logical clock 165 at system time 42.86
2023-03-09 12:35:10,519 : VM0_cr3 Received Message VM2_cr1:97 with queue size 0 and internal logic clock 166 at system time 43.19
2023-03-09 12:35:10,520 : VM0_cr3 Internal Event with logical clock 166 at system time 43.19
2023-03-09 12:35:10,857 : VM0_cr3 Received Message VM1_cr4:171 with queue size 0 and internal logic clock 167 at system time 43.53
2023-03-09 12:35:10,857 : VM0_cr3 Send Message VM0_cr3:171 to VM1 at system time 43.53
2023-03-09 12:35:11,195 : VM0_cr3 Received Message VM1_cr4:172 with queue size 0 and internal logic clock 172 at system time 43.87
2023-03-09 12:35:11,196 : VM0_cr3 send message VM0_cr3:172 to VM2 at system time 43.87
2023-03-09 12:35:11,534 : VM0_cr3 send message VM0_cr3:173 to both other VMs at system time 44.21
2023-03-09 12:35:11,872 : VM0_cr3 send message VM0_cr3:174 to both other VMs at system time 44.54
2023-03-09 12:35:12,210 : VM0_cr3 send message VM0_cr3:175 to VM2 at system time 44.88
2023-03-09 12:35:12,547 : VM0_cr3 Internal Event with logical clock 176 at system time 45.22
2023-03-09 12:35:12,885 : VM0_cr3 Received Message 179 with queue size 0 and internal logic clock 177 at system time 45.56
2023-03-09 12:35:12,885 : VM0_cr3 send message VM0_cr3:179 to VM2 at system time 45.56
2023-03-09 12:35:13,223 : VM0_cr3 Internal Event with logical clock 180 at system time 45.89
2023-03-09 12:35:13,561 : VM0_cr3 Received Message VM2_cr1:105 with queue size 0 and internal logic clock 181 at system time 46.23
2023-03-09 12:35:13,561 : VM0_cr3 send message VM0_cr3:181 to VM2 at system time 46.23
2023-03-09 12:35:13,899 : VM0_cr3 Internal Event with logical clock 182 at system time 46.57
2023-03-09 12:35:14,236 : VM0_cr3 Internal Event with logical clock 183 at system time 46.91
2023-03-09 12:35:14,575 : VM0_cr3 Received Message 107 with queue size 0 and internal logic clock 184 at system time 47.25
2023-03-09 12:35:14,575 : VM0_cr3 send message VM0_cr3:184 to both other VMs at system time 47.25
2023-03-09 12:35:14,910 : VM0_cr3 Internal Event with logical clock 185 at system time 47.58
2023-03-09 12:35:15,248 : VM0_cr3 Internal Event with logical clock 186 at system time 47.92
2023-03-09 12:35:15,586 : VM0_cr3 Internal Event with logical clock 187 at system time 48.26
2023-03-09 12:35:15,925 : VM0_cr3 send message VM0_cr3:188 to VM2 at system time 48.60
2023-03-09 12:35:16,263 : VM0_cr3 Internal Event with logical clock 189 at system time 48.93
2023-03-09 12:35:16,599 : VM0_cr3 Internal Event with logical clock 190 at system time 49.27
2023-03-09 12:35:16,937 : VM0_cr3 Received Message 195 with queue size 0 and internal logic clock 191 at system time 49.61
2023-03-09 12:35:16,938 : VM0_cr3 Internal Event with logical clock 195 at system time 49.61
2023-03-09 12:35:17,275 : VM0_cr3 Internal Event with logical clock 196 at system time 49.95
2023-03-09 12:35:17,612 : VM0_cr3 Received Message VM1_cr4:197 with queue size 0 and internal logic clock 197 at system time 50.28
2023-03-09 12:35:17,612 : VM0_cr3 Internal Event with logical clock 197 at system time 50.28
2023-03-09 12:35:17,950 : VM0_cr3 send message VM0_cr3:198 to both other VMs at system time 50.62
2023-03-09 12:35:18,289 : VM0_cr3 Received Message VM1_cr4:200 with queue size 0 and internal logic clock 199 at system time 50.96
2023-03-09 12:35:18,290 : VM0_cr3 Internal Event with logical clock 200 at system time 50.96
2023-03-09 12:35:18,627 : VM0_cr3 Received Message 129 with queue size 0 and internal logic clock 201 at system time 51.30
2023-03-09 12:35:18,628 : VM0_cr3 Internal Event with logical clock 201 at system time 51.30
2023-03-09 12:35:18,966 : VM0_cr3 Internal Event with logical clock 202 at system time 51.64
2023-03-09 12:35:19,302 : VM0_cr3 Internal Event with logical clock 203 at system time 51.97
2023-03-09 12:35:19,640 : VM0_cr3 send message VM0_cr3:204 to VM2 at system time 52.31
2023-03-09 12:35:19,977 : VM0_cr3 Received Message 207 with queue size 0 and internal logic clock 205 at system time 52.65
2023-03-09 12:35:19,977 : VM0_cr3 Internal Event with logical clock 207 at system time 52.65
2023-03-09 12:35:20,315 : VM0_cr3 send message VM0_cr3:208 to VM2 at system time 52.99
2023-03-09 12:35:20,654 : VM0_cr3 Received Message 209 with queue size 1 and internal logic clock 209 at system time 53.33
2023-03-09 12:35:20,655 : VM0_cr3 send message VM0_cr3:209 to both other VMs at system time 53.33
2023-03-09 12:35:20,991 : VM0_cr3 Received Message VM2_cr1:136 with queue size 0 and internal logic clock 210 at system time 53.66
2023-03-09 12:35:20,991 : VM0_cr3 send message VM0_cr3:210 to both other VMs at system time 53.66
2023-03-09 12:35:21,329 : VM0_cr3 Internal Event with logical clock 211 at system time 54.00
2023-03-09 12:35:21,667 : VM0_cr3 Internal Event with logical clock 212 at system time 54.34
2023-03-09 12:35:22,006 : VM0_cr3 Received Message 214 with queue size 0 and internal logic clock 213 at system time 54.68
2023-03-09 12:35:22,006 : VM0_cr3 Internal Event with logical clock 214 at system time 54.68
2023-03-09 12:35:22,344 : VM0_cr3 Internal Event with logical clock 215 at system time 55.02
2023-03-09 12:35:22,683 : VM0_cr3 Internal Event with logical clock 216 at system time 55.35
2023-03-09 12:35:23,020 : VM0_cr3 Received Message 218 with queue size 0 and internal logic clock 217 at system time 55.69
2023-03-09 12:35:23,020 : VM0_cr3 Internal Event with logical clock 218 at system time 55.69
2023-03-09 12:35:23,358 : VM0_cr3 send message VM0_cr3:219 to both other VMs at system time 56.03
2023-03-09 12:35:23,694 : VM0_cr3 Received Message VM1_cr4:221 with queue size 0 and internal logic clock 220 at system time 56.37
2023-03-09 12:35:23,695 : VM0_cr3 Internal Event with logical clock 221 at system time 56.37
2023-03-09 12:35:24,032 : VM0_cr3 Internal Event with logical clock 222 at system time 56.70
2023-03-09 12:35:24,371 : VM0_cr3 send message VM0_cr3:223 to VM2 at system time 57.04
2023-03-09 12:35:24,709 : VM0_cr3 Internal Event with logical clock 224 at system time 57.38
2023-03-09 12:35:25,046 : VM0_cr3 Internal Event with logical clock 225 at system time 57.72
2023-03-09 12:35:25,385 : VM0_cr3 send message VM0_cr3:226 to VM2 at system time 58.06
2023-03-09 12:35:25,718 : VM0_cr3 Received Message 145 with queue size 0 and internal logic clock 227 at system time 58.39
2023-03-09 12:35:25,719 : VM0_cr3 Internal Event with logical clock 227 at system time 58.39
2023-03-09 12:35:26,056 : VM0_cr3 Received Message VM1_cr4:230 with queue size 0 and internal logic clock 228 at system time 58.73
2023-03-09 12:35:26,057 : VM0_cr3 Internal Event with logical clock 230 at system time 58.73
2023-03-09 12:35:26,394 : VM0_cr3 Internal Event with logical clock 231 at system time 59.07
2023-03-09 12:35:26,733 : VM0_cr3 Internal Event with logical clock 232 at system time 59.40
2023-03-09 12:35:27,071 : VM0_cr3 Internal Event with logical clock 233 at system time 59.74
2023-03-09 12:35:27,409 : VM0_cr3 Received Message 236 with queue size 0 and internal logic clock 234 at system time 60.08
2023-03-09 12:35:27,410 : VM0_cr3 send message VM0_cr3:236 to both other VMs at system time 60.08
2023-03-09 12:35:27,747 : VM0_cr3 Internal Event with logical clock 237 at system time 60.42
