2023-03-09 12:34:26,316 : VM2_cr1 listening on port 4098
2023-03-09 12:34:27,312 : VM2_cr1 has incoming connection from VM1 on 127.0.0.1 port on 4098.
2023-03-09 12:34:27,322 : VM2_cr1 connected to VM0 on 127.0.0.1 port on 4096.
2023-03-09 12:34:27,323 : VM2_cr1 Internal Event with logical clock 0 at system time 0.000
2023-03-09 12:34:28,325 : VM2_cr1 Received Message 0 with queue size 0 and internal logic clock 1 at system time 1.003
2023-03-09 12:34:28,326 : VM2_cr1 Send Message VM2_cr1:1 to VM0 at system time 1.003
2023-03-09 12:34:29,330 : VM2_cr1 Received Message 4 with queue size 2 and internal logic clock 2 at system time 2.008
2023-03-09 12:34:29,331 : VM2_cr1 Send Message VM2_cr1:4 to VM0 at system time 2.008
2023-03-09 12:34:30,334 : VM2_cr1 Received Message 4 with queue size 4 and internal logic clock 5 at system time 3.011
2023-03-09 12:34:30,335 : VM2_cr1 Internal Event with logical clock 5 at system time 3.012
2023-03-09 12:34:31,339 : VM2_cr1 Received Message VM1_cr4:7 with queue size 3 and internal logic clock 6 at system time 4.016
2023-03-09 12:34:31,340 : VM2_cr1 Internal Event with logical clock 7 at system time 4.017
2023-03-09 12:34:32,340 : VM2_cr1 Received Message VM0_cr3:6 with queue size 3 and internal logic clock 8 at system time 5.017
2023-03-09 12:34:32,341 : VM2_cr1 Send Message VM2_cr1:8 to VM0 at system time 5.018
2023-03-09 12:34:33,345 : VM2_cr1 Received Message VM0_cr3:8 with queue size 5 and internal logic clock 9 at system time 6.022
2023-03-09 12:34:33,346 : VM2_cr1 Internal Event with logical clock 9 at system time 6.023
2023-03-09 12:34:34,347 : VM2_cr1 Received Message 11 with queue size 7 and internal logic clock 10 at system time 7.024
2023-03-09 12:34:34,347 : VM2_cr1 Internal Event with logical clock 11 at system time 7.025
2023-03-09 12:34:35,352 : VM2_cr1 Received Message VM1_cr4:19 with queue size 6 and internal logic clock 12 at system time 8.029
2023-03-09 12:34:35,352 : VM2_cr1 Send Message VM2_cr1:19 to VM0 at system time 8.030
2023-03-09 12:34:36,355 : VM2_cr1 Received Message 17 with queue size 7 and internal logic clock 20 at system time 9.032
2023-03-09 12:34:36,356 : VM2_cr1 Internal Event with logical clock 20 at system time 9.033
2023-03-09 12:34:37,359 : VM2_cr1 Received Message 20 with queue size 6 and internal logic clock 21 at system time 10.03
2023-03-09 12:34:37,360 : VM2_cr1 Internal Event with logical clock 21 at system time 10.03
2023-03-09 12:34:38,360 : VM2_cr1 Received Message VM0_cr3:21 with queue size 7 and internal logic clock 22 at system time 11.03
2023-03-09 12:34:38,361 : VM2_cr1 Internal Event with logical clock 22 at system time 11.03
2023-03-09 12:34:39,365 : VM2_cr1 Received Message 23 with queue size 9 and internal logic clock 23 at system time 12.04
2023-03-09 12:34:39,366 : VM2_cr1 Send Message VM2_cr1:23 to VM0 at system time 12.04
2023-03-09 12:34:40,369 : VM2_cr1 Received Message 26 with queue size 10 and internal logic clock 24 at system time 13.04
2023-03-09 12:34:40,369 : VM2_cr1 Internal Event with logical clock 26 at system time 13.04
2023-03-09 12:34:41,373 : VM2_cr1 Received Message 27 with queue size 11 and internal logic clock 27 at system time 14.05
2023-03-09 12:34:41,373 : VM2_cr1 send message VM2_cr1:27 to VM1 at system time 14.05
2023-03-09 12:34:42,378 : VM2_cr1 Received Message 32 with queue size 11 and internal logic clock 28 at system time 15.05
2023-03-09 12:34:42,378 : VM2_cr1 Internal Event with logical clock 32 at system time 15.05
2023-03-09 12:34:43,383 : VM2_cr1 Received Message 34 with queue size 12 and internal logic clock 33 at system time 16.06
2023-03-09 12:34:43,383 : VM2_cr1 Internal Event with logical clock 34 at system time 16.06
2023-03-09 12:34:44,388 : VM2_cr1 Received Message VM0_cr3:42 with queue size 13 and internal logic clock 35 at system time 17.06
2023-03-09 12:34:44,388 : VM2_cr1 Internal Event with logical clock 42 at system time 17.06
2023-03-09 12:34:45,393 : VM2_cr1 Received Message 43 with queue size 13 and internal logic clock 43 at system time 18.07
2023-03-09 12:34:45,394 : VM2_cr1 send message VM2_cr1:43 to both other VMs at system time 18.07
2023-03-09 12:34:46,397 : VM2_cr1 Received Message 43 with queue size 13 and internal logic clock 44 at system time 19.07
2023-03-09 12:34:46,397 : VM2_cr1 Send Message VM2_cr1:44 to VM0 at system time 19.07
2023-03-09 12:34:47,402 : VM2_cr1 Received Message VM1_cr4:44 with queue size 15 and internal logic clock 45 at system time 20.07
2023-03-09 12:34:47,402 : VM2_cr1 Internal Event with logical clock 45 at system time 20.08
2023-03-09 12:34:48,405 : VM2_cr1 Received Message VM1_cr4:45 with queue size 14 and internal logic clock 46 at system time 21.08
2023-03-09 12:34:48,405 : VM2_cr1 Internal Event with logical clock 46 at system time 21.08
2023-03-09 12:34:49,410 : VM2_cr1 Received Message 47 with queue size 13 and internal logic clock 47 at system time 22.08
2023-03-09 12:34:49,410 : VM2_cr1 Internal Event with logical clock 47 at system time 22.08
2023-03-09 12:34:50,415 : VM2_cr1 Received Message 48 with queue size 17 and internal logic clock 48 at system time 23.09
2023-03-09 12:34:50,416 : VM2_cr1 Internal Event with logical clock 48 at system time 23.09
2023-03-09 12:34:51,417 : VM2_cr1 Received Message 52 with queue size 18 and internal logic clock 49 at system time 24.09
2023-03-09 12:34:51,418 : VM2_cr1 Internal Event with logical clock 52 at system time 24.09
2023-03-09 12:34:52,421 : VM2_cr1 Received Message 53 with queue size 18 and internal logic clock 53 at system time 25.09
2023-03-09 12:34:52,421 : VM2_cr1 Internal Event with logical clock 53 at system time 25.09
2023-03-09 12:34:53,426 : VM2_cr1 Received Message VM0_cr3:54 with queue size 18 and internal logic clock 54 at system time 26.10
2023-03-09 12:34:53,427 : VM2_cr1 Send Message VM2_cr1:54 to VM0 at system time 26.10
2023-03-09 12:34:54,431 : VM2_cr1 Received Message VM1_cr4:60 with queue size 19 and internal logic clock 55 at system time 27.10
2023-03-09 12:34:54,432 : VM2_cr1 send message VM2_cr1:60 to both other VMs at system time 27.10
2023-03-09 12:34:55,435 : VM2_cr1 Received Message VM1_cr4:61 with queue size 21 and internal logic clock 61 at system time 28.11
2023-03-09 12:34:55,435 : VM2_cr1 Internal Event with logical clock 61 at system time 28.11
2023-03-09 12:34:56,440 : VM2_cr1 Received Message 64 with queue size 20 and internal logic clock 62 at system time 29.11
2023-03-09 12:34:56,440 : VM2_cr1 send message VM2_cr1:64 to VM1 at system time 29.11
2023-03-09 12:34:57,444 : VM2_cr1 Received Message 65 with queue size 19 and internal logic clock 65 at system time 30.12
2023-03-09 12:34:57,444 : VM2_cr1 Internal Event with logical clock 65 at system time 30.12
2023-03-09 12:34:58,449 : VM2_cr1 Received Message VM1_cr4:68 with queue size 19 and internal logic clock 66 at system time 31.12
2023-03-09 12:34:58,449 : VM2_cr1 Send Message VM2_cr1:68 to VM0 at system time 31.12
2023-03-09 12:34:59,454 : VM2_cr1 Received Message 73 with queue size 18 and internal logic clock 69 at system time 32.13
2023-03-09 12:34:59,454 : VM2_cr1 Internal Event with logical clock 73 at system time 32.13
2023-03-09 12:35:00,459 : VM2_cr1 Received Message VM0_cr3:75 with queue size 18 and internal logic clock 74 at system time 33.13
2023-03-09 12:35:00,459 : VM2_cr1 Internal Event with logical clock 75 at system time 33.13
2023-03-09 12:35:01,464 : VM2_cr1 Received Message 76 with queue size 18 and internal logic clock 76 at system time 34.14
2023-03-09 12:35:01,464 : VM2_cr1 Internal Event with logical clock 76 at system time 34.14
2023-03-09 12:35:02,469 : VM2_cr1 Received Message VM1_cr4:78 with queue size 20 and internal logic clock 77 at system time 35.14
2023-03-09 12:35:02,469 : VM2_cr1 send message VM2_cr1:78 to VM1 at system time 35.14
2023-03-09 12:35:03,474 : VM2_cr1 Received Message 84 with queue size 21 and internal logic clock 79 at system time 36.15
2023-03-09 12:35:03,474 : VM2_cr1 Internal Event with logical clock 84 at system time 36.15
2023-03-09 12:35:04,479 : VM2_cr1 Received Message 88 with queue size 21 and internal logic clock 85 at system time 37.15
2023-03-09 12:35:04,479 : VM2_cr1 Internal Event with logical clock 88 at system time 37.15
2023-03-09 12:35:05,484 : VM2_cr1 Received Message VM0_cr3:88 with queue size 20 and internal logic clock 89 at system time 38.16
2023-03-09 12:35:05,484 : VM2_cr1 Internal Event with logical clock 89 at system time 38.16
2023-03-09 12:35:06,489 : VM2_cr1 Received Message 89 with queue size 19 and internal logic clock 90 at system time 39.16
2023-03-09 12:35:06,489 : VM2_cr1 Internal Event with logical clock 90 at system time 39.16
2023-03-09 12:35:07,493 : VM2_cr1 Received Message 89 with queue size 18 and internal logic clock 91 at system time 40.17
2023-03-09 12:35:07,493 : VM2_cr1 send message VM2_cr1:91 to both other VMs at system time 40.17
2023-03-09 12:35:08,498 : VM2_cr1 Received Message 92 with queue size 18 and internal logic clock 92 at system time 41.17
2023-03-09 12:35:08,498 : VM2_cr1 Internal Event with logical clock 92 at system time 41.17
2023-03-09 12:35:09,503 : VM2_cr1 Received Message 93 with queue size 19 and internal logic clock 93 at system time 42.18
2023-03-09 12:35:09,503 : VM2_cr1 Internal Event with logical clock 93 at system time 42.18
2023-03-09 12:35:10,508 : VM2_cr1 Received Message 97 with queue size 19 and internal logic clock 94 at system time 43.18
2023-03-09 12:35:10,509 : VM2_cr1 Send Message VM2_cr1:97 to VM0 at system time 43.18
2023-03-09 12:35:11,513 : VM2_cr1 Received Message VM1_cr4:99 with queue size 19 and internal logic clock 98 at system time 44.19
2023-03-09 12:35:11,514 : VM2_cr1 send message VM2_cr1:99 to VM1 at system time 44.19
2023-03-09 12:35:12,518 : VM2_cr1 Received Message 104 with queue size 21 and internal logic clock 100 at system time 45.19
2023-03-09 12:35:12,519 : VM2_cr1 Internal Event with logical clock 104 at system time 45.19
2023-03-09 12:35:13,523 : VM2_cr1 Received Message 104 with queue size 22 and internal logic clock 105 at system time 46.20
2023-03-09 12:35:13,524 : VM2_cr1 Send Message VM2_cr1:105 to VM0 at system time 46.20
2023-03-09 12:35:14,528 : VM2_cr1 Received Message 107 with queue size 23 and internal logic clock 106 at system time 47.20
2023-03-09 12:35:14,529 : VM2_cr1 send message VM2_cr1:107 to both other VMs at system time 47.20
2023-03-09 12:35:15,532 : VM2_cr1 Received Message 109 with queue size 24 and internal logic clock 108 at system time 48.21
2023-03-09 12:35:15,533 : VM2_cr1 Internal Event with logical clock 109 at system time 48.21
2023-03-09 12:35:16,538 : VM2_cr1 Received Message VM1_cr4:110 with queue size 24 and internal logic clock 110 at system time 49.21
2023-03-09 12:35:16,538 : VM2_cr1 Internal Event with logical clock 110 at system time 49.21
2023-03-09 12:35:17,543 : VM2_cr1 Received Message 119 with queue size 24 and internal logic clock 111 at system time 50.22
2023-03-09 12:35:17,543 : VM2_cr1 Internal Event with logical clock 119 at system time 50.22
2023-03-09 12:35:18,544 : VM2_cr1 Received Message 129 with queue size 25 and internal logic clock 120 at system time 51.22
2023-03-09 12:35:18,544 : VM2_cr1 send message VM2_cr1:129 to both other VMs at system time 51.22
2023-03-09 12:35:19,549 : VM2_cr1 Received Message VM1_cr4:134 with queue size 24 and internal logic clock 130 at system time 52.22
2023-03-09 12:35:19,549 : VM2_cr1 Internal Event with logical clock 134 at system time 52.22
2023-03-09 12:35:20,551 : VM2_cr1 Received Message VM1_cr4:136 with queue size 28 and internal logic clock 135 at system time 53.22
2023-03-09 12:35:20,551 : VM2_cr1 Send Message VM2_cr1:136 to VM0 at system time 53.22
2023-03-09 12:35:21,552 : VM2_cr1 Received Message 137 with queue size 30 and internal logic clock 137 at system time 54.23
2023-03-09 12:35:21,553 : VM2_cr1 send message VM2_cr1:137 to VM1 at system time 54.23
2023-03-09 12:35:22,555 : VM2_cr1 Received Message VM1_cr4:138 with queue size 30 and internal logic clock 138 at system time 55.23
2023-03-09 12:35:22,556 : VM2_cr1 Internal Event with logical clock 138 at system time 55.23
2023-03-09 12:35:23,559 : VM2_cr1 Received Message VM0_cr3:139 with queue size 31 and internal logic clock 139 at system time 56.23
2023-03-09 12:35:23,560 : VM2_cr1 send message VM2_cr1:139 to VM1 at system time 56.23
2023-03-09 12:35:24,564 : VM2_cr1 Received Message VM1_cr4:141 with queue size 31 and internal logic clock 140 at system time 57.24
2023-03-09 12:35:24,565 : VM2_cr1 Internal Event with logical clock 141 at system time 57.24
2023-03-09 12:35:25,569 : VM2_cr1 Received Message 145 with queue size 34 and internal logic clock 142 at system time 58.24
2023-03-09 12:35:25,570 : VM2_cr1 send message VM2_cr1:145 to both other VMs at system time 58.24
2023-03-09 12:35:26,571 : VM2_cr1 Received Message VM0_cr3:160 with queue size 33 and internal logic clock 146 at system time 59.24
2023-03-09 12:35:26,584 : VM2_cr1 Internal Event with logical clock 160 at system time 59.26
