2023-03-08 12:02:20,640 : VM2_cr2 listening on port 4098
2023-03-08 12:02:21,646 : VM2_cr2 has incoming connection from VM1 on 127.0.0.1 port on 4098.
2023-03-08 12:02:21,647 : VM2_cr2 connected to VM0 on 127.0.0.1 port on 4096.
2023-03-08 12:02:21,648 : VM2_cr2 Internal Event with logical clock 0 at system time 0.000
2023-03-08 12:02:22,151 : VM2_cr2 Internal Event with logical clock 1 at system time 0.502
2023-03-08 12:02:22,653 : VM2_cr2 Internal Event with logical clock 2 at system time 1.005
2023-03-08 12:02:23,158 : VM2_cr2 send message VM2_cr2:3 to both other VMs at system time 1.510
2023-03-08 12:02:23,663 : VM2_cr2 Internal Event with logical clock 4 at system time 2.015
2023-03-08 12:02:24,168 : VM2_cr2 Internal Event with logical clock 5 at system time 2.520
2023-03-08 12:02:24,673 : VM2_cr2 Received Message VM0_cr2:5 with queue size 1 and internal logic clock 6 at system time 3.025
2023-03-08 12:02:24,674 : VM2_cr2 send message VM2_cr2:6 to VM1 at system time 3.026
2023-03-08 12:02:25,174 : VM2_cr2 Received Message 6 with queue size 0 and internal logic clock 7 at system time 3.525
2023-03-08 12:02:25,174 : VM2_cr2 Internal Event with logical clock 7 at system time 3.526
2023-03-08 12:02:25,679 : VM2_cr2 Internal Event with logical clock 8 at system time 4.030
2023-03-08 12:02:26,184 : VM2_cr2 send message VM2_cr2:9 to VM1 at system time 4.535
2023-03-08 12:02:26,687 : VM2_cr2 Received Message 10 with queue size 0 and internal logic clock 10 at system time 5.039
2023-03-08 12:02:26,687 : VM2_cr2 Internal Event with logical clock 10 at system time 5.039
2023-03-08 12:02:27,192 : VM2_cr2 Received Message VM0_cr2:10 with queue size 1 and internal logic clock 11 at system time 5.543
2023-03-08 12:02:27,192 : VM2_cr2 Internal Event with logical clock 11 at system time 5.544
2023-03-08 12:02:27,697 : VM2_cr2 Received Message VM1_cr2:11 with queue size 0 and internal logic clock 12 at system time 6.048
2023-03-08 12:02:27,697 : VM2_cr2 Internal Event with logical clock 12 at system time 6.049
2023-03-08 12:02:28,202 : VM2_cr2 Received Message 13 with queue size 0 and internal logic clock 13 at system time 6.553
2023-03-08 12:02:28,202 : VM2_cr2 Internal Event with logical clock 13 at system time 6.554
2023-03-08 12:02:28,706 : VM2_cr2 Internal Event with logical clock 14 at system time 7.058
2023-03-08 12:02:29,211 : VM2_cr2 send message VM2_cr2:15 to VM1 at system time 7.563
2023-03-08 12:02:29,711 : VM2_cr2 Received Message VM0_cr2:15 with queue size 1 and internal logic clock 16 at system time 8.063
2023-03-08 12:02:29,711 : VM2_cr2 Internal Event with logical clock 16 at system time 8.063
2023-03-08 12:02:30,214 : VM2_cr2 Received Message 16 with queue size 1 and internal logic clock 17 at system time 8.565
2023-03-08 12:02:30,214 : VM2_cr2 Send Message VM2_cr2:17 to VM0 at system time 8.566
2023-03-08 12:02:30,718 : VM2_cr2 Received Message VM0_cr2:16 with queue size 1 and internal logic clock 18 at system time 9.070
2023-03-08 12:02:30,719 : VM2_cr2 Internal Event with logical clock 18 at system time 9.070
2023-03-08 12:02:31,223 : VM2_cr2 Received Message 17 with queue size 0 and internal logic clock 19 at system time 9.575
2023-03-08 12:02:31,225 : VM2_cr2 Internal Event with logical clock 19 at system time 9.577
2023-03-08 12:02:31,724 : VM2_cr2 Received Message 19 with queue size 0 and internal logic clock 20 at system time 10.07
2023-03-08 12:02:31,724 : VM2_cr2 Internal Event with logical clock 20 at system time 10.07
2023-03-08 12:02:32,229 : VM2_cr2 Received Message 20 with queue size 0 and internal logic clock 21 at system time 10.58
2023-03-08 12:02:32,229 : VM2_cr2 Internal Event with logical clock 21 at system time 10.58
2023-03-08 12:02:32,731 : VM2_cr2 Received Message VM0_cr2:22 with queue size 0 and internal logic clock 22 at system time 11.08
2023-03-08 12:02:32,732 : VM2_cr2 Internal Event with logical clock 22 at system time 11.08
2023-03-08 12:02:33,233 : VM2_cr2 Received Message VM1_cr2:22 with queue size 0 and internal logic clock 23 at system time 11.58
2023-03-08 12:02:33,233 : VM2_cr2 Internal Event with logical clock 23 at system time 11.58
2023-03-08 12:02:33,736 : VM2_cr2 Received Message 23 with queue size 0 and internal logic clock 24 at system time 12.08
2023-03-08 12:02:33,736 : VM2_cr2 Internal Event with logical clock 24 at system time 12.08
2023-03-08 12:02:34,241 : VM2_cr2 Internal Event with logical clock 25 at system time 12.59
2023-03-08 12:02:34,744 : VM2_cr2 Received Message 25 with queue size 0 and internal logic clock 26 at system time 13.09
2023-03-08 12:02:34,745 : VM2_cr2 Internal Event with logical clock 26 at system time 13.09
2023-03-08 12:02:35,249 : VM2_cr2 Received Message 26 with queue size 0 and internal logic clock 27 at system time 13.60
2023-03-08 12:02:35,250 : VM2_cr2 send message VM2_cr2:27 to VM1 at system time 13.60
2023-03-08 12:02:35,752 : VM2_cr2 Received Message 27 with queue size 0 and internal logic clock 28 at system time 14.10
2023-03-08 12:02:35,753 : VM2_cr2 send message VM2_cr2:28 to VM1 at system time 14.10
2023-03-08 12:02:36,252 : VM2_cr2 Received Message VM0_cr2:28 with queue size 0 and internal logic clock 29 at system time 14.60
2023-03-08 12:02:36,253 : VM2_cr2 Internal Event with logical clock 29 at system time 14.60
2023-03-08 12:02:36,756 : VM2_cr2 send message VM2_cr2:30 to VM1 at system time 15.10
2023-03-08 12:02:37,261 : VM2_cr2 Internal Event with logical clock 31 at system time 15.61
2023-03-08 12:02:37,766 : VM2_cr2 Internal Event with logical clock 32 at system time 16.11
2023-03-08 12:02:38,270 : VM2_cr2 Received Message VM1_cr2:32 with queue size 1 and internal logic clock 33 at system time 16.62
2023-03-08 12:02:38,270 : VM2_cr2 Send Message VM2_cr2:33 to VM0 at system time 16.62
2023-03-08 12:02:38,772 : VM2_cr2 Received Message VM0_cr2:33 with queue size 0 and internal logic clock 34 at system time 17.12
2023-03-08 12:02:38,772 : VM2_cr2 Internal Event with logical clock 34 at system time 17.12
2023-03-08 12:02:39,275 : VM2_cr2 Internal Event with logical clock 35 at system time 17.62
2023-03-08 12:02:39,780 : VM2_cr2 Internal Event with logical clock 36 at system time 18.13
2023-03-08 12:02:40,286 : VM2_cr2 Received Message 36 with queue size 0 and internal logic clock 37 at system time 18.63
2023-03-08 12:02:40,286 : VM2_cr2 send message VM2_cr2:37 to VM1 at system time 18.63
2023-03-08 12:02:40,786 : VM2_cr2 Internal Event with logical clock 38 at system time 19.13
2023-03-08 12:02:41,289 : VM2_cr2 send message VM2_cr2:39 to both other VMs at system time 19.64
2023-03-08 12:02:41,794 : VM2_cr2 Internal Event with logical clock 40 at system time 20.14
2023-03-08 12:02:42,296 : VM2_cr2 Internal Event with logical clock 41 at system time 20.64
2023-03-08 12:02:42,801 : VM2_cr2 send message VM2_cr2:42 to VM1 at system time 21.15
2023-03-08 12:02:43,302 : VM2_cr2 Send Message VM2_cr2:43 to VM0 at system time 21.65
2023-03-08 12:02:43,807 : VM2_cr2 Received Message 43 with queue size 0 and internal logic clock 44 at system time 22.15
2023-03-08 12:02:43,808 : VM2_cr2 send message VM2_cr2:44 to VM1 at system time 22.16
2023-03-08 12:02:44,312 : VM2_cr2 send message VM2_cr2:45 to VM1 at system time 22.66
2023-03-08 12:02:44,817 : VM2_cr2 Internal Event with logical clock 46 at system time 23.16
2023-03-08 12:02:45,319 : VM2_cr2 Internal Event with logical clock 47 at system time 23.67
2023-03-08 12:02:45,825 : VM2_cr2 Send Message VM2_cr2:48 to VM0 at system time 24.17
2023-03-08 12:02:46,329 : VM2_cr2 Received Message VM1_cr2:48 with queue size 0 and internal logic clock 49 at system time 24.68
2023-03-08 12:02:46,330 : VM2_cr2 Send Message VM2_cr2:49 to VM0 at system time 24.68
2023-03-08 12:02:46,830 : VM2_cr2 Internal Event with logical clock 50 at system time 25.18
2023-03-08 12:02:47,336 : VM2_cr2 Internal Event with logical clock 51 at system time 25.68
2023-03-08 12:02:47,838 : VM2_cr2 Received Message 51 with queue size 0 and internal logic clock 52 at system time 26.19
2023-03-08 12:02:47,839 : VM2_cr2 Internal Event with logical clock 52 at system time 26.19
2023-03-08 12:02:48,343 : VM2_cr2 Internal Event with logical clock 53 at system time 26.69
2023-03-08 12:02:48,843 : VM2_cr2 Internal Event with logical clock 54 at system time 27.19
2023-03-08 12:02:49,347 : VM2_cr2 Internal Event with logical clock 55 at system time 27.69
2023-03-08 12:02:49,852 : VM2_cr2 Internal Event with logical clock 56 at system time 28.20
2023-03-08 12:02:50,356 : VM2_cr2 Internal Event with logical clock 57 at system time 28.70
2023-03-08 12:02:50,860 : VM2_cr2 Internal Event with logical clock 58 at system time 29.21
2023-03-08 12:02:51,363 : VM2_cr2 Internal Event with logical clock 59 at system time 29.71
2023-03-08 12:02:51,867 : VM2_cr2 Received Message 60 with queue size 0 and internal logic clock 60 at system time 30.21
2023-03-08 12:02:51,868 : VM2_cr2 Internal Event with logical clock 60 at system time 30.22
2023-03-08 12:02:52,371 : VM2_cr2 Received Message VM1_cr2:60 with queue size 0 and internal logic clock 61 at system time 30.72
2023-03-08 12:02:52,371 : VM2_cr2 Internal Event with logical clock 61 at system time 30.72
2023-03-08 12:02:52,876 : VM2_cr2 Internal Event with logical clock 62 at system time 31.22
2023-03-08 12:02:53,380 : VM2_cr2 Internal Event with logical clock 63 at system time 31.73
2023-03-08 12:02:53,885 : VM2_cr2 Send Message VM2_cr2:64 to VM0 at system time 32.23
2023-03-08 12:02:54,389 : VM2_cr2 Internal Event with logical clock 65 at system time 32.74
2023-03-08 12:02:54,893 : VM2_cr2 Received Message 66 with queue size 0 and internal logic clock 66 at system time 33.24
2023-03-08 12:02:54,894 : VM2_cr2 Internal Event with logical clock 66 at system time 33.24
2023-03-08 12:02:55,398 : VM2_cr2 Internal Event with logical clock 67 at system time 33.75
2023-03-08 12:02:55,902 : VM2_cr2 Received Message 68 with queue size 0 and internal logic clock 68 at system time 34.25
2023-03-08 12:02:55,902 : VM2_cr2 Internal Event with logical clock 68 at system time 34.25
2023-03-08 12:02:56,407 : VM2_cr2 Internal Event with logical clock 69 at system time 34.75
2023-03-08 12:02:56,912 : VM2_cr2 Received Message VM0_cr2:70 with queue size 1 and internal logic clock 70 at system time 35.26
2023-03-08 12:02:56,912 : VM2_cr2 Internal Event with logical clock 70 at system time 35.26
2023-03-08 12:02:57,417 : VM2_cr2 Received Message VM1_cr2:70 with queue size 0 and internal logic clock 71 at system time 35.76
2023-03-08 12:02:57,417 : VM2_cr2 Internal Event with logical clock 71 at system time 35.76
2023-03-08 12:02:57,922 : VM2_cr2 Internal Event with logical clock 72 at system time 36.27
2023-03-08 12:02:58,427 : VM2_cr2 Received Message VM0_cr2:73 with queue size 0 and internal logic clock 73 at system time 36.77
2023-03-08 12:02:58,428 : VM2_cr2 Internal Event with logical clock 73 at system time 36.77
2023-03-08 12:02:58,927 : VM2_cr2 Internal Event with logical clock 74 at system time 37.27
2023-03-08 12:02:59,431 : VM2_cr2 Internal Event with logical clock 75 at system time 37.78
2023-03-08 12:02:59,934 : VM2_cr2 Received Message 76 with queue size 0 and internal logic clock 76 at system time 38.28
2023-03-08 12:02:59,935 : VM2_cr2 Internal Event with logical clock 76 at system time 38.28
2023-03-08 12:03:00,439 : VM2_cr2 Internal Event with logical clock 77 at system time 38.79
2023-03-08 12:03:00,944 : VM2_cr2 send message VM2_cr2:78 to VM1 at system time 39.29
2023-03-08 12:03:01,449 : VM2_cr2 send message VM2_cr2:79 to both other VMs at system time 39.80
2023-03-08 12:03:01,954 : VM2_cr2 Received Message 80 with queue size 0 and internal logic clock 80 at system time 40.30
2023-03-08 12:03:01,954 : VM2_cr2 Internal Event with logical clock 80 at system time 40.30
2023-03-08 12:03:02,457 : VM2_cr2 Internal Event with logical clock 81 at system time 40.80
2023-03-08 12:03:02,962 : VM2_cr2 Internal Event with logical clock 82 at system time 41.31
2023-03-08 12:03:03,467 : VM2_cr2 Internal Event with logical clock 83 at system time 41.81
2023-03-08 12:03:03,972 : VM2_cr2 Internal Event with logical clock 84 at system time 42.32
2023-03-08 12:03:04,477 : VM2_cr2 Received Message 85 with queue size 0 and internal logic clock 85 at system time 42.82
2023-03-08 12:03:04,477 : VM2_cr2 Send Message VM2_cr2:85 to VM0 at system time 42.82
2023-03-08 12:03:04,979 : VM2_cr2 Internal Event with logical clock 86 at system time 43.33
2023-03-08 12:03:05,484 : VM2_cr2 Internal Event with logical clock 87 at system time 43.83
2023-03-08 12:03:05,989 : VM2_cr2 Internal Event with logical clock 88 at system time 44.34
2023-03-08 12:03:06,494 : VM2_cr2 Internal Event with logical clock 89 at system time 44.84
2023-03-08 12:03:06,999 : VM2_cr2 Internal Event with logical clock 90 at system time 45.35
2023-03-08 12:03:07,502 : VM2_cr2 Received Message VM0_cr2:91 with queue size 0 and internal logic clock 91 at system time 45.85
2023-03-08 12:03:07,503 : VM2_cr2 Internal Event with logical clock 91 at system time 45.85
2023-03-08 12:03:08,007 : VM2_cr2 send message VM2_cr2:92 to VM1 at system time 46.35
2023-03-08 12:03:08,510 : VM2_cr2 Internal Event with logical clock 93 at system time 46.86
2023-03-08 12:03:09,014 : VM2_cr2 Received Message 94 with queue size 0 and internal logic clock 94 at system time 47.36
2023-03-08 12:03:09,014 : VM2_cr2 Internal Event with logical clock 94 at system time 47.36
2023-03-08 12:03:09,519 : VM2_cr2 Internal Event with logical clock 95 at system time 47.87
2023-03-08 12:03:10,023 : VM2_cr2 send message VM2_cr2:96 to VM1 at system time 48.37
2023-03-08 12:03:10,524 : VM2_cr2 Received Message 97 with queue size 0 and internal logic clock 97 at system time 48.87
2023-03-08 12:03:10,524 : VM2_cr2 send message VM2_cr2:97 to VM1 at system time 48.87
2023-03-08 12:03:11,026 : VM2_cr2 Received Message 98 with queue size 0 and internal logic clock 98 at system time 49.37
2023-03-08 12:03:11,027 : VM2_cr2 Internal Event with logical clock 98 at system time 49.37
2023-03-08 12:03:11,531 : VM2_cr2 Internal Event with logical clock 99 at system time 49.88
2023-03-08 12:03:12,035 : VM2_cr2 Received Message 100 with queue size 0 and internal logic clock 100 at system time 50.38
2023-03-08 12:03:12,036 : VM2_cr2 Internal Event with logical clock 100 at system time 50.38
2023-03-08 12:03:12,540 : VM2_cr2 send message VM2_cr2:101 to VM1 at system time 50.89
2023-03-08 12:03:13,045 : VM2_cr2 Received Message 102 with queue size 0 and internal logic clock 102 at system time 51.39
2023-03-08 12:03:13,046 : VM2_cr2 send message VM2_cr2:102 to both other VMs at system time 51.39
2023-03-08 12:03:13,550 : VM2_cr2 Internal Event with logical clock 103 at system time 51.90
2023-03-08 12:03:14,055 : VM2_cr2 Internal Event with logical clock 104 at system time 52.40
2023-03-08 12:03:14,559 : VM2_cr2 Received Message 105 with queue size 0 and internal logic clock 105 at system time 52.91
2023-03-08 12:03:14,559 : VM2_cr2 Internal Event with logical clock 105 at system time 52.91
2023-03-08 12:03:15,064 : VM2_cr2 Received Message VM0_cr2:106 with queue size 0 and internal logic clock 106 at system time 53.41
2023-03-08 12:03:15,064 : VM2_cr2 Internal Event with logical clock 106 at system time 53.41
2023-03-08 12:03:15,569 : VM2_cr2 Received Message 107 with queue size 0 and internal logic clock 107 at system time 53.92
2023-03-08 12:03:15,569 : VM2_cr2 Internal Event with logical clock 107 at system time 53.92
2023-03-08 12:03:16,071 : VM2_cr2 Received Message 108 with queue size 0 and internal logic clock 108 at system time 54.42
2023-03-08 12:03:16,072 : VM2_cr2 Internal Event with logical clock 108 at system time 54.42
2023-03-08 12:03:16,573 : VM2_cr2 Internal Event with logical clock 109 at system time 54.92
2023-03-08 12:03:17,078 : VM2_cr2 send message VM2_cr2:110 to both other VMs at system time 55.43
2023-03-08 12:03:17,583 : VM2_cr2 Received Message VM0_cr2:111 with queue size 0 and internal logic clock 111 at system time 55.93
2023-03-08 12:03:17,584 : VM2_cr2 Internal Event with logical clock 111 at system time 55.93
2023-03-08 12:03:18,085 : VM2_cr2 Internal Event with logical clock 112 at system time 56.43
2023-03-08 12:03:18,590 : VM2_cr2 Received Message VM0_cr2:113 with queue size 0 and internal logic clock 113 at system time 56.94
2023-03-08 12:03:18,591 : VM2_cr2 send message VM2_cr2:113 to both other VMs at system time 56.94
2023-03-08 12:03:19,095 : VM2_cr2 Received Message VM0_cr2:114 with queue size 0 and internal logic clock 114 at system time 57.44
2023-03-08 12:03:19,096 : VM2_cr2 Send Message VM2_cr2:114 to VM0 at system time 57.44
2023-03-08 12:03:19,600 : VM2_cr2 Internal Event with logical clock 115 at system time 57.95
2023-03-08 12:03:20,101 : VM2_cr2 Internal Event with logical clock 116 at system time 58.45
2023-03-08 12:03:20,606 : VM2_cr2 Received Message VM0_cr2:117 with queue size 0 and internal logic clock 117 at system time 58.95
2023-03-08 12:03:20,606 : VM2_cr2 Internal Event with logical clock 117 at system time 58.95
2023-03-08 12:03:21,111 : VM2_cr2 Internal Event with logical clock 118 at system time 59.46
2023-03-08 12:03:21,614 : VM2_cr2 send message VM2_cr2:119 to both other VMs at system time 59.96
