2023-03-08 12:50:06,399 : VM0_cr1 listening on port 4096
2023-03-08 12:50:07,406 : VM0_cr1 connected to VM1 on 127.0.0.1 port on 4097.
2023-03-08 12:50:07,416 : VM0_cr1 has incoming connection from VM2 on 127.0.0.1 port on 4096.
2023-03-08 12:50:07,420 : VM0_cr1 Received Message 0 with queue size 0 and internal logic clock 0 at system time 0.001
2023-03-08 12:50:07,420 : VM0_cr1 Internal Event with logical clock 0 at system time 0.002
2023-03-08 12:50:08,425 : VM0_cr1 Received Message VM1_cr6:3 with queue size 3 and internal logic clock 1 at system time 1.007
2023-03-08 12:50:08,425 : VM0_cr1 Internal Event with logical clock 3 at system time 1.007
2023-03-08 12:50:09,430 : VM0_cr1 Received Message 3 with queue size 4 and internal logic clock 4 at system time 2.012
2023-03-08 12:50:09,431 : VM0_cr1 Internal Event with logical clock 4 at system time 2.012
2023-03-08 12:50:10,433 : VM0_cr1 Received Message 4 with queue size 4 and internal logic clock 5 at system time 3.014
2023-03-08 12:50:10,433 : VM0_cr1 Internal Event with logical clock 5 at system time 3.015
2023-03-08 12:50:11,433 : VM0_cr1 Received Message 5 with queue size 5 and internal logic clock 6 at system time 4.015
2023-03-08 12:50:11,434 : VM0_cr1 Internal Event with logical clock 6 at system time 4.015
2023-03-08 12:50:12,438 : VM0_cr1 Received Message VM2_cr6:7 with queue size 7 and internal logic clock 7 at system time 5.020
2023-03-08 12:50:12,439 : VM0_cr1 send message VM0_cr1:7 to VM2 at system time 5.020
2023-03-08 12:50:13,443 : VM0_cr1 Received Message 8 with queue size 12 and internal logic clock 8 at system time 6.025
2023-03-08 12:50:13,443 : VM0_cr1 Send Message VM0_cr1:8 to VM1 at system time 6.025
2023-03-08 12:50:14,448 : VM0_cr1 Received Message VM2_cr6:17 with queue size 14 and internal logic clock 9 at system time 7.029
2023-03-08 12:50:14,448 : VM0_cr1 Internal Event with logical clock 17 at system time 7.030
2023-03-08 12:50:15,452 : VM0_cr1 Received Message VM2_cr6:22 with queue size 13 and internal logic clock 18 at system time 8.033
2023-03-08 12:50:15,452 : VM0_cr1 Internal Event with logical clock 22 at system time 8.034
2023-03-08 12:50:16,456 : VM0_cr1 Received Message VM1_cr6:22 with queue size 17 and internal logic clock 23 at system time 9.038
2023-03-08 12:50:16,456 : VM0_cr1 Internal Event with logical clock 23 at system time 9.038
2023-03-08 12:50:17,458 : VM0_cr1 Received Message 24 with queue size 18 and internal logic clock 24 at system time 10.03
2023-03-08 12:50:17,458 : VM0_cr1 Internal Event with logical clock 24 at system time 10.04
2023-03-08 12:50:18,462 : VM0_cr1 Received Message VM2_cr6:25 with queue size 19 and internal logic clock 25 at system time 11.04
2023-03-08 12:50:18,463 : VM0_cr1 Internal Event with logical clock 25 at system time 11.04
2023-03-08 12:50:19,466 : VM0_cr1 Received Message VM1_cr6:29 with queue size 20 and internal logic clock 26 at system time 12.04
2023-03-08 12:50:19,467 : VM0_cr1 Internal Event with logical clock 29 at system time 12.04
2023-03-08 12:50:20,471 : VM0_cr1 Received Message 30 with queue size 23 and internal logic clock 30 at system time 13.05
2023-03-08 12:50:20,471 : VM0_cr1 Internal Event with logical clock 30 at system time 13.05
2023-03-08 12:50:21,476 : VM0_cr1 Received Message 31 with queue size 24 and internal logic clock 31 at system time 14.05
2023-03-08 12:50:21,476 : VM0_cr1 Internal Event with logical clock 31 at system time 14.05
2023-03-08 12:50:22,479 : VM0_cr1 Received Message VM1_cr6:31 with queue size 26 and internal logic clock 32 at system time 15.06
2023-03-08 12:50:22,480 : VM0_cr1 Internal Event with logical clock 32 at system time 15.06
2023-03-08 12:50:23,481 : VM0_cr1 Received Message 32 with queue size 28 and internal logic clock 33 at system time 16.06
2023-03-08 12:50:23,482 : VM0_cr1 Internal Event with logical clock 33 at system time 16.06
2023-03-08 12:50:24,487 : VM0_cr1 Received Message 33 with queue size 28 and internal logic clock 34 at system time 17.06
2023-03-08 12:50:24,487 : VM0_cr1 Internal Event with logical clock 34 at system time 17.06
2023-03-08 12:50:25,492 : VM0_cr1 Received Message VM1_cr6:34 with queue size 29 and internal logic clock 35 at system time 18.07
2023-03-08 12:50:25,492 : VM0_cr1 Send Message VM0_cr1:35 to VM1 at system time 18.07
2023-03-08 12:50:26,493 : VM0_cr1 Received Message VM2_cr6:37 with queue size 30 and internal logic clock 36 at system time 19.07
2023-03-08 12:50:26,493 : VM0_cr1 Internal Event with logical clock 37 at system time 19.07
2023-03-08 12:50:27,497 : VM0_cr1 Received Message 38 with queue size 30 and internal logic clock 38 at system time 20.07
2023-03-08 12:50:27,498 : VM0_cr1 Internal Event with logical clock 38 at system time 20.07
2023-03-08 12:50:28,499 : VM0_cr1 Received Message VM2_cr6:41 with queue size 31 and internal logic clock 39 at system time 21.08
2023-03-08 12:50:28,499 : VM0_cr1 Internal Event with logical clock 41 at system time 21.08
2023-03-08 12:50:29,503 : VM0_cr1 Received Message VM2_cr6:48 with queue size 33 and internal logic clock 42 at system time 22.08
2023-03-08 12:50:29,504 : VM0_cr1 Internal Event with logical clock 48 at system time 22.08
2023-03-08 12:50:30,507 : VM0_cr1 Received Message VM2_cr6:49 with queue size 33 and internal logic clock 49 at system time 23.08
2023-03-08 12:50:30,508 : VM0_cr1 Internal Event with logical clock 49 at system time 23.08
2023-03-08 12:50:31,512 : VM0_cr1 Received Message VM1_cr6:50 with queue size 34 and internal logic clock 50 at system time 24.09
2023-03-08 12:50:31,513 : VM0_cr1 Internal Event with logical clock 50 at system time 24.09
2023-03-08 12:50:32,517 : VM0_cr1 Received Message VM1_cr6:53 with queue size 35 and internal logic clock 51 at system time 25.09
2023-03-08 12:50:32,518 : VM0_cr1 Internal Event with logical clock 53 at system time 25.09
2023-03-08 12:50:33,518 : VM0_cr1 Received Message VM2_cr6:53 with queue size 36 and internal logic clock 54 at system time 26.10
2023-03-08 12:50:33,519 : VM0_cr1 Internal Event with logical clock 54 at system time 26.10
2023-03-08 12:50:34,521 : VM0_cr1 Received Message 56 with queue size 37 and internal logic clock 55 at system time 27.10
2023-03-08 12:50:34,521 : VM0_cr1 Internal Event with logical clock 56 at system time 27.10
2023-03-08 12:50:35,524 : VM0_cr1 Received Message 56 with queue size 41 and internal logic clock 57 at system time 28.10
2023-03-08 12:50:35,524 : VM0_cr1 Internal Event with logical clock 57 at system time 28.10
2023-03-08 12:50:36,528 : VM0_cr1 Received Message 60 with queue size 40 and internal logic clock 58 at system time 29.11
2023-03-08 12:50:36,529 : VM0_cr1 Internal Event with logical clock 60 at system time 29.11
2023-03-08 12:50:37,532 : VM0_cr1 Received Message VM1_cr6:61 with queue size 41 and internal logic clock 61 at system time 30.11
2023-03-08 12:50:37,532 : VM0_cr1 Send Message VM0_cr1:61 to VM1 at system time 30.11
2023-03-08 12:50:38,534 : VM0_cr1 Received Message VM1_cr6:68 with queue size 41 and internal logic clock 62 at system time 31.11
2023-03-08 12:50:38,534 : VM0_cr1 Internal Event with logical clock 68 at system time 31.11
2023-03-08 12:50:39,539 : VM0_cr1 Received Message VM1_cr6:70 with queue size 42 and internal logic clock 69 at system time 32.12
2023-03-08 12:50:39,539 : VM0_cr1 Internal Event with logical clock 70 at system time 32.12
2023-03-08 12:50:40,544 : VM0_cr1 Received Message VM2_cr6:71 with queue size 45 and internal logic clock 71 at system time 33.12
2023-03-08 12:50:40,545 : VM0_cr1 Internal Event with logical clock 71 at system time 33.12
2023-03-08 12:50:41,545 : VM0_cr1 Received Message 71 with queue size 47 and internal logic clock 72 at system time 34.12
2023-03-08 12:50:41,545 : VM0_cr1 send message VM0_cr1:72 to VM2 at system time 34.12
2023-03-08 12:50:42,546 : VM0_cr1 Received Message 74 with queue size 50 and internal logic clock 73 at system time 35.12
2023-03-08 12:50:42,547 : VM0_cr1 Internal Event with logical clock 74 at system time 35.12
2023-03-08 12:50:43,547 : VM0_cr1 Received Message 75 with queue size 52 and internal logic clock 75 at system time 36.12
2023-03-08 12:50:43,548 : VM0_cr1 send message VM0_cr1:75 to both other VMs at system time 36.12
2023-03-08 12:50:44,550 : VM0_cr1 Received Message VM1_cr6:77 with queue size 52 and internal logic clock 76 at system time 37.13
2023-03-08 12:50:44,551 : VM0_cr1 Internal Event with logical clock 77 at system time 37.13
2023-03-08 12:50:45,551 : VM0_cr1 Received Message VM2_cr6:81 with queue size 54 and internal logic clock 78 at system time 38.13
2023-03-08 12:50:45,552 : VM0_cr1 Internal Event with logical clock 81 at system time 38.13
2023-03-08 12:50:46,555 : VM0_cr1 Received Message 84 with queue size 54 and internal logic clock 82 at system time 39.13
2023-03-08 12:50:46,555 : VM0_cr1 Internal Event with logical clock 84 at system time 39.13
2023-03-08 12:50:47,558 : VM0_cr1 Received Message VM1_cr6:85 with queue size 56 and internal logic clock 85 at system time 40.14
2023-03-08 12:50:47,559 : VM0_cr1 Send Message VM0_cr1:85 to VM1 at system time 40.14
2023-03-08 12:50:48,562 : VM0_cr1 Received Message 88 with queue size 60 and internal logic clock 86 at system time 41.14
2023-03-08 12:50:48,563 : VM0_cr1 Internal Event with logical clock 88 at system time 41.14
2023-03-08 12:50:49,565 : VM0_cr1 Received Message VM1_cr6:91 with queue size 63 and internal logic clock 89 at system time 42.14
2023-03-08 12:50:49,566 : VM0_cr1 send message VM0_cr1:91 to VM2 at system time 42.14
2023-03-08 12:50:50,566 : VM0_cr1 Received Message VM1_cr6:92 with queue size 64 and internal logic clock 92 at system time 43.14
2023-03-08 12:50:50,566 : VM0_cr1 Internal Event with logical clock 92 at system time 43.14
2023-03-08 12:50:51,571 : VM0_cr1 Received Message VM2_cr6:94 with queue size 64 and internal logic clock 93 at system time 44.15
2023-03-08 12:50:51,572 : VM0_cr1 Internal Event with logical clock 94 at system time 44.15
2023-03-08 12:50:52,573 : VM0_cr1 Received Message VM1_cr6:98 with queue size 64 and internal logic clock 95 at system time 45.15
2023-03-08 12:50:52,574 : VM0_cr1 send message VM0_cr1:98 to both other VMs at system time 45.15
2023-03-08 12:50:53,573 : VM0_cr1 Received Message VM2_cr6:104 with queue size 64 and internal logic clock 99 at system time 46.15
2023-03-08 12:50:53,573 : VM0_cr1 Internal Event with logical clock 104 at system time 46.15
2023-03-08 12:50:54,576 : VM0_cr1 Received Message VM1_cr6:105 with queue size 63 and internal logic clock 105 at system time 47.15
2023-03-08 12:50:54,577 : VM0_cr1 Internal Event with logical clock 105 at system time 47.15
2023-03-08 12:50:55,582 : VM0_cr1 Received Message VM2_cr6:110 with queue size 65 and internal logic clock 106 at system time 48.16
2023-03-08 12:50:55,582 : VM0_cr1 Internal Event with logical clock 110 at system time 48.16
2023-03-08 12:50:56,584 : VM0_cr1 Received Message VM1_cr6:111 with queue size 65 and internal logic clock 111 at system time 49.16
2023-03-08 12:50:56,585 : VM0_cr1 Internal Event with logical clock 111 at system time 49.16
2023-03-08 12:50:57,589 : VM0_cr1 Received Message VM1_cr6:115 with queue size 64 and internal logic clock 112 at system time 50.17
2023-03-08 12:50:57,589 : VM0_cr1 Internal Event with logical clock 115 at system time 50.17
2023-03-08 12:50:58,594 : VM0_cr1 Received Message 122 with queue size 64 and internal logic clock 116 at system time 51.17
2023-03-08 12:50:58,594 : VM0_cr1 Internal Event with logical clock 122 at system time 51.17
2023-03-08 12:50:59,595 : VM0_cr1 Received Message VM2_cr6:123 with queue size 66 and internal logic clock 123 at system time 52.17
2023-03-08 12:50:59,595 : VM0_cr1 Internal Event with logical clock 123 at system time 52.17
2023-03-08 12:51:00,597 : VM0_cr1 Received Message 125 with queue size 68 and internal logic clock 124 at system time 53.17
2023-03-08 12:51:00,597 : VM0_cr1 Internal Event with logical clock 125 at system time 53.17
2023-03-08 12:51:01,600 : VM0_cr1 Received Message 126 with queue size 69 and internal logic clock 126 at system time 54.18
2023-03-08 12:51:01,601 : VM0_cr1 Internal Event with logical clock 126 at system time 54.18
2023-03-08 12:51:02,605 : VM0_cr1 Received Message 127 with queue size 69 and internal logic clock 127 at system time 55.18
2023-03-08 12:51:02,605 : VM0_cr1 Internal Event with logical clock 127 at system time 55.18
2023-03-08 12:51:03,610 : VM0_cr1 Received Message VM2_cr6:132 with queue size 71 and internal logic clock 128 at system time 56.19
2023-03-08 12:51:03,610 : VM0_cr1 Internal Event with logical clock 132 at system time 56.19
2023-03-08 12:51:04,614 : VM0_cr1 Received Message VM1_cr6:136 with queue size 73 and internal logic clock 133 at system time 57.19
2023-03-08 12:51:04,614 : VM0_cr1 Internal Event with logical clock 136 at system time 57.19
2023-03-08 12:51:05,619 : VM0_cr1 Received Message VM2_cr6:137 with queue size 72 and internal logic clock 137 at system time 58.20
2023-03-08 12:51:05,620 : VM0_cr1 Internal Event with logical clock 137 at system time 58.20
2023-03-08 12:51:06,624 : VM0_cr1 Received Message 146 with queue size 74 and internal logic clock 138 at system time 59.20
2023-03-08 12:51:06,624 : VM0_cr1 Internal Event with logical clock 146 at system time 59.20
