2023-03-08 12:50:06,407 : VM1_cr6 listening on port 4097
2023-03-08 12:50:07,406 : VM1_cr6 has incoming connection from VM0 on 127.0.0.1 port on 4097.
2023-03-08 12:50:07,412 : VM1_cr6 connected to VM2 on 127.0.0.1 port on 4098.
2023-03-08 12:50:07,414 : VM1_cr6 send message VM1_cr6:0 to both other VMs at system time 0.000
2023-03-08 12:50:07,586 : VM1_cr6 Internal Event with logical clock 1 at system time 0.172
2023-03-08 12:50:07,757 : VM1_cr6 Internal Event with logical clock 2 at system time 0.344
2023-03-08 12:50:07,927 : VM1_cr6 send message VM1_cr6:3 to VM0 at system time 0.514
2023-03-08 12:50:08,096 : VM1_cr6 Received Message 3 with queue size 0 and internal logic clock 4 at system time 0.682
2023-03-08 12:50:08,097 : VM1_cr6 Internal Event with logical clock 4 at system time 0.683
2023-03-08 12:50:08,268 : VM1_cr6 Received Message 4 with queue size 0 and internal logic clock 5 at system time 0.854
2023-03-08 12:50:08,268 : VM1_cr6 Internal Event with logical clock 5 at system time 0.855
2023-03-08 12:50:08,436 : VM1_cr6 Received Message 5 with queue size 0 and internal logic clock 6 at system time 1.022
2023-03-08 12:50:08,436 : VM1_cr6 Internal Event with logical clock 6 at system time 1.023
2023-03-08 12:50:08,607 : VM1_cr6 Internal Event with logical clock 7 at system time 1.194
2023-03-08 12:50:08,778 : VM1_cr6 send message VM1_cr6:8 to both other VMs at system time 1.364
2023-03-08 12:50:08,945 : VM1_cr6 Internal Event with logical clock 9 at system time 1.532
2023-03-08 12:50:09,114 : VM1_cr6 Internal Event with logical clock 10 at system time 1.700
2023-03-08 12:50:09,285 : VM1_cr6 Internal Event with logical clock 11 at system time 1.872
2023-03-08 12:50:09,455 : VM1_cr6 Received Message VM2_cr6:12 with queue size 0 and internal logic clock 12 at system time 2.042
2023-03-08 12:50:09,456 : VM1_cr6 Send Message VM1_cr6:12 to VM2 at system time 2.042
2023-03-08 12:50:09,625 : VM1_cr6 Internal Event with logical clock 13 at system time 2.211
2023-03-08 12:50:09,797 : VM1_cr6 Internal Event with logical clock 14 at system time 2.383
2023-03-08 12:50:09,965 : VM1_cr6 Internal Event with logical clock 15 at system time 2.551
2023-03-08 12:50:10,135 : VM1_cr6 Internal Event with logical clock 16 at system time 2.722
2023-03-08 12:50:10,305 : VM1_cr6 Internal Event with logical clock 17 at system time 2.891
2023-03-08 12:50:10,473 : VM1_cr6 Send Message VM1_cr6:18 to VM2 at system time 3.060
2023-03-08 12:50:10,644 : VM1_cr6 Received Message VM2_cr6:18 with queue size 0 and internal logic clock 19 at system time 3.231
2023-03-08 12:50:10,645 : VM1_cr6 Internal Event with logical clock 19 at system time 3.232
2023-03-08 12:50:10,816 : VM1_cr6 Internal Event with logical clock 20 at system time 3.403
2023-03-08 12:50:10,984 : VM1_cr6 Internal Event with logical clock 21 at system time 3.570
2023-03-08 12:50:11,154 : VM1_cr6 send message VM1_cr6:22 to VM0 at system time 3.740
2023-03-08 12:50:11,326 : VM1_cr6 Internal Event with logical clock 23 at system time 3.912
2023-03-08 12:50:11,496 : VM1_cr6 send message VM1_cr6:24 to both other VMs at system time 4.083
2023-03-08 12:50:11,668 : VM1_cr6 Internal Event with logical clock 25 at system time 4.255
2023-03-08 12:50:11,840 : VM1_cr6 Internal Event with logical clock 26 at system time 4.426
2023-03-08 12:50:12,011 : VM1_cr6 Received Message VM2_cr6:27 with queue size 0 and internal logic clock 27 at system time 4.598
2023-03-08 12:50:12,012 : VM1_cr6 Internal Event with logical clock 27 at system time 4.598
2023-03-08 12:50:12,183 : VM1_cr6 Internal Event with logical clock 28 at system time 4.770
2023-03-08 12:50:12,352 : VM1_cr6 send message VM1_cr6:29 to VM0 at system time 4.939
2023-03-08 12:50:12,524 : VM1_cr6 Received Message 30 with queue size 0 and internal logic clock 30 at system time 5.111
2023-03-08 12:50:12,524 : VM1_cr6 Internal Event with logical clock 30 at system time 5.111
2023-03-08 12:50:12,696 : VM1_cr6 Received Message 31 with queue size 0 and internal logic clock 31 at system time 5.282
2023-03-08 12:50:12,697 : VM1_cr6 send message VM1_cr6:31 to VM0 at system time 5.283
2023-03-08 12:50:12,867 : VM1_cr6 Received Message 32 with queue size 0 and internal logic clock 32 at system time 5.454
2023-03-08 12:50:12,868 : VM1_cr6 Internal Event with logical clock 32 at system time 5.454
2023-03-08 12:50:13,035 : VM1_cr6 send message VM1_cr6:33 to both other VMs at system time 5.622
2023-03-08 12:50:13,207 : VM1_cr6 send message VM1_cr6:34 to VM0 at system time 5.794
2023-03-08 12:50:13,375 : VM1_cr6 Internal Event with logical clock 35 at system time 5.962
2023-03-08 12:50:13,547 : VM1_cr6 Received Message VM0_cr1:8 with queue size 0 and internal logic clock 36 at system time 6.134
2023-03-08 12:50:13,547 : VM1_cr6 Internal Event with logical clock 36 at system time 6.134
2023-03-08 12:50:13,719 : VM1_cr6 Internal Event with logical clock 37 at system time 6.305
2023-03-08 12:50:13,891 : VM1_cr6 send message VM1_cr6:38 to both other VMs at system time 6.477
2023-03-08 12:50:14,062 : VM1_cr6 Internal Event with logical clock 39 at system time 6.649
2023-03-08 12:50:14,234 : VM1_cr6 Internal Event with logical clock 40 at system time 6.821
2023-03-08 12:50:14,406 : VM1_cr6 Internal Event with logical clock 41 at system time 6.992
2023-03-08 12:50:14,576 : VM1_cr6 Internal Event with logical clock 42 at system time 7.163
2023-03-08 12:50:14,743 : VM1_cr6 Internal Event with logical clock 43 at system time 7.330
2023-03-08 12:50:14,915 : VM1_cr6 Internal Event with logical clock 44 at system time 7.502
2023-03-08 12:50:15,085 : VM1_cr6 Internal Event with logical clock 45 at system time 7.672
2023-03-08 12:50:15,257 : VM1_cr6 Internal Event with logical clock 46 at system time 7.843
2023-03-08 12:50:15,425 : VM1_cr6 Internal Event with logical clock 47 at system time 8.011
2023-03-08 12:50:15,597 : VM1_cr6 Internal Event with logical clock 48 at system time 8.183
2023-03-08 12:50:15,766 : VM1_cr6 Internal Event with logical clock 49 at system time 8.352
2023-03-08 12:50:15,938 : VM1_cr6 send message VM1_cr6:50 to VM0 at system time 8.524
2023-03-08 12:50:16,105 : VM1_cr6 Received Message VM2_cr6:51 with queue size 0 and internal logic clock 51 at system time 8.692
2023-03-08 12:50:16,106 : VM1_cr6 Internal Event with logical clock 51 at system time 8.692
2023-03-08 12:50:16,273 : VM1_cr6 Send Message VM1_cr6:52 to VM2 at system time 8.860
2023-03-08 12:50:16,445 : VM1_cr6 send message VM1_cr6:53 to VM0 at system time 9.031
2023-03-08 12:50:16,617 : VM1_cr6 Internal Event with logical clock 54 at system time 9.203
2023-03-08 12:50:16,788 : VM1_cr6 Internal Event with logical clock 55 at system time 9.375
2023-03-08 12:50:16,960 : VM1_cr6 Received Message 56 with queue size 0 and internal logic clock 56 at system time 9.546
2023-03-08 12:50:16,961 : VM1_cr6 send message VM1_cr6:56 to both other VMs at system time 9.547
2023-03-08 12:50:17,128 : VM1_cr6 Internal Event with logical clock 57 at system time 9.715
2023-03-08 12:50:17,300 : VM1_cr6 Internal Event with logical clock 58 at system time 9.886
2023-03-08 12:50:17,471 : VM1_cr6 Received Message VM2_cr6:59 with queue size 0 and internal logic clock 59 at system time 10.05
2023-03-08 12:50:17,472 : VM1_cr6 Internal Event with logical clock 59 at system time 10.05
2023-03-08 12:50:17,643 : VM1_cr6 Received Message 60 with queue size 0 and internal logic clock 60 at system time 10.22
2023-03-08 12:50:17,643 : VM1_cr6 Internal Event with logical clock 60 at system time 10.23
2023-03-08 12:50:17,815 : VM1_cr6 send message VM1_cr6:61 to VM0 at system time 10.40
2023-03-08 12:50:17,986 : VM1_cr6 Internal Event with logical clock 62 at system time 10.57
2023-03-08 12:50:18,157 : VM1_cr6 Internal Event with logical clock 63 at system time 10.74
2023-03-08 12:50:18,328 : VM1_cr6 Internal Event with logical clock 64 at system time 10.91
2023-03-08 12:50:18,499 : VM1_cr6 Internal Event with logical clock 65 at system time 11.08
2023-03-08 12:50:18,670 : VM1_cr6 Internal Event with logical clock 66 at system time 11.25
2023-03-08 12:50:18,842 : VM1_cr6 Internal Event with logical clock 67 at system time 11.42
2023-03-08 12:50:19,014 : VM1_cr6 send message VM1_cr6:68 to VM0 at system time 11.60
2023-03-08 12:50:19,185 : VM1_cr6 Internal Event with logical clock 69 at system time 11.77
2023-03-08 12:50:19,356 : VM1_cr6 send message VM1_cr6:70 to VM0 at system time 11.94
2023-03-08 12:50:19,527 : VM1_cr6 send message VM1_cr6:71 to both other VMs at system time 12.11
2023-03-08 12:50:19,698 : VM1_cr6 Internal Event with logical clock 72 at system time 12.28
2023-03-08 12:50:19,868 : VM1_cr6 Internal Event with logical clock 73 at system time 12.45
2023-03-08 12:50:20,038 : VM1_cr6 Received Message 74 with queue size 0 and internal logic clock 74 at system time 12.62
2023-03-08 12:50:20,038 : VM1_cr6 Internal Event with logical clock 74 at system time 12.62
2023-03-08 12:50:20,210 : VM1_cr6 Received Message 75 with queue size 0 and internal logic clock 75 at system time 12.79
2023-03-08 12:50:20,210 : VM1_cr6 Internal Event with logical clock 75 at system time 12.79
2023-03-08 12:50:20,380 : VM1_cr6 Internal Event with logical clock 76 at system time 12.96
2023-03-08 12:50:20,551 : VM1_cr6 Received Message VM2_cr6:77 with queue size 0 and internal logic clock 77 at system time 13.13
2023-03-08 12:50:20,551 : VM1_cr6 send message VM1_cr6:77 to VM0 at system time 13.13
2023-03-08 12:50:20,723 : VM1_cr6 Send Message VM1_cr6:78 to VM2 at system time 13.30
2023-03-08 12:50:20,894 : VM1_cr6 Internal Event with logical clock 79 at system time 13.48
2023-03-08 12:50:21,064 : VM1_cr6 Internal Event with logical clock 80 at system time 13.65
2023-03-08 12:50:21,236 : VM1_cr6 Internal Event with logical clock 81 at system time 13.82
2023-03-08 12:50:21,408 : VM1_cr6 Internal Event with logical clock 82 at system time 13.99
2023-03-08 12:50:21,580 : VM1_cr6 Internal Event with logical clock 83 at system time 14.16
2023-03-08 12:50:21,751 : VM1_cr6 Received Message 84 with queue size 0 and internal logic clock 84 at system time 14.33
2023-03-08 12:50:21,752 : VM1_cr6 Internal Event with logical clock 84 at system time 14.33
2023-03-08 12:50:21,923 : VM1_cr6 send message VM1_cr6:85 to VM0 at system time 14.51
2023-03-08 12:50:22,091 : VM1_cr6 Internal Event with logical clock 86 at system time 14.67
2023-03-08 12:50:22,263 : VM1_cr6 Internal Event with logical clock 87 at system time 14.85
2023-03-08 12:50:22,430 : VM1_cr6 Received Message 88 with queue size 0 and internal logic clock 88 at system time 15.01
2023-03-08 12:50:22,430 : VM1_cr6 Internal Event with logical clock 88 at system time 15.01
2023-03-08 12:50:22,602 : VM1_cr6 Received Message VM2_cr6:89 with queue size 0 and internal logic clock 89 at system time 15.18
2023-03-08 12:50:22,602 : VM1_cr6 Internal Event with logical clock 89 at system time 15.18
2023-03-08 12:50:22,773 : VM1_cr6 Send Message VM1_cr6:90 to VM2 at system time 15.36
2023-03-08 12:50:22,945 : VM1_cr6 send message VM1_cr6:91 to VM0 at system time 15.53
2023-03-08 12:50:23,116 : VM1_cr6 send message VM1_cr6:92 to VM0 at system time 15.70
2023-03-08 12:50:23,286 : VM1_cr6 Internal Event with logical clock 93 at system time 15.87
2023-03-08 12:50:23,454 : VM1_cr6 Internal Event with logical clock 94 at system time 16.04
2023-03-08 12:50:23,623 : VM1_cr6 Internal Event with logical clock 95 at system time 16.21
2023-03-08 12:50:23,794 : VM1_cr6 Internal Event with logical clock 96 at system time 16.38
2023-03-08 12:50:23,966 : VM1_cr6 Internal Event with logical clock 97 at system time 16.55
2023-03-08 12:50:24,134 : VM1_cr6 send message VM1_cr6:98 to VM0 at system time 16.72
2023-03-08 12:50:24,305 : VM1_cr6 Internal Event with logical clock 99 at system time 16.89
2023-03-08 12:50:24,475 : VM1_cr6 Internal Event with logical clock 100 at system time 17.06
2023-03-08 12:50:24,647 : VM1_cr6 Received Message VM2_cr6:101 with queue size 0 and internal logic clock 101 at system time 17.23
2023-03-08 12:50:24,648 : VM1_cr6 Internal Event with logical clock 101 at system time 17.23
2023-03-08 12:50:24,819 : VM1_cr6 Send Message VM1_cr6:102 to VM2 at system time 17.40
2023-03-08 12:50:24,988 : VM1_cr6 Internal Event with logical clock 103 at system time 17.57
2023-03-08 12:50:25,158 : VM1_cr6 Internal Event with logical clock 104 at system time 17.74
2023-03-08 12:50:25,330 : VM1_cr6 send message VM1_cr6:105 to VM0 at system time 17.91
2023-03-08 12:50:25,497 : VM1_cr6 Received Message VM0_cr1:35 with queue size 0 and internal logic clock 106 at system time 18.08
2023-03-08 12:50:25,498 : VM1_cr6 Internal Event with logical clock 106 at system time 18.08
2023-03-08 12:50:25,669 : VM1_cr6 Internal Event with logical clock 107 at system time 18.25
2023-03-08 12:50:25,841 : VM1_cr6 Internal Event with logical clock 108 at system time 18.42
2023-03-08 12:50:26,011 : VM1_cr6 Send Message VM1_cr6:109 to VM2 at system time 18.59
2023-03-08 12:50:26,182 : VM1_cr6 Internal Event with logical clock 110 at system time 18.76
2023-03-08 12:50:26,352 : VM1_cr6 send message VM1_cr6:111 to VM0 at system time 18.93
2023-03-08 12:50:26,524 : VM1_cr6 Internal Event with logical clock 112 at system time 19.11
2023-03-08 12:50:26,696 : VM1_cr6 Internal Event with logical clock 113 at system time 19.28
2023-03-08 12:50:26,864 : VM1_cr6 Send Message VM1_cr6:114 to VM2 at system time 19.45
2023-03-08 12:50:27,036 : VM1_cr6 send message VM1_cr6:115 to VM0 at system time 19.62
2023-03-08 12:50:27,206 : VM1_cr6 Internal Event with logical clock 116 at system time 19.79
2023-03-08 12:50:27,378 : VM1_cr6 Internal Event with logical clock 117 at system time 19.96
2023-03-08 12:50:27,550 : VM1_cr6 Send Message VM1_cr6:118 to VM2 at system time 20.13
2023-03-08 12:50:27,720 : VM1_cr6 Internal Event with logical clock 119 at system time 20.30
2023-03-08 12:50:27,889 : VM1_cr6 Internal Event with logical clock 120 at system time 20.47
2023-03-08 12:50:28,061 : VM1_cr6 Send Message VM1_cr6:121 to VM2 at system time 20.64
2023-03-08 12:50:28,230 : VM1_cr6 send message VM1_cr6:122 to both other VMs at system time 20.81
2023-03-08 12:50:28,401 : VM1_cr6 Internal Event with logical clock 123 at system time 20.98
2023-03-08 12:50:28,568 : VM1_cr6 Internal Event with logical clock 124 at system time 21.15
2023-03-08 12:50:28,740 : VM1_cr6 send message VM1_cr6:125 to both other VMs at system time 21.32
2023-03-08 12:50:28,910 : VM1_cr6 Received Message 126 with queue size 0 and internal logic clock 126 at system time 21.49
2023-03-08 12:50:28,910 : VM1_cr6 Internal Event with logical clock 126 at system time 21.49
2023-03-08 12:50:29,082 : VM1_cr6 Received Message 127 with queue size 0 and internal logic clock 127 at system time 21.66
2023-03-08 12:50:29,082 : VM1_cr6 Internal Event with logical clock 127 at system time 21.66
2023-03-08 12:50:29,253 : VM1_cr6 Internal Event with logical clock 128 at system time 21.84
2023-03-08 12:50:29,425 : VM1_cr6 Send Message VM1_cr6:129 to VM2 at system time 22.01
2023-03-08 12:50:29,596 : VM1_cr6 Internal Event with logical clock 130 at system time 22.18
2023-03-08 12:50:29,766 : VM1_cr6 Internal Event with logical clock 131 at system time 22.35
2023-03-08 12:50:29,938 : VM1_cr6 Internal Event with logical clock 132 at system time 22.52
2023-03-08 12:50:30,110 : VM1_cr6 Internal Event with logical clock 133 at system time 22.69
2023-03-08 12:50:30,281 : VM1_cr6 Received Message VM2_cr6:134 with queue size 0 and internal logic clock 134 at system time 22.86
2023-03-08 12:50:30,281 : VM1_cr6 Internal Event with logical clock 134 at system time 22.86
2023-03-08 12:50:30,448 : VM1_cr6 Internal Event with logical clock 135 at system time 23.03
2023-03-08 12:50:30,619 : VM1_cr6 Received Message VM2_cr6:136 with queue size 0 and internal logic clock 136 at system time 23.20
2023-03-08 12:50:30,620 : VM1_cr6 send message VM1_cr6:136 to VM0 at system time 23.20
2023-03-08 12:50:30,790 : VM1_cr6 Internal Event with logical clock 137 at system time 23.37
2023-03-08 12:50:30,958 : VM1_cr6 Internal Event with logical clock 138 at system time 23.54
2023-03-08 12:50:31,129 : VM1_cr6 Internal Event with logical clock 139 at system time 23.71
2023-03-08 12:50:31,299 : VM1_cr6 Internal Event with logical clock 140 at system time 23.88
2023-03-08 12:50:31,470 : VM1_cr6 Internal Event with logical clock 141 at system time 24.05
2023-03-08 12:50:31,641 : VM1_cr6 Internal Event with logical clock 142 at system time 24.22
2023-03-08 12:50:31,813 : VM1_cr6 Internal Event with logical clock 143 at system time 24.40
2023-03-08 12:50:31,985 : VM1_cr6 Internal Event with logical clock 144 at system time 24.57
2023-03-08 12:50:32,157 : VM1_cr6 Internal Event with logical clock 145 at system time 24.74
2023-03-08 12:50:32,328 : VM1_cr6 Received Message 146 with queue size 0 and internal logic clock 146 at system time 24.91
2023-03-08 12:50:32,329 : VM1_cr6 send message VM1_cr6:146 to both other VMs at system time 24.91
2023-03-08 12:50:32,500 : VM1_cr6 Internal Event with logical clock 147 at system time 25.08
2023-03-08 12:50:32,672 : VM1_cr6 Internal Event with logical clock 148 at system time 25.25
2023-03-08 12:50:32,842 : VM1_cr6 Send Message VM1_cr6:149 to VM2 at system time 25.42
2023-03-08 12:50:33,014 : VM1_cr6 Internal Event with logical clock 150 at system time 25.60
2023-03-08 12:50:33,182 : VM1_cr6 Internal Event with logical clock 151 at system time 25.76
2023-03-08 12:50:33,353 : VM1_cr6 send message VM1_cr6:152 to VM0 at system time 25.93
2023-03-08 12:50:33,520 : VM1_cr6 Received Message VM2_cr6:153 with queue size 0 and internal logic clock 153 at system time 26.10
2023-03-08 12:50:33,520 : VM1_cr6 Internal Event with logical clock 153 at system time 26.10
2023-03-08 12:50:33,687 : VM1_cr6 send message VM1_cr6:154 to VM0 at system time 26.27
2023-03-08 12:50:33,859 : VM1_cr6 Internal Event with logical clock 155 at system time 26.44
2023-03-08 12:50:34,031 : VM1_cr6 Internal Event with logical clock 156 at system time 26.61
2023-03-08 12:50:34,202 : VM1_cr6 Internal Event with logical clock 157 at system time 26.78
2023-03-08 12:50:34,374 : VM1_cr6 Internal Event with logical clock 158 at system time 26.96
2023-03-08 12:50:34,546 : VM1_cr6 Received Message 159 with queue size 0 and internal logic clock 159 at system time 27.13
2023-03-08 12:50:34,556 : VM1_cr6 send message VM1_cr6:159 to both other VMs at system time 27.14
2023-03-08 12:50:34,717 : VM1_cr6 Internal Event with logical clock 160 at system time 27.30
2023-03-08 12:50:34,889 : VM1_cr6 Received Message 161 with queue size 0 and internal logic clock 161 at system time 27.47
2023-03-08 12:50:34,890 : VM1_cr6 send message VM1_cr6:161 to both other VMs at system time 27.47
2023-03-08 12:50:35,061 : VM1_cr6 Received Message VM2_cr6:162 with queue size 0 and internal logic clock 162 at system time 27.64
2023-03-08 12:50:35,061 : VM1_cr6 send message VM1_cr6:162 to both other VMs at system time 27.64
2023-03-08 12:50:35,233 : VM1_cr6 Internal Event with logical clock 163 at system time 27.81
2023-03-08 12:50:35,404 : VM1_cr6 Received Message VM2_cr6:164 with queue size 0 and internal logic clock 164 at system time 27.99
2023-03-08 12:50:35,405 : VM1_cr6 Internal Event with logical clock 164 at system time 27.99
2023-03-08 12:50:35,572 : VM1_cr6 Received Message 165 with queue size 0 and internal logic clock 165 at system time 28.15
2023-03-08 12:50:35,572 : VM1_cr6 Internal Event with logical clock 165 at system time 28.15
2023-03-08 12:50:35,739 : VM1_cr6 Internal Event with logical clock 166 at system time 28.32
2023-03-08 12:50:35,911 : VM1_cr6 Internal Event with logical clock 167 at system time 28.49
2023-03-08 12:50:36,078 : VM1_cr6 Internal Event with logical clock 168 at system time 28.66
2023-03-08 12:50:36,248 : VM1_cr6 Internal Event with logical clock 169 at system time 28.83
2023-03-08 12:50:36,420 : VM1_cr6 Internal Event with logical clock 170 at system time 29.00
2023-03-08 12:50:36,592 : VM1_cr6 Internal Event with logical clock 171 at system time 29.17
2023-03-08 12:50:36,763 : VM1_cr6 Internal Event with logical clock 172 at system time 29.35
2023-03-08 12:50:36,931 : VM1_cr6 Internal Event with logical clock 173 at system time 29.51
2023-03-08 12:50:37,100 : VM1_cr6 Send Message VM1_cr6:174 to VM2 at system time 29.68
2023-03-08 12:50:37,271 : VM1_cr6 Internal Event with logical clock 175 at system time 29.85
2023-03-08 12:50:37,443 : VM1_cr6 Received Message VM2_cr6:176 with queue size 0 and internal logic clock 176 at system time 30.03
2023-03-08 12:50:37,444 : VM1_cr6 send message VM1_cr6:176 to VM0 at system time 30.03
2023-03-08 12:50:37,615 : VM1_cr6 Received Message VM0_cr1:61 with queue size 0 and internal logic clock 177 at system time 30.20
2023-03-08 12:50:37,615 : VM1_cr6 Internal Event with logical clock 177 at system time 30.20
2023-03-08 12:50:37,783 : VM1_cr6 Received Message VM2_cr6:178 with queue size 0 and internal logic clock 178 at system time 30.37
2023-03-08 12:50:37,783 : VM1_cr6 Internal Event with logical clock 178 at system time 30.37
2023-03-08 12:50:37,952 : VM1_cr6 Internal Event with logical clock 179 at system time 30.53
2023-03-08 12:50:38,124 : VM1_cr6 Received Message VM2_cr6:180 with queue size 0 and internal logic clock 180 at system time 30.71
2023-03-08 12:50:38,124 : VM1_cr6 Internal Event with logical clock 180 at system time 30.71
2023-03-08 12:50:38,291 : VM1_cr6 Received Message 181 with queue size 0 and internal logic clock 181 at system time 30.87
2023-03-08 12:50:38,292 : VM1_cr6 Internal Event with logical clock 181 at system time 30.87
2023-03-08 12:50:38,458 : VM1_cr6 Internal Event with logical clock 182 at system time 31.04
2023-03-08 12:50:38,630 : VM1_cr6 Received Message VM2_cr6:183 with queue size 0 and internal logic clock 183 at system time 31.21
2023-03-08 12:50:38,630 : VM1_cr6 Internal Event with logical clock 183 at system time 31.21
2023-03-08 12:50:38,798 : VM1_cr6 Received Message 184 with queue size 0 and internal logic clock 184 at system time 31.38
2023-03-08 12:50:38,798 : VM1_cr6 Internal Event with logical clock 184 at system time 31.38
2023-03-08 12:50:38,970 : VM1_cr6 Received Message VM2_cr6:185 with queue size 0 and internal logic clock 185 at system time 31.55
2023-03-08 12:50:38,970 : VM1_cr6 Internal Event with logical clock 185 at system time 31.55
2023-03-08 12:50:39,142 : VM1_cr6 send message VM1_cr6:186 to VM0 at system time 31.72
2023-03-08 12:50:39,313 : VM1_cr6 Internal Event with logical clock 187 at system time 31.90
2023-03-08 12:50:39,485 : VM1_cr6 Internal Event with logical clock 188 at system time 32.07
2023-03-08 12:50:39,654 : VM1_cr6 Internal Event with logical clock 189 at system time 32.24
2023-03-08 12:50:39,826 : VM1_cr6 Received Message 190 with queue size 0 and internal logic clock 190 at system time 32.41
2023-03-08 12:50:39,826 : VM1_cr6 Internal Event with logical clock 190 at system time 32.41
2023-03-08 12:50:39,998 : VM1_cr6 Internal Event with logical clock 191 at system time 32.58
2023-03-08 12:50:40,165 : VM1_cr6 Internal Event with logical clock 192 at system time 32.75
2023-03-08 12:50:40,337 : VM1_cr6 send message VM1_cr6:193 to VM0 at system time 32.92
2023-03-08 12:50:40,509 : VM1_cr6 Internal Event with logical clock 194 at system time 33.09
2023-03-08 12:50:40,681 : VM1_cr6 Received Message VM2_cr6:195 with queue size 0 and internal logic clock 195 at system time 33.26
2023-03-08 12:50:40,681 : VM1_cr6 Internal Event with logical clock 195 at system time 33.26
2023-03-08 12:50:40,848 : VM1_cr6 send message VM1_cr6:196 to both other VMs at system time 33.43
2023-03-08 12:50:41,019 : VM1_cr6 Received Message VM2_cr6:197 with queue size 0 and internal logic clock 197 at system time 33.60
2023-03-08 12:50:41,020 : VM1_cr6 Internal Event with logical clock 197 at system time 33.60
2023-03-08 12:50:41,191 : VM1_cr6 Internal Event with logical clock 198 at system time 33.77
2023-03-08 12:50:41,363 : VM1_cr6 send message VM1_cr6:199 to VM0 at system time 33.94
2023-03-08 12:50:41,534 : VM1_cr6 Send Message VM1_cr6:200 to VM2 at system time 34.12
2023-03-08 12:50:41,701 : VM1_cr6 send message VM1_cr6:201 to both other VMs at system time 34.28
2023-03-08 12:50:41,873 : VM1_cr6 Internal Event with logical clock 202 at system time 34.46
2023-03-08 12:50:42,045 : VM1_cr6 Internal Event with logical clock 203 at system time 34.63
2023-03-08 12:50:42,213 : VM1_cr6 Internal Event with logical clock 204 at system time 34.80
2023-03-08 12:50:42,385 : VM1_cr6 Internal Event with logical clock 205 at system time 34.97
2023-03-08 12:50:42,557 : VM1_cr6 Received Message 206 with queue size 0 and internal logic clock 206 at system time 35.14
2023-03-08 12:50:42,557 : VM1_cr6 Internal Event with logical clock 206 at system time 35.14
2023-03-08 12:50:42,724 : VM1_cr6 Send Message VM1_cr6:207 to VM2 at system time 35.31
2023-03-08 12:50:42,894 : VM1_cr6 Received Message 208 with queue size 0 and internal logic clock 208 at system time 35.48
2023-03-08 12:50:42,894 : VM1_cr6 Internal Event with logical clock 208 at system time 35.48
2023-03-08 12:50:43,062 : VM1_cr6 Internal Event with logical clock 209 at system time 35.64
2023-03-08 12:50:43,234 : VM1_cr6 Send Message VM1_cr6:210 to VM2 at system time 35.82
2023-03-08 12:50:43,405 : VM1_cr6 Internal Event with logical clock 211 at system time 35.99
2023-03-08 12:50:43,576 : VM1_cr6 Received Message 212 with queue size 1 and internal logic clock 212 at system time 36.16
2023-03-08 12:50:43,577 : VM1_cr6 Internal Event with logical clock 212 at system time 36.16
2023-03-08 12:50:43,746 : VM1_cr6 Received Message 75 with queue size 0 and internal logic clock 213 at system time 36.33
2023-03-08 12:50:43,746 : VM1_cr6 Internal Event with logical clock 213 at system time 36.33
2023-03-08 12:50:43,917 : VM1_cr6 Internal Event with logical clock 214 at system time 36.50
2023-03-08 12:50:44,089 : VM1_cr6 Internal Event with logical clock 215 at system time 36.67
2023-03-08 12:50:44,259 : VM1_cr6 Internal Event with logical clock 216 at system time 36.84
2023-03-08 12:50:44,431 : VM1_cr6 Received Message 217 with queue size 0 and internal logic clock 217 at system time 37.01
2023-03-08 12:50:44,431 : VM1_cr6 Internal Event with logical clock 217 at system time 37.01
2023-03-08 12:50:44,602 : VM1_cr6 Received Message VM2_cr6:218 with queue size 0 and internal logic clock 218 at system time 37.18
2023-03-08 12:50:44,603 : VM1_cr6 Internal Event with logical clock 218 at system time 37.18
2023-03-08 12:50:44,774 : VM1_cr6 Internal Event with logical clock 219 at system time 37.36
2023-03-08 12:50:44,946 : VM1_cr6 send message VM1_cr6:220 to both other VMs at system time 37.53
2023-03-08 12:50:45,117 : VM1_cr6 Send Message VM1_cr6:221 to VM2 at system time 37.70
2023-03-08 12:50:45,287 : VM1_cr6 Received Message 222 with queue size 0 and internal logic clock 222 at system time 37.87
2023-03-08 12:50:45,288 : VM1_cr6 Internal Event with logical clock 222 at system time 37.87
2023-03-08 12:50:45,459 : VM1_cr6 Received Message 223 with queue size 0 and internal logic clock 223 at system time 38.04
2023-03-08 12:50:45,460 : VM1_cr6 Internal Event with logical clock 223 at system time 38.04
2023-03-08 12:50:45,631 : VM1_cr6 Received Message VM2_cr6:224 with queue size 0 and internal logic clock 224 at system time 38.21
2023-03-08 12:50:45,631 : VM1_cr6 Internal Event with logical clock 224 at system time 38.21
2023-03-08 12:50:45,803 : VM1_cr6 Send Message VM1_cr6:225 to VM2 at system time 38.38
2023-03-08 12:50:45,975 : VM1_cr6 Internal Event with logical clock 226 at system time 38.56
2023-03-08 12:50:46,146 : VM1_cr6 send message VM1_cr6:227 to VM0 at system time 38.73
2023-03-08 12:50:46,318 : VM1_cr6 Send Message VM1_cr6:228 to VM2 at system time 38.90
2023-03-08 12:50:46,485 : VM1_cr6 Internal Event with logical clock 229 at system time 39.07
2023-03-08 12:50:46,654 : VM1_cr6 Send Message VM1_cr6:230 to VM2 at system time 39.24
2023-03-08 12:50:46,826 : VM1_cr6 Received Message VM2_cr6:231 with queue size 0 and internal logic clock 231 at system time 39.41
2023-03-08 12:50:46,826 : VM1_cr6 Internal Event with logical clock 231 at system time 39.41
2023-03-08 12:50:46,998 : VM1_cr6 Internal Event with logical clock 232 at system time 39.58
2023-03-08 12:50:47,170 : VM1_cr6 Received Message 233 with queue size 0 and internal logic clock 233 at system time 39.75
2023-03-08 12:50:47,170 : VM1_cr6 Internal Event with logical clock 233 at system time 39.75
2023-03-08 12:50:47,340 : VM1_cr6 Received Message VM2_cr6:234 with queue size 0 and internal logic clock 234 at system time 39.92
2023-03-08 12:50:47,341 : VM1_cr6 send message VM1_cr6:234 to both other VMs at system time 39.92
2023-03-08 12:50:47,512 : VM1_cr6 send message VM1_cr6:235 to both other VMs at system time 40.09
2023-03-08 12:50:47,684 : VM1_cr6 Received Message VM0_cr1:85 with queue size 0 and internal logic clock 236 at system time 40.27
2023-03-08 12:50:47,684 : VM1_cr6 Internal Event with logical clock 236 at system time 40.27
2023-03-08 12:50:47,855 : VM1_cr6 send message VM1_cr6:237 to VM0 at system time 40.44
2023-03-08 12:50:48,027 : VM1_cr6 Received Message 238 with queue size 0 and internal logic clock 238 at system time 40.61
2023-03-08 12:50:48,027 : VM1_cr6 Internal Event with logical clock 238 at system time 40.61
2023-03-08 12:50:48,198 : VM1_cr6 Received Message 239 with queue size 0 and internal logic clock 239 at system time 40.78
2023-03-08 12:50:48,198 : VM1_cr6 Internal Event with logical clock 239 at system time 40.78
2023-03-08 12:50:48,370 : VM1_cr6 send message VM1_cr6:240 to both other VMs at system time 40.95
2023-03-08 12:50:48,541 : VM1_cr6 send message VM1_cr6:241 to both other VMs at system time 41.12
2023-03-08 12:50:48,711 : VM1_cr6 Received Message 242 with queue size 0 and internal logic clock 242 at system time 41.29
2023-03-08 12:50:48,711 : VM1_cr6 send message VM1_cr6:242 to both other VMs at system time 41.29
2023-03-08 12:50:48,882 : VM1_cr6 send message VM1_cr6:243 to both other VMs at system time 41.46
2023-03-08 12:50:49,054 : VM1_cr6 Send Message VM1_cr6:244 to VM2 at system time 41.64
2023-03-08 12:50:49,226 : VM1_cr6 Internal Event with logical clock 245 at system time 41.81
2023-03-08 12:50:49,398 : VM1_cr6 Received Message 246 with queue size 0 and internal logic clock 246 at system time 41.98
2023-03-08 12:50:49,398 : VM1_cr6 Internal Event with logical clock 246 at system time 41.98
2023-03-08 12:50:49,569 : VM1_cr6 send message VM1_cr6:247 to VM0 at system time 42.15
2023-03-08 12:50:49,736 : VM1_cr6 Send Message VM1_cr6:248 to VM2 at system time 42.32
2023-03-08 12:50:49,908 : VM1_cr6 Internal Event with logical clock 249 at system time 42.49
2023-03-08 12:50:50,075 : VM1_cr6 Internal Event with logical clock 250 at system time 42.66
2023-03-08 12:50:50,247 : VM1_cr6 Received Message VM2_cr6:251 with queue size 0 and internal logic clock 251 at system time 42.83
2023-03-08 12:50:50,247 : VM1_cr6 Internal Event with logical clock 251 at system time 42.83
2023-03-08 12:50:50,416 : VM1_cr6 Send Message VM1_cr6:252 to VM2 at system time 43.00
2023-03-08 12:50:50,586 : VM1_cr6 Internal Event with logical clock 253 at system time 43.17
2023-03-08 12:50:50,756 : VM1_cr6 Internal Event with logical clock 254 at system time 43.34
2023-03-08 12:50:50,924 : VM1_cr6 Received Message VM2_cr6:255 with queue size 0 and internal logic clock 255 at system time 43.51
2023-03-08 12:50:50,924 : VM1_cr6 Internal Event with logical clock 255 at system time 43.51
2023-03-08 12:50:51,096 : VM1_cr6 Internal Event with logical clock 256 at system time 43.68
2023-03-08 12:50:51,264 : VM1_cr6 Internal Event with logical clock 257 at system time 43.85
2023-03-08 12:50:51,435 : VM1_cr6 Received Message 258 with queue size 0 and internal logic clock 258 at system time 44.02
2023-03-08 12:50:51,435 : VM1_cr6 Internal Event with logical clock 258 at system time 44.02
2023-03-08 12:50:51,606 : VM1_cr6 Internal Event with logical clock 259 at system time 44.19
2023-03-08 12:50:51,778 : VM1_cr6 Internal Event with logical clock 260 at system time 44.36
2023-03-08 12:50:51,949 : VM1_cr6 Send Message VM1_cr6:261 to VM2 at system time 44.53
2023-03-08 12:50:52,121 : VM1_cr6 send message VM1_cr6:262 to VM0 at system time 44.70
2023-03-08 12:50:52,293 : VM1_cr6 Send Message VM1_cr6:263 to VM2 at system time 44.87
2023-03-08 12:50:52,464 : VM1_cr6 Internal Event with logical clock 264 at system time 45.05
2023-03-08 12:50:52,634 : VM1_cr6 Received Message 98 with queue size 0 and internal logic clock 265 at system time 45.22
2023-03-08 12:50:52,635 : VM1_cr6 Send Message VM1_cr6:265 to VM2 at system time 45.22
2023-03-08 12:50:52,801 : VM1_cr6 send message VM1_cr6:266 to VM0 at system time 45.38
2023-03-08 12:50:52,973 : VM1_cr6 Send Message VM1_cr6:267 to VM2 at system time 45.55
2023-03-08 12:50:53,141 : VM1_cr6 Internal Event with logical clock 268 at system time 45.72
2023-03-08 12:50:53,313 : VM1_cr6 Internal Event with logical clock 269 at system time 45.89
2023-03-08 12:50:53,485 : VM1_cr6 Internal Event with logical clock 270 at system time 46.07
2023-03-08 12:50:53,654 : VM1_cr6 Internal Event with logical clock 271 at system time 46.24
2023-03-08 12:50:53,821 : VM1_cr6 Internal Event with logical clock 272 at system time 46.40
2023-03-08 12:50:53,992 : VM1_cr6 Internal Event with logical clock 273 at system time 46.57
2023-03-08 12:50:54,165 : VM1_cr6 Internal Event with logical clock 274 at system time 46.75
2023-03-08 12:50:54,337 : VM1_cr6 Internal Event with logical clock 275 at system time 46.92
2023-03-08 12:50:54,505 : VM1_cr6 Send Message VM1_cr6:276 to VM2 at system time 47.09
2023-03-08 12:50:54,677 : VM1_cr6 Received Message VM2_cr6:277 with queue size 0 and internal logic clock 277 at system time 47.26
2023-03-08 12:50:54,678 : VM1_cr6 Internal Event with logical clock 277 at system time 47.26
2023-03-08 12:50:54,849 : VM1_cr6 Received Message 278 with queue size 0 and internal logic clock 278 at system time 47.43
2023-03-08 12:50:54,849 : VM1_cr6 Send Message VM1_cr6:278 to VM2 at system time 47.43
2023-03-08 12:50:55,017 : VM1_cr6 send message VM1_cr6:279 to both other VMs at system time 47.60
2023-03-08 12:50:55,189 : VM1_cr6 send message VM1_cr6:280 to VM0 at system time 47.77
2023-03-08 12:50:55,360 : VM1_cr6 Internal Event with logical clock 281 at system time 47.94
2023-03-08 12:50:55,530 : VM1_cr6 Internal Event with logical clock 282 at system time 48.11
2023-03-08 12:50:55,702 : VM1_cr6 Internal Event with logical clock 283 at system time 48.28
2023-03-08 12:50:55,870 : VM1_cr6 Internal Event with logical clock 284 at system time 48.45
2023-03-08 12:50:56,037 : VM1_cr6 Received Message VM2_cr6:285 with queue size 0 and internal logic clock 285 at system time 48.62
2023-03-08 12:50:56,037 : VM1_cr6 Send Message VM1_cr6:285 to VM2 at system time 48.62
2023-03-08 12:50:56,208 : VM1_cr6 Internal Event with logical clock 286 at system time 48.79
2023-03-08 12:50:56,379 : VM1_cr6 send message VM1_cr6:287 to VM0 at system time 48.96
2023-03-08 12:50:56,551 : VM1_cr6 Internal Event with logical clock 288 at system time 49.13
2023-03-08 12:50:56,723 : VM1_cr6 Internal Event with logical clock 289 at system time 49.30
2023-03-08 12:50:56,895 : VM1_cr6 Internal Event with logical clock 290 at system time 49.48
2023-03-08 12:50:57,064 : VM1_cr6 Internal Event with logical clock 291 at system time 49.65
2023-03-08 12:50:57,235 : VM1_cr6 Send Message VM1_cr6:292 to VM2 at system time 49.82
2023-03-08 12:50:57,407 : VM1_cr6 Send Message VM1_cr6:293 to VM2 at system time 49.99
2023-03-08 12:50:57,579 : VM1_cr6 Internal Event with logical clock 294 at system time 50.16
2023-03-08 12:50:57,751 : VM1_cr6 Received Message VM2_cr6:295 with queue size 0 and internal logic clock 295 at system time 50.33
2023-03-08 12:50:57,751 : VM1_cr6 Internal Event with logical clock 295 at system time 50.33
2023-03-08 12:50:57,917 : VM1_cr6 Internal Event with logical clock 296 at system time 50.50
2023-03-08 12:50:58,085 : VM1_cr6 send message VM1_cr6:297 to VM0 at system time 50.67
2023-03-08 12:50:58,255 : VM1_cr6 Internal Event with logical clock 298 at system time 50.84
2023-03-08 12:50:58,427 : VM1_cr6 Internal Event with logical clock 299 at system time 51.01
2023-03-08 12:50:58,595 : VM1_cr6 Internal Event with logical clock 300 at system time 51.18
2023-03-08 12:50:58,763 : VM1_cr6 Internal Event with logical clock 301 at system time 51.35
2023-03-08 12:50:58,935 : VM1_cr6 Internal Event with logical clock 302 at system time 51.52
2023-03-08 12:50:59,102 : VM1_cr6 Received Message 303 with queue size 0 and internal logic clock 303 at system time 51.68
2023-03-08 12:50:59,103 : VM1_cr6 Internal Event with logical clock 303 at system time 51.68
2023-03-08 12:50:59,274 : VM1_cr6 send message VM1_cr6:304 to VM0 at system time 51.86
2023-03-08 12:50:59,446 : VM1_cr6 Received Message 305 with queue size 0 and internal logic clock 305 at system time 52.03
2023-03-08 12:50:59,446 : VM1_cr6 Internal Event with logical clock 305 at system time 52.03
2023-03-08 12:50:59,617 : VM1_cr6 send message VM1_cr6:306 to VM0 at system time 52.20
2023-03-08 12:50:59,788 : VM1_cr6 Internal Event with logical clock 307 at system time 52.37
2023-03-08 12:50:59,959 : VM1_cr6 Internal Event with logical clock 308 at system time 52.54
2023-03-08 12:51:00,127 : VM1_cr6 Received Message 309 with queue size 0 and internal logic clock 309 at system time 52.71
2023-03-08 12:51:00,127 : VM1_cr6 Internal Event with logical clock 309 at system time 52.71
2023-03-08 12:51:00,296 : VM1_cr6 Internal Event with logical clock 310 at system time 52.88
2023-03-08 12:51:00,467 : VM1_cr6 Received Message VM2_cr6:311 with queue size 0 and internal logic clock 311 at system time 53.05
2023-03-08 12:51:00,468 : VM1_cr6 Internal Event with logical clock 311 at system time 53.05
2023-03-08 12:51:00,638 : VM1_cr6 Internal Event with logical clock 312 at system time 53.22
2023-03-08 12:51:00,806 : VM1_cr6 Internal Event with logical clock 313 at system time 53.39
2023-03-08 12:51:00,977 : VM1_cr6 send message VM1_cr6:314 to both other VMs at system time 53.56
2023-03-08 12:51:01,149 : VM1_cr6 Internal Event with logical clock 315 at system time 53.73
2023-03-08 12:51:01,321 : VM1_cr6 Internal Event with logical clock 316 at system time 53.90
2023-03-08 12:51:01,491 : VM1_cr6 Send Message VM1_cr6:317 to VM2 at system time 54.07
2023-03-08 12:51:01,662 : VM1_cr6 Received Message VM2_cr6:318 with queue size 0 and internal logic clock 318 at system time 54.24
2023-03-08 12:51:01,663 : VM1_cr6 Internal Event with logical clock 318 at system time 54.24
2023-03-08 12:51:01,834 : VM1_cr6 Received Message VM2_cr6:319 with queue size 0 and internal logic clock 319 at system time 54.42
2023-03-08 12:51:01,835 : VM1_cr6 send message VM1_cr6:319 to VM0 at system time 54.42
2023-03-08 12:51:02,004 : VM1_cr6 Internal Event with logical clock 320 at system time 54.59
2023-03-08 12:51:02,176 : VM1_cr6 Internal Event with logical clock 321 at system time 54.76
2023-03-08 12:51:02,344 : VM1_cr6 Internal Event with logical clock 322 at system time 54.93
2023-03-08 12:51:02,513 : VM1_cr6 Internal Event with logical clock 323 at system time 55.09
2023-03-08 12:51:02,685 : VM1_cr6 Send Message VM1_cr6:324 to VM2 at system time 55.27
2023-03-08 12:51:02,856 : VM1_cr6 send message VM1_cr6:325 to both other VMs at system time 55.44
2023-03-08 12:51:03,028 : VM1_cr6 Received Message 326 with queue size 0 and internal logic clock 326 at system time 55.61
2023-03-08 12:51:03,029 : VM1_cr6 Internal Event with logical clock 326 at system time 55.61
2023-03-08 12:51:03,200 : VM1_cr6 Internal Event with logical clock 327 at system time 55.78
2023-03-08 12:51:03,372 : VM1_cr6 Internal Event with logical clock 328 at system time 55.95
2023-03-08 12:51:03,542 : VM1_cr6 Internal Event with logical clock 329 at system time 56.12
2023-03-08 12:51:03,712 : VM1_cr6 Internal Event with logical clock 330 at system time 56.29
2023-03-08 12:51:03,880 : VM1_cr6 Received Message 331 with queue size 0 and internal logic clock 331 at system time 56.46
2023-03-08 12:51:03,880 : VM1_cr6 Internal Event with logical clock 331 at system time 56.46
2023-03-08 12:51:04,048 : VM1_cr6 send message VM1_cr6:332 to VM0 at system time 56.63
2023-03-08 12:51:04,219 : VM1_cr6 Internal Event with logical clock 333 at system time 56.80
2023-03-08 12:51:04,390 : VM1_cr6 Internal Event with logical clock 334 at system time 56.97
2023-03-08 12:51:04,562 : VM1_cr6 Received Message VM2_cr6:335 with queue size 0 and internal logic clock 335 at system time 57.14
2023-03-08 12:51:04,562 : VM1_cr6 Internal Event with logical clock 335 at system time 57.14
2023-03-08 12:51:04,729 : VM1_cr6 Internal Event with logical clock 336 at system time 57.31
2023-03-08 12:51:04,898 : VM1_cr6 Internal Event with logical clock 337 at system time 57.48
2023-03-08 12:51:05,070 : VM1_cr6 Internal Event with logical clock 338 at system time 57.65
2023-03-08 12:51:05,237 : VM1_cr6 Internal Event with logical clock 339 at system time 57.82
2023-03-08 12:51:05,409 : VM1_cr6 Internal Event with logical clock 340 at system time 57.99
2023-03-08 12:51:05,581 : VM1_cr6 Internal Event with logical clock 341 at system time 58.16
2023-03-08 12:51:05,753 : VM1_cr6 Internal Event with logical clock 342 at system time 58.33
2023-03-08 12:51:05,921 : VM1_cr6 Internal Event with logical clock 343 at system time 58.50
2023-03-08 12:51:06,093 : VM1_cr6 Received Message 344 with queue size 0 and internal logic clock 344 at system time 58.67
2023-03-08 12:51:06,093 : VM1_cr6 Internal Event with logical clock 344 at system time 58.68
2023-03-08 12:51:06,263 : VM1_cr6 Received Message VM2_cr6:345 with queue size 0 and internal logic clock 345 at system time 58.84
2023-03-08 12:51:06,263 : VM1_cr6 Internal Event with logical clock 345 at system time 58.85
2023-03-08 12:51:06,434 : VM1_cr6 Internal Event with logical clock 346 at system time 59.02
2023-03-08 12:51:06,606 : VM1_cr6 Received Message 347 with queue size 0 and internal logic clock 347 at system time 59.19
2023-03-08 12:51:06,607 : VM1_cr6 Internal Event with logical clock 347 at system time 59.19
2023-03-08 12:51:06,778 : VM1_cr6 Received Message 348 with queue size 0 and internal logic clock 348 at system time 59.36
2023-03-08 12:51:06,778 : VM1_cr6 Send Message VM1_cr6:348 to VM2 at system time 59.36
2023-03-08 12:51:06,946 : VM1_cr6 Internal Event with logical clock 349 at system time 59.53
2023-03-08 12:51:07,114 : VM1_cr6 Internal Event with logical clock 350 at system time 59.70
2023-03-08 12:51:07,281 : VM1_cr6 Internal Event with logical clock 351 at system time 59.86
2023-03-08 12:51:07,453 : VM1_cr6 Internal Event with logical clock 352 at system time 60.03
2023-03-08 12:51:07,620 : VM1_cr6 Internal Event with logical clock 353 at system time 60.20
2023-03-08 12:51:07,791 : VM1_cr6 Received Message VM2_cr6:354 with queue size 0 and internal logic clock 354 at system time 60.37
2023-03-08 12:51:07,792 : VM1_cr6 Internal Event with logical clock 354 at system time 60.37
2023-03-08 12:51:07,963 : VM1_cr6 Internal Event with logical clock 355 at system time 60.55
2023-03-08 12:51:08,135 : VM1_cr6 Internal Event with logical clock 356 at system time 60.72
2023-03-08 12:51:08,304 : VM1_cr6 send message VM1_cr6:357 to VM0 at system time 60.89
2023-03-08 12:51:08,473 : VM1_cr6 Send Message VM1_cr6:358 to VM2 at system time 61.05
2023-03-08 12:51:08,644 : VM1_cr6 send message VM1_cr6:359 to VM0 at system time 61.23
