2023-03-08 11:50:25,944 : VM0_cr5 listening on port 4096
2023-03-08 11:50:26,950 : VM0_cr5 connected to VM1 on 127.0.0.1 port on 4097.
2023-03-08 11:50:26,956 : VM0_cr5 has incoming connection from VM2 on 127.0.0.1 port on 4096.
2023-03-08 11:50:26,958 : VM0_cr5 has an internal event with logical clock 0 at system time 0.000
2023-03-08 11:50:27,163 : VM0_cr5 has an internal event with logical clock 1 at system time 0.205
2023-03-08 11:50:27,368 : VM0_cr5 has an internal event with logical clock 2 at system time 0.410
2023-03-08 11:50:27,573 : VM0_cr5 received message 2 with queue size 0 and internal logic clock 3 at system time 0.616
2023-03-08 11:50:27,574 : VM0_cr5 send message VM0_cr5:3 to VM1 at system time 0.616
2023-03-08 11:50:27,774 : VM0_cr5 has an internal event with logical clock 4 at system time 0.816
2023-03-08 11:50:27,979 : VM0_cr5 send message VM0_cr5:5 to VM1 at system time 1.021
2023-03-08 11:50:28,180 : VM0_cr5 has an internal event with logical clock 6 at system time 1.223
2023-03-08 11:50:28,385 : VM0_cr5 received message VM1_cr4:5 with queue size 0 and internal logic clock 7 at system time 1.428
2023-03-08 11:50:28,386 : VM0_cr5 has an internal event with logical clock 7 at system time 1.428
2023-03-08 11:50:28,590 : VM0_cr5 send message VM0_cr5:8 to VM1 at system time 1.633
2023-03-08 11:50:28,795 : VM0_cr5 has an internal event with logical clock 9 at system time 1.838
2023-03-08 11:50:29,001 : VM0_cr5 has an internal event with logical clock 10 at system time 2.043
2023-03-08 11:50:29,204 : VM0_cr5 has an internal event with logical clock 11 at system time 2.247
2023-03-08 11:50:29,409 : VM0_cr5 send message VM0_cr5:12 to VM1 at system time 2.452
2023-03-08 11:50:29,611 : VM0_cr5 send message VM0_cr5:13 to VM1 at system time 2.653
2023-03-08 11:50:29,815 : VM0_cr5 has an internal event with logical clock 14 at system time 2.858
2023-03-08 11:50:30,020 : VM0_cr5 send message VM0_cr5:15 to VM1 at system time 3.063
2023-03-08 11:50:30,225 : VM0_cr5 send message VM0_cr5:16 to VM2 at system time 3.268
2023-03-08 11:50:30,431 : VM0_cr5 has an internal event with logical clock 17 at system time 3.473
2023-03-08 11:50:30,636 : VM0_cr5 send message VM0_cr5:18 to both other VMs at system time 3.678
2023-03-08 11:50:30,841 : VM0_cr5 has an internal event with logical clock 19 at system time 3.883
2023-03-08 11:50:31,046 : VM0_cr5 has an internal event with logical clock 20 at system time 4.088
2023-03-08 11:50:31,251 : VM0_cr5 send message VM0_cr5:21 to VM1 at system time 4.293
2023-03-08 11:50:31,456 : VM0_cr5 has an internal event with logical clock 22 at system time 4.498
2023-03-08 11:50:31,661 : VM0_cr5 received message 22 with queue size 0 and internal logic clock 23 at system time 4.703
2023-03-08 11:50:31,662 : VM0_cr5 send message VM0_cr5:23 to both other VMs at system time 4.704
2023-03-08 11:50:31,866 : VM0_cr5 received message 23 with queue size 0 and internal logic clock 24 at system time 4.908
2023-03-08 11:50:31,866 : VM0_cr5 has an internal event with logical clock 24 at system time 4.909
2023-03-08 11:50:32,071 : VM0_cr5 send message VM0_cr5:25 to both other VMs at system time 5.113
2023-03-08 11:50:32,273 : VM0_cr5 has an internal event with logical clock 26 at system time 5.315
2023-03-08 11:50:32,478 : VM0_cr5 has an internal event with logical clock 27 at system time 5.520
2023-03-08 11:50:32,678 : VM0_cr5 received message VM1_cr4:26 with queue size 0 and internal logic clock 28 at system time 5.720
2023-03-08 11:50:32,678 : VM0_cr5 has an internal event with logical clock 28 at system time 5.721
2023-03-08 11:50:32,883 : VM0_cr5 has an internal event with logical clock 29 at system time 5.925
2023-03-08 11:50:33,088 : VM0_cr5 received message VM2_cr1:19 with queue size 0 and internal logic clock 30 at system time 6.130
2023-03-08 11:50:33,088 : VM0_cr5 has an internal event with logical clock 30 at system time 6.131
2023-03-08 11:50:33,293 : VM0_cr5 send message VM0_cr5:31 to both other VMs at system time 6.336
2023-03-08 11:50:33,497 : VM0_cr5 received message VM1_cr4:31 with queue size 0 and internal logic clock 32 at system time 6.540
2023-03-08 11:50:33,498 : VM0_cr5 has an internal event with logical clock 32 at system time 6.540
2023-03-08 11:50:33,702 : VM0_cr5 send message VM0_cr5:33 to VM1 at system time 6.745
2023-03-08 11:50:33,907 : VM0_cr5 has an internal event with logical clock 34 at system time 6.949
2023-03-08 11:50:34,109 : VM0_cr5 has an internal event with logical clock 35 at system time 7.151
2023-03-08 11:50:34,314 : VM0_cr5 send message VM0_cr5:36 to VM2 at system time 7.356
2023-03-08 11:50:34,515 : VM0_cr5 has an internal event with logical clock 37 at system time 7.557
2023-03-08 11:50:34,718 : VM0_cr5 has an internal event with logical clock 38 at system time 7.760
2023-03-08 11:50:34,923 : VM0_cr5 has an internal event with logical clock 39 at system time 7.966
2023-03-08 11:50:35,125 : VM0_cr5 has an internal event with logical clock 40 at system time 8.167
2023-03-08 11:50:35,330 : VM0_cr5 send message VM0_cr5:41 to VM1 at system time 8.373
2023-03-08 11:50:35,532 : VM0_cr5 has an internal event with logical clock 42 at system time 8.574
2023-03-08 11:50:35,735 : VM0_cr5 received message 42 with queue size 0 and internal logic clock 43 at system time 8.778
2023-03-08 11:50:35,736 : VM0_cr5 has an internal event with logical clock 43 at system time 8.778
2023-03-08 11:50:35,940 : VM0_cr5 send message VM0_cr5:44 to VM1 at system time 8.982
2023-03-08 11:50:36,142 : VM0_cr5 has an internal event with logical clock 45 at system time 9.185
2023-03-08 11:50:36,343 : VM0_cr5 send message VM0_cr5:46 to VM1 at system time 9.385
2023-03-08 11:50:36,545 : VM0_cr5 received message 45 with queue size 0 and internal logic clock 47 at system time 9.587
2023-03-08 11:50:36,545 : VM0_cr5 has an internal event with logical clock 47 at system time 9.588
2023-03-08 11:50:36,750 : VM0_cr5 has an internal event with logical clock 48 at system time 9.792
2023-03-08 11:50:36,955 : VM0_cr5 has an internal event with logical clock 49 at system time 9.997
2023-03-08 11:50:37,160 : VM0_cr5 has an internal event with logical clock 50 at system time 10.20
2023-03-08 11:50:37,365 : VM0_cr5 send message VM0_cr5:51 to both other VMs at system time 10.40
2023-03-08 11:50:37,569 : VM0_cr5 send message VM0_cr5:52 to VM2 at system time 10.61
2023-03-08 11:50:37,774 : VM0_cr5 has an internal event with logical clock 53 at system time 10.81
2023-03-08 11:50:37,979 : VM0_cr5 has an internal event with logical clock 54 at system time 11.02
2023-03-08 11:50:38,182 : VM0_cr5 send message VM0_cr5:55 to VM1 at system time 11.22
2023-03-08 11:50:38,387 : VM0_cr5 has an internal event with logical clock 56 at system time 11.43
2023-03-08 11:50:38,591 : VM0_cr5 received message 55 with queue size 0 and internal logic clock 57 at system time 11.63
2023-03-08 11:50:38,592 : VM0_cr5 has an internal event with logical clock 57 at system time 11.63
2023-03-08 11:50:38,792 : VM0_cr5 has an internal event with logical clock 58 at system time 11.83
2023-03-08 11:50:38,996 : VM0_cr5 received message VM1_cr4:57 with queue size 0 and internal logic clock 59 at system time 12.03
2023-03-08 11:50:38,996 : VM0_cr5 send message VM0_cr5:59 to VM1 at system time 12.03
2023-03-08 11:50:39,201 : VM0_cr5 send message VM0_cr5:60 to both other VMs at system time 12.24
2023-03-08 11:50:39,406 : VM0_cr5 send message VM0_cr5:61 to VM1 at system time 12.44
2023-03-08 11:50:39,610 : VM0_cr5 has an internal event with logical clock 62 at system time 12.65
2023-03-08 11:50:39,810 : VM0_cr5 has an internal event with logical clock 63 at system time 12.85
2023-03-08 11:50:40,012 : VM0_cr5 send message VM0_cr5:64 to VM2 at system time 13.05
2023-03-08 11:50:40,216 : VM0_cr5 received message 63 with queue size 0 and internal logic clock 65 at system time 13.25
2023-03-08 11:50:40,216 : VM0_cr5 has an internal event with logical clock 65 at system time 13.25
2023-03-08 11:50:40,419 : VM0_cr5 send message VM0_cr5:66 to VM2 at system time 13.46
2023-03-08 11:50:40,619 : VM0_cr5 has an internal event with logical clock 67 at system time 13.66
2023-03-08 11:50:40,823 : VM0_cr5 received message VM1_cr4:65 with queue size 0 and internal logic clock 68 at system time 13.86
2023-03-08 11:50:40,824 : VM0_cr5 has an internal event with logical clock 68 at system time 13.86
2023-03-08 11:50:41,027 : VM0_cr5 received message 66 with queue size 0 and internal logic clock 69 at system time 14.06
2023-03-08 11:50:41,027 : VM0_cr5 send message VM0_cr5:69 to VM2 at system time 14.06
2023-03-08 11:50:41,231 : VM0_cr5 has an internal event with logical clock 70 at system time 14.27
2023-03-08 11:50:41,436 : VM0_cr5 has an internal event with logical clock 71 at system time 14.47
2023-03-08 11:50:41,638 : VM0_cr5 has an internal event with logical clock 72 at system time 14.68
2023-03-08 11:50:41,840 : VM0_cr5 has an internal event with logical clock 73 at system time 14.88
2023-03-08 11:50:42,044 : VM0_cr5 received message VM1_cr4:70 with queue size 0 and internal logic clock 74 at system time 15.08
2023-03-08 11:50:42,044 : VM0_cr5 has an internal event with logical clock 74 at system time 15.08
2023-03-08 11:50:42,251 : VM0_cr5 has an internal event with logical clock 75 at system time 15.29
2023-03-08 11:50:42,457 : VM0_cr5 received message 72 with queue size 0 and internal logic clock 76 at system time 15.49
2023-03-08 11:50:42,457 : VM0_cr5 has an internal event with logical clock 76 at system time 15.50
2023-03-08 11:50:42,657 : VM0_cr5 send message VM0_cr5:77 to VM2 at system time 15.70
2023-03-08 11:50:42,860 : VM0_cr5 has an internal event with logical clock 78 at system time 15.90
2023-03-08 11:50:43,065 : VM0_cr5 received message 43 with queue size 0 and internal logic clock 79 at system time 16.10
2023-03-08 11:50:43,069 : VM0_cr5 has an internal event with logical clock 79 at system time 16.11
2023-03-08 11:50:43,267 : VM0_cr5 has an internal event with logical clock 80 at system time 16.30
2023-03-08 11:50:43,470 : VM0_cr5 send message VM0_cr5:81 to VM2 at system time 16.51
2023-03-08 11:50:43,672 : VM0_cr5 has an internal event with logical clock 82 at system time 16.71
2023-03-08 11:50:43,874 : VM0_cr5 send message VM0_cr5:83 to both other VMs at system time 16.91
2023-03-08 11:50:44,076 : VM0_cr5 has an internal event with logical clock 84 at system time 17.11
2023-03-08 11:50:44,281 : VM0_cr5 has an internal event with logical clock 85 at system time 17.32
2023-03-08 11:50:44,486 : VM0_cr5 has an internal event with logical clock 86 at system time 17.52
2023-03-08 11:50:44,689 : VM0_cr5 send message VM0_cr5:87 to VM1 at system time 17.73
2023-03-08 11:50:44,892 : VM0_cr5 has an internal event with logical clock 88 at system time 17.93
2023-03-08 11:50:45,094 : VM0_cr5 received message 51 with queue size 0 and internal logic clock 89 at system time 18.13
2023-03-08 11:50:45,095 : VM0_cr5 has an internal event with logical clock 89 at system time 18.13
2023-03-08 11:50:45,299 : VM0_cr5 has an internal event with logical clock 90 at system time 18.34
2023-03-08 11:50:45,504 : VM0_cr5 has an internal event with logical clock 91 at system time 18.54
2023-03-08 11:50:45,710 : VM0_cr5 has an internal event with logical clock 92 at system time 18.75
2023-03-08 11:50:45,910 : VM0_cr5 received message 91 with queue size 0 and internal logic clock 93 at system time 18.95
2023-03-08 11:50:45,910 : VM0_cr5 has an internal event with logical clock 93 at system time 18.95
2023-03-08 11:50:46,115 : VM0_cr5 received message 92 with queue size 1 and internal logic clock 94 at system time 19.15
2023-03-08 11:50:46,115 : VM0_cr5 has an internal event with logical clock 94 at system time 19.15
2023-03-08 11:50:46,320 : VM0_cr5 received message VM2_cr1:52 with queue size 0 and internal logic clock 95 at system time 19.36
2023-03-08 11:50:46,320 : VM0_cr5 has an internal event with logical clock 95 at system time 19.36
2023-03-08 11:50:46,525 : VM0_cr5 has an internal event with logical clock 96 at system time 19.56
2023-03-08 11:50:46,728 : VM0_cr5 has an internal event with logical clock 97 at system time 19.77
2023-03-08 11:50:46,928 : VM0_cr5 received message 95 with queue size 0 and internal logic clock 98 at system time 19.97
2023-03-08 11:50:46,929 : VM0_cr5 has an internal event with logical clock 98 at system time 19.97
2023-03-08 11:50:47,131 : VM0_cr5 has an internal event with logical clock 99 at system time 20.17
2023-03-08 11:50:47,336 : VM0_cr5 send message VM0_cr5:100 to both other VMs at system time 20.37
2023-03-08 11:50:47,536 : VM0_cr5 has an internal event with logical clock 101 at system time 20.57
2023-03-08 11:50:47,742 : VM0_cr5 has an internal event with logical clock 102 at system time 20.78
2023-03-08 11:50:47,945 : VM0_cr5 has an internal event with logical clock 103 at system time 20.98
2023-03-08 11:50:48,150 : VM0_cr5 received message VM1_cr4:102 with queue size 0 and internal logic clock 104 at system time 21.19
2023-03-08 11:50:48,150 : VM0_cr5 has an internal event with logical clock 104 at system time 21.19
2023-03-08 11:50:48,353 : VM0_cr5 received message VM1_cr4:103 with queue size 0 and internal logic clock 105 at system time 21.39
2023-03-08 11:50:48,353 : VM0_cr5 send message VM0_cr5:105 to VM2 at system time 21.39
2023-03-08 11:50:48,554 : VM0_cr5 has an internal event with logical clock 106 at system time 21.59
2023-03-08 11:50:48,755 : VM0_cr5 has an internal event with logical clock 107 at system time 21.79
2023-03-08 11:50:48,960 : VM0_cr5 has an internal event with logical clock 108 at system time 22.00
2023-03-08 11:50:49,165 : VM0_cr5 has an internal event with logical clock 109 at system time 22.20
2023-03-08 11:50:49,369 : VM0_cr5 send message VM0_cr5:110 to both other VMs at system time 22.41
2023-03-08 11:50:49,574 : VM0_cr5 has an internal event with logical clock 111 at system time 22.61
2023-03-08 11:50:49,780 : VM0_cr5 send message VM0_cr5:112 to VM1 at system time 22.82
2023-03-08 11:50:49,982 : VM0_cr5 has an internal event with logical clock 113 at system time 23.02
2023-03-08 11:50:50,187 : VM0_cr5 send message VM0_cr5:114 to VM1 at system time 23.22
2023-03-08 11:50:50,387 : VM0_cr5 has an internal event with logical clock 115 at system time 23.42
2023-03-08 11:50:50,592 : VM0_cr5 received message 115 with queue size 0 and internal logic clock 116 at system time 23.63
2023-03-08 11:50:50,592 : VM0_cr5 has an internal event with logical clock 116 at system time 23.63
2023-03-08 11:50:50,797 : VM0_cr5 has an internal event with logical clock 117 at system time 23.83
2023-03-08 11:50:51,000 : VM0_cr5 has an internal event with logical clock 118 at system time 24.04
2023-03-08 11:50:51,202 : VM0_cr5 received message VM1_cr4:117 with queue size 0 and internal logic clock 119 at system time 24.24
2023-03-08 11:50:51,203 : VM0_cr5 send message VM0_cr5:119 to both other VMs at system time 24.24
2023-03-08 11:50:51,407 : VM0_cr5 has an internal event with logical clock 120 at system time 24.44
2023-03-08 11:50:51,609 : VM0_cr5 send message VM0_cr5:121 to both other VMs at system time 24.65
2023-03-08 11:50:51,814 : VM0_cr5 has an internal event with logical clock 122 at system time 24.85
2023-03-08 11:50:52,017 : VM0_cr5 has an internal event with logical clock 123 at system time 25.05
2023-03-08 11:50:52,222 : VM0_cr5 has an internal event with logical clock 124 at system time 25.26
2023-03-08 11:50:52,426 : VM0_cr5 has an internal event with logical clock 125 at system time 25.46
2023-03-08 11:50:52,628 : VM0_cr5 send message VM0_cr5:126 to VM1 at system time 25.67
2023-03-08 11:50:52,833 : VM0_cr5 has an internal event with logical clock 127 at system time 25.87
2023-03-08 11:50:53,037 : VM0_cr5 received message 126 with queue size 0 and internal logic clock 128 at system time 26.07
2023-03-08 11:50:53,040 : VM0_cr5 has an internal event with logical clock 128 at system time 26.08
2023-03-08 11:50:53,239 : VM0_cr5 has an internal event with logical clock 129 at system time 26.28
2023-03-08 11:50:53,443 : VM0_cr5 send message VM0_cr5:130 to VM2 at system time 26.48
2023-03-08 11:50:53,648 : VM0_cr5 received message 129 with queue size 0 and internal logic clock 131 at system time 26.69
2023-03-08 11:50:53,650 : VM0_cr5 has an internal event with logical clock 131 at system time 26.69
2023-03-08 11:50:53,853 : VM0_cr5 has an internal event with logical clock 132 at system time 26.89
2023-03-08 11:50:54,058 : VM0_cr5 send message VM0_cr5:133 to VM1 at system time 27.10
2023-03-08 11:50:54,263 : VM0_cr5 received message 72 with queue size 1 and internal logic clock 134 at system time 27.30
2023-03-08 11:50:54,263 : VM0_cr5 has an internal event with logical clock 134 at system time 27.30
2023-03-08 11:50:54,468 : VM0_cr5 received message VM1_cr4:133 with queue size 1 and internal logic clock 135 at system time 27.51
2023-03-08 11:50:54,468 : VM0_cr5 send message VM0_cr5:135 to VM1 at system time 27.51
2023-03-08 11:50:54,673 : VM0_cr5 received message 134 with queue size 0 and internal logic clock 136 at system time 27.71
2023-03-08 11:50:54,674 : VM0_cr5 has an internal event with logical clock 136 at system time 27.71
2023-03-08 11:50:54,878 : VM0_cr5 received message 136 with queue size 0 and internal logic clock 137 at system time 27.92
2023-03-08 11:50:54,879 : VM0_cr5 send message VM0_cr5:137 to both other VMs at system time 27.92
2023-03-08 11:50:55,082 : VM0_cr5 received message 77 with queue size 0 and internal logic clock 138 at system time 28.12
2023-03-08 11:50:55,082 : VM0_cr5 has an internal event with logical clock 138 at system time 28.12
2023-03-08 11:50:55,287 : VM0_cr5 send message VM0_cr5:139 to VM1 at system time 28.32
2023-03-08 11:50:55,491 : VM0_cr5 send message VM0_cr5:140 to VM1 at system time 28.53
2023-03-08 11:50:55,698 : VM0_cr5 received message 139 with queue size 0 and internal logic clock 141 at system time 28.74
2023-03-08 11:50:55,699 : VM0_cr5 has an internal event with logical clock 141 at system time 28.74
2023-03-08 11:50:55,899 : VM0_cr5 received message 140 with queue size 0 and internal logic clock 142 at system time 28.94
2023-03-08 11:50:55,900 : VM0_cr5 send message VM0_cr5:142 to both other VMs at system time 28.94
2023-03-08 11:50:56,105 : VM0_cr5 has an internal event with logical clock 143 at system time 29.14
2023-03-08 11:50:56,306 : VM0_cr5 send message VM0_cr5:144 to VM1 at system time 29.34
2023-03-08 11:50:56,508 : VM0_cr5 send message VM0_cr5:145 to VM2 at system time 29.55
2023-03-08 11:50:56,712 : VM0_cr5 has an internal event with logical clock 146 at system time 29.75
2023-03-08 11:50:56,916 : VM0_cr5 received message VM1_cr4:146 with queue size 0 and internal logic clock 147 at system time 29.95
2023-03-08 11:50:56,917 : VM0_cr5 has an internal event with logical clock 147 at system time 29.95
2023-03-08 11:50:57,118 : VM0_cr5 received message 81 with queue size 0 and internal logic clock 148 at system time 30.16
2023-03-08 11:50:57,118 : VM0_cr5 has an internal event with logical clock 148 at system time 30.16
2023-03-08 11:50:57,322 : VM0_cr5 has an internal event with logical clock 149 at system time 30.36
2023-03-08 11:50:57,524 : VM0_cr5 received message VM1_cr4:148 with queue size 0 and internal logic clock 150 at system time 30.56
2023-03-08 11:50:57,524 : VM0_cr5 has an internal event with logical clock 150 at system time 30.56
2023-03-08 11:50:57,729 : VM0_cr5 received message 149 with queue size 0 and internal logic clock 151 at system time 30.77
2023-03-08 11:50:57,729 : VM0_cr5 has an internal event with logical clock 151 at system time 30.77
2023-03-08 11:50:57,932 : VM0_cr5 has an internal event with logical clock 152 at system time 30.97
2023-03-08 11:50:58,137 : VM0_cr5 has an internal event with logical clock 153 at system time 31.18
2023-03-08 11:50:58,341 : VM0_cr5 send message VM0_cr5:154 to both other VMs at system time 31.38
2023-03-08 11:50:58,547 : VM0_cr5 send message VM0_cr5:155 to VM2 at system time 31.58
2023-03-08 11:50:58,751 : VM0_cr5 has an internal event with logical clock 156 at system time 31.79
2023-03-08 11:50:58,954 : VM0_cr5 has an internal event with logical clock 157 at system time 31.99
2023-03-08 11:50:59,159 : VM0_cr5 has an internal event with logical clock 158 at system time 32.20
2023-03-08 11:50:59,365 : VM0_cr5 has an internal event with logical clock 159 at system time 32.40
2023-03-08 11:50:59,570 : VM0_cr5 received message 158 with queue size 0 and internal logic clock 160 at system time 32.61
2023-03-08 11:50:59,570 : VM0_cr5 has an internal event with logical clock 160 at system time 32.61
2023-03-08 11:50:59,770 : VM0_cr5 has an internal event with logical clock 161 at system time 32.81
2023-03-08 11:50:59,976 : VM0_cr5 has an internal event with logical clock 162 at system time 33.01
2023-03-08 11:51:00,177 : VM0_cr5 has an internal event with logical clock 163 at system time 33.21
2023-03-08 11:51:00,378 : VM0_cr5 has an internal event with logical clock 164 at system time 33.42
2023-03-08 11:51:00,581 : VM0_cr5 send message VM0_cr5:165 to VM1 at system time 33.62
2023-03-08 11:51:00,784 : VM0_cr5 has an internal event with logical clock 166 at system time 33.82
2023-03-08 11:51:00,986 : VM0_cr5 received message 166 with queue size 0 and internal logic clock 167 at system time 34.02
2023-03-08 11:51:00,986 : VM0_cr5 has an internal event with logical clock 167 at system time 34.02
2023-03-08 11:51:01,190 : VM0_cr5 send message VM0_cr5:168 to VM2 at system time 34.23
2023-03-08 11:51:01,393 : VM0_cr5 received message 167 with queue size 0 and internal logic clock 169 at system time 34.43
2023-03-08 11:51:01,393 : VM0_cr5 has an internal event with logical clock 169 at system time 34.43
2023-03-08 11:51:01,594 : VM0_cr5 has an internal event with logical clock 170 at system time 34.63
2023-03-08 11:51:01,799 : VM0_cr5 received message 169 with queue size 0 and internal logic clock 171 at system time 34.84
2023-03-08 11:51:01,799 : VM0_cr5 has an internal event with logical clock 171 at system time 34.84
2023-03-08 11:51:02,004 : VM0_cr5 has an internal event with logical clock 172 at system time 35.04
2023-03-08 11:51:02,207 : VM0_cr5 send message VM0_cr5:173 to VM1 at system time 35.24
2023-03-08 11:51:02,411 : VM0_cr5 received message VM1_cr4:173 with queue size 0 and internal logic clock 174 at system time 35.45
2023-03-08 11:51:02,412 : VM0_cr5 has an internal event with logical clock 174 at system time 35.45
2023-03-08 11:51:02,616 : VM0_cr5 received message VM1_cr4:174 with queue size 0 and internal logic clock 175 at system time 35.65
2023-03-08 11:51:02,617 : VM0_cr5 has an internal event with logical clock 175 at system time 35.65
2023-03-08 11:51:02,820 : VM0_cr5 received message 175 with queue size 0 and internal logic clock 176 at system time 35.86
2023-03-08 11:51:02,820 : VM0_cr5 send message VM0_cr5:176 to VM1 at system time 35.86
2023-03-08 11:51:03,024 : VM0_cr5 received message VM1_cr4:176 with queue size 0 and internal logic clock 177 at system time 36.06
2023-03-08 11:51:03,024 : VM0_cr5 has an internal event with logical clock 177 at system time 36.06
2023-03-08 11:51:03,228 : VM0_cr5 has an internal event with logical clock 178 at system time 36.27
2023-03-08 11:51:03,429 : VM0_cr5 has an internal event with logical clock 179 at system time 36.47
2023-03-08 11:51:03,633 : VM0_cr5 send message VM0_cr5:180 to both other VMs at system time 36.67
2023-03-08 11:51:03,838 : VM0_cr5 has an internal event with logical clock 181 at system time 36.88
2023-03-08 11:51:04,043 : VM0_cr5 received message 181 with queue size 0 and internal logic clock 182 at system time 37.08
2023-03-08 11:51:04,044 : VM0_cr5 has an internal event with logical clock 182 at system time 37.08
2023-03-08 11:51:04,244 : VM0_cr5 has an internal event with logical clock 183 at system time 37.28
2023-03-08 11:51:04,449 : VM0_cr5 has an internal event with logical clock 184 at system time 37.49
2023-03-08 11:51:04,653 : VM0_cr5 send message VM0_cr5:185 to VM2 at system time 37.69
2023-03-08 11:51:04,853 : VM0_cr5 has an internal event with logical clock 186 at system time 37.89
2023-03-08 11:51:05,056 : VM0_cr5 has an internal event with logical clock 187 at system time 38.09
2023-03-08 11:51:05,257 : VM0_cr5 has an internal event with logical clock 188 at system time 38.29
2023-03-08 11:51:05,457 : VM0_cr5 has an internal event with logical clock 189 at system time 38.50
2023-03-08 11:51:05,660 : VM0_cr5 send message VM0_cr5:190 to VM1 at system time 38.70
2023-03-08 11:51:05,862 : VM0_cr5 has an internal event with logical clock 191 at system time 38.90
2023-03-08 11:51:06,065 : VM0_cr5 received message 191 with queue size 0 and internal logic clock 192 at system time 39.10
2023-03-08 11:51:06,065 : VM0_cr5 has an internal event with logical clock 192 at system time 39.10
2023-03-08 11:51:06,270 : VM0_cr5 has an internal event with logical clock 193 at system time 39.31
2023-03-08 11:51:06,470 : VM0_cr5 has an internal event with logical clock 194 at system time 39.51
2023-03-08 11:51:06,675 : VM0_cr5 received message 193 with queue size 0 and internal logic clock 195 at system time 39.71
2023-03-08 11:51:06,676 : VM0_cr5 has an internal event with logical clock 195 at system time 39.71
2023-03-08 11:51:06,878 : VM0_cr5 send message VM0_cr5:196 to VM2 at system time 39.92
2023-03-08 11:51:07,081 : VM0_cr5 send message VM0_cr5:197 to both other VMs at system time 40.12
2023-03-08 11:51:07,285 : VM0_cr5 received message 197 with queue size 0 and internal logic clock 198 at system time 40.32
2023-03-08 11:51:07,286 : VM0_cr5 send message VM0_cr5:198 to VM1 at system time 40.32
2023-03-08 11:51:07,490 : VM0_cr5 has an internal event with logical clock 199 at system time 40.53
2023-03-08 11:51:07,695 : VM0_cr5 send message VM0_cr5:200 to both other VMs at system time 40.73
2023-03-08 11:51:07,901 : VM0_cr5 has an internal event with logical clock 201 at system time 40.94
2023-03-08 11:51:08,101 : VM0_cr5 has an internal event with logical clock 202 at system time 41.14
2023-03-08 11:51:08,306 : VM0_cr5 send message VM0_cr5:203 to VM2 at system time 41.34
2023-03-08 11:51:08,510 : VM0_cr5 has an internal event with logical clock 204 at system time 41.55
2023-03-08 11:51:08,712 : VM0_cr5 send message VM0_cr5:205 to both other VMs at system time 41.75
2023-03-08 11:51:08,917 : VM0_cr5 send message VM0_cr5:206 to VM1 at system time 41.95
2023-03-08 11:51:09,117 : VM0_cr5 received message 115 with queue size 0 and internal logic clock 207 at system time 42.16
2023-03-08 11:51:09,117 : VM0_cr5 send message VM0_cr5:207 to VM1 at system time 42.16
2023-03-08 11:51:09,323 : VM0_cr5 has an internal event with logical clock 208 at system time 42.36
2023-03-08 11:51:09,527 : VM0_cr5 has an internal event with logical clock 209 at system time 42.57
2023-03-08 11:51:09,733 : VM0_cr5 received message VM1_cr4:208 with queue size 0 and internal logic clock 210 at system time 42.77
2023-03-08 11:51:09,733 : VM0_cr5 send message VM0_cr5:210 to VM2 at system time 42.77
2023-03-08 11:51:09,938 : VM0_cr5 received message VM1_cr4:209 with queue size 0 and internal logic clock 211 at system time 42.98
2023-03-08 11:51:09,938 : VM0_cr5 has an internal event with logical clock 211 at system time 42.98
2023-03-08 11:51:10,140 : VM0_cr5 has an internal event with logical clock 212 at system time 43.18
2023-03-08 11:51:10,344 : VM0_cr5 send message VM0_cr5:213 to VM1 at system time 43.38
2023-03-08 11:51:10,547 : VM0_cr5 has an internal event with logical clock 214 at system time 43.58
2023-03-08 11:51:10,749 : VM0_cr5 send message VM0_cr5:215 to VM1 at system time 43.79
2023-03-08 11:51:10,953 : VM0_cr5 has an internal event with logical clock 216 at system time 43.99
2023-03-08 11:51:11,154 : VM0_cr5 has an internal event with logical clock 217 at system time 44.19
2023-03-08 11:51:11,360 : VM0_cr5 has an internal event with logical clock 218 at system time 44.40
2023-03-08 11:51:11,565 : VM0_cr5 has an internal event with logical clock 219 at system time 44.60
2023-03-08 11:51:11,770 : VM0_cr5 has an internal event with logical clock 220 at system time 44.81
2023-03-08 11:51:11,975 : VM0_cr5 received message VM1_cr4:219 with queue size 0 and internal logic clock 221 at system time 45.01
2023-03-08 11:51:11,976 : VM0_cr5 has an internal event with logical clock 221 at system time 45.01
2023-03-08 11:51:12,177 : VM0_cr5 has an internal event with logical clock 222 at system time 45.21
2023-03-08 11:51:12,382 : VM0_cr5 send message VM0_cr5:223 to VM2 at system time 45.42
2023-03-08 11:51:12,587 : VM0_cr5 has an internal event with logical clock 224 at system time 45.62
2023-03-08 11:51:12,792 : VM0_cr5 has an internal event with logical clock 225 at system time 45.83
2023-03-08 11:51:12,997 : VM0_cr5 send message VM0_cr5:226 to both other VMs at system time 46.03
2023-03-08 11:51:13,202 : VM0_cr5 send message VM0_cr5:227 to VM2 at system time 46.24
2023-03-08 11:51:13,407 : VM0_cr5 send message VM0_cr5:228 to both other VMs at system time 46.45
2023-03-08 11:51:13,613 : VM0_cr5 send message VM0_cr5:229 to VM1 at system time 46.65
2023-03-08 11:51:13,816 : VM0_cr5 received message VM1_cr4:228 with queue size 0 and internal logic clock 230 at system time 46.85
2023-03-08 11:51:13,816 : VM0_cr5 has an internal event with logical clock 230 at system time 46.85
2023-03-08 11:51:14,019 : VM0_cr5 has an internal event with logical clock 231 at system time 47.06
2023-03-08 11:51:14,222 : VM0_cr5 has an internal event with logical clock 232 at system time 47.26
2023-03-08 11:51:14,424 : VM0_cr5 has an internal event with logical clock 233 at system time 47.46
2023-03-08 11:51:14,629 : VM0_cr5 has an internal event with logical clock 234 at system time 47.67
2023-03-08 11:51:14,834 : VM0_cr5 has an internal event with logical clock 235 at system time 47.87
2023-03-08 11:51:15,039 : VM0_cr5 has an internal event with logical clock 236 at system time 48.08
2023-03-08 11:51:15,244 : VM0_cr5 has an internal event with logical clock 237 at system time 48.28
2023-03-08 11:51:15,447 : VM0_cr5 has an internal event with logical clock 238 at system time 48.48
2023-03-08 11:51:15,650 : VM0_cr5 has an internal event with logical clock 239 at system time 48.69
2023-03-08 11:51:15,855 : VM0_cr5 has an internal event with logical clock 240 at system time 48.89
2023-03-08 11:51:16,060 : VM0_cr5 has an internal event with logical clock 241 at system time 49.10
2023-03-08 11:51:16,265 : VM0_cr5 received message VM2_cr1:136 with queue size 0 and internal logic clock 242 at system time 49.30
2023-03-08 11:51:16,265 : VM0_cr5 send message VM0_cr5:242 to VM1 at system time 49.30
2023-03-08 11:51:16,470 : VM0_cr5 received message 242 with queue size 0 and internal logic clock 243 at system time 49.51
2023-03-08 11:51:16,470 : VM0_cr5 has an internal event with logical clock 243 at system time 49.51
2023-03-08 11:51:16,675 : VM0_cr5 received message 243 with queue size 0 and internal logic clock 244 at system time 49.71
2023-03-08 11:51:16,675 : VM0_cr5 send message VM0_cr5:244 to VM1 at system time 49.71
2023-03-08 11:51:16,877 : VM0_cr5 has an internal event with logical clock 245 at system time 49.92
2023-03-08 11:51:17,083 : VM0_cr5 has an internal event with logical clock 246 at system time 50.12
2023-03-08 11:51:17,288 : VM0_cr5 received message 245 with queue size 0 and internal logic clock 247 at system time 50.33
2023-03-08 11:51:17,289 : VM0_cr5 send message VM0_cr5:247 to VM2 at system time 50.33
2023-03-08 11:51:17,491 : VM0_cr5 has an internal event with logical clock 248 at system time 50.53
2023-03-08 11:51:17,696 : VM0_cr5 has an internal event with logical clock 249 at system time 50.73
2023-03-08 11:51:17,899 : VM0_cr5 send message VM0_cr5:250 to VM2 at system time 50.94
2023-03-08 11:51:18,103 : VM0_cr5 received message VM1_cr4:248 with queue size 0 and internal logic clock 251 at system time 51.14
2023-03-08 11:51:18,103 : VM0_cr5 has an internal event with logical clock 251 at system time 51.14
2023-03-08 11:51:18,308 : VM0_cr5 has an internal event with logical clock 252 at system time 51.35
2023-03-08 11:51:18,513 : VM0_cr5 received message 250 with queue size 0 and internal logic clock 253 at system time 51.55
2023-03-08 11:51:18,513 : VM0_cr5 send message VM0_cr5:253 to VM2 at system time 51.55
2023-03-08 11:51:18,718 : VM0_cr5 has an internal event with logical clock 254 at system time 51.76
2023-03-08 11:51:18,920 : VM0_cr5 has an internal event with logical clock 255 at system time 51.96
2023-03-08 11:51:19,125 : VM0_cr5 has an internal event with logical clock 256 at system time 52.16
2023-03-08 11:51:19,328 : VM0_cr5 has an internal event with logical clock 257 at system time 52.37
2023-03-08 11:51:19,532 : VM0_cr5 has an internal event with logical clock 258 at system time 52.57
2023-03-08 11:51:19,738 : VM0_cr5 received message VM1_cr4:255 with queue size 0 and internal logic clock 259 at system time 52.78
2023-03-08 11:51:19,738 : VM0_cr5 has an internal event with logical clock 259 at system time 52.78
2023-03-08 11:51:19,943 : VM0_cr5 send message VM0_cr5:260 to both other VMs at system time 52.98
2023-03-08 11:51:20,144 : VM0_cr5 has an internal event with logical clock 261 at system time 53.18
2023-03-08 11:51:20,350 : VM0_cr5 send message VM0_cr5:262 to both other VMs at system time 53.39
2023-03-08 11:51:20,550 : VM0_cr5 has an internal event with logical clock 263 at system time 53.59
2023-03-08 11:51:20,755 : VM0_cr5 received message VM1_cr4:263 with queue size 0 and internal logic clock 264 at system time 53.79
2023-03-08 11:51:20,756 : VM0_cr5 has an internal event with logical clock 264 at system time 53.79
2023-03-08 11:51:20,961 : VM0_cr5 has an internal event with logical clock 265 at system time 54.00
2023-03-08 11:51:21,163 : VM0_cr5 has an internal event with logical clock 266 at system time 54.20
2023-03-08 11:51:21,368 : VM0_cr5 send message VM0_cr5:267 to VM2 at system time 54.41
2023-03-08 11:51:21,573 : VM0_cr5 has an internal event with logical clock 268 at system time 54.61
2023-03-08 11:51:21,778 : VM0_cr5 has an internal event with logical clock 269 at system time 54.82
2023-03-08 11:51:21,980 : VM0_cr5 send message VM0_cr5:270 to VM1 at system time 55.02
2023-03-08 11:51:22,181 : VM0_cr5 has an internal event with logical clock 271 at system time 55.22
2023-03-08 11:51:22,386 : VM0_cr5 received message 271 with queue size 0 and internal logic clock 272 at system time 55.42
2023-03-08 11:51:22,387 : VM0_cr5 has an internal event with logical clock 272 at system time 55.42
2023-03-08 11:51:22,587 : VM0_cr5 has an internal event with logical clock 273 at system time 55.62
2023-03-08 11:51:22,791 : VM0_cr5 has an internal event with logical clock 274 at system time 55.83
2023-03-08 11:51:22,996 : VM0_cr5 has an internal event with logical clock 275 at system time 56.03
2023-03-08 11:51:23,199 : VM0_cr5 received message 154 with queue size 0 and internal logic clock 276 at system time 56.24
2023-03-08 11:51:23,200 : VM0_cr5 send message VM0_cr5:276 to both other VMs at system time 56.24
2023-03-08 11:51:23,405 : VM0_cr5 send message VM0_cr5:277 to both other VMs at system time 56.44
2023-03-08 11:51:23,605 : VM0_cr5 has an internal event with logical clock 278 at system time 56.64
2023-03-08 11:51:23,810 : VM0_cr5 has an internal event with logical clock 279 at system time 56.85
2023-03-08 11:51:24,011 : VM0_cr5 has an internal event with logical clock 280 at system time 57.05
2023-03-08 11:51:24,214 : VM0_cr5 received message VM1_cr4:278 with queue size 0 and internal logic clock 281 at system time 57.25
2023-03-08 11:51:24,214 : VM0_cr5 send message VM0_cr5:281 to both other VMs at system time 57.25
2023-03-08 11:51:24,415 : VM0_cr5 send message VM0_cr5:282 to VM2 at system time 57.45
2023-03-08 11:51:24,619 : VM0_cr5 has an internal event with logical clock 283 at system time 57.66
2023-03-08 11:51:24,822 : VM0_cr5 send message VM0_cr5:284 to VM1 at system time 57.86
2023-03-08 11:51:25,027 : VM0_cr5 send message VM0_cr5:285 to VM1 at system time 58.06
2023-03-08 11:51:25,232 : VM0_cr5 has an internal event with logical clock 286 at system time 58.27
2023-03-08 11:51:25,437 : VM0_cr5 send message VM0_cr5:287 to VM1 at system time 58.47
2023-03-08 11:51:25,637 : VM0_cr5 send message VM0_cr5:288 to both other VMs at system time 58.68
2023-03-08 11:51:25,841 : VM0_cr5 has an internal event with logical clock 289 at system time 58.88
2023-03-08 11:51:26,042 : VM0_cr5 send message VM0_cr5:290 to both other VMs at system time 59.08
2023-03-08 11:51:26,244 : VM0_cr5 received message VM1_cr4:290 with queue size 0 and internal logic clock 291 at system time 59.28
2023-03-08 11:51:26,244 : VM0_cr5 has an internal event with logical clock 291 at system time 59.28
2023-03-08 11:51:26,449 : VM0_cr5 has an internal event with logical clock 292 at system time 59.49
2023-03-08 11:51:26,654 : VM0_cr5 send message VM0_cr5:293 to VM1 at system time 59.69
2023-03-08 11:51:26,859 : VM0_cr5 send message VM0_cr5:294 to VM1 at system time 59.90
2023-03-08 11:51:27,064 : VM0_cr5 has an internal event with logical clock 295 at system time 60.10
2023-03-08 11:51:27,266 : VM0_cr5 received message 294 with queue size 0 and internal logic clock 296 at system time 60.30
2023-03-08 11:51:27,266 : VM0_cr5 send message VM0_cr5:296 to VM2 at system time 60.30
2023-03-08 11:51:27,468 : VM0_cr5 has an internal event with logical clock 297 at system time 60.51
2023-03-08 11:51:27,669 : VM0_cr5 received message 296 with queue size 0 and internal logic clock 298 at system time 60.71
2023-03-08 11:51:27,670 : VM0_cr5 has an internal event with logical clock 298 at system time 60.71
2023-03-08 11:51:27,874 : VM0_cr5 has an internal event with logical clock 299 at system time 60.91
