2023-03-09 23:05:42,966 : VM2_cr9 listening on port 4098
2023-03-09 23:05:45,969 : VM2_cr9 has incoming connection from VM1 on 127.0.0.1 port on 4098.
2023-03-09 23:05:45,973 : VM2_cr9 connected to VM0 on 127.0.0.1 port on 4096.
2023-03-09 23:05:45,974 : VM2_cr9 Internal Event with logical clock 0 at system time 0.000
2023-03-09 23:05:46,088 : VM2_cr9 Internal Event with logical clock 1 at system time 0.114
2023-03-09 23:05:46,204 : VM2_cr9 Internal Event with logical clock 2 at system time 0.231
2023-03-09 23:05:46,319 : VM2_cr9 Internal Event with logical clock 3 at system time 0.346
2023-03-09 23:05:46,434 : VM2_cr9 Internal Event with logical clock 4 at system time 0.460
2023-03-09 23:05:46,549 : VM2_cr9 Internal Event with logical clock 5 at system time 0.575
2023-03-09 23:05:46,663 : VM2_cr9 send message VM2_cr9:6 to VM1 at system time 0.690
2023-03-09 23:05:46,778 : VM2_cr9 Send Message VM2_cr9:7 to VM0 at system time 0.804
2023-03-09 23:05:46,890 : VM2_cr9 Internal Event with logical clock 8 at system time 0.917
2023-03-09 23:05:47,007 : VM2_cr9 Internal Event with logical clock 9 at system time 1.033
2023-03-09 23:05:47,119 : VM2_cr9 Received Message VM1_cr9:9 with queue size 0 and internal logic clock 10 at system time 1.145
2023-03-09 23:05:47,119 : VM2_cr9 send message VM2_cr9:10 to VM1 at system time 1.146
2023-03-09 23:05:47,234 : VM2_cr9 send message VM2_cr9:11 to VM1 at system time 1.260
2023-03-09 23:05:47,350 : VM2_cr9 Received Message 11 with queue size 0 and internal logic clock 12 at system time 1.377
2023-03-09 23:05:47,351 : VM2_cr9 Internal Event with logical clock 12 at system time 1.378
2023-03-09 23:05:47,467 : VM2_cr9 Send Message VM2_cr9:13 to VM0 at system time 1.493
2023-03-09 23:05:47,581 : VM2_cr9 send message VM2_cr9:14 to both other VMs at system time 1.608
2023-03-09 23:05:47,698 : VM2_cr9 Received Message VM0_cr9:14 with queue size 0 and internal logic clock 15 at system time 1.724
2023-03-09 23:05:47,698 : VM2_cr9 Internal Event with logical clock 15 at system time 1.724
2023-03-09 23:05:47,810 : VM2_cr9 Internal Event with logical clock 16 at system time 1.836
2023-03-09 23:05:47,926 : VM2_cr9 send message VM2_cr9:17 to both other VMs at system time 1.953
2023-03-09 23:05:48,039 : VM2_cr9 send message VM2_cr9:18 to VM1 at system time 2.066
2023-03-09 23:05:48,156 : VM2_cr9 Received Message 18 with queue size 0 and internal logic clock 19 at system time 2.182
2023-03-09 23:05:48,156 : VM2_cr9 send message VM2_cr9:19 to both other VMs at system time 2.183
2023-03-09 23:05:48,268 : VM2_cr9 Internal Event with logical clock 20 at system time 2.295
2023-03-09 23:05:48,384 : VM2_cr9 send message VM2_cr9:21 to both other VMs at system time 2.411
2023-03-09 23:05:48,498 : VM2_cr9 Internal Event with logical clock 22 at system time 2.525
2023-03-09 23:05:48,610 : VM2_cr9 Internal Event with logical clock 23 at system time 2.636
2023-03-09 23:05:48,725 : VM2_cr9 Received Message 23 with queue size 0 and internal logic clock 24 at system time 2.751
2023-03-09 23:05:48,725 : VM2_cr9 send message VM2_cr9:24 to VM1 at system time 2.751
2023-03-09 23:05:48,841 : VM2_cr9 Received Message VM1_cr9:24 with queue size 0 and internal logic clock 25 at system time 2.867
2023-03-09 23:05:48,842 : VM2_cr9 Internal Event with logical clock 25 at system time 2.868
2023-03-09 23:05:48,957 : VM2_cr9 Internal Event with logical clock 26 at system time 2.983
2023-03-09 23:05:49,073 : VM2_cr9 Send Message VM2_cr9:27 to VM0 at system time 3.100
2023-03-09 23:05:49,189 : VM2_cr9 Received Message 27 with queue size 0 and internal logic clock 28 at system time 3.216
2023-03-09 23:05:49,190 : VM2_cr9 Send Message VM2_cr9:28 to VM0 at system time 3.216
2023-03-09 23:05:49,305 : VM2_cr9 Received Message VM0_cr9:28 with queue size 0 and internal logic clock 29 at system time 3.331
2023-03-09 23:05:49,305 : VM2_cr9 Send Message VM2_cr9:29 to VM0 at system time 3.331
2023-03-09 23:05:49,418 : VM2_cr9 Internal Event with logical clock 30 at system time 3.445
2023-03-09 23:05:49,535 : VM2_cr9 send message VM2_cr9:31 to VM1 at system time 3.561
2023-03-09 23:05:49,648 : VM2_cr9 Internal Event with logical clock 32 at system time 3.674
2023-03-09 23:05:49,763 : VM2_cr9 send message VM2_cr9:33 to both other VMs at system time 3.789
2023-03-09 23:05:49,877 : VM2_cr9 send message VM2_cr9:34 to VM1 at system time 3.903
2023-03-09 23:05:49,988 : VM2_cr9 Received Message 34 with queue size 0 and internal logic clock 35 at system time 4.014
2023-03-09 23:05:49,989 : VM2_cr9 send message VM2_cr9:35 to VM1 at system time 4.015
2023-03-09 23:05:50,103 : VM2_cr9 Received Message 35 with queue size 0 and internal logic clock 36 at system time 4.130
2023-03-09 23:05:50,104 : VM2_cr9 send message VM2_cr9:36 to VM1 at system time 4.130
2023-03-09 23:05:50,219 : VM2_cr9 Received Message VM0_cr9:36 with queue size 0 and internal logic clock 37 at system time 4.246
2023-03-09 23:05:50,220 : VM2_cr9 Send Message VM2_cr9:37 to VM0 at system time 4.246
2023-03-09 23:05:50,336 : VM2_cr9 Internal Event with logical clock 38 at system time 4.362
2023-03-09 23:05:50,448 : VM2_cr9 Received Message VM1_cr9:38 with queue size 0 and internal logic clock 39 at system time 4.475
2023-03-09 23:05:50,448 : VM2_cr9 Internal Event with logical clock 39 at system time 4.475
2023-03-09 23:05:50,565 : VM2_cr9 send message VM2_cr9:40 to VM1 at system time 4.591
2023-03-09 23:05:50,680 : VM2_cr9 Internal Event with logical clock 41 at system time 4.706
2023-03-09 23:05:50,796 : VM2_cr9 Internal Event with logical clock 42 at system time 4.822
2023-03-09 23:05:50,908 : VM2_cr9 Received Message 43 with queue size 0 and internal logic clock 43 at system time 4.934
2023-03-09 23:05:50,909 : VM2_cr9 Internal Event with logical clock 43 at system time 4.935
2023-03-09 23:05:51,024 : VM2_cr9 Internal Event with logical clock 44 at system time 5.051
2023-03-09 23:05:51,140 : VM2_cr9 send message VM2_cr9:45 to both other VMs at system time 5.166
2023-03-09 23:05:51,256 : VM2_cr9 Internal Event with logical clock 46 at system time 5.283
2023-03-09 23:05:51,371 : VM2_cr9 Send Message VM2_cr9:47 to VM0 at system time 5.398
2023-03-09 23:05:51,487 : VM2_cr9 Send Message VM2_cr9:48 to VM0 at system time 5.514
2023-03-09 23:05:51,599 : VM2_cr9 Received Message 49 with queue size 1 and internal logic clock 49 at system time 5.625
2023-03-09 23:05:51,599 : VM2_cr9 Internal Event with logical clock 49 at system time 5.626
2023-03-09 23:05:51,714 : VM2_cr9 Received Message 49 with queue size 0 and internal logic clock 50 at system time 5.740
2023-03-09 23:05:51,714 : VM2_cr9 Internal Event with logical clock 50 at system time 5.741
2023-03-09 23:05:51,825 : VM2_cr9 send message VM2_cr9:51 to both other VMs at system time 5.851
2023-03-09 23:05:51,940 : VM2_cr9 send message VM2_cr9:52 to both other VMs at system time 5.966
2023-03-09 23:05:52,055 : VM2_cr9 Received Message 52 with queue size 0 and internal logic clock 53 at system time 6.081
2023-03-09 23:05:52,055 : VM2_cr9 Internal Event with logical clock 53 at system time 6.082
2023-03-09 23:05:52,169 : VM2_cr9 Internal Event with logical clock 54 at system time 6.196
2023-03-09 23:05:52,282 : VM2_cr9 Internal Event with logical clock 55 at system time 6.308
2023-03-09 23:05:52,398 : VM2_cr9 Internal Event with logical clock 56 at system time 6.424
2023-03-09 23:05:52,510 : VM2_cr9 Internal Event with logical clock 57 at system time 6.537
2023-03-09 23:05:52,627 : VM2_cr9 Received Message 57 with queue size 0 and internal logic clock 58 at system time 6.653
2023-03-09 23:05:52,627 : VM2_cr9 Internal Event with logical clock 58 at system time 6.654
2023-03-09 23:05:52,742 : VM2_cr9 Internal Event with logical clock 59 at system time 6.769
2023-03-09 23:05:52,854 : VM2_cr9 Received Message VM0_cr9:59 with queue size 0 and internal logic clock 60 at system time 6.881
2023-03-09 23:05:52,855 : VM2_cr9 Internal Event with logical clock 60 at system time 6.881
2023-03-09 23:05:52,966 : VM2_cr9 Received Message VM0_cr9:60 with queue size 0 and internal logic clock 61 at system time 6.992
2023-03-09 23:05:52,966 : VM2_cr9 Internal Event with logical clock 61 at system time 6.993
2023-03-09 23:05:53,080 : VM2_cr9 Received Message VM0_cr9:61 with queue size 0 and internal logic clock 62 at system time 7.107
2023-03-09 23:05:53,080 : VM2_cr9 Internal Event with logical clock 62 at system time 7.107
2023-03-09 23:05:53,194 : VM2_cr9 Internal Event with logical clock 63 at system time 7.220
2023-03-09 23:05:53,307 : VM2_cr9 Received Message VM0_cr9:63 with queue size 0 and internal logic clock 64 at system time 7.333
2023-03-09 23:05:53,307 : VM2_cr9 Internal Event with logical clock 64 at system time 7.333
2023-03-09 23:05:53,420 : VM2_cr9 Received Message VM1_cr9:64 with queue size 0 and internal logic clock 65 at system time 7.447
2023-03-09 23:05:53,421 : VM2_cr9 Send Message VM2_cr9:65 to VM0 at system time 7.447
2023-03-09 23:05:53,535 : VM2_cr9 Received Message VM0_cr9:65 with queue size 0 and internal logic clock 66 at system time 7.562
2023-03-09 23:05:53,536 : VM2_cr9 Internal Event with logical clock 66 at system time 7.562
2023-03-09 23:05:53,651 : VM2_cr9 Received Message VM1_cr9:66 with queue size 1 and internal logic clock 67 at system time 7.678
2023-03-09 23:05:53,651 : VM2_cr9 Internal Event with logical clock 67 at system time 7.678
2023-03-09 23:05:53,767 : VM2_cr9 Received Message VM1_cr9:67 with queue size 0 and internal logic clock 68 at system time 7.793
2023-03-09 23:05:53,767 : VM2_cr9 Internal Event with logical clock 68 at system time 7.794
2023-03-09 23:05:53,881 : VM2_cr9 Internal Event with logical clock 69 at system time 7.908
2023-03-09 23:05:53,994 : VM2_cr9 Internal Event with logical clock 70 at system time 8.020
2023-03-09 23:05:54,110 : VM2_cr9 Internal Event with logical clock 71 at system time 8.136
2023-03-09 23:05:54,226 : VM2_cr9 Internal Event with logical clock 72 at system time 8.253
2023-03-09 23:05:54,343 : VM2_cr9 Send Message VM2_cr9:73 to VM0 at system time 8.369
2023-03-09 23:05:54,458 : VM2_cr9 Received Message 74 with queue size 0 and internal logic clock 74 at system time 8.485
2023-03-09 23:05:54,459 : VM2_cr9 Internal Event with logical clock 74 at system time 8.485
2023-03-09 23:05:54,575 : VM2_cr9 Received Message 75 with queue size 0 and internal logic clock 75 at system time 8.601
2023-03-09 23:05:54,575 : VM2_cr9 Internal Event with logical clock 75 at system time 8.602
2023-03-09 23:05:54,689 : VM2_cr9 Internal Event with logical clock 76 at system time 8.715
2023-03-09 23:05:54,801 : VM2_cr9 send message VM2_cr9:77 to both other VMs at system time 8.827
2023-03-09 23:05:54,916 : VM2_cr9 send message VM2_cr9:78 to both other VMs at system time 8.942
2023-03-09 23:05:55,030 : VM2_cr9 Received Message 79 with queue size 0 and internal logic clock 79 at system time 9.056
2023-03-09 23:05:55,031 : VM2_cr9 Internal Event with logical clock 79 at system time 9.057
2023-03-09 23:05:55,146 : VM2_cr9 Internal Event with logical clock 80 at system time 9.172
2023-03-09 23:05:55,261 : VM2_cr9 Internal Event with logical clock 81 at system time 9.287
2023-03-09 23:05:55,376 : VM2_cr9 send message VM2_cr9:82 to VM1 at system time 9.402
2023-03-09 23:05:55,489 : VM2_cr9 Received Message VM1_cr9:83 with queue size 0 and internal logic clock 83 at system time 9.516
2023-03-09 23:05:55,490 : VM2_cr9 Send Message VM2_cr9:83 to VM0 at system time 9.516
2023-03-09 23:05:55,606 : VM2_cr9 Received Message VM0_cr9:84 with queue size 1 and internal logic clock 84 at system time 9.632
2023-03-09 23:05:55,606 : VM2_cr9 send message VM2_cr9:84 to both other VMs at system time 9.632
2023-03-09 23:05:55,718 : VM2_cr9 Received Message 84 with queue size 1 and internal logic clock 85 at system time 9.745
2023-03-09 23:05:55,719 : VM2_cr9 Internal Event with logical clock 85 at system time 9.745
2023-03-09 23:05:55,834 : VM2_cr9 Received Message VM1_cr9:85 with queue size 0 and internal logic clock 86 at system time 9.861
2023-03-09 23:05:55,835 : VM2_cr9 send message VM2_cr9:86 to both other VMs at system time 9.861
2023-03-09 23:05:55,948 : VM2_cr9 Received Message 87 with queue size 0 and internal logic clock 87 at system time 9.974
2023-03-09 23:05:55,948 : VM2_cr9 Internal Event with logical clock 87 at system time 9.975
2023-03-09 23:05:56,060 : VM2_cr9 Internal Event with logical clock 88 at system time 10.08
2023-03-09 23:05:56,175 : VM2_cr9 Received Message 89 with queue size 0 and internal logic clock 89 at system time 10.20
2023-03-09 23:05:56,176 : VM2_cr9 Internal Event with logical clock 89 at system time 10.20
2023-03-09 23:05:56,290 : VM2_cr9 Internal Event with logical clock 90 at system time 10.31
2023-03-09 23:05:56,403 : VM2_cr9 Received Message 91 with queue size 0 and internal logic clock 91 at system time 10.42
2023-03-09 23:05:56,404 : VM2_cr9 Internal Event with logical clock 91 at system time 10.43
2023-03-09 23:05:56,519 : VM2_cr9 send message VM2_cr9:92 to VM1 at system time 10.54
2023-03-09 23:05:56,635 : VM2_cr9 Received Message VM1_cr9:93 with queue size 0 and internal logic clock 93 at system time 10.66
2023-03-09 23:05:56,635 : VM2_cr9 Internal Event with logical clock 93 at system time 10.66
2023-03-09 23:05:56,747 : VM2_cr9 Received Message VM0_cr9:94 with queue size 0 and internal logic clock 94 at system time 10.77
2023-03-09 23:05:56,748 : VM2_cr9 Internal Event with logical clock 94 at system time 10.77
2023-03-09 23:05:56,863 : VM2_cr9 Internal Event with logical clock 95 at system time 10.89
2023-03-09 23:05:56,980 : VM2_cr9 Received Message VM0_cr9:96 with queue size 0 and internal logic clock 96 at system time 11.00
2023-03-09 23:05:56,980 : VM2_cr9 Internal Event with logical clock 96 at system time 11.00
2023-03-09 23:05:57,093 : VM2_cr9 Received Message VM0_cr9:97 with queue size 0 and internal logic clock 97 at system time 11.11
2023-03-09 23:05:57,094 : VM2_cr9 Internal Event with logical clock 97 at system time 11.12
2023-03-09 23:05:57,209 : VM2_cr9 Received Message VM1_cr9:98 with queue size 0 and internal logic clock 98 at system time 11.23
2023-03-09 23:05:57,210 : VM2_cr9 Internal Event with logical clock 98 at system time 11.23
2023-03-09 23:05:57,324 : VM2_cr9 Internal Event with logical clock 99 at system time 11.35
2023-03-09 23:05:57,440 : VM2_cr9 Internal Event with logical clock 100 at system time 11.46
2023-03-09 23:05:57,556 : VM2_cr9 Internal Event with logical clock 101 at system time 11.58
2023-03-09 23:05:57,671 : VM2_cr9 Internal Event with logical clock 102 at system time 11.69
2023-03-09 23:05:57,787 : VM2_cr9 Internal Event with logical clock 103 at system time 11.81
2023-03-09 23:05:57,901 : VM2_cr9 Internal Event with logical clock 104 at system time 11.92
2023-03-09 23:05:58,016 : VM2_cr9 send message VM2_cr9:105 to VM1 at system time 12.04
2023-03-09 23:05:58,130 : VM2_cr9 Send Message VM2_cr9:106 to VM0 at system time 12.15
2023-03-09 23:05:58,246 : VM2_cr9 Internal Event with logical clock 107 at system time 12.27
2023-03-09 23:05:58,362 : VM2_cr9 Received Message VM1_cr9:108 with queue size 0 and internal logic clock 108 at system time 12.38
2023-03-09 23:05:58,363 : VM2_cr9 send message VM2_cr9:108 to VM1 at system time 12.38
2023-03-09 23:05:58,476 : VM2_cr9 Internal Event with logical clock 109 at system time 12.50
2023-03-09 23:05:58,589 : VM2_cr9 Received Message 110 with queue size 0 and internal logic clock 110 at system time 12.61
2023-03-09 23:05:58,590 : VM2_cr9 send message VM2_cr9:110 to both other VMs at system time 12.61
2023-03-09 23:05:58,705 : VM2_cr9 Received Message VM0_cr9:111 with queue size 0 and internal logic clock 111 at system time 12.73
2023-03-09 23:05:58,706 : VM2_cr9 Internal Event with logical clock 111 at system time 12.73
2023-03-09 23:05:58,821 : VM2_cr9 send message VM2_cr9:112 to VM1 at system time 12.84
2023-03-09 23:05:58,937 : VM2_cr9 Internal Event with logical clock 113 at system time 12.96
2023-03-09 23:05:59,053 : VM2_cr9 Internal Event with logical clock 114 at system time 13.07
2023-03-09 23:05:59,166 : VM2_cr9 Internal Event with logical clock 115 at system time 13.19
2023-03-09 23:05:59,281 : VM2_cr9 Internal Event with logical clock 116 at system time 13.30
2023-03-09 23:05:59,396 : VM2_cr9 Internal Event with logical clock 117 at system time 13.42
2023-03-09 23:05:59,512 : VM2_cr9 Internal Event with logical clock 118 at system time 13.53
2023-03-09 23:05:59,626 : VM2_cr9 Received Message VM0_cr9:119 with queue size 0 and internal logic clock 119 at system time 13.65
2023-03-09 23:05:59,626 : VM2_cr9 Internal Event with logical clock 119 at system time 13.65
2023-03-09 23:05:59,742 : VM2_cr9 Received Message VM0_cr9:120 with queue size 0 and internal logic clock 120 at system time 13.76
2023-03-09 23:05:59,743 : VM2_cr9 Internal Event with logical clock 120 at system time 13.76
2023-03-09 23:05:59,857 : VM2_cr9 Internal Event with logical clock 121 at system time 13.88
2023-03-09 23:05:59,971 : VM2_cr9 Internal Event with logical clock 122 at system time 13.99
2023-03-09 23:06:00,088 : VM2_cr9 Received Message VM0_cr9:123 with queue size 0 and internal logic clock 123 at system time 14.11
2023-03-09 23:06:00,088 : VM2_cr9 Internal Event with logical clock 123 at system time 14.11
2023-03-09 23:06:00,204 : VM2_cr9 Received Message VM0_cr9:124 with queue size 0 and internal logic clock 124 at system time 14.23
2023-03-09 23:06:00,205 : VM2_cr9 Internal Event with logical clock 124 at system time 14.23
2023-03-09 23:06:00,316 : VM2_cr9 Internal Event with logical clock 125 at system time 14.34
2023-03-09 23:06:00,433 : VM2_cr9 Send Message VM2_cr9:126 to VM0 at system time 14.45
2023-03-09 23:06:00,547 : VM2_cr9 Internal Event with logical clock 127 at system time 14.57
2023-03-09 23:06:00,658 : VM2_cr9 Received Message VM1_cr9:128 with queue size 0 and internal logic clock 128 at system time 14.68
2023-03-09 23:06:00,659 : VM2_cr9 send message VM2_cr9:128 to VM1 at system time 14.68
2023-03-09 23:06:00,772 : VM2_cr9 Internal Event with logical clock 129 at system time 14.79
2023-03-09 23:06:00,889 : VM2_cr9 Received Message VM1_cr9:130 with queue size 0 and internal logic clock 130 at system time 14.91
2023-03-09 23:06:00,889 : VM2_cr9 send message VM2_cr9:130 to both other VMs at system time 14.91
2023-03-09 23:06:01,005 : VM2_cr9 Internal Event with logical clock 131 at system time 15.03
2023-03-09 23:06:01,121 : VM2_cr9 Received Message VM0_cr9:132 with queue size 0 and internal logic clock 132 at system time 15.14
2023-03-09 23:06:01,122 : VM2_cr9 send message VM2_cr9:132 to both other VMs at system time 15.14
2023-03-09 23:06:01,235 : VM2_cr9 Received Message 133 with queue size 0 and internal logic clock 133 at system time 15.26
2023-03-09 23:06:01,236 : VM2_cr9 Internal Event with logical clock 133 at system time 15.26
2023-03-09 23:06:01,351 : VM2_cr9 send message VM2_cr9:134 to both other VMs at system time 15.37
2023-03-09 23:06:01,466 : VM2_cr9 Send Message VM2_cr9:135 to VM0 at system time 15.49
2023-03-09 23:06:01,578 : VM2_cr9 Internal Event with logical clock 136 at system time 15.60
2023-03-09 23:06:01,690 : VM2_cr9 Send Message VM2_cr9:137 to VM0 at system time 15.71
2023-03-09 23:06:01,805 : VM2_cr9 Received Message VM0_cr9:138 with queue size 1 and internal logic clock 138 at system time 15.83
2023-03-09 23:06:01,805 : VM2_cr9 Internal Event with logical clock 138 at system time 15.83
2023-03-09 23:06:01,920 : VM2_cr9 Received Message 138 with queue size 1 and internal logic clock 139 at system time 15.94
2023-03-09 23:06:01,920 : VM2_cr9 Internal Event with logical clock 139 at system time 15.94
2023-03-09 23:06:02,036 : VM2_cr9 Received Message 139 with queue size 0 and internal logic clock 140 at system time 16.06
2023-03-09 23:06:02,036 : VM2_cr9 Internal Event with logical clock 140 at system time 16.06
2023-03-09 23:06:02,148 : VM2_cr9 Internal Event with logical clock 141 at system time 16.17
2023-03-09 23:06:02,259 : VM2_cr9 Internal Event with logical clock 142 at system time 16.28
2023-03-09 23:06:02,374 : VM2_cr9 Internal Event with logical clock 143 at system time 16.40
2023-03-09 23:06:02,491 : VM2_cr9 Internal Event with logical clock 144 at system time 16.51
2023-03-09 23:06:02,607 : VM2_cr9 Internal Event with logical clock 145 at system time 16.63
2023-03-09 23:06:02,723 : VM2_cr9 Received Message 146 with queue size 0 and internal logic clock 146 at system time 16.74
2023-03-09 23:06:02,724 : VM2_cr9 send message VM2_cr9:146 to both other VMs at system time 16.75
2023-03-09 23:06:02,839 : VM2_cr9 Internal Event with logical clock 147 at system time 16.86
2023-03-09 23:06:02,951 : VM2_cr9 Send Message VM2_cr9:148 to VM0 at system time 16.97
2023-03-09 23:06:03,065 : VM2_cr9 Received Message 149 with queue size 0 and internal logic clock 149 at system time 17.09
2023-03-09 23:06:03,066 : VM2_cr9 Internal Event with logical clock 149 at system time 17.09
2023-03-09 23:06:03,181 : VM2_cr9 Internal Event with logical clock 150 at system time 17.20
2023-03-09 23:06:03,294 : VM2_cr9 Received Message VM0_cr9:151 with queue size 0 and internal logic clock 151 at system time 17.32
2023-03-09 23:06:03,295 : VM2_cr9 Internal Event with logical clock 151 at system time 17.32
2023-03-09 23:06:03,410 : VM2_cr9 Internal Event with logical clock 152 at system time 17.43
2023-03-09 23:06:03,526 : VM2_cr9 Received Message 153 with queue size 1 and internal logic clock 153 at system time 17.55
2023-03-09 23:06:03,526 : VM2_cr9 Internal Event with logical clock 153 at system time 17.55
2023-03-09 23:06:03,642 : VM2_cr9 Received Message VM1_cr9:153 with queue size 0 and internal logic clock 154 at system time 17.66
2023-03-09 23:06:03,643 : VM2_cr9 Internal Event with logical clock 154 at system time 17.66
2023-03-09 23:06:03,755 : VM2_cr9 Internal Event with logical clock 155 at system time 17.78
2023-03-09 23:06:03,870 : VM2_cr9 Internal Event with logical clock 156 at system time 17.89
2023-03-09 23:06:03,986 : VM2_cr9 Internal Event with logical clock 157 at system time 18.01
2023-03-09 23:06:04,099 : VM2_cr9 Send Message VM2_cr9:158 to VM0 at system time 18.12
2023-03-09 23:06:04,215 : VM2_cr9 send message VM2_cr9:159 to both other VMs at system time 18.24
2023-03-09 23:06:04,328 : VM2_cr9 Internal Event with logical clock 160 at system time 18.35
2023-03-09 23:06:04,444 : VM2_cr9 Received Message 161 with queue size 0 and internal logic clock 161 at system time 18.47
2023-03-09 23:06:04,445 : VM2_cr9 Internal Event with logical clock 161 at system time 18.47
2023-03-09 23:06:04,558 : VM2_cr9 Received Message VM1_cr9:162 with queue size 0 and internal logic clock 162 at system time 18.58
2023-03-09 23:06:04,559 : VM2_cr9 send message VM2_cr9:162 to both other VMs at system time 18.58
2023-03-09 23:06:04,675 : VM2_cr9 Received Message 163 with queue size 0 and internal logic clock 163 at system time 18.70
2023-03-09 23:06:04,675 : VM2_cr9 send message VM2_cr9:163 to both other VMs at system time 18.70
2023-03-09 23:06:04,791 : VM2_cr9 Internal Event with logical clock 164 at system time 18.81
2023-03-09 23:06:04,907 : VM2_cr9 Received Message 165 with queue size 0 and internal logic clock 165 at system time 18.93
2023-03-09 23:06:04,912 : VM2_cr9 send message VM2_cr9:165 to VM1 at system time 18.93
2023-03-09 23:06:05,023 : VM2_cr9 Internal Event with logical clock 166 at system time 19.04
2023-03-09 23:06:05,139 : VM2_cr9 Internal Event with logical clock 167 at system time 19.16
2023-03-09 23:06:05,254 : VM2_cr9 Internal Event with logical clock 168 at system time 19.28
2023-03-09 23:06:05,370 : VM2_cr9 Internal Event with logical clock 169 at system time 19.39
2023-03-09 23:06:05,486 : VM2_cr9 Internal Event with logical clock 170 at system time 19.51
2023-03-09 23:06:05,600 : VM2_cr9 Internal Event with logical clock 171 at system time 19.62
2023-03-09 23:06:05,716 : VM2_cr9 send message VM2_cr9:172 to both other VMs at system time 19.74
2023-03-09 23:06:05,831 : VM2_cr9 Internal Event with logical clock 173 at system time 19.85
2023-03-09 23:06:05,948 : VM2_cr9 Received Message 174 with queue size 0 and internal logic clock 174 at system time 19.97
2023-03-09 23:06:05,948 : VM2_cr9 Internal Event with logical clock 174 at system time 19.97
2023-03-09 23:06:06,064 : VM2_cr9 Internal Event with logical clock 175 at system time 20.09
2023-03-09 23:06:06,180 : VM2_cr9 Internal Event with logical clock 176 at system time 20.20
2023-03-09 23:06:06,296 : VM2_cr9 Send Message VM2_cr9:177 to VM0 at system time 20.32
2023-03-09 23:06:06,412 : VM2_cr9 Internal Event with logical clock 178 at system time 20.43
2023-03-09 23:06:06,528 : VM2_cr9 Internal Event with logical clock 179 at system time 20.55
2023-03-09 23:06:06,644 : VM2_cr9 send message VM2_cr9:180 to both other VMs at system time 20.67
2023-03-09 23:06:06,761 : VM2_cr9 Received Message VM1_cr9:181 with queue size 0 and internal logic clock 181 at system time 20.78
2023-03-09 23:06:06,761 : VM2_cr9 Internal Event with logical clock 181 at system time 20.78
2023-03-09 23:06:06,873 : VM2_cr9 Received Message 182 with queue size 0 and internal logic clock 182 at system time 20.89
2023-03-09 23:06:06,874 : VM2_cr9 send message VM2_cr9:182 to both other VMs at system time 20.90
2023-03-09 23:06:06,986 : VM2_cr9 Internal Event with logical clock 183 at system time 21.01
2023-03-09 23:06:07,100 : VM2_cr9 Internal Event with logical clock 184 at system time 21.12
2023-03-09 23:06:07,211 : VM2_cr9 Internal Event with logical clock 185 at system time 21.23
2023-03-09 23:06:07,324 : VM2_cr9 Internal Event with logical clock 186 at system time 21.35
2023-03-09 23:06:07,436 : VM2_cr9 Internal Event with logical clock 187 at system time 21.46
2023-03-09 23:06:07,549 : VM2_cr9 Send Message VM2_cr9:188 to VM0 at system time 21.57
2023-03-09 23:06:07,662 : VM2_cr9 Internal Event with logical clock 189 at system time 21.68
2023-03-09 23:06:07,777 : VM2_cr9 Received Message 190 with queue size 0 and internal logic clock 190 at system time 21.80
2023-03-09 23:06:07,777 : VM2_cr9 Internal Event with logical clock 190 at system time 21.80
2023-03-09 23:06:07,893 : VM2_cr9 Internal Event with logical clock 191 at system time 21.91
2023-03-09 23:06:08,007 : VM2_cr9 Internal Event with logical clock 192 at system time 22.03
2023-03-09 23:06:08,124 : VM2_cr9 Received Message VM1_cr9:193 with queue size 0 and internal logic clock 193 at system time 22.15
2023-03-09 23:06:08,124 : VM2_cr9 send message VM2_cr9:193 to both other VMs at system time 22.15
2023-03-09 23:06:08,237 : VM2_cr9 Internal Event with logical clock 194 at system time 22.26
2023-03-09 23:06:08,348 : VM2_cr9 send message VM2_cr9:195 to VM1 at system time 22.37
2023-03-09 23:06:08,465 : VM2_cr9 Internal Event with logical clock 196 at system time 22.49
2023-03-09 23:06:08,581 : VM2_cr9 Internal Event with logical clock 197 at system time 22.60
2023-03-09 23:06:08,697 : VM2_cr9 Internal Event with logical clock 198 at system time 22.72
2023-03-09 23:06:08,812 : VM2_cr9 Internal Event with logical clock 199 at system time 22.83
2023-03-09 23:06:08,927 : VM2_cr9 send message VM2_cr9:200 to both other VMs at system time 22.95
2023-03-09 23:06:09,043 : VM2_cr9 Internal Event with logical clock 201 at system time 23.06
2023-03-09 23:06:09,159 : VM2_cr9 Received Message 202 with queue size 0 and internal logic clock 202 at system time 23.18
2023-03-09 23:06:09,160 : VM2_cr9 Internal Event with logical clock 202 at system time 23.18
2023-03-09 23:06:09,271 : VM2_cr9 Internal Event with logical clock 203 at system time 23.29
2023-03-09 23:06:09,387 : VM2_cr9 Internal Event with logical clock 204 at system time 23.41
2023-03-09 23:06:09,503 : VM2_cr9 Internal Event with logical clock 205 at system time 23.52
2023-03-09 23:06:09,615 : VM2_cr9 Received Message VM0_cr9:206 with queue size 0 and internal logic clock 206 at system time 23.64
2023-03-09 23:06:09,616 : VM2_cr9 Internal Event with logical clock 206 at system time 23.64
2023-03-09 23:06:09,729 : VM2_cr9 Internal Event with logical clock 207 at system time 23.75
2023-03-09 23:06:09,846 : VM2_cr9 Internal Event with logical clock 208 at system time 23.87
2023-03-09 23:06:09,962 : VM2_cr9 send message VM2_cr9:209 to VM1 at system time 23.98
2023-03-09 23:06:10,073 : VM2_cr9 Received Message VM0_cr9:210 with queue size 0 and internal logic clock 210 at system time 24.09
2023-03-09 23:06:10,073 : VM2_cr9 Internal Event with logical clock 210 at system time 24.10
2023-03-09 23:06:10,188 : VM2_cr9 Received Message VM0_cr9:211 with queue size 0 and internal logic clock 211 at system time 24.21
2023-03-09 23:06:10,189 : VM2_cr9 Internal Event with logical clock 211 at system time 24.21
2023-03-09 23:06:10,301 : VM2_cr9 Internal Event with logical clock 212 at system time 24.32
2023-03-09 23:06:10,417 : VM2_cr9 Internal Event with logical clock 213 at system time 24.44
2023-03-09 23:06:10,533 : VM2_cr9 Received Message VM1_cr9:214 with queue size 0 and internal logic clock 214 at system time 24.55
2023-03-09 23:06:10,535 : VM2_cr9 Internal Event with logical clock 214 at system time 24.56
2023-03-09 23:06:10,649 : VM2_cr9 Received Message VM1_cr9:215 with queue size 0 and internal logic clock 215 at system time 24.67
2023-03-09 23:06:10,650 : VM2_cr9 Internal Event with logical clock 215 at system time 24.67
2023-03-09 23:06:10,765 : VM2_cr9 Internal Event with logical clock 216 at system time 24.79
2023-03-09 23:06:10,881 : VM2_cr9 send message VM2_cr9:217 to VM1 at system time 24.90
2023-03-09 23:06:10,995 : VM2_cr9 send message VM2_cr9:218 to both other VMs at system time 25.02
2023-03-09 23:06:11,111 : VM2_cr9 send message VM2_cr9:219 to both other VMs at system time 25.13
2023-03-09 23:06:11,228 : VM2_cr9 Internal Event with logical clock 220 at system time 25.25
2023-03-09 23:06:11,343 : VM2_cr9 Received Message VM0_cr9:221 with queue size 0 and internal logic clock 221 at system time 25.37
2023-03-09 23:06:11,344 : VM2_cr9 Send Message VM2_cr9:221 to VM0 at system time 25.37
2023-03-09 23:06:11,456 : VM2_cr9 Internal Event with logical clock 222 at system time 25.48
2023-03-09 23:06:11,573 : VM2_cr9 Received Message VM1_cr9:223 with queue size 0 and internal logic clock 223 at system time 25.59
2023-03-09 23:06:11,574 : VM2_cr9 Internal Event with logical clock 223 at system time 25.60
2023-03-09 23:06:11,688 : VM2_cr9 Received Message 224 with queue size 0 and internal logic clock 224 at system time 25.71
2023-03-09 23:06:11,688 : VM2_cr9 Internal Event with logical clock 224 at system time 25.71
2023-03-09 23:06:11,804 : VM2_cr9 Internal Event with logical clock 225 at system time 25.83
2023-03-09 23:06:11,919 : VM2_cr9 send message VM2_cr9:226 to VM1 at system time 25.94
2023-03-09 23:06:12,035 : VM2_cr9 Received Message VM1_cr9:227 with queue size 0 and internal logic clock 227 at system time 26.06
2023-03-09 23:06:12,036 : VM2_cr9 Internal Event with logical clock 227 at system time 26.06
2023-03-09 23:06:12,147 : VM2_cr9 Internal Event with logical clock 228 at system time 26.17
2023-03-09 23:06:12,263 : VM2_cr9 Received Message 229 with queue size 0 and internal logic clock 229 at system time 26.28
2023-03-09 23:06:12,264 : VM2_cr9 Internal Event with logical clock 229 at system time 26.29
2023-03-09 23:06:12,379 : VM2_cr9 Received Message 230 with queue size 0 and internal logic clock 230 at system time 26.40
2023-03-09 23:06:12,380 : VM2_cr9 Internal Event with logical clock 230 at system time 26.40
2023-03-09 23:06:12,495 : VM2_cr9 Send Message VM2_cr9:231 to VM0 at system time 26.52
2023-03-09 23:06:12,611 : VM2_cr9 Internal Event with logical clock 232 at system time 26.63
2023-03-09 23:06:12,728 : VM2_cr9 send message VM2_cr9:233 to both other VMs at system time 26.75
2023-03-09 23:06:12,844 : VM2_cr9 Received Message 234 with queue size 0 and internal logic clock 234 at system time 26.87
2023-03-09 23:06:12,844 : VM2_cr9 send message VM2_cr9:234 to both other VMs at system time 26.87
2023-03-09 23:06:12,955 : VM2_cr9 Internal Event with logical clock 235 at system time 26.98
2023-03-09 23:06:13,072 : VM2_cr9 Internal Event with logical clock 236 at system time 27.09
2023-03-09 23:06:13,186 : VM2_cr9 Send Message VM2_cr9:237 to VM0 at system time 27.21
2023-03-09 23:06:13,302 : VM2_cr9 Received Message VM0_cr9:238 with queue size 1 and internal logic clock 238 at system time 27.32
2023-03-09 23:06:13,302 : VM2_cr9 send message VM2_cr9:238 to VM1 at system time 27.32
2023-03-09 23:06:13,418 : VM2_cr9 Received Message 238 with queue size 0 and internal logic clock 239 at system time 27.44
2023-03-09 23:06:13,419 : VM2_cr9 send message VM2_cr9:239 to VM1 at system time 27.44
2023-03-09 23:06:13,534 : VM2_cr9 Internal Event with logical clock 240 at system time 27.56
2023-03-09 23:06:13,651 : VM2_cr9 Internal Event with logical clock 241 at system time 27.67
2023-03-09 23:06:13,767 : VM2_cr9 send message VM2_cr9:242 to VM1 at system time 27.79
2023-03-09 23:06:13,878 : VM2_cr9 Internal Event with logical clock 243 at system time 27.90
2023-03-09 23:06:13,994 : VM2_cr9 Received Message 244 with queue size 0 and internal logic clock 244 at system time 28.02
2023-03-09 23:06:13,995 : VM2_cr9 Internal Event with logical clock 244 at system time 28.02
2023-03-09 23:06:14,107 : VM2_cr9 Internal Event with logical clock 245 at system time 28.13
2023-03-09 23:06:14,222 : VM2_cr9 Internal Event with logical clock 246 at system time 28.24
2023-03-09 23:06:14,335 : VM2_cr9 Internal Event with logical clock 247 at system time 28.36
2023-03-09 23:06:14,449 : VM2_cr9 Internal Event with logical clock 248 at system time 28.47
2023-03-09 23:06:14,565 : VM2_cr9 Internal Event with logical clock 249 at system time 28.59
2023-03-09 23:06:14,681 : VM2_cr9 Internal Event with logical clock 250 at system time 28.70
2023-03-09 23:06:14,797 : VM2_cr9 Send Message VM2_cr9:251 to VM0 at system time 28.82
2023-03-09 23:06:14,909 : VM2_cr9 Internal Event with logical clock 252 at system time 28.93
2023-03-09 23:06:15,026 : VM2_cr9 Internal Event with logical clock 253 at system time 29.05
2023-03-09 23:06:15,138 : VM2_cr9 send message VM2_cr9:254 to both other VMs at system time 29.16
2023-03-09 23:06:15,254 : VM2_cr9 Internal Event with logical clock 255 at system time 29.28
2023-03-09 23:06:15,369 : VM2_cr9 Received Message VM0_cr9:256 with queue size 0 and internal logic clock 256 at system time 29.39
2023-03-09 23:06:15,369 : VM2_cr9 Internal Event with logical clock 256 at system time 29.39
2023-03-09 23:06:15,482 : VM2_cr9 Internal Event with logical clock 257 at system time 29.50
2023-03-09 23:06:15,597 : VM2_cr9 Internal Event with logical clock 258 at system time 29.62
2023-03-09 23:06:15,710 : VM2_cr9 Internal Event with logical clock 259 at system time 29.73
2023-03-09 23:06:15,823 : VM2_cr9 Internal Event with logical clock 260 at system time 29.84
2023-03-09 23:06:15,938 : VM2_cr9 Received Message 261 with queue size 0 and internal logic clock 261 at system time 29.96
2023-03-09 23:06:15,939 : VM2_cr9 Internal Event with logical clock 261 at system time 29.96
2023-03-09 23:06:16,054 : VM2_cr9 send message VM2_cr9:262 to VM1 at system time 30.08
2023-03-09 23:06:16,167 : VM2_cr9 Internal Event with logical clock 263 at system time 30.19
2023-03-09 23:06:16,279 : VM2_cr9 send message VM2_cr9:264 to both other VMs at system time 30.30
2023-03-09 23:06:16,394 : VM2_cr9 Internal Event with logical clock 265 at system time 30.42
2023-03-09 23:06:16,510 : VM2_cr9 Received Message VM1_cr9:266 with queue size 0 and internal logic clock 266 at system time 30.53
2023-03-09 23:06:16,510 : VM2_cr9 send message VM2_cr9:266 to both other VMs at system time 30.53
2023-03-09 23:06:16,624 : VM2_cr9 Internal Event with logical clock 267 at system time 30.65
2023-03-09 23:06:16,736 : VM2_cr9 Received Message 268 with queue size 1 and internal logic clock 268 at system time 30.76
2023-03-09 23:06:16,736 : VM2_cr9 Internal Event with logical clock 268 at system time 30.76
2023-03-09 23:06:16,849 : VM2_cr9 Received Message 268 with queue size 0 and internal logic clock 269 at system time 30.87
2023-03-09 23:06:16,850 : VM2_cr9 Internal Event with logical clock 269 at system time 30.87
2023-03-09 23:06:16,964 : VM2_cr9 Received Message VM0_cr9:270 with queue size 0 and internal logic clock 270 at system time 30.99
2023-03-09 23:06:16,964 : VM2_cr9 Internal Event with logical clock 270 at system time 30.99
2023-03-09 23:06:17,080 : VM2_cr9 Received Message 271 with queue size 0 and internal logic clock 271 at system time 31.10
2023-03-09 23:06:17,080 : VM2_cr9 Send Message VM2_cr9:271 to VM0 at system time 31.10
2023-03-09 23:06:17,195 : VM2_cr9 send message VM2_cr9:272 to VM1 at system time 31.22
2023-03-09 23:06:17,311 : VM2_cr9 Internal Event with logical clock 273 at system time 31.33
2023-03-09 23:06:17,426 : VM2_cr9 Internal Event with logical clock 274 at system time 31.45
2023-03-09 23:06:17,538 : VM2_cr9 Received Message 275 with queue size 0 and internal logic clock 275 at system time 31.56
2023-03-09 23:06:17,538 : VM2_cr9 Send Message VM2_cr9:275 to VM0 at system time 31.56
2023-03-09 23:06:17,653 : VM2_cr9 Received Message VM1_cr9:276 with queue size 0 and internal logic clock 276 at system time 31.67
2023-03-09 23:06:17,654 : VM2_cr9 Internal Event with logical clock 276 at system time 31.68
2023-03-09 23:06:17,769 : VM2_cr9 Internal Event with logical clock 277 at system time 31.79
2023-03-09 23:06:17,884 : VM2_cr9 send message VM2_cr9:278 to VM1 at system time 31.91
2023-03-09 23:06:17,996 : VM2_cr9 Received Message 279 with queue size 0 and internal logic clock 279 at system time 32.02
2023-03-09 23:06:17,996 : VM2_cr9 Internal Event with logical clock 279 at system time 32.02
2023-03-09 23:06:18,112 : VM2_cr9 Internal Event with logical clock 280 at system time 32.13
2023-03-09 23:06:18,228 : VM2_cr9 Internal Event with logical clock 281 at system time 32.25
2023-03-09 23:06:18,344 : VM2_cr9 Internal Event with logical clock 282 at system time 32.37
2023-03-09 23:06:18,459 : VM2_cr9 Internal Event with logical clock 283 at system time 32.48
2023-03-09 23:06:18,570 : VM2_cr9 Received Message 284 with queue size 0 and internal logic clock 284 at system time 32.59
2023-03-09 23:06:18,571 : VM2_cr9 Internal Event with logical clock 284 at system time 32.59
2023-03-09 23:06:18,686 : VM2_cr9 Internal Event with logical clock 285 at system time 32.71
2023-03-09 23:06:18,798 : VM2_cr9 Internal Event with logical clock 286 at system time 32.82
2023-03-09 23:06:18,914 : VM2_cr9 Internal Event with logical clock 287 at system time 32.94
2023-03-09 23:06:19,030 : VM2_cr9 Received Message VM0_cr9:288 with queue size 0 and internal logic clock 288 at system time 33.05
2023-03-09 23:06:19,031 : VM2_cr9 send message VM2_cr9:288 to both other VMs at system time 33.05
2023-03-09 23:06:19,142 : VM2_cr9 Internal Event with logical clock 289 at system time 33.16
2023-03-09 23:06:19,255 : VM2_cr9 Internal Event with logical clock 290 at system time 33.28
2023-03-09 23:06:19,369 : VM2_cr9 Received Message VM0_cr9:291 with queue size 0 and internal logic clock 291 at system time 33.39
2023-03-09 23:06:19,369 : VM2_cr9 Internal Event with logical clock 291 at system time 33.39
2023-03-09 23:06:19,481 : VM2_cr9 Internal Event with logical clock 292 at system time 33.50
2023-03-09 23:06:19,597 : VM2_cr9 Received Message VM1_cr9:293 with queue size 0 and internal logic clock 293 at system time 33.62
2023-03-09 23:06:19,597 : VM2_cr9 Internal Event with logical clock 293 at system time 33.62
2023-03-09 23:06:19,709 : VM2_cr9 Internal Event with logical clock 294 at system time 33.73
2023-03-09 23:06:19,825 : VM2_cr9 Internal Event with logical clock 295 at system time 33.85
2023-03-09 23:06:19,937 : VM2_cr9 Internal Event with logical clock 296 at system time 33.96
2023-03-09 23:06:20,049 : VM2_cr9 Internal Event with logical clock 297 at system time 34.07
2023-03-09 23:06:20,160 : VM2_cr9 Internal Event with logical clock 298 at system time 34.18
2023-03-09 23:06:20,273 : VM2_cr9 Received Message VM1_cr9:298 with queue size 0 and internal logic clock 299 at system time 34.29
2023-03-09 23:06:20,273 : VM2_cr9 Internal Event with logical clock 299 at system time 34.30
2023-03-09 23:06:20,389 : VM2_cr9 Internal Event with logical clock 300 at system time 34.41
2023-03-09 23:06:20,505 : VM2_cr9 Received Message 300 with queue size 0 and internal logic clock 301 at system time 34.53
2023-03-09 23:06:20,506 : VM2_cr9 Internal Event with logical clock 301 at system time 34.53
2023-03-09 23:06:20,621 : VM2_cr9 Received Message VM1_cr9:301 with queue size 0 and internal logic clock 302 at system time 34.64
2023-03-09 23:06:20,622 : VM2_cr9 send message VM2_cr9:302 to both other VMs at system time 34.64
2023-03-09 23:06:20,735 : VM2_cr9 Received Message VM1_cr9:302 with queue size 1 and internal logic clock 303 at system time 34.76
2023-03-09 23:06:20,736 : VM2_cr9 Internal Event with logical clock 303 at system time 34.76
2023-03-09 23:06:20,849 : VM2_cr9 Received Message VM1_cr9:303 with queue size 0 and internal logic clock 304 at system time 34.87
2023-03-09 23:06:20,850 : VM2_cr9 send message VM2_cr9:304 to both other VMs at system time 34.87
2023-03-09 23:06:20,962 : VM2_cr9 send message VM2_cr9:305 to both other VMs at system time 34.98
2023-03-09 23:06:21,075 : VM2_cr9 Received Message 305 with queue size 0 and internal logic clock 306 at system time 35.10
2023-03-09 23:06:21,075 : VM2_cr9 send message VM2_cr9:306 to both other VMs at system time 35.10
2023-03-09 23:06:21,189 : VM2_cr9 send message VM2_cr9:307 to both other VMs at system time 35.21
2023-03-09 23:06:21,305 : VM2_cr9 Send Message VM2_cr9:308 to VM0 at system time 35.33
2023-03-09 23:06:21,417 : VM2_cr9 Received Message 309 with queue size 1 and internal logic clock 309 at system time 35.44
2023-03-09 23:06:21,417 : VM2_cr9 Internal Event with logical clock 309 at system time 35.44
2023-03-09 23:06:21,531 : VM2_cr9 Received Message VM1_cr9:309 with queue size 1 and internal logic clock 310 at system time 35.55
2023-03-09 23:06:21,531 : VM2_cr9 Internal Event with logical clock 310 at system time 35.55
2023-03-09 23:06:21,647 : VM2_cr9 Received Message VM0_cr9:310 with queue size 0 and internal logic clock 311 at system time 35.67
2023-03-09 23:06:21,647 : VM2_cr9 Internal Event with logical clock 311 at system time 35.67
2023-03-09 23:06:21,760 : VM2_cr9 send message VM2_cr9:312 to both other VMs at system time 35.78
2023-03-09 23:06:21,875 : VM2_cr9 send message VM2_cr9:313 to VM1 at system time 35.90
2023-03-09 23:06:21,990 : VM2_cr9 Received Message VM1_cr9:313 with queue size 1 and internal logic clock 314 at system time 36.01
2023-03-09 23:06:21,990 : VM2_cr9 Internal Event with logical clock 314 at system time 36.01
2023-03-09 23:06:22,105 : VM2_cr9 Received Message 314 with queue size 1 and internal logic clock 315 at system time 36.13
2023-03-09 23:06:22,105 : VM2_cr9 Send Message VM2_cr9:315 to VM0 at system time 36.13
2023-03-09 23:06:22,218 : VM2_cr9 Received Message VM1_cr9:314 with queue size 0 and internal logic clock 316 at system time 36.24
2023-03-09 23:06:22,219 : VM2_cr9 Internal Event with logical clock 316 at system time 36.24
2023-03-09 23:06:22,330 : VM2_cr9 Internal Event with logical clock 317 at system time 36.35
2023-03-09 23:06:22,443 : VM2_cr9 Received Message 317 with queue size 0 and internal logic clock 318 at system time 36.47
2023-03-09 23:06:22,444 : VM2_cr9 Internal Event with logical clock 318 at system time 36.47
2023-03-09 23:06:22,557 : VM2_cr9 Internal Event with logical clock 319 at system time 36.58
2023-03-09 23:06:22,673 : VM2_cr9 Received Message 319 with queue size 1 and internal logic clock 320 at system time 36.69
2023-03-09 23:06:22,673 : VM2_cr9 Internal Event with logical clock 320 at system time 36.69
2023-03-09 23:06:22,785 : VM2_cr9 Received Message VM1_cr9:320 with queue size 0 and internal logic clock 321 at system time 36.81
2023-03-09 23:06:22,786 : VM2_cr9 send message VM2_cr9:321 to VM1 at system time 36.81
2023-03-09 23:06:22,899 : VM2_cr9 Internal Event with logical clock 322 at system time 36.92
2023-03-09 23:06:23,011 : VM2_cr9 Internal Event with logical clock 323 at system time 37.03
2023-03-09 23:06:23,127 : VM2_cr9 Received Message VM0_cr9:324 with queue size 0 and internal logic clock 324 at system time 37.15
2023-03-09 23:06:23,127 : VM2_cr9 Internal Event with logical clock 324 at system time 37.15
2023-03-09 23:06:23,238 : VM2_cr9 Internal Event with logical clock 325 at system time 37.26
2023-03-09 23:06:23,355 : VM2_cr9 Received Message VM0_cr9:325 with queue size 0 and internal logic clock 326 at system time 37.38
2023-03-09 23:06:23,355 : VM2_cr9 Internal Event with logical clock 326 at system time 37.38
2023-03-09 23:06:23,471 : VM2_cr9 Send Message VM2_cr9:327 to VM0 at system time 37.49
2023-03-09 23:06:23,584 : VM2_cr9 Internal Event with logical clock 328 at system time 37.61
2023-03-09 23:06:23,700 : VM2_cr9 Received Message 329 with queue size 0 and internal logic clock 329 at system time 37.72
2023-03-09 23:06:23,701 : VM2_cr9 Internal Event with logical clock 329 at system time 37.72
2023-03-09 23:06:23,815 : VM2_cr9 Internal Event with logical clock 330 at system time 37.84
2023-03-09 23:06:23,927 : VM2_cr9 Received Message 330 with queue size 0 and internal logic clock 331 at system time 37.95
2023-03-09 23:06:23,927 : VM2_cr9 Internal Event with logical clock 331 at system time 37.95
2023-03-09 23:06:24,040 : VM2_cr9 send message VM2_cr9:332 to both other VMs at system time 38.06
2023-03-09 23:06:24,156 : VM2_cr9 Received Message VM1_cr9:332 with queue size 0 and internal logic clock 333 at system time 38.18
2023-03-09 23:06:24,156 : VM2_cr9 Internal Event with logical clock 333 at system time 38.18
2023-03-09 23:06:24,269 : VM2_cr9 Internal Event with logical clock 334 at system time 38.29
2023-03-09 23:06:24,381 : VM2_cr9 Received Message VM1_cr9:334 with queue size 0 and internal logic clock 335 at system time 38.40
2023-03-09 23:06:24,381 : VM2_cr9 send message VM2_cr9:335 to both other VMs at system time 38.40
2023-03-09 23:06:24,497 : VM2_cr9 Internal Event with logical clock 336 at system time 38.52
2023-03-09 23:06:24,613 : VM2_cr9 Internal Event with logical clock 337 at system time 38.64
2023-03-09 23:06:24,726 : VM2_cr9 Internal Event with logical clock 338 at system time 38.75
2023-03-09 23:06:24,839 : VM2_cr9 Internal Event with logical clock 339 at system time 38.86
2023-03-09 23:06:24,955 : VM2_cr9 Internal Event with logical clock 340 at system time 38.98
2023-03-09 23:06:25,071 : VM2_cr9 Received Message VM0_cr9:340 with queue size 0 and internal logic clock 341 at system time 39.09
2023-03-09 23:06:25,072 : VM2_cr9 Internal Event with logical clock 341 at system time 39.09
2023-03-09 23:06:25,184 : VM2_cr9 Received Message 341 with queue size 0 and internal logic clock 342 at system time 39.21
2023-03-09 23:06:25,184 : VM2_cr9 Internal Event with logical clock 342 at system time 39.21
2023-03-09 23:06:25,300 : VM2_cr9 Received Message VM1_cr9:342 with queue size 1 and internal logic clock 343 at system time 39.32
2023-03-09 23:06:25,301 : VM2_cr9 Internal Event with logical clock 343 at system time 39.32
2023-03-09 23:06:25,415 : VM2_cr9 Received Message VM0_cr9:342 with queue size 1 and internal logic clock 344 at system time 39.44
2023-03-09 23:06:25,416 : VM2_cr9 Internal Event with logical clock 344 at system time 39.44
2023-03-09 23:06:25,531 : VM2_cr9 Received Message VM1_cr9:343 with queue size 1 and internal logic clock 345 at system time 39.55
2023-03-09 23:06:25,532 : VM2_cr9 Internal Event with logical clock 345 at system time 39.55
2023-03-09 23:06:25,645 : VM2_cr9 Received Message 344 with queue size 0 and internal logic clock 346 at system time 39.67
2023-03-09 23:06:25,646 : VM2_cr9 Internal Event with logical clock 346 at system time 39.67
2023-03-09 23:06:25,761 : VM2_cr9 Received Message VM1_cr9:346 with queue size 1 and internal logic clock 347 at system time 39.78
2023-03-09 23:06:25,762 : VM2_cr9 Internal Event with logical clock 347 at system time 39.78
2023-03-09 23:06:25,875 : VM2_cr9 Received Message 347 with queue size 0 and internal logic clock 348 at system time 39.90
2023-03-09 23:06:25,876 : VM2_cr9 send message VM2_cr9:348 to both other VMs at system time 39.90
2023-03-09 23:06:25,990 : VM2_cr9 Internal Event with logical clock 349 at system time 40.01
2023-03-09 23:06:26,103 : VM2_cr9 Received Message 349 with queue size 0 and internal logic clock 350 at system time 40.12
2023-03-09 23:06:26,103 : VM2_cr9 send message VM2_cr9:350 to both other VMs at system time 40.13
2023-03-09 23:06:26,218 : VM2_cr9 send message VM2_cr9:351 to both other VMs at system time 40.24
2023-03-09 23:06:26,332 : VM2_cr9 Received Message 351 with queue size 0 and internal logic clock 352 at system time 40.35
2023-03-09 23:06:26,333 : VM2_cr9 Internal Event with logical clock 352 at system time 40.35
2023-03-09 23:06:26,445 : VM2_cr9 Internal Event with logical clock 353 at system time 40.47
2023-03-09 23:06:26,560 : VM2_cr9 Internal Event with logical clock 354 at system time 40.58
2023-03-09 23:06:26,673 : VM2_cr9 Internal Event with logical clock 355 at system time 40.70
2023-03-09 23:06:26,788 : VM2_cr9 Internal Event with logical clock 356 at system time 40.81
2023-03-09 23:06:26,904 : VM2_cr9 Internal Event with logical clock 357 at system time 40.93
2023-03-09 23:06:27,019 : VM2_cr9 Received Message 357 with queue size 0 and internal logic clock 358 at system time 41.04
2023-03-09 23:06:27,020 : VM2_cr9 Internal Event with logical clock 358 at system time 41.04
2023-03-09 23:06:27,135 : VM2_cr9 Received Message VM1_cr9:359 with queue size 0 and internal logic clock 359 at system time 41.16
2023-03-09 23:06:27,136 : VM2_cr9 send message VM2_cr9:359 to both other VMs at system time 41.16
2023-03-09 23:06:27,247 : VM2_cr9 send message VM2_cr9:360 to VM1 at system time 41.27
2023-03-09 23:06:27,360 : VM2_cr9 Internal Event with logical clock 361 at system time 41.38
2023-03-09 23:06:27,474 : VM2_cr9 Internal Event with logical clock 362 at system time 41.50
2023-03-09 23:06:27,589 : VM2_cr9 Received Message VM1_cr9:362 with queue size 0 and internal logic clock 363 at system time 41.61
2023-03-09 23:06:27,590 : VM2_cr9 Internal Event with logical clock 363 at system time 41.61
2023-03-09 23:06:27,705 : VM2_cr9 Internal Event with logical clock 364 at system time 41.73
2023-03-09 23:06:27,821 : VM2_cr9 Internal Event with logical clock 365 at system time 41.84
2023-03-09 23:06:27,937 : VM2_cr9 Internal Event with logical clock 366 at system time 41.96
2023-03-09 23:06:28,052 : VM2_cr9 Internal Event with logical clock 367 at system time 42.07
2023-03-09 23:06:28,164 : VM2_cr9 Send Message VM2_cr9:368 to VM0 at system time 42.19
2023-03-09 23:06:28,276 : VM2_cr9 Internal Event with logical clock 369 at system time 42.30
2023-03-09 23:06:28,392 : VM2_cr9 Received Message 369 with queue size 0 and internal logic clock 370 at system time 42.41
2023-03-09 23:06:28,393 : VM2_cr9 Send Message VM2_cr9:370 to VM0 at system time 42.41
2023-03-09 23:06:28,506 : VM2_cr9 Received Message VM0_cr9:371 with queue size 0 and internal logic clock 371 at system time 42.53
2023-03-09 23:06:28,506 : VM2_cr9 Internal Event with logical clock 371 at system time 42.53
2023-03-09 23:06:28,622 : VM2_cr9 send message VM2_cr9:372 to VM1 at system time 42.64
2023-03-09 23:06:28,734 : VM2_cr9 Internal Event with logical clock 373 at system time 42.76
2023-03-09 23:06:28,849 : VM2_cr9 Received Message 374 with queue size 0 and internal logic clock 374 at system time 42.87
2023-03-09 23:06:28,850 : VM2_cr9 Internal Event with logical clock 374 at system time 42.87
2023-03-09 23:06:28,964 : VM2_cr9 send message VM2_cr9:375 to VM1 at system time 42.99
2023-03-09 23:06:29,080 : VM2_cr9 Internal Event with logical clock 376 at system time 43.10
2023-03-09 23:06:29,195 : VM2_cr9 Internal Event with logical clock 377 at system time 43.22
2023-03-09 23:06:29,308 : VM2_cr9 Received Message VM0_cr9:378 with queue size 0 and internal logic clock 378 at system time 43.33
2023-03-09 23:06:29,309 : VM2_cr9 Internal Event with logical clock 378 at system time 43.33
2023-03-09 23:06:29,420 : VM2_cr9 Internal Event with logical clock 379 at system time 43.44
2023-03-09 23:06:29,536 : VM2_cr9 Internal Event with logical clock 380 at system time 43.56
2023-03-09 23:06:29,649 : VM2_cr9 Send Message VM2_cr9:381 to VM0 at system time 43.67
2023-03-09 23:06:29,762 : VM2_cr9 Internal Event with logical clock 382 at system time 43.78
2023-03-09 23:06:29,875 : VM2_cr9 Internal Event with logical clock 383 at system time 43.90
2023-03-09 23:06:29,987 : VM2_cr9 Internal Event with logical clock 384 at system time 44.01
2023-03-09 23:06:30,103 : VM2_cr9 Internal Event with logical clock 385 at system time 44.12
2023-03-09 23:06:30,219 : VM2_cr9 Internal Event with logical clock 386 at system time 44.24
2023-03-09 23:06:30,333 : VM2_cr9 Received Message 387 with queue size 0 and internal logic clock 387 at system time 44.35
2023-03-09 23:06:30,334 : VM2_cr9 send message VM2_cr9:387 to both other VMs at system time 44.36
2023-03-09 23:06:30,449 : VM2_cr9 Received Message VM1_cr9:388 with queue size 0 and internal logic clock 388 at system time 44.47
2023-03-09 23:06:30,449 : VM2_cr9 Internal Event with logical clock 388 at system time 44.47
2023-03-09 23:06:30,564 : VM2_cr9 Received Message 389 with queue size 0 and internal logic clock 389 at system time 44.59
2023-03-09 23:06:30,564 : VM2_cr9 Internal Event with logical clock 389 at system time 44.59
2023-03-09 23:06:30,678 : VM2_cr9 Internal Event with logical clock 390 at system time 44.70
2023-03-09 23:06:30,794 : VM2_cr9 send message VM2_cr9:391 to both other VMs at system time 44.82
2023-03-09 23:06:30,906 : VM2_cr9 Internal Event with logical clock 392 at system time 44.93
2023-03-09 23:06:31,021 : VM2_cr9 Internal Event with logical clock 393 at system time 45.04
2023-03-09 23:06:31,138 : VM2_cr9 Received Message VM1_cr9:394 with queue size 0 and internal logic clock 394 at system time 45.16
2023-03-09 23:06:31,138 : VM2_cr9 Internal Event with logical clock 394 at system time 45.16
2023-03-09 23:06:31,250 : VM2_cr9 Internal Event with logical clock 395 at system time 45.27
2023-03-09 23:06:31,367 : VM2_cr9 Received Message 396 with queue size 0 and internal logic clock 396 at system time 45.39
2023-03-09 23:06:31,368 : VM2_cr9 Internal Event with logical clock 396 at system time 45.39
2023-03-09 23:06:31,482 : VM2_cr9 Internal Event with logical clock 397 at system time 45.50
2023-03-09 23:06:31,598 : VM2_cr9 Internal Event with logical clock 398 at system time 45.62
2023-03-09 23:06:31,714 : VM2_cr9 Received Message 399 with queue size 0 and internal logic clock 399 at system time 45.74
2023-03-09 23:06:31,714 : VM2_cr9 Internal Event with logical clock 399 at system time 45.74
2023-03-09 23:06:31,827 : VM2_cr9 send message VM2_cr9:400 to VM1 at system time 45.85
2023-03-09 23:06:31,942 : VM2_cr9 Internal Event with logical clock 401 at system time 45.96
2023-03-09 23:06:32,056 : VM2_cr9 Internal Event with logical clock 402 at system time 46.08
2023-03-09 23:06:32,171 : VM2_cr9 Received Message 403 with queue size 0 and internal logic clock 403 at system time 46.19
2023-03-09 23:06:32,171 : VM2_cr9 send message VM2_cr9:403 to VM1 at system time 46.19
2023-03-09 23:06:32,283 : VM2_cr9 Received Message 404 with queue size 0 and internal logic clock 404 at system time 46.30
2023-03-09 23:06:32,283 : VM2_cr9 Internal Event with logical clock 404 at system time 46.30
2023-03-09 23:06:32,396 : VM2_cr9 send message VM2_cr9:405 to both other VMs at system time 46.42
2023-03-09 23:06:32,509 : VM2_cr9 Internal Event with logical clock 406 at system time 46.53
2023-03-09 23:06:32,625 : VM2_cr9 Internal Event with logical clock 407 at system time 46.65
2023-03-09 23:06:32,737 : VM2_cr9 Internal Event with logical clock 408 at system time 46.76
2023-03-09 23:06:32,852 : VM2_cr9 Internal Event with logical clock 409 at system time 46.87
2023-03-09 23:06:32,964 : VM2_cr9 Internal Event with logical clock 410 at system time 46.99
2023-03-09 23:06:33,077 : VM2_cr9 Internal Event with logical clock 411 at system time 47.10
2023-03-09 23:06:33,191 : VM2_cr9 Received Message VM1_cr9:411 with queue size 0 and internal logic clock 412 at system time 47.21
2023-03-09 23:06:33,191 : VM2_cr9 Internal Event with logical clock 412 at system time 47.21
2023-03-09 23:06:33,305 : VM2_cr9 Internal Event with logical clock 413 at system time 47.33
2023-03-09 23:06:33,421 : VM2_cr9 Received Message 414 with queue size 0 and internal logic clock 414 at system time 47.44
2023-03-09 23:06:33,421 : VM2_cr9 send message VM2_cr9:414 to both other VMs at system time 47.44
2023-03-09 23:06:33,537 : VM2_cr9 Internal Event with logical clock 415 at system time 47.56
2023-03-09 23:06:33,649 : VM2_cr9 Internal Event with logical clock 416 at system time 47.67
2023-03-09 23:06:33,765 : VM2_cr9 Send Message VM2_cr9:417 to VM0 at system time 47.79
2023-03-09 23:06:33,879 : VM2_cr9 Internal Event with logical clock 418 at system time 47.90
2023-03-09 23:06:33,994 : VM2_cr9 send message VM2_cr9:419 to VM1 at system time 48.02
2023-03-09 23:06:34,109 : VM2_cr9 Internal Event with logical clock 420 at system time 48.13
2023-03-09 23:06:34,225 : VM2_cr9 Internal Event with logical clock 421 at system time 48.25
2023-03-09 23:06:34,339 : VM2_cr9 Internal Event with logical clock 422 at system time 48.36
2023-03-09 23:06:34,452 : VM2_cr9 Received Message 422 with queue size 0 and internal logic clock 423 at system time 48.47
2023-03-09 23:06:34,453 : VM2_cr9 Internal Event with logical clock 423 at system time 48.47
2023-03-09 23:06:34,565 : VM2_cr9 Received Message VM1_cr9:423 with queue size 0 and internal logic clock 424 at system time 48.59
2023-03-09 23:06:34,565 : VM2_cr9 Internal Event with logical clock 424 at system time 48.59
2023-03-09 23:06:34,680 : VM2_cr9 Internal Event with logical clock 425 at system time 48.70
2023-03-09 23:06:34,794 : VM2_cr9 Internal Event with logical clock 426 at system time 48.82
2023-03-09 23:06:34,910 : VM2_cr9 Internal Event with logical clock 427 at system time 48.93
2023-03-09 23:06:35,026 : VM2_cr9 Internal Event with logical clock 428 at system time 49.05
2023-03-09 23:06:35,142 : VM2_cr9 Received Message 428 with queue size 1 and internal logic clock 429 at system time 49.16
2023-03-09 23:06:35,143 : VM2_cr9 send message VM2_cr9:429 to both other VMs at system time 49.16
2023-03-09 23:06:35,256 : VM2_cr9 Received Message 429 with queue size 0 and internal logic clock 430 at system time 49.28
2023-03-09 23:06:35,256 : VM2_cr9 Internal Event with logical clock 430 at system time 49.28
2023-03-09 23:06:35,370 : VM2_cr9 Received Message VM1_cr9:430 with queue size 1 and internal logic clock 431 at system time 49.39
2023-03-09 23:06:35,371 : VM2_cr9 send message VM2_cr9:431 to VM1 at system time 49.39
2023-03-09 23:06:35,486 : VM2_cr9 Received Message 431 with queue size 0 and internal logic clock 432 at system time 49.51
2023-03-09 23:06:35,486 : VM2_cr9 Internal Event with logical clock 432 at system time 49.51
2023-03-09 23:06:35,598 : VM2_cr9 Internal Event with logical clock 433 at system time 49.62
2023-03-09 23:06:35,710 : VM2_cr9 Internal Event with logical clock 434 at system time 49.73
2023-03-09 23:06:35,822 : VM2_cr9 Send Message VM2_cr9:435 to VM0 at system time 49.84
2023-03-09 23:06:35,936 : VM2_cr9 Received Message 436 with queue size 0 and internal logic clock 436 at system time 49.96
2023-03-09 23:06:35,936 : VM2_cr9 Internal Event with logical clock 436 at system time 49.96
2023-03-09 23:06:36,049 : VM2_cr9 Internal Event with logical clock 437 at system time 50.07
2023-03-09 23:06:36,164 : VM2_cr9 Internal Event with logical clock 438 at system time 50.19
2023-03-09 23:06:36,278 : VM2_cr9 Internal Event with logical clock 439 at system time 50.30
2023-03-09 23:06:36,394 : VM2_cr9 Received Message 439 with queue size 0 and internal logic clock 440 at system time 50.42
2023-03-09 23:06:36,394 : VM2_cr9 Internal Event with logical clock 440 at system time 50.42
2023-03-09 23:06:36,506 : VM2_cr9 Received Message 440 with queue size 1 and internal logic clock 441 at system time 50.53
2023-03-09 23:06:36,507 : VM2_cr9 Internal Event with logical clock 441 at system time 50.53
2023-03-09 23:06:36,623 : VM2_cr9 Received Message 441 with queue size 1 and internal logic clock 442 at system time 50.64
2023-03-09 23:06:36,623 : VM2_cr9 send message VM2_cr9:442 to VM1 at system time 50.64
2023-03-09 23:06:36,738 : VM2_cr9 Received Message 442 with queue size 0 and internal logic clock 443 at system time 50.76
2023-03-09 23:06:36,739 : VM2_cr9 Internal Event with logical clock 443 at system time 50.76
2023-03-09 23:06:36,850 : VM2_cr9 Send Message VM2_cr9:444 to VM0 at system time 50.87
2023-03-09 23:06:36,961 : VM2_cr9 Received Message 444 with queue size 0 and internal logic clock 445 at system time 50.98
2023-03-09 23:06:36,962 : VM2_cr9 Internal Event with logical clock 445 at system time 50.98
2023-03-09 23:06:37,073 : VM2_cr9 Internal Event with logical clock 446 at system time 51.09
2023-03-09 23:06:37,186 : VM2_cr9 send message VM2_cr9:447 to VM1 at system time 51.21
2023-03-09 23:06:37,302 : VM2_cr9 Received Message 448 with queue size 0 and internal logic clock 448 at system time 51.32
2023-03-09 23:06:37,302 : VM2_cr9 Internal Event with logical clock 448 at system time 51.32
2023-03-09 23:06:37,415 : VM2_cr9 Received Message VM0_cr9:449 with queue size 0 and internal logic clock 449 at system time 51.44
2023-03-09 23:06:37,415 : VM2_cr9 Internal Event with logical clock 449 at system time 51.44
2023-03-09 23:06:37,530 : VM2_cr9 Send Message VM2_cr9:450 to VM0 at system time 51.55
2023-03-09 23:06:37,644 : VM2_cr9 send message VM2_cr9:451 to both other VMs at system time 51.67
2023-03-09 23:06:37,759 : VM2_cr9 Internal Event with logical clock 452 at system time 51.78
2023-03-09 23:06:37,873 : VM2_cr9 Internal Event with logical clock 453 at system time 51.89
2023-03-09 23:06:37,985 : VM2_cr9 Internal Event with logical clock 454 at system time 52.01
2023-03-09 23:06:38,100 : VM2_cr9 Received Message 454 with queue size 0 and internal logic clock 455 at system time 52.12
2023-03-09 23:06:38,101 : VM2_cr9 Internal Event with logical clock 455 at system time 52.12
2023-03-09 23:06:38,217 : VM2_cr9 Internal Event with logical clock 456 at system time 52.24
2023-03-09 23:06:38,330 : VM2_cr9 Received Message VM1_cr9:456 with queue size 0 and internal logic clock 457 at system time 52.35
2023-03-09 23:06:38,331 : VM2_cr9 Internal Event with logical clock 457 at system time 52.35
2023-03-09 23:06:38,443 : VM2_cr9 Internal Event with logical clock 458 at system time 52.47
2023-03-09 23:06:38,556 : VM2_cr9 Internal Event with logical clock 459 at system time 52.58
2023-03-09 23:06:38,671 : VM2_cr9 Received Message 459 with queue size 0 and internal logic clock 460 at system time 52.69
2023-03-09 23:06:38,672 : VM2_cr9 Internal Event with logical clock 460 at system time 52.69
2023-03-09 23:06:38,787 : VM2_cr9 Received Message 460 with queue size 0 and internal logic clock 461 at system time 52.81
2023-03-09 23:06:38,787 : VM2_cr9 Send Message VM2_cr9:461 to VM0 at system time 52.81
2023-03-09 23:06:38,903 : VM2_cr9 Received Message VM0_cr9:461 with queue size 0 and internal logic clock 462 at system time 52.92
2023-03-09 23:06:38,903 : VM2_cr9 Send Message VM2_cr9:462 to VM0 at system time 52.93
2023-03-09 23:06:39,019 : VM2_cr9 Internal Event with logical clock 463 at system time 53.04
2023-03-09 23:06:39,134 : VM2_cr9 Internal Event with logical clock 464 at system time 53.16
2023-03-09 23:06:39,247 : VM2_cr9 Received Message VM0_cr9:464 with queue size 0 and internal logic clock 465 at system time 53.27
2023-03-09 23:06:39,248 : VM2_cr9 Internal Event with logical clock 465 at system time 53.27
2023-03-09 23:06:39,358 : VM2_cr9 Internal Event with logical clock 466 at system time 53.38
2023-03-09 23:06:39,471 : VM2_cr9 send message VM2_cr9:467 to VM1 at system time 53.49
2023-03-09 23:06:39,587 : VM2_cr9 Internal Event with logical clock 468 at system time 53.61
2023-03-09 23:06:39,699 : VM2_cr9 Received Message 468 with queue size 0 and internal logic clock 469 at system time 53.72
2023-03-09 23:06:39,699 : VM2_cr9 send message VM2_cr9:469 to VM1 at system time 53.72
2023-03-09 23:06:39,815 : VM2_cr9 Received Message VM0_cr9:469 with queue size 0 and internal logic clock 470 at system time 53.84
2023-03-09 23:06:39,815 : VM2_cr9 Internal Event with logical clock 470 at system time 53.84
2023-03-09 23:06:39,931 : VM2_cr9 Internal Event with logical clock 471 at system time 53.95
2023-03-09 23:06:40,047 : VM2_cr9 Received Message VM0_cr9:471 with queue size 0 and internal logic clock 472 at system time 54.07
2023-03-09 23:06:40,047 : VM2_cr9 send message VM2_cr9:472 to both other VMs at system time 54.07
2023-03-09 23:06:40,162 : VM2_cr9 Internal Event with logical clock 473 at system time 54.18
2023-03-09 23:06:40,278 : VM2_cr9 Internal Event with logical clock 474 at system time 54.30
2023-03-09 23:06:40,394 : VM2_cr9 send message VM2_cr9:475 to both other VMs at system time 54.42
2023-03-09 23:06:40,505 : VM2_cr9 Received Message 475 with queue size 0 and internal logic clock 476 at system time 54.53
2023-03-09 23:06:40,505 : VM2_cr9 Internal Event with logical clock 476 at system time 54.53
2023-03-09 23:06:40,620 : VM2_cr9 Internal Event with logical clock 477 at system time 54.64
2023-03-09 23:06:40,733 : VM2_cr9 Internal Event with logical clock 478 at system time 54.75
2023-03-09 23:06:40,848 : VM2_cr9 Received Message 478 with queue size 0 and internal logic clock 479 at system time 54.87
2023-03-09 23:06:40,849 : VM2_cr9 Internal Event with logical clock 479 at system time 54.87
2023-03-09 23:06:40,964 : VM2_cr9 Received Message VM0_cr9:479 with queue size 0 and internal logic clock 480 at system time 54.99
2023-03-09 23:06:40,965 : VM2_cr9 send message VM2_cr9:480 to both other VMs at system time 54.99
2023-03-09 23:06:41,080 : VM2_cr9 Internal Event with logical clock 481 at system time 55.10
2023-03-09 23:06:41,194 : VM2_cr9 Internal Event with logical clock 482 at system time 55.22
2023-03-09 23:06:41,310 : VM2_cr9 send message VM2_cr9:483 to both other VMs at system time 55.33
2023-03-09 23:06:41,423 : VM2_cr9 Internal Event with logical clock 484 at system time 55.44
2023-03-09 23:06:41,536 : VM2_cr9 send message VM2_cr9:485 to both other VMs at system time 55.56
2023-03-09 23:06:41,649 : VM2_cr9 Internal Event with logical clock 486 at system time 55.67
2023-03-09 23:06:41,762 : VM2_cr9 Internal Event with logical clock 487 at system time 55.78
2023-03-09 23:06:41,875 : VM2_cr9 Internal Event with logical clock 488 at system time 55.90
2023-03-09 23:06:41,991 : VM2_cr9 Received Message VM1_cr9:488 with queue size 0 and internal logic clock 489 at system time 56.01
2023-03-09 23:06:41,992 : VM2_cr9 send message VM2_cr9:489 to VM1 at system time 56.01
2023-03-09 23:06:42,107 : VM2_cr9 Send Message VM2_cr9:490 to VM0 at system time 56.13
2023-03-09 23:06:42,221 : VM2_cr9 Received Message 490 with queue size 1 and internal logic clock 491 at system time 56.24
2023-03-09 23:06:42,222 : VM2_cr9 Internal Event with logical clock 491 at system time 56.24
2023-03-09 23:06:42,335 : VM2_cr9 Received Message 490 with queue size 1 and internal logic clock 492 at system time 56.36
2023-03-09 23:06:42,336 : VM2_cr9 Internal Event with logical clock 492 at system time 56.36
2023-03-09 23:06:42,448 : VM2_cr9 Received Message 491 with queue size 0 and internal logic clock 493 at system time 56.47
2023-03-09 23:06:42,449 : VM2_cr9 Internal Event with logical clock 493 at system time 56.47
2023-03-09 23:06:42,564 : VM2_cr9 Internal Event with logical clock 494 at system time 56.59
2023-03-09 23:06:42,680 : VM2_cr9 Send Message VM2_cr9:495 to VM0 at system time 56.70
2023-03-09 23:06:42,792 : VM2_cr9 Send Message VM2_cr9:496 to VM0 at system time 56.81
2023-03-09 23:06:42,909 : VM2_cr9 Internal Event with logical clock 497 at system time 56.93
2023-03-09 23:06:43,025 : VM2_cr9 Internal Event with logical clock 498 at system time 57.05
2023-03-09 23:06:43,141 : VM2_cr9 Send Message VM2_cr9:499 to VM0 at system time 57.16
2023-03-09 23:06:43,253 : VM2_cr9 Internal Event with logical clock 500 at system time 57.27
2023-03-09 23:06:43,369 : VM2_cr9 Received Message 500 with queue size 0 and internal logic clock 501 at system time 57.39
2023-03-09 23:06:43,369 : VM2_cr9 Internal Event with logical clock 501 at system time 57.39
2023-03-09 23:06:43,484 : VM2_cr9 send message VM2_cr9:502 to both other VMs at system time 57.51
2023-03-09 23:06:43,597 : VM2_cr9 Internal Event with logical clock 503 at system time 57.62
2023-03-09 23:06:43,712 : VM2_cr9 Internal Event with logical clock 504 at system time 57.73
2023-03-09 23:06:43,825 : VM2_cr9 Received Message 504 with queue size 0 and internal logic clock 505 at system time 57.85
2023-03-09 23:06:43,826 : VM2_cr9 Internal Event with logical clock 505 at system time 57.85
2023-03-09 23:06:43,938 : VM2_cr9 Received Message 505 with queue size 0 and internal logic clock 506 at system time 57.96
2023-03-09 23:06:43,938 : VM2_cr9 Internal Event with logical clock 506 at system time 57.96
2023-03-09 23:06:44,053 : VM2_cr9 Internal Event with logical clock 507 at system time 58.07
2023-03-09 23:06:44,166 : VM2_cr9 Internal Event with logical clock 508 at system time 58.19
2023-03-09 23:06:44,282 : VM2_cr9 Received Message VM0_cr9:508 with queue size 0 and internal logic clock 509 at system time 58.30
2023-03-09 23:06:44,283 : VM2_cr9 Internal Event with logical clock 509 at system time 58.31
2023-03-09 23:06:44,397 : VM2_cr9 Internal Event with logical clock 510 at system time 58.42
2023-03-09 23:06:44,510 : VM2_cr9 Internal Event with logical clock 511 at system time 58.53
2023-03-09 23:06:44,626 : VM2_cr9 Internal Event with logical clock 512 at system time 58.65
2023-03-09 23:06:44,740 : VM2_cr9 send message VM2_cr9:513 to both other VMs at system time 58.76
2023-03-09 23:06:44,853 : VM2_cr9 Send Message VM2_cr9:514 to VM0 at system time 58.88
2023-03-09 23:06:44,966 : VM2_cr9 Received Message VM0_cr9:514 with queue size 0 and internal logic clock 515 at system time 58.99
2023-03-09 23:06:44,966 : VM2_cr9 send message VM2_cr9:515 to both other VMs at system time 58.99
2023-03-09 23:06:45,080 : VM2_cr9 Received Message VM0_cr9:515 with queue size 0 and internal logic clock 516 at system time 59.10
2023-03-09 23:06:45,081 : VM2_cr9 Internal Event with logical clock 516 at system time 59.10
2023-03-09 23:06:45,196 : VM2_cr9 Internal Event with logical clock 517 at system time 59.22
2023-03-09 23:06:45,312 : VM2_cr9 Internal Event with logical clock 518 at system time 59.33
2023-03-09 23:06:45,425 : VM2_cr9 Internal Event with logical clock 519 at system time 59.45
2023-03-09 23:06:45,541 : VM2_cr9 send message VM2_cr9:520 to VM1 at system time 59.56
2023-03-09 23:06:45,654 : VM2_cr9 send message VM2_cr9:521 to VM1 at system time 59.68
2023-03-09 23:06:45,768 : VM2_cr9 Internal Event with logical clock 522 at system time 59.79
2023-03-09 23:06:45,880 : VM2_cr9 Received Message 522 with queue size 0 and internal logic clock 523 at system time 59.90
2023-03-09 23:06:45,881 : VM2_cr9 Internal Event with logical clock 523 at system time 59.90
2023-03-09 23:06:45,997 : VM2_cr9 Received Message VM0_cr9:523 with queue size 0 and internal logic clock 524 at system time 60.02
2023-03-09 23:06:45,997 : VM2_cr9 Send Message VM2_cr9:524 to VM0 at system time 60.02
2023-03-09 23:06:46,109 : VM2_cr9 Received Message 524 with queue size 0 and internal logic clock 525 at system time 60.13
2023-03-09 23:06:46,110 : VM2_cr9 Internal Event with logical clock 525 at system time 60.13
2023-03-09 23:06:46,221 : VM2_cr9 Internal Event with logical clock 526 at system time 60.24
2023-03-09 23:06:46,335 : VM2_cr9 Internal Event with logical clock 527 at system time 60.36
2023-03-09 23:06:46,449 : VM2_cr9 Internal Event with logical clock 528 at system time 60.47
2023-03-09 23:06:46,565 : VM2_cr9 Internal Event with logical clock 529 at system time 60.59
2023-03-09 23:06:46,680 : VM2_cr9 Send Message VM2_cr9:530 to VM0 at system time 60.70
2023-03-09 23:06:46,797 : VM2_cr9 Internal Event with logical clock 531 at system time 60.82
2023-03-09 23:06:46,910 : VM2_cr9 Internal Event with logical clock 532 at system time 60.93
2023-03-09 23:06:47,026 : VM2_cr9 send message VM2_cr9:533 to both other VMs at system time 61.05
2023-03-09 23:06:47,141 : VM2_cr9 Received Message VM0_cr9:533 with queue size 0 and internal logic clock 534 at system time 61.16
2023-03-09 23:06:47,142 : VM2_cr9 Internal Event with logical clock 534 at system time 61.16
2023-03-09 23:06:47,257 : VM2_cr9 Internal Event with logical clock 535 at system time 61.28
2023-03-09 23:06:47,374 : VM2_cr9 Internal Event with logical clock 536 at system time 61.40
2023-03-09 23:06:47,488 : VM2_cr9 Internal Event with logical clock 537 at system time 61.51
2023-03-09 23:06:47,602 : VM2_cr9 send message VM2_cr9:538 to both other VMs at system time 61.62
2023-03-09 23:06:47,717 : VM2_cr9 Internal Event with logical clock 539 at system time 61.74
