2023-03-09 21:45:36,132 : VM0_cr1 listening on port 4096
2023-03-09 21:45:39,138 : VM0_cr1 connected to VM1 on 127.0.0.1 port on 4097.
2023-03-09 21:45:39,143 : VM0_cr1 has incoming connection from VM2 on 127.0.0.1 port on 4096.
2023-03-09 21:45:39,146 : VM0_cr1 Send Message VM0_cr1:0 to VM1 at system time 0.000
2023-03-09 21:45:40,151 : VM0_cr1 send message VM0_cr1:1 to both other VMs at system time 1.005
2023-03-09 21:45:41,154 : VM0_cr1 Received Message VM2_cr6:6 with queue size 1 and internal logic clock 2 at system time 2.009
2023-03-09 21:45:41,155 : VM0_cr1 Internal Event with logical clock 6 at system time 2.010
2023-03-09 21:45:42,159 : VM0_cr1 Received Message 9 with queue size 1 and internal logic clock 7 at system time 3.014
2023-03-09 21:45:42,160 : VM0_cr1 Internal Event with logical clock 9 at system time 3.015
2023-03-09 21:45:43,164 : VM0_cr1 Received Message 12 with queue size 2 and internal logic clock 10 at system time 4.019
2023-03-09 21:45:43,165 : VM0_cr1 Internal Event with logical clock 12 at system time 4.020
2023-03-09 21:45:44,165 : VM0_cr1 Received Message VM2_cr6:20 with queue size 4 and internal logic clock 13 at system time 5.019
2023-03-09 21:45:44,165 : VM0_cr1 Internal Event with logical clock 20 at system time 5.020
2023-03-09 21:45:45,169 : VM0_cr1 Received Message 22 with queue size 4 and internal logic clock 21 at system time 6.024
2023-03-09 21:45:45,170 : VM0_cr1 Internal Event with logical clock 22 at system time 6.025
2023-03-09 21:45:46,175 : VM0_cr1 Received Message 26 with queue size 4 and internal logic clock 23 at system time 7.029
2023-03-09 21:45:46,175 : VM0_cr1 Internal Event with logical clock 26 at system time 7.030
2023-03-09 21:45:47,179 : VM0_cr1 Received Message 28 with queue size 3 and internal logic clock 27 at system time 8.033
2023-03-09 21:45:47,180 : VM0_cr1 send message VM0_cr1:28 to VM2 at system time 8.034
2023-03-09 21:45:48,184 : VM0_cr1 Received Message VM1_cr1:5 with queue size 5 and internal logic clock 29 at system time 9.038
2023-03-09 21:45:48,184 : VM0_cr1 Internal Event with logical clock 29 at system time 9.039
2023-03-09 21:45:49,189 : VM0_cr1 Received Message VM1_cr1:6 with queue size 4 and internal logic clock 30 at system time 10.04
2023-03-09 21:45:49,189 : VM0_cr1 Internal Event with logical clock 30 at system time 10.04
2023-03-09 21:45:50,190 : VM0_cr1 Received Message 38 with queue size 4 and internal logic clock 31 at system time 11.04
2023-03-09 21:45:50,191 : VM0_cr1 Internal Event with logical clock 38 at system time 11.04
2023-03-09 21:45:51,195 : VM0_cr1 Received Message VM2_cr6:50 with queue size 5 and internal logic clock 39 at system time 12.05
2023-03-09 21:45:51,196 : VM0_cr1 Internal Event with logical clock 50 at system time 12.05
2023-03-09 21:45:52,200 : VM0_cr1 Received Message VM2_cr6:52 with queue size 4 and internal logic clock 51 at system time 13.05
2023-03-09 21:45:52,201 : VM0_cr1 Internal Event with logical clock 52 at system time 13.05
2023-03-09 21:45:53,202 : VM0_cr1 Received Message 12 with queue size 6 and internal logic clock 53 at system time 14.05
2023-03-09 21:45:53,202 : VM0_cr1 Internal Event with logical clock 53 at system time 14.05
2023-03-09 21:45:54,207 : VM0_cr1 Received Message 61 with queue size 6 and internal logic clock 54 at system time 15.06
2023-03-09 21:45:54,208 : VM0_cr1 send message VM0_cr1:61 to both other VMs at system time 15.06
2023-03-09 21:45:55,212 : VM0_cr1 Received Message VM2_cr6:68 with queue size 8 and internal logic clock 62 at system time 16.06
2023-03-09 21:45:55,213 : VM0_cr1 Internal Event with logical clock 68 at system time 16.06
2023-03-09 21:45:56,216 : VM0_cr1 Received Message 69 with queue size 12 and internal logic clock 69 at system time 17.07
2023-03-09 21:45:56,216 : VM0_cr1 send message VM0_cr1:69 to VM2 at system time 17.07
2023-03-09 21:45:57,221 : VM0_cr1 Received Message VM2_cr6:79 with queue size 13 and internal logic clock 70 at system time 18.07
2023-03-09 21:45:57,221 : VM0_cr1 Internal Event with logical clock 79 at system time 18.07
2023-03-09 21:45:58,226 : VM0_cr1 Received Message 80 with queue size 13 and internal logic clock 80 at system time 19.08
2023-03-09 21:45:58,226 : VM0_cr1 Internal Event with logical clock 80 at system time 19.08
2023-03-09 21:45:59,231 : VM0_cr1 Received Message 82 with queue size 17 and internal logic clock 81 at system time 20.08
2023-03-09 21:45:59,231 : VM0_cr1 Internal Event with logical clock 82 at system time 20.08
2023-03-09 21:46:00,232 : VM0_cr1 Received Message VM2_cr6:84 with queue size 17 and internal logic clock 83 at system time 21.08
2023-03-09 21:46:00,233 : VM0_cr1 Internal Event with logical clock 84 at system time 21.08
2023-03-09 21:46:01,237 : VM0_cr1 Received Message VM2_cr6:90 with queue size 20 and internal logic clock 85 at system time 22.09
2023-03-09 21:46:01,238 : VM0_cr1 Internal Event with logical clock 90 at system time 22.09
2023-03-09 21:46:02,242 : VM0_cr1 Received Message VM2_cr6:93 with queue size 21 and internal logic clock 91 at system time 23.09
2023-03-09 21:46:02,242 : VM0_cr1 Send Message VM0_cr1:93 to VM1 at system time 23.09
2023-03-09 21:46:03,247 : VM0_cr1 Received Message 94 with queue size 23 and internal logic clock 94 at system time 24.10
2023-03-09 21:46:03,247 : VM0_cr1 Send Message VM0_cr1:94 to VM1 at system time 24.10
2023-03-09 21:46:04,252 : VM0_cr1 Received Message VM2_cr6:95 with queue size 23 and internal logic clock 95 at system time 25.10
2023-03-09 21:46:04,253 : VM0_cr1 Internal Event with logical clock 95 at system time 25.10
2023-03-09 21:46:05,257 : VM0_cr1 Received Message 97 with queue size 26 and internal logic clock 96 at system time 26.11
2023-03-09 21:46:05,257 : VM0_cr1 Internal Event with logical clock 97 at system time 26.11
2023-03-09 21:46:06,258 : VM0_cr1 Received Message VM2_cr6:98 with queue size 25 and internal logic clock 98 at system time 27.11
2023-03-09 21:46:06,259 : VM0_cr1 Internal Event with logical clock 98 at system time 27.11
2023-03-09 21:46:07,262 : VM0_cr1 Received Message VM2_cr6:100 with queue size 26 and internal logic clock 99 at system time 28.11
2023-03-09 21:46:07,262 : VM0_cr1 send message VM0_cr1:100 to VM2 at system time 28.11
2023-03-09 21:46:08,266 : VM0_cr1 Received Message VM1_cr1:48 with queue size 25 and internal logic clock 101 at system time 29.12
2023-03-09 21:46:08,266 : VM0_cr1 Internal Event with logical clock 101 at system time 29.12
2023-03-09 21:46:09,269 : VM0_cr1 Received Message VM2_cr6:104 with queue size 25 and internal logic clock 102 at system time 30.12
2023-03-09 21:46:09,270 : VM0_cr1 Internal Event with logical clock 104 at system time 30.12
2023-03-09 21:46:10,274 : VM0_cr1 Received Message 55 with queue size 26 and internal logic clock 105 at system time 31.12
2023-03-09 21:46:10,274 : VM0_cr1 Internal Event with logical clock 105 at system time 31.12
2023-03-09 21:46:11,275 : VM0_cr1 Received Message 108 with queue size 27 and internal logic clock 106 at system time 32.13
2023-03-09 21:46:11,275 : VM0_cr1 Internal Event with logical clock 108 at system time 32.13
2023-03-09 21:46:12,278 : VM0_cr1 Received Message 112 with queue size 27 and internal logic clock 109 at system time 33.13
2023-03-09 21:46:12,278 : VM0_cr1 Internal Event with logical clock 112 at system time 33.13
2023-03-09 21:46:13,278 : VM0_cr1 Received Message VM2_cr6:114 with queue size 27 and internal logic clock 113 at system time 34.13
2023-03-09 21:46:13,279 : VM0_cr1 Internal Event with logical clock 114 at system time 34.13
2023-03-09 21:46:14,282 : VM0_cr1 Received Message 116 with queue size 29 and internal logic clock 115 at system time 35.13
2023-03-09 21:46:14,283 : VM0_cr1 send message VM0_cr1:116 to VM2 at system time 35.13
2023-03-09 21:46:15,287 : VM0_cr1 Received Message 117 with queue size 30 and internal logic clock 117 at system time 36.14
2023-03-09 21:46:15,288 : VM0_cr1 Internal Event with logical clock 117 at system time 36.14
2023-03-09 21:46:16,288 : VM0_cr1 Received Message VM1_cr1:67 with queue size 30 and internal logic clock 118 at system time 37.14
2023-03-09 21:46:16,289 : VM0_cr1 send message VM0_cr1:118 to both other VMs at system time 37.14
2023-03-09 21:46:17,293 : VM0_cr1 Received Message VM2_cr6:120 with queue size 33 and internal logic clock 119 at system time 38.14
2023-03-09 21:46:17,293 : VM0_cr1 Send Message VM0_cr1:120 to VM1 at system time 38.14
2023-03-09 21:46:18,298 : VM0_cr1 Received Message VM2_cr6:124 with queue size 33 and internal logic clock 121 at system time 39.15
2023-03-09 21:46:18,299 : VM0_cr1 Internal Event with logical clock 124 at system time 39.15
2023-03-09 21:46:19,300 : VM0_cr1 Received Message VM2_cr6:125 with queue size 33 and internal logic clock 125 at system time 40.15
2023-03-09 21:46:19,300 : VM0_cr1 Internal Event with logical clock 125 at system time 40.15
2023-03-09 21:46:20,305 : VM0_cr1 Received Message 127 with queue size 35 and internal logic clock 126 at system time 41.15
2023-03-09 21:46:20,305 : VM0_cr1 Internal Event with logical clock 127 at system time 41.16
2023-03-09 21:46:21,310 : VM0_cr1 Received Message VM1_cr1:80 with queue size 36 and internal logic clock 128 at system time 42.16
2023-03-09 21:46:21,311 : VM0_cr1 Internal Event with logical clock 128 at system time 42.16
2023-03-09 21:46:22,313 : VM0_cr1 Received Message VM2_cr6:135 with queue size 38 and internal logic clock 129 at system time 43.16
2023-03-09 21:46:22,314 : VM0_cr1 Internal Event with logical clock 135 at system time 43.16
2023-03-09 21:46:23,316 : VM0_cr1 Received Message 82 with queue size 38 and internal logic clock 136 at system time 44.17
2023-03-09 21:46:23,317 : VM0_cr1 Internal Event with logical clock 136 at system time 44.17
2023-03-09 21:46:24,319 : VM0_cr1 Received Message VM2_cr6:137 with queue size 39 and internal logic clock 137 at system time 45.17
2023-03-09 21:46:24,320 : VM0_cr1 Internal Event with logical clock 137 at system time 45.17
2023-03-09 21:46:25,323 : VM0_cr1 Received Message 138 with queue size 38 and internal logic clock 138 at system time 46.17
2023-03-09 21:46:25,323 : VM0_cr1 Internal Event with logical clock 138 at system time 46.17
2023-03-09 21:46:26,327 : VM0_cr1 Received Message VM2_cr6:140 with queue size 38 and internal logic clock 139 at system time 47.18
2023-03-09 21:46:26,327 : VM0_cr1 Internal Event with logical clock 140 at system time 47.18
2023-03-09 21:46:27,332 : VM0_cr1 Received Message 146 with queue size 40 and internal logic clock 141 at system time 48.18
2023-03-09 21:46:27,332 : VM0_cr1 Internal Event with logical clock 146 at system time 48.18
2023-03-09 21:46:28,337 : VM0_cr1 Received Message 148 with queue size 41 and internal logic clock 147 at system time 49.19
2023-03-09 21:46:28,338 : VM0_cr1 Send Message VM0_cr1:148 to VM1 at system time 49.19
2023-03-09 21:46:29,341 : VM0_cr1 Received Message 149 with queue size 41 and internal logic clock 149 at system time 50.19
2023-03-09 21:46:29,341 : VM0_cr1 send message VM0_cr1:149 to both other VMs at system time 50.19
2023-03-09 21:46:30,346 : VM0_cr1 Received Message 151 with queue size 41 and internal logic clock 150 at system time 51.20
2023-03-09 21:46:30,346 : VM0_cr1 send message VM0_cr1:151 to both other VMs at system time 51.20
2023-03-09 21:46:31,350 : VM0_cr1 Received Message VM1_cr1:97 with queue size 41 and internal logic clock 152 at system time 52.20
2023-03-09 21:46:31,351 : VM0_cr1 Send Message VM0_cr1:152 to VM1 at system time 52.20
2023-03-09 21:46:32,355 : VM0_cr1 Received Message VM2_cr6:164 with queue size 41 and internal logic clock 153 at system time 53.21
2023-03-09 21:46:32,356 : VM0_cr1 Internal Event with logical clock 164 at system time 53.21
2023-03-09 21:46:33,359 : VM0_cr1 Received Message 112 with queue size 42 and internal logic clock 165 at system time 54.21
2023-03-09 21:46:33,359 : VM0_cr1 Internal Event with logical clock 165 at system time 54.21
2023-03-09 21:46:34,361 : VM0_cr1 Received Message VM1_cr1:117 with queue size 42 and internal logic clock 166 at system time 55.21
2023-03-09 21:46:34,361 : VM0_cr1 Internal Event with logical clock 166 at system time 55.21
2023-03-09 21:46:35,364 : VM0_cr1 Received Message VM2_cr6:177 with queue size 41 and internal logic clock 167 at system time 56.21
2023-03-09 21:46:35,365 : VM0_cr1 send message VM0_cr1:177 to both other VMs at system time 56.21
2023-03-09 21:46:36,369 : VM0_cr1 Received Message VM2_cr6:180 with queue size 41 and internal logic clock 178 at system time 57.22
2023-03-09 21:46:36,370 : VM0_cr1 Internal Event with logical clock 180 at system time 57.22
2023-03-09 21:46:37,373 : VM0_cr1 Received Message VM2_cr6:185 with queue size 42 and internal logic clock 181 at system time 58.22
2023-03-09 21:46:37,373 : VM0_cr1 Internal Event with logical clock 185 at system time 58.22
2023-03-09 21:46:38,378 : VM0_cr1 Received Message 187 with queue size 43 and internal logic clock 186 at system time 59.23
2023-03-09 21:46:38,379 : VM0_cr1 send message VM0_cr1:187 to VM2 at system time 59.23
